[0.043s] Invoking command in '/home/ayham/Courses/CBL/ub/projects/build/turtlebot3_description': CMAKE_PREFIX_PATH=${CMAKE_PREFIX_PATH}:/opt/ros/foxy:/home/ayham/Courses/CBL/ub/projects/install/my_turtlebot3_controller PS1=[\u@\h \W]\$ /usr/bin/cmake --build /home/ayham/Courses/CBL/ub/projects/build/turtlebot3_description -- -j20 -l20
[0.504s] Invoked command in '/home/ayham/Courses/CBL/ub/projects/build/turtlebot3_description' returned '0': CMAKE_PREFIX_PATH=${CMAKE_PREFIX_PATH}:/opt/ros/foxy:/home/ayham/Courses/CBL/ub/projects/install/my_turtlebot3_controller PS1=[\u@\h \W]\$ /usr/bin/cmake --build /home/ayham/Courses/CBL/ub/projects/build/turtlebot3_description -- -j20 -l20
[0.532s] Invoking command in '/home/ayham/Courses/CBL/ub/projects/build/turtlebot3_description': CMAKE_PREFIX_PATH=${CMAKE_PREFIX_PATH}:/opt/ros/foxy:/home/ayham/Courses/CBL/ub/projects/install/my_turtlebot3_controller PS1=[\u@\h \W]\$ /usr/bin/cmake --install /home/ayham/Courses/CBL/ub/projects/build/turtlebot3_description
[0.548s] -- Install configuration: ""
[0.548s] -- Up-to-date: /home/ayham/Courses/CBL/ub/projects/install/turtlebot3_description/share/turtlebot3_description/meshes
[0.549s] -- Up-to-date: /home/ayham/Courses/CBL/ub/projects/install/turtlebot3_description/share/turtlebot3_description/meshes/wheels
[0.549s] -- Up-to-date: /home/ayham/Courses/CBL/ub/projects/install/turtlebot3_description/share/turtlebot3_description/meshes/wheels/left_tire.stl
[0.549s] -- Up-to-date: /home/ayham/Courses/CBL/ub/projects/install/turtlebot3_description/share/turtlebot3_description/meshes/wheels/right_tire.stl
[0.549s] -- Up-to-date: /home/ayham/Courses/CBL/ub/projects/install/turtlebot3_description/share/turtlebot3_description/meshes/sensors
[0.549s] -- Up-to-date: /home/ayham/Courses/CBL/ub/projects/install/turtlebot3_description/share/turtlebot3_description/meshes/sensors/r200.dae
[0.550s] -- Up-to-date: /home/ayham/Courses/CBL/ub/projects/install/turtlebot3_description/share/turtlebot3_description/meshes/sensors/astra.jpg
[0.550s] -- Up-to-date: /home/ayham/Courses/CBL/ub/projects/install/turtlebot3_description/share/turtlebot3_description/meshes/sensors/astra.dae
[0.551s] -- Up-to-date: /home/ayham/Courses/CBL/ub/projects/install/turtlebot3_description/share/turtlebot3_description/meshes/sensors/r200.jpg
[0.551s] -- Up-to-date: /home/ayham/Courses/CBL/ub/projects/install/turtlebot3_description/share/turtlebot3_description/meshes/sensors/lds.stl
[0.551s] -- Up-to-date: /home/ayham/Courses/CBL/ub/projects/install/turtlebot3_description/share/turtlebot3_description/meshes/bases
[0.551s] -- Up-to-date: /home/ayham/Courses/CBL/ub/projects/install/turtlebot3_description/share/turtlebot3_description/meshes/bases/burger_base.stl
[0.551s] -- Up-to-date: /home/ayham/Courses/CBL/ub/projects/install/turtlebot3_description/share/turtlebot3_description/meshes/bases/waffle_pi_base.stl
[0.551s] -- Up-to-date: /home/ayham/Courses/CBL/ub/projects/install/turtlebot3_description/share/turtlebot3_description/meshes/bases/waffle_base.stl
[0.552s] -- Up-to-date: /home/ayham/Courses/CBL/ub/projects/install/turtlebot3_description/share/turtlebot3_description/rviz
[0.552s] -- Up-to-date: /home/ayham/Courses/CBL/ub/projects/install/turtlebot3_description/share/turtlebot3_description/rviz/model.rviz
[0.552s] -- Up-to-date: /home/ayham/Courses/CBL/ub/projects/install/turtlebot3_description/share/turtlebot3_description/urdf
[0.552s] -- Up-to-date: /home/ayham/Courses/CBL/ub/projects/install/turtlebot3_description/share/turtlebot3_description/urdf/common_properties.urdf
[0.552s] -- Up-to-date: /home/ayham/Courses/CBL/ub/projects/install/turtlebot3_description/share/turtlebot3_description/urdf/turtlebot3_waffle_pi.urdf
[0.552s] -- Up-to-date: /home/ayham/Courses/CBL/ub/projects/install/turtlebot3_description/share/turtlebot3_description/urdf/turtlebot3_burger.urdf
[0.553s] -- Up-to-date: /home/ayham/Courses/CBL/ub/projects/install/turtlebot3_description/share/turtlebot3_description/urdf/turtlebot3_waffle.urdf
[0.553s] -- Up-to-date: /home/ayham/Courses/CBL/ub/projects/install/turtlebot3_description/share/ament_index/resource_index/package_run_dependencies/turtlebot3_description
[0.553s] -- Up-to-date: /home/ayham/Courses/CBL/ub/projects/install/turtlebot3_description/share/ament_index/resource_index/parent_prefix_path/turtlebot3_description
[0.553s] -- Up-to-date: /home/ayham/Courses/CBL/ub/projects/install/turtlebot3_description/share/turtlebot3_description/environment/ament_prefix_path.sh
[0.553s] -- Up-to-date: /home/ayham/Courses/CBL/ub/projects/install/turtlebot3_description/share/turtlebot3_description/environment/ament_prefix_path.dsv
[0.553s] -- Up-to-date: /home/ayham/Courses/CBL/ub/projects/install/turtlebot3_description/share/turtlebot3_description/environment/path.sh
[0.553s] -- Up-to-date: /home/ayham/Courses/CBL/ub/projects/install/turtlebot3_description/share/turtlebot3_description/environment/path.dsv
[0.554s] -- Up-to-date: /home/ayham/Courses/CBL/ub/projects/install/turtlebot3_description/share/turtlebot3_description/local_setup.bash
[0.554s] -- Up-to-date: /home/ayham/Courses/CBL/ub/projects/install/turtlebot3_description/share/turtlebot3_description/local_setup.sh
[0.554s] -- Up-to-date: /home/ayham/Courses/CBL/ub/projects/install/turtlebot3_description/share/turtlebot3_description/local_setup.zsh
[0.554s] -- Up-to-date: /home/ayham/Courses/CBL/ub/projects/install/turtlebot3_description/share/turtlebot3_description/local_setup.dsv
[0.554s] -- Installing: /home/ayham/Courses/CBL/ub/projects/install/turtlebot3_description/share/turtlebot3_description/package.dsv
[0.554s] -- Up-to-date: /home/ayham/Courses/CBL/ub/projects/install/turtlebot3_description/share/ament_index/resource_index/packages/turtlebot3_description
[0.555s] -- Up-to-date: /home/ayham/Courses/CBL/ub/projects/install/turtlebot3_description/share/turtlebot3_description/cmake/turtlebot3_descriptionConfig.cmake
[0.555s] -- Up-to-date: /home/ayham/Courses/CBL/ub/projects/install/turtlebot3_description/share/turtlebot3_description/cmake/turtlebot3_descriptionConfig-version.cmake
[0.555s] -- Up-to-date: /home/ayham/Courses/CBL/ub/projects/install/turtlebot3_description/share/turtlebot3_description/package.xml
[0.559s] Invoked command in '/home/ayham/Courses/CBL/ub/projects/build/turtlebot3_description' returned '0': CMAKE_PREFIX_PATH=${CMAKE_PREFIX_PATH}:/opt/ros/foxy:/home/ayham/Courses/CBL/ub/projects/install/my_turtlebot3_controller PS1=[\u@\h \W]\$ /usr/bin/cmake --install /home/ayham/Courses/CBL/ub/projects/build/turtlebot3_description
