[0.351s] DEBUG:colcon:Command line arguments: ['/usr/bin/colcon', 'build']
[0.352s] DEBUG:colcon:Parsed command line arguments: Namespace(allow_overriding=[], ament_cmake_args=None, base_paths=['.'], build_base='build', catkin_cmake_args=None, catkin_skip_building_tests=False, cmake_args=None, cmake_clean_cache=False, cmake_clean_first=False, cmake_force_configure=False, cmake_target=None, cmake_target_skip_unavailable=False, continue_on_error=False, event_handlers=None, executor='parallel', ignore_user_meta=False, install_base='install', log_base=None, log_level=None, main=<bound method BuildVerb.main of <colcon_core.verb.build.BuildVerb object at 0x7f3ae5c375e0>>, merge_install=False, metas=['./colcon.meta'], packages_above=None, packages_above_and_dependencies=None, packages_above_depth=None, packages_end=None, packages_ignore=None, packages_ignore_regex=None, packages_select=None, packages_select_build_failed=False, packages_select_by_dep=None, packages_select_regex=None, packages_select_test_failures=False, packages_skip=None, packages_skip_build_finished=False, packages_skip_by_dep=None, packages_skip_regex=None, packages_skip_test_passed=False, packages_skip_up_to=None, packages_start=None, packages_up_to=None, packages_up_to_regex=None, parallel_workers=20, paths=None, symlink_install=False, test_result_base=None, verb_extension=<colcon_core.verb.build.BuildVerb object at 0x7f3ae5c375e0>, verb_name='build', verb_parser=<colcon_defaults.argument_parser.defaults.DefaultArgumentsDecorator object at 0x7f3ae5b0fc10>)
[0.593s] Level 1:colcon.colcon_core.package_discovery:discover_packages(colcon_meta) check parameters
[0.593s] Level 1:colcon.colcon_core.package_discovery:discover_packages(recursive) check parameters
[0.593s] Level 1:colcon.colcon_core.package_discovery:discover_packages(ignore) check parameters
[0.593s] Level 1:colcon.colcon_core.package_discovery:discover_packages(path) check parameters
[0.593s] Level 1:colcon.colcon_core.package_discovery:discover_packages(colcon_meta) discover
[0.593s] Level 1:colcon.colcon_core.package_discovery:discover_packages(recursive) discover
[0.593s] INFO:colcon.colcon_core.package_discovery:Crawling recursively for packages in '/home/ayham/Courses/CBL/ub/projects'
[0.593s] Level 1:colcon.colcon_core.package_identification:_identify(.) by extensions ['ignore', 'ignore_ament_install']
[0.593s] Level 1:colcon.colcon_core.package_identification:_identify(.) by extension 'ignore'
[0.593s] Level 1:colcon.colcon_core.package_identification:_identify(.) by extension 'ignore_ament_install'
[0.594s] Level 1:colcon.colcon_core.package_identification:_identify(.) by extensions ['colcon_pkg']
[0.594s] Level 1:colcon.colcon_core.package_identification:_identify(.) by extension 'colcon_pkg'
[0.594s] Level 1:colcon.colcon_core.package_identification:_identify(.) by extensions ['colcon_meta']
[0.594s] Level 1:colcon.colcon_core.package_identification:_identify(.) by extension 'colcon_meta'
[0.594s] Level 1:colcon.colcon_core.package_identification:_identify(.) by extensions ['ros']
[0.594s] Level 1:colcon.colcon_core.package_identification:_identify(.) by extension 'ros'
[0.623s] Level 1:colcon.colcon_core.package_identification:_identify(.) by extensions ['cmake', 'python']
[0.623s] Level 1:colcon.colcon_core.package_identification:_identify(.) by extension 'cmake'
[0.624s] Level 1:colcon.colcon_core.package_identification:_identify(.) by extension 'python'
[0.624s] Level 1:colcon.colcon_core.package_identification:_identify(.) by extensions ['python_setup_py']
[0.624s] Level 1:colcon.colcon_core.package_identification:_identify(.) by extension 'python_setup_py'
[0.624s] Level 1:colcon.colcon_core.package_identification:_identify(build) by extensions ['ignore', 'ignore_ament_install']
[0.624s] Level 1:colcon.colcon_core.package_identification:_identify(build) by extension 'ignore'
[0.624s] Level 1:colcon.colcon_core.package_identification:_identify(build) ignored
[0.625s] Level 1:colcon.colcon_core.package_identification:_identify(install) by extensions ['ignore', 'ignore_ament_install']
[0.625s] Level 1:colcon.colcon_core.package_identification:_identify(install) by extension 'ignore'
[0.625s] Level 1:colcon.colcon_core.package_identification:_identify(install) ignored
[0.625s] Level 1:colcon.colcon_core.package_identification:_identify(log) by extensions ['ignore', 'ignore_ament_install']
[0.626s] Level 1:colcon.colcon_core.package_identification:_identify(log) by extension 'ignore'
[0.626s] Level 1:colcon.colcon_core.package_identification:_identify(log) ignored
[0.626s] Level 1:colcon.colcon_core.package_identification:_identify(src) by extensions ['ignore', 'ignore_ament_install']
[0.626s] Level 1:colcon.colcon_core.package_identification:_identify(src) by extension 'ignore'
[0.626s] Level 1:colcon.colcon_core.package_identification:_identify(src) by extension 'ignore_ament_install'
[0.626s] Level 1:colcon.colcon_core.package_identification:_identify(src) by extensions ['colcon_pkg']
[0.626s] Level 1:colcon.colcon_core.package_identification:_identify(src) by extension 'colcon_pkg'
[0.626s] Level 1:colcon.colcon_core.package_identification:_identify(src) by extensions ['colcon_meta']
[0.626s] Level 1:colcon.colcon_core.package_identification:_identify(src) by extension 'colcon_meta'
[0.626s] Level 1:colcon.colcon_core.package_identification:_identify(src) by extensions ['ros']
[0.626s] Level 1:colcon.colcon_core.package_identification:_identify(src) by extension 'ros'
[0.626s] Level 1:colcon.colcon_core.package_identification:_identify(src) by extensions ['cmake', 'python']
[0.627s] Level 1:colcon.colcon_core.package_identification:_identify(src) by extension 'cmake'
[0.627s] Level 1:colcon.colcon_core.package_identification:_identify(src) by extension 'python'
[0.627s] Level 1:colcon.colcon_core.package_identification:_identify(src) by extensions ['python_setup_py']
[0.627s] Level 1:colcon.colcon_core.package_identification:_identify(src) by extension 'python_setup_py'
[0.627s] Level 1:colcon.colcon_core.package_identification:_identify(src/my_turtlebot3_controller) by extensions ['ignore', 'ignore_ament_install']
[0.627s] Level 1:colcon.colcon_core.package_identification:_identify(src/my_turtlebot3_controller) by extension 'ignore'
[0.627s] Level 1:colcon.colcon_core.package_identification:_identify(src/my_turtlebot3_controller) by extension 'ignore_ament_install'
[0.627s] Level 1:colcon.colcon_core.package_identification:_identify(src/my_turtlebot3_controller) by extensions ['colcon_pkg']
[0.627s] Level 1:colcon.colcon_core.package_identification:_identify(src/my_turtlebot3_controller) by extension 'colcon_pkg'
[0.627s] Level 1:colcon.colcon_core.package_identification:_identify(src/my_turtlebot3_controller) by extensions ['colcon_meta']
[0.627s] Level 1:colcon.colcon_core.package_identification:_identify(src/my_turtlebot3_controller) by extension 'colcon_meta'
[0.627s] Level 1:colcon.colcon_core.package_identification:_identify(src/my_turtlebot3_controller) by extensions ['ros']
[0.627s] Level 1:colcon.colcon_core.package_identification:_identify(src/my_turtlebot3_controller) by extension 'ros'
[0.634s] DEBUG:colcon.colcon_core.package_identification:Package 'src/my_turtlebot3_controller' with type 'ros.ament_python' and name 'my_turtlebot3_controller'
[0.635s] Level 1:colcon.colcon_core.package_identification:_identify(src/turtlebot3_fake_node) by extensions ['ignore', 'ignore_ament_install']
[0.635s] Level 1:colcon.colcon_core.package_identification:_identify(src/turtlebot3_fake_node) by extension 'ignore'
[0.635s] Level 1:colcon.colcon_core.package_identification:_identify(src/turtlebot3_fake_node) by extension 'ignore_ament_install'
[0.635s] Level 1:colcon.colcon_core.package_identification:_identify(src/turtlebot3_fake_node) by extensions ['colcon_pkg']
[0.635s] Level 1:colcon.colcon_core.package_identification:_identify(src/turtlebot3_fake_node) by extension 'colcon_pkg'
[0.635s] Level 1:colcon.colcon_core.package_identification:_identify(src/turtlebot3_fake_node) by extensions ['colcon_meta']
[0.635s] Level 1:colcon.colcon_core.package_identification:_identify(src/turtlebot3_fake_node) by extension 'colcon_meta'
[0.636s] Level 1:colcon.colcon_core.package_identification:_identify(src/turtlebot3_fake_node) by extensions ['ros']
[0.636s] Level 1:colcon.colcon_core.package_identification:_identify(src/turtlebot3_fake_node) by extension 'ros'
[0.638s] DEBUG:colcon.colcon_core.package_identification:Package 'src/turtlebot3_fake_node' with type 'ros.ament_cmake' and name 'turtlebot3_fake_node'
[0.638s] Level 1:colcon.colcon_core.package_identification:_identify(src/turtlebot3_gazebo) by extensions ['ignore', 'ignore_ament_install']
[0.638s] Level 1:colcon.colcon_core.package_identification:_identify(src/turtlebot3_gazebo) by extension 'ignore'
[0.639s] Level 1:colcon.colcon_core.package_identification:_identify(src/turtlebot3_gazebo) by extension 'ignore_ament_install'
[0.639s] Level 1:colcon.colcon_core.package_identification:_identify(src/turtlebot3_gazebo) by extensions ['colcon_pkg']
[0.639s] Level 1:colcon.colcon_core.package_identification:_identify(src/turtlebot3_gazebo) by extension 'colcon_pkg'
[0.639s] Level 1:colcon.colcon_core.package_identification:_identify(src/turtlebot3_gazebo) by extensions ['colcon_meta']
[0.639s] Level 1:colcon.colcon_core.package_identification:_identify(src/turtlebot3_gazebo) by extension 'colcon_meta'
[0.639s] Level 1:colcon.colcon_core.package_identification:_identify(src/turtlebot3_gazebo) by extensions ['ros']
[0.639s] Level 1:colcon.colcon_core.package_identification:_identify(src/turtlebot3_gazebo) by extension 'ros'
[0.641s] DEBUG:colcon.colcon_core.package_identification:Package 'src/turtlebot3_gazebo' with type 'ros.ament_cmake' and name 'turtlebot3_gazebo'
[0.641s] Level 1:colcon.colcon_core.package_identification:_identify(src/turtlebot3_simulations) by extensions ['ignore', 'ignore_ament_install']
[0.641s] Level 1:colcon.colcon_core.package_identification:_identify(src/turtlebot3_simulations) by extension 'ignore'
[0.642s] Level 1:colcon.colcon_core.package_identification:_identify(src/turtlebot3_simulations) by extension 'ignore_ament_install'
[0.642s] Level 1:colcon.colcon_core.package_identification:_identify(src/turtlebot3_simulations) by extensions ['colcon_pkg']
[0.642s] Level 1:colcon.colcon_core.package_identification:_identify(src/turtlebot3_simulations) by extension 'colcon_pkg'
[0.642s] Level 1:colcon.colcon_core.package_identification:_identify(src/turtlebot3_simulations) by extensions ['colcon_meta']
[0.642s] Level 1:colcon.colcon_core.package_identification:_identify(src/turtlebot3_simulations) by extension 'colcon_meta'
[0.642s] Level 1:colcon.colcon_core.package_identification:_identify(src/turtlebot3_simulations) by extensions ['ros']
[0.642s] Level 1:colcon.colcon_core.package_identification:_identify(src/turtlebot3_simulations) by extension 'ros'
[0.644s] DEBUG:colcon.colcon_core.package_identification:Package 'src/turtlebot3_simulations' with type 'ros.ament_cmake' and name 'turtlebot3_simulations'
[0.644s] Level 1:colcon.colcon_core.package_discovery:discover_packages(recursive) using defaults
[0.644s] Level 1:colcon.colcon_core.package_discovery:discover_packages(ignore) discover
[0.644s] Level 1:colcon.colcon_core.package_discovery:discover_packages(ignore) using defaults
[0.644s] Level 1:colcon.colcon_core.package_discovery:discover_packages(path) discover
[0.644s] Level 1:colcon.colcon_core.package_discovery:discover_packages(path) using defaults
[0.692s] Level 1:colcon.colcon_core.package_discovery:discover_packages(prefix_path) check parameters
[0.692s] Level 1:colcon.colcon_core.package_discovery:discover_packages(prefix_path) discover
[0.698s] DEBUG:colcon.colcon_installed_package_information.package_discovery:Found 4 installed packages in /home/ayham/Courses/CBL/ub/projects/install
[0.702s] DEBUG:colcon.colcon_installed_package_information.package_discovery:Found 318 installed packages in /opt/ros/foxy
[0.709s] Level 1:colcon.colcon_core.package_discovery:discover_packages(prefix_path) using defaults
[0.854s] Level 5:colcon.colcon_core.verb:set package 'my_turtlebot3_controller' build argument 'cmake_args' from command line to 'None'
[0.854s] Level 5:colcon.colcon_core.verb:set package 'my_turtlebot3_controller' build argument 'cmake_target' from command line to 'None'
[0.854s] Level 5:colcon.colcon_core.verb:set package 'my_turtlebot3_controller' build argument 'cmake_target_skip_unavailable' from command line to 'False'
[0.854s] Level 5:colcon.colcon_core.verb:set package 'my_turtlebot3_controller' build argument 'cmake_clean_cache' from command line to 'False'
[0.854s] Level 5:colcon.colcon_core.verb:set package 'my_turtlebot3_controller' build argument 'cmake_clean_first' from command line to 'False'
[0.854s] Level 5:colcon.colcon_core.verb:set package 'my_turtlebot3_controller' build argument 'cmake_force_configure' from command line to 'False'
[0.854s] Level 5:colcon.colcon_core.verb:set package 'my_turtlebot3_controller' build argument 'ament_cmake_args' from command line to 'None'
[0.855s] Level 5:colcon.colcon_core.verb:set package 'my_turtlebot3_controller' build argument 'catkin_cmake_args' from command line to 'None'
[0.855s] Level 5:colcon.colcon_core.verb:set package 'my_turtlebot3_controller' build argument 'catkin_skip_building_tests' from command line to 'False'
[0.855s] DEBUG:colcon.colcon_core.verb:Building package 'my_turtlebot3_controller' with the following arguments: {'ament_cmake_args': None, 'build_base': '/home/ayham/Courses/CBL/ub/projects/build/my_turtlebot3_controller', 'catkin_cmake_args': None, 'catkin_skip_building_tests': False, 'cmake_args': None, 'cmake_clean_cache': False, 'cmake_clean_first': False, 'cmake_force_configure': False, 'cmake_target': None, 'cmake_target_skip_unavailable': False, 'install_base': '/home/ayham/Courses/CBL/ub/projects/install/my_turtlebot3_controller', 'merge_install': False, 'path': '/home/ayham/Courses/CBL/ub/projects/src/my_turtlebot3_controller', 'symlink_install': False, 'test_result_base': None}
[0.855s] Level 5:colcon.colcon_core.verb:set package 'turtlebot3_fake_node' build argument 'cmake_args' from command line to 'None'
[0.855s] Level 5:colcon.colcon_core.verb:set package 'turtlebot3_fake_node' build argument 'cmake_target' from command line to 'None'
[0.855s] Level 5:colcon.colcon_core.verb:set package 'turtlebot3_fake_node' build argument 'cmake_target_skip_unavailable' from command line to 'False'
[0.855s] Level 5:colcon.colcon_core.verb:set package 'turtlebot3_fake_node' build argument 'cmake_clean_cache' from command line to 'False'
[0.855s] Level 5:colcon.colcon_core.verb:set package 'turtlebot3_fake_node' build argument 'cmake_clean_first' from command line to 'False'
[0.855s] Level 5:colcon.colcon_core.verb:set package 'turtlebot3_fake_node' build argument 'cmake_force_configure' from command line to 'False'
[0.855s] Level 5:colcon.colcon_core.verb:set package 'turtlebot3_fake_node' build argument 'ament_cmake_args' from command line to 'None'
[0.855s] Level 5:colcon.colcon_core.verb:set package 'turtlebot3_fake_node' build argument 'catkin_cmake_args' from command line to 'None'
[0.855s] Level 5:colcon.colcon_core.verb:set package 'turtlebot3_fake_node' build argument 'catkin_skip_building_tests' from command line to 'False'
[0.855s] DEBUG:colcon.colcon_core.verb:Building package 'turtlebot3_fake_node' with the following arguments: {'ament_cmake_args': None, 'build_base': '/home/ayham/Courses/CBL/ub/projects/build/turtlebot3_fake_node', 'catkin_cmake_args': None, 'catkin_skip_building_tests': False, 'cmake_args': None, 'cmake_clean_cache': False, 'cmake_clean_first': False, 'cmake_force_configure': False, 'cmake_target': None, 'cmake_target_skip_unavailable': False, 'install_base': '/home/ayham/Courses/CBL/ub/projects/install/turtlebot3_fake_node', 'merge_install': False, 'path': '/home/ayham/Courses/CBL/ub/projects/src/turtlebot3_fake_node', 'symlink_install': False, 'test_result_base': None}
[0.856s] Level 5:colcon.colcon_core.verb:set package 'turtlebot3_gazebo' build argument 'cmake_args' from command line to 'None'
[0.856s] Level 5:colcon.colcon_core.verb:set package 'turtlebot3_gazebo' build argument 'cmake_target' from command line to 'None'
[0.856s] Level 5:colcon.colcon_core.verb:set package 'turtlebot3_gazebo' build argument 'cmake_target_skip_unavailable' from command line to 'False'
[0.856s] Level 5:colcon.colcon_core.verb:set package 'turtlebot3_gazebo' build argument 'cmake_clean_cache' from command line to 'False'
[0.856s] Level 5:colcon.colcon_core.verb:set package 'turtlebot3_gazebo' build argument 'cmake_clean_first' from command line to 'False'
[0.856s] Level 5:colcon.colcon_core.verb:set package 'turtlebot3_gazebo' build argument 'cmake_force_configure' from command line to 'False'
[0.856s] Level 5:colcon.colcon_core.verb:set package 'turtlebot3_gazebo' build argument 'ament_cmake_args' from command line to 'None'
[0.856s] Level 5:colcon.colcon_core.verb:set package 'turtlebot3_gazebo' build argument 'catkin_cmake_args' from command line to 'None'
[0.856s] Level 5:colcon.colcon_core.verb:set package 'turtlebot3_gazebo' build argument 'catkin_skip_building_tests' from command line to 'False'
[0.856s] DEBUG:colcon.colcon_core.verb:Building package 'turtlebot3_gazebo' with the following arguments: {'ament_cmake_args': None, 'build_base': '/home/ayham/Courses/CBL/ub/projects/build/turtlebot3_gazebo', 'catkin_cmake_args': None, 'catkin_skip_building_tests': False, 'cmake_args': None, 'cmake_clean_cache': False, 'cmake_clean_first': False, 'cmake_force_configure': False, 'cmake_target': None, 'cmake_target_skip_unavailable': False, 'install_base': '/home/ayham/Courses/CBL/ub/projects/install/turtlebot3_gazebo', 'merge_install': False, 'path': '/home/ayham/Courses/CBL/ub/projects/src/turtlebot3_gazebo', 'symlink_install': False, 'test_result_base': None}
[0.857s] Level 5:colcon.colcon_core.verb:set package 'turtlebot3_simulations' build argument 'cmake_args' from command line to 'None'
[0.857s] Level 5:colcon.colcon_core.verb:set package 'turtlebot3_simulations' build argument 'cmake_target' from command line to 'None'
[0.857s] Level 5:colcon.colcon_core.verb:set package 'turtlebot3_simulations' build argument 'cmake_target_skip_unavailable' from command line to 'False'
[0.857s] Level 5:colcon.colcon_core.verb:set package 'turtlebot3_simulations' build argument 'cmake_clean_cache' from command line to 'False'
[0.857s] Level 5:colcon.colcon_core.verb:set package 'turtlebot3_simulations' build argument 'cmake_clean_first' from command line to 'False'
[0.857s] Level 5:colcon.colcon_core.verb:set package 'turtlebot3_simulations' build argument 'cmake_force_configure' from command line to 'False'
[0.857s] Level 5:colcon.colcon_core.verb:set package 'turtlebot3_simulations' build argument 'ament_cmake_args' from command line to 'None'
[0.857s] Level 5:colcon.colcon_core.verb:set package 'turtlebot3_simulations' build argument 'catkin_cmake_args' from command line to 'None'
[0.857s] Level 5:colcon.colcon_core.verb:set package 'turtlebot3_simulations' build argument 'catkin_skip_building_tests' from command line to 'False'
[0.857s] DEBUG:colcon.colcon_core.verb:Building package 'turtlebot3_simulations' with the following arguments: {'ament_cmake_args': None, 'build_base': '/home/ayham/Courses/CBL/ub/projects/build/turtlebot3_simulations', 'catkin_cmake_args': None, 'catkin_skip_building_tests': False, 'cmake_args': None, 'cmake_clean_cache': False, 'cmake_clean_first': False, 'cmake_force_configure': False, 'cmake_target': None, 'cmake_target_skip_unavailable': False, 'install_base': '/home/ayham/Courses/CBL/ub/projects/install/turtlebot3_simulations', 'merge_install': False, 'path': '/home/ayham/Courses/CBL/ub/projects/src/turtlebot3_simulations', 'symlink_install': False, 'test_result_base': None}
[0.857s] INFO:colcon.colcon_core.executor:Executing jobs using 'parallel' executor
[0.859s] DEBUG:colcon.colcon_parallel_executor.executor.parallel:run_until_complete
[0.860s] INFO:colcon.colcon_ros.task.ament_cmake.build:Building ROS package in '/home/ayham/Courses/CBL/ub/projects/src/turtlebot3_fake_node' with build type 'ament_cmake'
[0.861s] INFO:colcon.colcon_cmake.task.cmake.build:Building CMake package in '/home/ayham/Courses/CBL/ub/projects/src/turtlebot3_fake_node'
[0.866s] INFO:colcon.colcon_core.plugin_system:Skipping extension 'colcon_core.shell.bat': Not used on non-Windows systems
[0.867s] INFO:colcon.colcon_core.shell:Skip shell extension 'powershell' for command environment: Not usable outside of PowerShell
[0.867s] DEBUG:colcon.colcon_core.shell:Skip shell extension 'dsv' for command environment
[0.883s] INFO:colcon.colcon_ros.task.ament_cmake.build:Building ROS package in '/home/ayham/Courses/CBL/ub/projects/src/turtlebot3_gazebo' with build type 'ament_cmake'
[0.884s] INFO:colcon.colcon_cmake.task.cmake.build:Building CMake package in '/home/ayham/Courses/CBL/ub/projects/src/turtlebot3_gazebo'
[0.886s] INFO:colcon.colcon_core.shell:Skip shell extension 'powershell' for command environment: Not usable outside of PowerShell
[0.886s] DEBUG:colcon.colcon_core.shell:Skip shell extension 'dsv' for command environment
[0.894s] INFO:colcon.colcon_ros.task.ament_python.build:Building ROS package in '/home/ayham/Courses/CBL/ub/projects/src/my_turtlebot3_controller' with build type 'ament_python'
[0.894s] Level 1:colcon.colcon_core.shell:create_environment_hook('my_turtlebot3_controller', 'ament_prefix_path')
[0.895s] INFO:colcon.colcon_core.shell:Creating environment hook '/home/ayham/Courses/CBL/ub/projects/install/my_turtlebot3_controller/share/my_turtlebot3_controller/hook/ament_prefix_path.ps1'
[0.898s] INFO:colcon.colcon_core.shell:Creating environment descriptor '/home/ayham/Courses/CBL/ub/projects/install/my_turtlebot3_controller/share/my_turtlebot3_controller/hook/ament_prefix_path.dsv'
[0.899s] INFO:colcon.colcon_core.shell:Creating environment hook '/home/ayham/Courses/CBL/ub/projects/install/my_turtlebot3_controller/share/my_turtlebot3_controller/hook/ament_prefix_path.sh'
[0.901s] INFO:colcon.colcon_core.shell:Skip shell extension 'powershell' for command environment: Not usable outside of PowerShell
[0.901s] DEBUG:colcon.colcon_core.shell:Skip shell extension 'dsv' for command environment
[0.928s] DEBUG:colcon.colcon_core.event_handler.log_command:Invoking command in '/home/ayham/Courses/CBL/ub/projects/build/turtlebot3_fake_node': CMAKE_PREFIX_PATH=${CMAKE_PREFIX_PATH}:/home/ayham/Courses/CBL/ub/projects/install/my_turtlebot3_controller:/opt/ros/foxy PS1=[\u@\h \W]\$ /usr/bin/cmake --build /home/ayham/Courses/CBL/ub/projects/build/turtlebot3_fake_node -- -j20 -l20
[0.946s] DEBUG:colcon.colcon_core.event_handler.log_command:Invoking command in '/home/ayham/Courses/CBL/ub/projects/build/turtlebot3_gazebo': CMAKE_PREFIX_PATH=${CMAKE_PREFIX_PATH}:/home/ayham/Courses/CBL/ub/projects/install/my_turtlebot3_controller:/opt/ros/foxy PS1=[\u@\h \W]\$ /usr/bin/cmake --build /home/ayham/Courses/CBL/ub/projects/build/turtlebot3_gazebo -- -j20 -l20
[1.350s] INFO:colcon.colcon_core.task.python.build:Building Python package in '/home/ayham/Courses/CBL/ub/projects/src/my_turtlebot3_controller'
[1.351s] INFO:colcon.colcon_core.shell:Skip shell extension 'powershell' for command environment: Not usable outside of PowerShell
[1.351s] DEBUG:colcon.colcon_core.shell:Skip shell extension 'dsv' for command environment
[1.366s] DEBUG:colcon.colcon_core.event_handler.log_command:Invoked command in '/home/ayham/Courses/CBL/ub/projects/build/turtlebot3_fake_node' returned '0': CMAKE_PREFIX_PATH=${CMAKE_PREFIX_PATH}:/home/ayham/Courses/CBL/ub/projects/install/my_turtlebot3_controller:/opt/ros/foxy PS1=[\u@\h \W]\$ /usr/bin/cmake --build /home/ayham/Courses/CBL/ub/projects/build/turtlebot3_fake_node -- -j20 -l20
[1.400s] DEBUG:colcon.colcon_core.event_handler.log_command:Invoking command in '/home/ayham/Courses/CBL/ub/projects/build/turtlebot3_fake_node': CMAKE_PREFIX_PATH=${CMAKE_PREFIX_PATH}:/home/ayham/Courses/CBL/ub/projects/install/my_turtlebot3_controller:/opt/ros/foxy PS1=[\u@\h \W]\$ /usr/bin/cmake --install /home/ayham/Courses/CBL/ub/projects/build/turtlebot3_fake_node
[1.431s] Level 1:colcon.colcon_core.environment:create_environment_scripts_only(turtlebot3_fake_node)
[1.433s] DEBUG:colcon.colcon_core.event_handler.log_command:Invoked command in '/home/ayham/Courses/CBL/ub/projects/build/turtlebot3_fake_node' returned '0': CMAKE_PREFIX_PATH=${CMAKE_PREFIX_PATH}:/home/ayham/Courses/CBL/ub/projects/install/my_turtlebot3_controller:/opt/ros/foxy PS1=[\u@\h \W]\$ /usr/bin/cmake --install /home/ayham/Courses/CBL/ub/projects/build/turtlebot3_fake_node
[1.443s] Level 1:colcon.colcon_core.environment:checking '/home/ayham/Courses/CBL/ub/projects/install/turtlebot3_fake_node' for CMake module files
[1.448s] Level 1:colcon.colcon_core.environment:checking '/home/ayham/Courses/CBL/ub/projects/install/turtlebot3_fake_node' for CMake config files
[1.449s] Level 1:colcon.colcon_core.shell:create_environment_hook('turtlebot3_fake_node', 'cmake_prefix_path')
[1.450s] INFO:colcon.colcon_core.shell:Creating environment hook '/home/ayham/Courses/CBL/ub/projects/install/turtlebot3_fake_node/share/turtlebot3_fake_node/hook/cmake_prefix_path.ps1'
[1.450s] INFO:colcon.colcon_core.shell:Creating environment descriptor '/home/ayham/Courses/CBL/ub/projects/install/turtlebot3_fake_node/share/turtlebot3_fake_node/hook/cmake_prefix_path.dsv'
[1.451s] INFO:colcon.colcon_core.shell:Creating environment hook '/home/ayham/Courses/CBL/ub/projects/install/turtlebot3_fake_node/share/turtlebot3_fake_node/hook/cmake_prefix_path.sh'
[1.454s] Level 1:colcon.colcon_core.environment:checking '/home/ayham/Courses/CBL/ub/projects/install/turtlebot3_fake_node/lib'
[1.454s] Level 1:colcon.colcon_core.environment:checking '/home/ayham/Courses/CBL/ub/projects/install/turtlebot3_fake_node/bin'
[1.454s] Level 1:colcon.colcon_core.environment:checking '/home/ayham/Courses/CBL/ub/projects/install/turtlebot3_fake_node/lib/pkgconfig/turtlebot3_fake_node.pc'
[1.455s] Level 1:colcon.colcon_core.environment:checking '/home/ayham/Courses/CBL/ub/projects/install/turtlebot3_fake_node/lib/python3.8/site-packages'
[1.455s] Level 1:colcon.colcon_core.environment:checking '/home/ayham/Courses/CBL/ub/projects/install/turtlebot3_fake_node/bin'
[1.455s] INFO:colcon.colcon_core.shell:Creating package script '/home/ayham/Courses/CBL/ub/projects/install/turtlebot3_fake_node/share/turtlebot3_fake_node/package.ps1'
[1.457s] INFO:colcon.colcon_core.shell:Creating package descriptor '/home/ayham/Courses/CBL/ub/projects/install/turtlebot3_fake_node/share/turtlebot3_fake_node/package.dsv'
[1.458s] INFO:colcon.colcon_core.shell:Creating package script '/home/ayham/Courses/CBL/ub/projects/install/turtlebot3_fake_node/share/turtlebot3_fake_node/package.sh'
[1.459s] INFO:colcon.colcon_core.shell:Creating package script '/home/ayham/Courses/CBL/ub/projects/install/turtlebot3_fake_node/share/turtlebot3_fake_node/package.bash'
[1.461s] INFO:colcon.colcon_core.shell:Creating package script '/home/ayham/Courses/CBL/ub/projects/install/turtlebot3_fake_node/share/turtlebot3_fake_node/package.zsh'
[1.463s] Level 1:colcon.colcon_core.environment:create_file_with_runtime_dependencies(/home/ayham/Courses/CBL/ub/projects/install/turtlebot3_fake_node/share/colcon-core/packages/turtlebot3_fake_node)
[1.466s] Level 1:colcon.colcon_core.environment:create_environment_scripts_only(turtlebot3_fake_node)
[1.467s] Level 1:colcon.colcon_core.environment:checking '/home/ayham/Courses/CBL/ub/projects/install/turtlebot3_fake_node' for CMake module files
[1.468s] Level 1:colcon.colcon_core.environment:checking '/home/ayham/Courses/CBL/ub/projects/install/turtlebot3_fake_node' for CMake config files
[1.468s] Level 1:colcon.colcon_core.shell:create_environment_hook('turtlebot3_fake_node', 'cmake_prefix_path')
[1.468s] INFO:colcon.colcon_core.shell:Creating environment hook '/home/ayham/Courses/CBL/ub/projects/install/turtlebot3_fake_node/share/turtlebot3_fake_node/hook/cmake_prefix_path.ps1'
[1.469s] INFO:colcon.colcon_core.shell:Creating environment descriptor '/home/ayham/Courses/CBL/ub/projects/install/turtlebot3_fake_node/share/turtlebot3_fake_node/hook/cmake_prefix_path.dsv'
[1.470s] INFO:colcon.colcon_core.shell:Creating environment hook '/home/ayham/Courses/CBL/ub/projects/install/turtlebot3_fake_node/share/turtlebot3_fake_node/hook/cmake_prefix_path.sh'
[1.472s] Level 1:colcon.colcon_core.environment:checking '/home/ayham/Courses/CBL/ub/projects/install/turtlebot3_fake_node/lib'
[1.472s] Level 1:colcon.colcon_core.environment:checking '/home/ayham/Courses/CBL/ub/projects/install/turtlebot3_fake_node/bin'
[1.472s] Level 1:colcon.colcon_core.environment:checking '/home/ayham/Courses/CBL/ub/projects/install/turtlebot3_fake_node/lib/pkgconfig/turtlebot3_fake_node.pc'
[1.473s] Level 1:colcon.colcon_core.environment:checking '/home/ayham/Courses/CBL/ub/projects/install/turtlebot3_fake_node/lib/python3.8/site-packages'
[1.473s] Level 1:colcon.colcon_core.environment:checking '/home/ayham/Courses/CBL/ub/projects/install/turtlebot3_fake_node/bin'
[1.473s] INFO:colcon.colcon_core.shell:Creating package script '/home/ayham/Courses/CBL/ub/projects/install/turtlebot3_fake_node/share/turtlebot3_fake_node/package.ps1'
[1.474s] INFO:colcon.colcon_core.shell:Creating package descriptor '/home/ayham/Courses/CBL/ub/projects/install/turtlebot3_fake_node/share/turtlebot3_fake_node/package.dsv'
[1.475s] INFO:colcon.colcon_core.shell:Creating package script '/home/ayham/Courses/CBL/ub/projects/install/turtlebot3_fake_node/share/turtlebot3_fake_node/package.sh'
[1.476s] INFO:colcon.colcon_core.shell:Creating package script '/home/ayham/Courses/CBL/ub/projects/install/turtlebot3_fake_node/share/turtlebot3_fake_node/package.bash'
[1.477s] INFO:colcon.colcon_core.shell:Creating package script '/home/ayham/Courses/CBL/ub/projects/install/turtlebot3_fake_node/share/turtlebot3_fake_node/package.zsh'
[1.477s] Level 1:colcon.colcon_core.environment:create_file_with_runtime_dependencies(/home/ayham/Courses/CBL/ub/projects/install/turtlebot3_fake_node/share/colcon-core/packages/turtlebot3_fake_node)
[1.485s] DEBUG:colcon.colcon_core.event_handler.log_command:Invoked command in '/home/ayham/Courses/CBL/ub/projects/build/turtlebot3_gazebo' returned '0': CMAKE_PREFIX_PATH=${CMAKE_PREFIX_PATH}:/home/ayham/Courses/CBL/ub/projects/install/my_turtlebot3_controller:/opt/ros/foxy PS1=[\u@\h \W]\$ /usr/bin/cmake --build /home/ayham/Courses/CBL/ub/projects/build/turtlebot3_gazebo -- -j20 -l20
[1.486s] DEBUG:colcon.colcon_core.event_handler.log_command:Invoking command in '/home/ayham/Courses/CBL/ub/projects/build/turtlebot3_gazebo': CMAKE_PREFIX_PATH=${CMAKE_PREFIX_PATH}:/home/ayham/Courses/CBL/ub/projects/install/my_turtlebot3_controller:/opt/ros/foxy PS1=[\u@\h \W]\$ /usr/bin/cmake --install /home/ayham/Courses/CBL/ub/projects/build/turtlebot3_gazebo
[1.521s] Level 1:colcon.colcon_core.environment:create_environment_scripts_only(turtlebot3_gazebo)
[1.522s] Level 1:colcon.colcon_core.environment:checking '/home/ayham/Courses/CBL/ub/projects/install/turtlebot3_gazebo' for CMake module files
[1.523s] Level 1:colcon.colcon_core.environment:checking '/home/ayham/Courses/CBL/ub/projects/install/turtlebot3_gazebo' for CMake config files
[1.531s] DEBUG:colcon.colcon_core.event_handler.log_command:Invoked command in '/home/ayham/Courses/CBL/ub/projects/build/turtlebot3_gazebo' returned '0': CMAKE_PREFIX_PATH=${CMAKE_PREFIX_PATH}:/home/ayham/Courses/CBL/ub/projects/install/my_turtlebot3_controller:/opt/ros/foxy PS1=[\u@\h \W]\$ /usr/bin/cmake --install /home/ayham/Courses/CBL/ub/projects/build/turtlebot3_gazebo
[1.532s] Level 1:colcon.colcon_core.shell:create_environment_hook('turtlebot3_gazebo', 'cmake_prefix_path')
[1.533s] INFO:colcon.colcon_core.shell:Creating environment hook '/home/ayham/Courses/CBL/ub/projects/install/turtlebot3_gazebo/share/turtlebot3_gazebo/hook/cmake_prefix_path.ps1'
[1.534s] INFO:colcon.colcon_core.shell:Creating environment descriptor '/home/ayham/Courses/CBL/ub/projects/install/turtlebot3_gazebo/share/turtlebot3_gazebo/hook/cmake_prefix_path.dsv'
[1.534s] INFO:colcon.colcon_core.shell:Creating environment hook '/home/ayham/Courses/CBL/ub/projects/install/turtlebot3_gazebo/share/turtlebot3_gazebo/hook/cmake_prefix_path.sh'
[1.535s] Level 1:colcon.colcon_core.environment:checking '/home/ayham/Courses/CBL/ub/projects/install/turtlebot3_gazebo/lib'
[1.535s] Level 1:colcon.colcon_core.environment:checking '/home/ayham/Courses/CBL/ub/projects/install/turtlebot3_gazebo/bin'
[1.535s] Level 1:colcon.colcon_core.environment:checking '/home/ayham/Courses/CBL/ub/projects/install/turtlebot3_gazebo/lib/pkgconfig/turtlebot3_gazebo.pc'
[1.535s] Level 1:colcon.colcon_core.environment:checking '/home/ayham/Courses/CBL/ub/projects/install/turtlebot3_gazebo/lib/python3.8/site-packages'
[1.536s] Level 1:colcon.colcon_core.environment:checking '/home/ayham/Courses/CBL/ub/projects/install/turtlebot3_gazebo/bin'
[1.536s] INFO:colcon.colcon_core.shell:Creating package script '/home/ayham/Courses/CBL/ub/projects/install/turtlebot3_gazebo/share/turtlebot3_gazebo/package.ps1'
[1.537s] INFO:colcon.colcon_core.shell:Creating package descriptor '/home/ayham/Courses/CBL/ub/projects/install/turtlebot3_gazebo/share/turtlebot3_gazebo/package.dsv'
[1.537s] INFO:colcon.colcon_core.shell:Creating package script '/home/ayham/Courses/CBL/ub/projects/install/turtlebot3_gazebo/share/turtlebot3_gazebo/package.sh'
[1.538s] INFO:colcon.colcon_core.shell:Creating package script '/home/ayham/Courses/CBL/ub/projects/install/turtlebot3_gazebo/share/turtlebot3_gazebo/package.bash'
[1.538s] INFO:colcon.colcon_core.shell:Creating package script '/home/ayham/Courses/CBL/ub/projects/install/turtlebot3_gazebo/share/turtlebot3_gazebo/package.zsh'
[1.539s] Level 1:colcon.colcon_core.environment:create_file_with_runtime_dependencies(/home/ayham/Courses/CBL/ub/projects/install/turtlebot3_gazebo/share/colcon-core/packages/turtlebot3_gazebo)
[1.539s] Level 1:colcon.colcon_core.environment:create_environment_scripts_only(turtlebot3_gazebo)
[1.540s] Level 1:colcon.colcon_core.environment:checking '/home/ayham/Courses/CBL/ub/projects/install/turtlebot3_gazebo' for CMake module files
[1.540s] Level 1:colcon.colcon_core.environment:checking '/home/ayham/Courses/CBL/ub/projects/install/turtlebot3_gazebo' for CMake config files
[1.542s] Level 1:colcon.colcon_core.shell:create_environment_hook('turtlebot3_gazebo', 'cmake_prefix_path')
[1.543s] INFO:colcon.colcon_core.shell:Creating environment hook '/home/ayham/Courses/CBL/ub/projects/install/turtlebot3_gazebo/share/turtlebot3_gazebo/hook/cmake_prefix_path.ps1'
[1.543s] INFO:colcon.colcon_core.shell:Creating environment descriptor '/home/ayham/Courses/CBL/ub/projects/install/turtlebot3_gazebo/share/turtlebot3_gazebo/hook/cmake_prefix_path.dsv'
[1.544s] INFO:colcon.colcon_core.shell:Creating environment hook '/home/ayham/Courses/CBL/ub/projects/install/turtlebot3_gazebo/share/turtlebot3_gazebo/hook/cmake_prefix_path.sh'
[1.546s] Level 1:colcon.colcon_core.environment:checking '/home/ayham/Courses/CBL/ub/projects/install/turtlebot3_gazebo/lib'
[1.546s] Level 1:colcon.colcon_core.environment:checking '/home/ayham/Courses/CBL/ub/projects/install/turtlebot3_gazebo/bin'
[1.546s] Level 1:colcon.colcon_core.environment:checking '/home/ayham/Courses/CBL/ub/projects/install/turtlebot3_gazebo/lib/pkgconfig/turtlebot3_gazebo.pc'
[1.546s] Level 1:colcon.colcon_core.environment:checking '/home/ayham/Courses/CBL/ub/projects/install/turtlebot3_gazebo/lib/python3.8/site-packages'
[1.547s] Level 1:colcon.colcon_core.environment:checking '/home/ayham/Courses/CBL/ub/projects/install/turtlebot3_gazebo/bin'
[1.548s] INFO:colcon.colcon_core.shell:Creating package script '/home/ayham/Courses/CBL/ub/projects/install/turtlebot3_gazebo/share/turtlebot3_gazebo/package.ps1'
[1.551s] INFO:colcon.colcon_core.shell:Creating package descriptor '/home/ayham/Courses/CBL/ub/projects/install/turtlebot3_gazebo/share/turtlebot3_gazebo/package.dsv'
[1.552s] INFO:colcon.colcon_core.shell:Creating package script '/home/ayham/Courses/CBL/ub/projects/install/turtlebot3_gazebo/share/turtlebot3_gazebo/package.sh'
[1.552s] INFO:colcon.colcon_core.shell:Creating package script '/home/ayham/Courses/CBL/ub/projects/install/turtlebot3_gazebo/share/turtlebot3_gazebo/package.bash'
[1.553s] INFO:colcon.colcon_core.shell:Creating package script '/home/ayham/Courses/CBL/ub/projects/install/turtlebot3_gazebo/share/turtlebot3_gazebo/package.zsh'
[1.554s] Level 1:colcon.colcon_core.environment:create_file_with_runtime_dependencies(/home/ayham/Courses/CBL/ub/projects/install/turtlebot3_gazebo/share/colcon-core/packages/turtlebot3_gazebo)
[1.555s] INFO:colcon.colcon_ros.task.ament_cmake.build:Building ROS package in '/home/ayham/Courses/CBL/ub/projects/src/turtlebot3_simulations' with build type 'ament_cmake'
[1.555s] INFO:colcon.colcon_cmake.task.cmake.build:Building CMake package in '/home/ayham/Courses/CBL/ub/projects/src/turtlebot3_simulations'
[1.556s] INFO:colcon.colcon_core.shell:Skip shell extension 'powershell' for command environment: Not usable outside of PowerShell
[1.556s] DEBUG:colcon.colcon_core.shell:Skip shell extension 'dsv' for command environment
[1.576s] DEBUG:colcon.colcon_core.event_handler.log_command:Invoking command in '/home/ayham/Courses/CBL/ub/projects/build/turtlebot3_simulations': CMAKE_PREFIX_PATH=/home/ayham/Courses/CBL/ub/projects/install/turtlebot3_gazebo:/home/ayham/Courses/CBL/ub/projects/install/turtlebot3_fake_node:/home/ayham/Courses/CBL/ub/projects/install/turtlebot3_simulations:/home/ayham/Courses/CBL/ub/projects/install/my_turtlebot3_controller:/opt/ros/foxy PS1=[\u@\h \W]\$ /usr/bin/cmake --build /home/ayham/Courses/CBL/ub/projects/build/turtlebot3_simulations -- -j20 -l20
[1.681s] DEBUG:colcon.colcon_core.event_handler.log_command:Invoked command in '/home/ayham/Courses/CBL/ub/projects/build/turtlebot3_simulations' returned '0': CMAKE_PREFIX_PATH=/home/ayham/Courses/CBL/ub/projects/install/turtlebot3_gazebo:/home/ayham/Courses/CBL/ub/projects/install/turtlebot3_fake_node:/home/ayham/Courses/CBL/ub/projects/install/turtlebot3_simulations:/home/ayham/Courses/CBL/ub/projects/install/my_turtlebot3_controller:/opt/ros/foxy PS1=[\u@\h \W]\$ /usr/bin/cmake --build /home/ayham/Courses/CBL/ub/projects/build/turtlebot3_simulations -- -j20 -l20
[1.683s] DEBUG:colcon.colcon_core.event_handler.log_command:Invoking command in '/home/ayham/Courses/CBL/ub/projects/build/turtlebot3_simulations': CMAKE_PREFIX_PATH=/home/ayham/Courses/CBL/ub/projects/install/turtlebot3_gazebo:/home/ayham/Courses/CBL/ub/projects/install/turtlebot3_fake_node:/home/ayham/Courses/CBL/ub/projects/install/turtlebot3_simulations:/home/ayham/Courses/CBL/ub/projects/install/my_turtlebot3_controller:/opt/ros/foxy PS1=[\u@\h \W]\$ /usr/bin/cmake --install /home/ayham/Courses/CBL/ub/projects/build/turtlebot3_simulations
[1.700s] Level 1:colcon.colcon_core.environment:create_environment_scripts_only(turtlebot3_simulations)
[1.701s] Level 1:colcon.colcon_core.environment:checking '/home/ayham/Courses/CBL/ub/projects/install/turtlebot3_simulations' for CMake module files
[1.703s] Level 1:colcon.colcon_core.environment:checking '/home/ayham/Courses/CBL/ub/projects/install/turtlebot3_simulations' for CMake config files
[1.704s] Level 1:colcon.colcon_core.shell:create_environment_hook('turtlebot3_simulations', 'cmake_prefix_path')
[1.705s] DEBUG:colcon.colcon_core.event_handler.log_command:Invoked command in '/home/ayham/Courses/CBL/ub/projects/build/turtlebot3_simulations' returned '0': CMAKE_PREFIX_PATH=/home/ayham/Courses/CBL/ub/projects/install/turtlebot3_gazebo:/home/ayham/Courses/CBL/ub/projects/install/turtlebot3_fake_node:/home/ayham/Courses/CBL/ub/projects/install/turtlebot3_simulations:/home/ayham/Courses/CBL/ub/projects/install/my_turtlebot3_controller:/opt/ros/foxy PS1=[\u@\h \W]\$ /usr/bin/cmake --install /home/ayham/Courses/CBL/ub/projects/build/turtlebot3_simulations
[1.706s] INFO:colcon.colcon_core.shell:Creating environment hook '/home/ayham/Courses/CBL/ub/projects/install/turtlebot3_simulations/share/turtlebot3_simulations/hook/cmake_prefix_path.ps1'
[1.707s] INFO:colcon.colcon_core.shell:Creating environment descriptor '/home/ayham/Courses/CBL/ub/projects/install/turtlebot3_simulations/share/turtlebot3_simulations/hook/cmake_prefix_path.dsv'
[1.708s] INFO:colcon.colcon_core.shell:Creating environment hook '/home/ayham/Courses/CBL/ub/projects/install/turtlebot3_simulations/share/turtlebot3_simulations/hook/cmake_prefix_path.sh'
[1.710s] Level 1:colcon.colcon_core.environment:checking '/home/ayham/Courses/CBL/ub/projects/install/turtlebot3_simulations/bin'
[1.710s] Level 1:colcon.colcon_core.environment:checking '/home/ayham/Courses/CBL/ub/projects/install/turtlebot3_simulations/lib/pkgconfig/turtlebot3_simulations.pc'
[1.711s] Level 1:colcon.colcon_core.environment:checking '/home/ayham/Courses/CBL/ub/projects/install/turtlebot3_simulations/lib/python3.8/site-packages'
[1.711s] Level 1:colcon.colcon_core.environment:checking '/home/ayham/Courses/CBL/ub/projects/install/turtlebot3_simulations/bin'
[1.712s] INFO:colcon.colcon_core.shell:Creating package script '/home/ayham/Courses/CBL/ub/projects/install/turtlebot3_simulations/share/turtlebot3_simulations/package.ps1'
[1.713s] INFO:colcon.colcon_core.shell:Creating package descriptor '/home/ayham/Courses/CBL/ub/projects/install/turtlebot3_simulations/share/turtlebot3_simulations/package.dsv'
[1.714s] INFO:colcon.colcon_core.shell:Creating package script '/home/ayham/Courses/CBL/ub/projects/install/turtlebot3_simulations/share/turtlebot3_simulations/package.sh'
[1.715s] INFO:colcon.colcon_core.shell:Creating package script '/home/ayham/Courses/CBL/ub/projects/install/turtlebot3_simulations/share/turtlebot3_simulations/package.bash'
[1.716s] INFO:colcon.colcon_core.shell:Creating package script '/home/ayham/Courses/CBL/ub/projects/install/turtlebot3_simulations/share/turtlebot3_simulations/package.zsh'
[1.717s] Level 1:colcon.colcon_core.environment:create_file_with_runtime_dependencies(/home/ayham/Courses/CBL/ub/projects/install/turtlebot3_simulations/share/colcon-core/packages/turtlebot3_simulations)
[1.719s] Level 1:colcon.colcon_core.environment:create_environment_scripts_only(turtlebot3_simulations)
[1.719s] Level 1:colcon.colcon_core.environment:checking '/home/ayham/Courses/CBL/ub/projects/install/turtlebot3_simulations' for CMake module files
[1.720s] Level 1:colcon.colcon_core.environment:checking '/home/ayham/Courses/CBL/ub/projects/install/turtlebot3_simulations' for CMake config files
[1.721s] Level 1:colcon.colcon_core.shell:create_environment_hook('turtlebot3_simulations', 'cmake_prefix_path')
[1.722s] INFO:colcon.colcon_core.shell:Creating environment hook '/home/ayham/Courses/CBL/ub/projects/install/turtlebot3_simulations/share/turtlebot3_simulations/hook/cmake_prefix_path.ps1'
[1.724s] INFO:colcon.colcon_core.shell:Creating environment descriptor '/home/ayham/Courses/CBL/ub/projects/install/turtlebot3_simulations/share/turtlebot3_simulations/hook/cmake_prefix_path.dsv'
[1.725s] INFO:colcon.colcon_core.shell:Creating environment hook '/home/ayham/Courses/CBL/ub/projects/install/turtlebot3_simulations/share/turtlebot3_simulations/hook/cmake_prefix_path.sh'
[1.726s] Level 1:colcon.colcon_core.environment:checking '/home/ayham/Courses/CBL/ub/projects/install/turtlebot3_simulations/bin'
[1.727s] Level 1:colcon.colcon_core.environment:checking '/home/ayham/Courses/CBL/ub/projects/install/turtlebot3_simulations/lib/pkgconfig/turtlebot3_simulations.pc'
[1.727s] Level 1:colcon.colcon_core.environment:checking '/home/ayham/Courses/CBL/ub/projects/install/turtlebot3_simulations/lib/python3.8/site-packages'
[1.728s] Level 1:colcon.colcon_core.environment:checking '/home/ayham/Courses/CBL/ub/projects/install/turtlebot3_simulations/bin'
[1.729s] INFO:colcon.colcon_core.shell:Creating package script '/home/ayham/Courses/CBL/ub/projects/install/turtlebot3_simulations/share/turtlebot3_simulations/package.ps1'
[1.730s] INFO:colcon.colcon_core.shell:Creating package descriptor '/home/ayham/Courses/CBL/ub/projects/install/turtlebot3_simulations/share/turtlebot3_simulations/package.dsv'
[1.732s] INFO:colcon.colcon_core.shell:Creating package script '/home/ayham/Courses/CBL/ub/projects/install/turtlebot3_simulations/share/turtlebot3_simulations/package.sh'
[1.733s] INFO:colcon.colcon_core.shell:Creating package script '/home/ayham/Courses/CBL/ub/projects/install/turtlebot3_simulations/share/turtlebot3_simulations/package.bash'
[1.734s] INFO:colcon.colcon_core.shell:Creating package script '/home/ayham/Courses/CBL/ub/projects/install/turtlebot3_simulations/share/turtlebot3_simulations/package.zsh'
[1.735s] Level 1:colcon.colcon_core.environment:create_file_with_runtime_dependencies(/home/ayham/Courses/CBL/ub/projects/install/turtlebot3_simulations/share/colcon-core/packages/turtlebot3_simulations)
[2.157s] DEBUG:colcon.colcon_core.event_handler.log_command:Invoking command in '/home/ayham/Courses/CBL/ub/projects/src/my_turtlebot3_controller': PS1=[\u@\h \W]\$ PYTHONPATH=/home/ayham/Courses/CBL/ub/projects/build/my_turtlebot3_controller/prefix_override:/usr/lib/python3/dist-packages/colcon_core/task/python/colcon_distutils_commands:/home/ayham/Courses/CBL/ub/projects/install/my_turtlebot3_controller/lib/python3.8/site-packages:${PYTHONPATH} /usr/bin/python3 -W ignore:setup.py install is deprecated -W ignore:easy_install command is deprecated setup.py egg_info --egg-base ../../build/my_turtlebot3_controller build --build-base /home/ayham/Courses/CBL/ub/projects/build/my_turtlebot3_controller/build install --record /home/ayham/Courses/CBL/ub/projects/build/my_turtlebot3_controller/install.log --single-version-externally-managed install_data
[2.720s] Level 1:colcon.colcon_core.environment:checking '/home/ayham/Courses/CBL/ub/projects/install/my_turtlebot3_controller' for CMake module files
[2.721s] DEBUG:colcon.colcon_core.event_handler.log_command:Invoked command in '/home/ayham/Courses/CBL/ub/projects/src/my_turtlebot3_controller' returned '0': PS1=[\u@\h \W]\$ PYTHONPATH=/home/ayham/Courses/CBL/ub/projects/build/my_turtlebot3_controller/prefix_override:/usr/lib/python3/dist-packages/colcon_core/task/python/colcon_distutils_commands:/home/ayham/Courses/CBL/ub/projects/install/my_turtlebot3_controller/lib/python3.8/site-packages:${PYTHONPATH} /usr/bin/python3 -W ignore:setup.py install is deprecated -W ignore:easy_install command is deprecated setup.py egg_info --egg-base ../../build/my_turtlebot3_controller build --build-base /home/ayham/Courses/CBL/ub/projects/build/my_turtlebot3_controller/build install --record /home/ayham/Courses/CBL/ub/projects/build/my_turtlebot3_controller/install.log --single-version-externally-managed install_data
[2.726s] Level 1:colcon.colcon_core.environment:checking '/home/ayham/Courses/CBL/ub/projects/install/my_turtlebot3_controller' for CMake config files
[2.728s] Level 1:colcon.colcon_core.environment:checking '/home/ayham/Courses/CBL/ub/projects/install/my_turtlebot3_controller/lib'
[2.728s] Level 1:colcon.colcon_core.environment:checking '/home/ayham/Courses/CBL/ub/projects/install/my_turtlebot3_controller/bin'
[2.729s] Level 1:colcon.colcon_core.environment:checking '/home/ayham/Courses/CBL/ub/projects/install/my_turtlebot3_controller/lib/pkgconfig/my_turtlebot3_controller.pc'
[2.729s] Level 1:colcon.colcon_core.environment:checking '/home/ayham/Courses/CBL/ub/projects/install/my_turtlebot3_controller/lib/python3.8/site-packages'
[2.730s] Level 1:colcon.colcon_core.shell:create_environment_hook('my_turtlebot3_controller', 'pythonpath')
[2.730s] INFO:colcon.colcon_core.shell:Creating environment hook '/home/ayham/Courses/CBL/ub/projects/install/my_turtlebot3_controller/share/my_turtlebot3_controller/hook/pythonpath.ps1'
[2.734s] INFO:colcon.colcon_core.shell:Creating environment descriptor '/home/ayham/Courses/CBL/ub/projects/install/my_turtlebot3_controller/share/my_turtlebot3_controller/hook/pythonpath.dsv'
[2.734s] INFO:colcon.colcon_core.shell:Creating environment hook '/home/ayham/Courses/CBL/ub/projects/install/my_turtlebot3_controller/share/my_turtlebot3_controller/hook/pythonpath.sh'
[2.735s] Level 1:colcon.colcon_core.environment:checking '/home/ayham/Courses/CBL/ub/projects/install/my_turtlebot3_controller/bin'
[2.735s] Level 1:colcon.colcon_core.environment:create_environment_scripts_only(my_turtlebot3_controller)
[2.736s] INFO:colcon.colcon_core.shell:Creating package script '/home/ayham/Courses/CBL/ub/projects/install/my_turtlebot3_controller/share/my_turtlebot3_controller/package.ps1'
[2.737s] INFO:colcon.colcon_core.shell:Creating package descriptor '/home/ayham/Courses/CBL/ub/projects/install/my_turtlebot3_controller/share/my_turtlebot3_controller/package.dsv'
[2.737s] INFO:colcon.colcon_core.shell:Creating package script '/home/ayham/Courses/CBL/ub/projects/install/my_turtlebot3_controller/share/my_turtlebot3_controller/package.sh'
[2.738s] INFO:colcon.colcon_core.shell:Creating package script '/home/ayham/Courses/CBL/ub/projects/install/my_turtlebot3_controller/share/my_turtlebot3_controller/package.bash'
[2.739s] INFO:colcon.colcon_core.shell:Creating package script '/home/ayham/Courses/CBL/ub/projects/install/my_turtlebot3_controller/share/my_turtlebot3_controller/package.zsh'
[2.739s] Level 1:colcon.colcon_core.environment:create_file_with_runtime_dependencies(/home/ayham/Courses/CBL/ub/projects/install/my_turtlebot3_controller/share/colcon-core/packages/my_turtlebot3_controller)
[2.746s] DEBUG:colcon.colcon_parallel_executor.executor.parallel:closing loop
[2.746s] DEBUG:colcon.colcon_parallel_executor.executor.parallel:loop closed
[2.746s] DEBUG:colcon.colcon_parallel_executor.executor.parallel:run_until_complete finished with '0'
[2.746s] DEBUG:colcon.colcon_core.event_reactor:joining thread
[2.773s] INFO:colcon.colcon_core.plugin_system:Skipping extension 'colcon_notification.desktop_notification.notify_send': Could not find 'notify-send'
[2.774s] INFO:colcon.colcon_core.plugin_system:Skipping extension 'colcon_notification.desktop_notification.terminal_notifier': Not used on non-Darwin systems
[2.774s] INFO:colcon.colcon_core.plugin_system:Skipping extension 'colcon_notification.desktop_notification.win32': Not used on non-Windows systems
[2.774s] INFO:colcon.colcon_notification.desktop_notification:Sending desktop notification using 'notify2'
[2.821s] DEBUG:colcon.colcon_core.event_reactor:joined thread
[2.821s] INFO:colcon.colcon_core.shell:Creating prefix script '/home/ayham/Courses/CBL/ub/projects/install/local_setup.ps1'
[2.823s] INFO:colcon.colcon_core.shell:Creating prefix util module '/home/ayham/Courses/CBL/ub/projects/install/_local_setup_util_ps1.py'
[2.832s] INFO:colcon.colcon_core.shell:Creating prefix chain script '/home/ayham/Courses/CBL/ub/projects/install/setup.ps1'
[2.835s] INFO:colcon.colcon_core.shell:Creating prefix script '/home/ayham/Courses/CBL/ub/projects/install/local_setup.sh'
[2.840s] INFO:colcon.colcon_core.shell:Creating prefix util module '/home/ayham/Courses/CBL/ub/projects/install/_local_setup_util_sh.py'
[2.841s] INFO:colcon.colcon_core.shell:Creating prefix chain script '/home/ayham/Courses/CBL/ub/projects/install/setup.sh'
[2.843s] INFO:colcon.colcon_core.shell:Creating prefix script '/home/ayham/Courses/CBL/ub/projects/install/local_setup.bash'
[2.847s] INFO:colcon.colcon_core.shell:Creating prefix chain script '/home/ayham/Courses/CBL/ub/projects/install/setup.bash'
[2.849s] INFO:colcon.colcon_core.shell:Creating prefix script '/home/ayham/Courses/CBL/ub/projects/install/local_setup.zsh'
[2.853s] INFO:colcon.colcon_core.shell:Creating prefix chain script '/home/ayham/Courses/CBL/ub/projects/install/setup.zsh'
