[0.009s] Invoking command in '/home/ayham/Courses/CBL/ub/projects/build/turtlebot3_simulations': CMAKE_PREFIX_PATH=/home/ayham/Courses/CBL/ub/projects/install/turtlebot3_gazebo:/home/ayham/Courses/CBL/ub/projects/install/turtlebot3_description:/home/ayham/Courses/CBL/ub/projects/install/turtlebot3_simulations:/home/ayham/Courses/CBL/ub/projects/install/my_turtlebot3_controller:/opt/ros/foxy PS1=[\u@\h \W]\$ /usr/bin/cmake --build /home/ayham/Courses/CBL/ub/projects/build/turtlebot3_simulations -- -j20 -l20
[0.045s] Invoked command in '/home/ayham/Courses/CBL/ub/projects/build/turtlebot3_simulations' returned '0': CMAKE_PREFIX_PATH=/home/ayham/Courses/CBL/ub/projects/install/turtlebot3_gazebo:/home/ayham/Courses/CBL/ub/projects/install/turtlebot3_description:/home/ayham/Courses/CBL/ub/projects/install/turtlebot3_simulations:/home/ayham/Courses/CBL/ub/projects/install/my_turtlebot3_controller:/opt/ros/foxy PS1=[\u@\h \W]\$ /usr/bin/cmake --build /home/ayham/Courses/CBL/ub/projects/build/turtlebot3_simulations -- -j20 -l20
[0.047s] Invoking command in '/home/ayham/Courses/CBL/ub/projects/build/turtlebot3_simulations': CMAKE_PREFIX_PATH=/home/ayham/Courses/CBL/ub/projects/install/turtlebot3_gazebo:/home/ayham/Courses/CBL/ub/projects/install/turtlebot3_description:/home/ayham/Courses/CBL/ub/projects/install/turtlebot3_simulations:/home/ayham/Courses/CBL/ub/projects/install/my_turtlebot3_controller:/opt/ros/foxy PS1=[\u@\h \W]\$ /usr/bin/cmake --install /home/ayham/Courses/CBL/ub/projects/build/turtlebot3_simulations
[0.052s] -- Install configuration: ""
[0.052s] -- Up-to-date: /home/ayham/Courses/CBL/ub/projects/install/turtlebot3_simulations/share/ament_index/resource_index/package_run_dependencies/turtlebot3_simulations
[0.052s] -- Up-to-date: /home/ayham/Courses/CBL/ub/projects/install/turtlebot3_simulations/share/ament_index/resource_index/parent_prefix_path/turtlebot3_simulations
[0.052s] -- Up-to-date: /home/ayham/Courses/CBL/ub/projects/install/turtlebot3_simulations/share/turtlebot3_simulations/environment/ament_prefix_path.sh
[0.052s] -- Up-to-date: /home/ayham/Courses/CBL/ub/projects/install/turtlebot3_simulations/share/turtlebot3_simulations/environment/ament_prefix_path.dsv
[0.052s] -- Up-to-date: /home/ayham/Courses/CBL/ub/projects/install/turtlebot3_simulations/share/turtlebot3_simulations/environment/path.sh
[0.052s] -- Up-to-date: /home/ayham/Courses/CBL/ub/projects/install/turtlebot3_simulations/share/turtlebot3_simulations/environment/path.dsv
[0.052s] -- Up-to-date: /home/ayham/Courses/CBL/ub/projects/install/turtlebot3_simulations/share/turtlebot3_simulations/local_setup.bash
[0.052s] -- Up-to-date: /home/ayham/Courses/CBL/ub/projects/install/turtlebot3_simulations/share/turtlebot3_simulations/local_setup.sh
[0.052s] -- Up-to-date: /home/ayham/Courses/CBL/ub/projects/install/turtlebot3_simulations/share/turtlebot3_simulations/local_setup.zsh
[0.052s] -- Up-to-date: /home/ayham/Courses/CBL/ub/projects/install/turtlebot3_simulations/share/turtlebot3_simulations/local_setup.dsv
[0.052s] -- Installing: /home/ayham/Courses/CBL/ub/projects/install/turtlebot3_simulations/share/turtlebot3_simulations/package.dsv
[0.052s] -- Up-to-date: /home/ayham/Courses/CBL/ub/projects/install/turtlebot3_simulations/share/ament_index/resource_index/packages/turtlebot3_simulations
[0.052s] -- Up-to-date: /home/ayham/Courses/CBL/ub/projects/install/turtlebot3_simulations/share/turtlebot3_simulations/cmake/turtlebot3_simulationsConfig.cmake
[0.052s] -- Up-to-date: /home/ayham/Courses/CBL/ub/projects/install/turtlebot3_simulations/share/turtlebot3_simulations/cmake/turtlebot3_simulationsConfig-version.cmake
[0.052s] -- Up-to-date: /home/ayham/Courses/CBL/ub/projects/install/turtlebot3_simulations/share/turtlebot3_simulations/package.xml
[0.053s] Invoked command in '/home/ayham/Courses/CBL/ub/projects/build/turtlebot3_simulations' returned '0': CMAKE_PREFIX_PATH=/home/ayham/Courses/CBL/ub/projects/install/turtlebot3_gazebo:/home/ayham/Courses/CBL/ub/projects/install/turtlebot3_description:/home/ayham/Courses/CBL/ub/projects/install/turtlebot3_simulations:/home/ayham/Courses/CBL/ub/projects/install/my_turtlebot3_controller:/opt/ros/foxy PS1=[\u@\h \W]\$ /usr/bin/cmake --install /home/ayham/Courses/CBL/ub/projects/build/turtlebot3_simulations
