[0.007s] Invoking command in '/home/ayham/Courses/CBL/ub/projects/build/turtlebot3_simulations': CMAKE_PREFIX_PATH=/home/ayham/Courses/CBL/ub/projects/install/turtlebot3_gazebo:/home/ayham/Courses/CBL/ub/projects/install/turtlebot3_fake_node:/home/ayham/Courses/CBL/ub/projects/install/turtlebot3_simulations:/home/ayham/Courses/CBL/ub/projects/install/turtlebot3_description:/home/ayham/Courses/CBL/ub/projects/install/my_turtlebot3_controller:/opt/ros/foxy PS1=[\u@\h \W]\$ /usr/bin/cmake /home/ayham/Courses/CBL/ub/projects/src/turtlebot3_simulations -DCMAKE_INSTALL_PREFIX=/home/ayham/Courses/CBL/ub/projects/install/turtlebot3_simulations
[0.048s] -- The C compiler identification is GNU 9.4.0
[0.089s] -- The CXX compiler identification is GNU 9.4.0
[0.091s] -- Check for working C compiler: /usr/bin/cc
[0.144s] -- Check for working C compiler: /usr/bin/cc -- works
[0.145s] -- Detecting C compiler ABI info
[0.197s] -- Detecting C compiler ABI info - done
[0.203s] -- Detecting C compile features
[0.203s] -- Detecting C compile features - done
[0.204s] -- Check for working CXX compiler: /usr/bin/c++
[0.258s] -- Check for working CXX compiler: /usr/bin/c++ -- works
[0.259s] -- Detecting CXX compiler ABI info
[0.309s] -- Detecting CXX compiler ABI info - done
[0.317s] -- Detecting CXX compile features
[0.317s] -- Detecting CXX compile features - done
[0.320s] -- Found ament_cmake: 0.9.12 (/opt/ros/foxy/share/ament_cmake/cmake)
[0.335s] -- Found PythonInterp: /usr/bin/python3 (found suitable version "3.8.10", minimum required is "3") 
[0.335s] -- Using PYTHON_EXECUTABLE: /usr/bin/python3
[0.488s] -- Configuring done
[0.489s] -- Generating done
[0.489s] -- Build files have been written to: /home/ayham/Courses/CBL/ub/projects/build/turtlebot3_simulations
[0.492s] Invoked command in '/home/ayham/Courses/CBL/ub/projects/build/turtlebot3_simulations' returned '0': CMAKE_PREFIX_PATH=/home/ayham/Courses/CBL/ub/projects/install/turtlebot3_gazebo:/home/ayham/Courses/CBL/ub/projects/install/turtlebot3_fake_node:/home/ayham/Courses/CBL/ub/projects/install/turtlebot3_simulations:/home/ayham/Courses/CBL/ub/projects/install/turtlebot3_description:/home/ayham/Courses/CBL/ub/projects/install/my_turtlebot3_controller:/opt/ros/foxy PS1=[\u@\h \W]\$ /usr/bin/cmake /home/ayham/Courses/CBL/ub/projects/src/turtlebot3_simulations -DCMAKE_INSTALL_PREFIX=/home/ayham/Courses/CBL/ub/projects/install/turtlebot3_simulations
[0.493s] Invoking command in '/home/ayham/Courses/CBL/ub/projects/build/turtlebot3_simulations': CMAKE_PREFIX_PATH=/home/ayham/Courses/CBL/ub/projects/install/turtlebot3_gazebo:/home/ayham/Courses/CBL/ub/projects/install/turtlebot3_fake_node:/home/ayham/Courses/CBL/ub/projects/install/turtlebot3_simulations:/home/ayham/Courses/CBL/ub/projects/install/turtlebot3_description:/home/ayham/Courses/CBL/ub/projects/install/my_turtlebot3_controller:/opt/ros/foxy PS1=[\u@\h \W]\$ /usr/bin/cmake --build /home/ayham/Courses/CBL/ub/projects/build/turtlebot3_simulations -- -j20 -l20
[0.518s] Invoked command in '/home/ayham/Courses/CBL/ub/projects/build/turtlebot3_simulations' returned '0': CMAKE_PREFIX_PATH=/home/ayham/Courses/CBL/ub/projects/install/turtlebot3_gazebo:/home/ayham/Courses/CBL/ub/projects/install/turtlebot3_fake_node:/home/ayham/Courses/CBL/ub/projects/install/turtlebot3_simulations:/home/ayham/Courses/CBL/ub/projects/install/turtlebot3_description:/home/ayham/Courses/CBL/ub/projects/install/my_turtlebot3_controller:/opt/ros/foxy PS1=[\u@\h \W]\$ /usr/bin/cmake --build /home/ayham/Courses/CBL/ub/projects/build/turtlebot3_simulations -- -j20 -l20
[0.519s] Invoking command in '/home/ayham/Courses/CBL/ub/projects/build/turtlebot3_simulations': CMAKE_PREFIX_PATH=/home/ayham/Courses/CBL/ub/projects/install/turtlebot3_gazebo:/home/ayham/Courses/CBL/ub/projects/install/turtlebot3_fake_node:/home/ayham/Courses/CBL/ub/projects/install/turtlebot3_simulations:/home/ayham/Courses/CBL/ub/projects/install/turtlebot3_description:/home/ayham/Courses/CBL/ub/projects/install/my_turtlebot3_controller:/opt/ros/foxy PS1=[\u@\h \W]\$ /usr/bin/cmake --install /home/ayham/Courses/CBL/ub/projects/build/turtlebot3_simulations
[0.526s] -- Install configuration: ""
[0.527s] -- Installing: /home/ayham/Courses/CBL/ub/projects/install/turtlebot3_simulations/share/ament_index/resource_index/package_run_dependencies/turtlebot3_simulations
[0.527s] -- Installing: /home/ayham/Courses/CBL/ub/projects/install/turtlebot3_simulations/share/ament_index/resource_index/parent_prefix_path/turtlebot3_simulations
[0.527s] -- Installing: /home/ayham/Courses/CBL/ub/projects/install/turtlebot3_simulations/share/turtlebot3_simulations/environment/ament_prefix_path.sh
[0.527s] -- Installing: /home/ayham/Courses/CBL/ub/projects/install/turtlebot3_simulations/share/turtlebot3_simulations/environment/ament_prefix_path.dsv
[0.527s] -- Installing: /home/ayham/Courses/CBL/ub/projects/install/turtlebot3_simulations/share/turtlebot3_simulations/environment/path.sh
[0.527s] -- Installing: /home/ayham/Courses/CBL/ub/projects/install/turtlebot3_simulations/share/turtlebot3_simulations/environment/path.dsv
[0.527s] -- Installing: /home/ayham/Courses/CBL/ub/projects/install/turtlebot3_simulations/share/turtlebot3_simulations/local_setup.bash
[0.527s] -- Installing: /home/ayham/Courses/CBL/ub/projects/install/turtlebot3_simulations/share/turtlebot3_simulations/local_setup.sh
[0.527s] -- Installing: /home/ayham/Courses/CBL/ub/projects/install/turtlebot3_simulations/share/turtlebot3_simulations/local_setup.zsh
[0.527s] -- Installing: /home/ayham/Courses/CBL/ub/projects/install/turtlebot3_simulations/share/turtlebot3_simulations/local_setup.dsv
[0.527s] -- Installing: /home/ayham/Courses/CBL/ub/projects/install/turtlebot3_simulations/share/turtlebot3_simulations/package.dsv
[0.527s] -- Installing: /home/ayham/Courses/CBL/ub/projects/install/turtlebot3_simulations/share/ament_index/resource_index/packages/turtlebot3_simulations
[0.527s] -- Installing: /home/ayham/Courses/CBL/ub/projects/install/turtlebot3_simulations/share/turtlebot3_simulations/cmake/turtlebot3_simulationsConfig.cmake
[0.527s] -- Installing: /home/ayham/Courses/CBL/ub/projects/install/turtlebot3_simulations/share/turtlebot3_simulations/cmake/turtlebot3_simulationsConfig-version.cmake
[0.527s] -- Installing: /home/ayham/Courses/CBL/ub/projects/install/turtlebot3_simulations/share/turtlebot3_simulations/package.xml
[0.529s] Invoked command in '/home/ayham/Courses/CBL/ub/projects/build/turtlebot3_simulations' returned '0': CMAKE_PREFIX_PATH=/home/ayham/Courses/CBL/ub/projects/install/turtlebot3_gazebo:/home/ayham/Courses/CBL/ub/projects/install/turtlebot3_fake_node:/home/ayham/Courses/CBL/ub/projects/install/turtlebot3_simulations:/home/ayham/Courses/CBL/ub/projects/install/turtlebot3_description:/home/ayham/Courses/CBL/ub/projects/install/my_turtlebot3_controller:/opt/ros/foxy PS1=[\u@\h \W]\$ /usr/bin/cmake --install /home/ayham/Courses/CBL/ub/projects/build/turtlebot3_simulations
