running egg_info
creating ../../build/my_turtlebot3_controller/my_turtlebot3_controller.egg-info
writing ../../build/my_turtlebot3_controller/my_turtlebot3_controller.egg-info/PKG-INFO
writing dependency_links to ../../build/my_turtlebot3_controller/my_turtlebot3_controller.egg-info/dependency_links.txt
writing entry points to ../../build/my_turtlebot3_controller/my_turtlebot3_controller.egg-info/entry_points.txt
writing requirements to ../../build/my_turtlebot3_controller/my_turtlebot3_controller.egg-info/requires.txt
writing top-level names to ../../build/my_turtlebot3_controller/my_turtlebot3_controller.egg-info/top_level.txt
writing manifest file '../../build/my_turtlebot3_controller/my_turtlebot3_controller.egg-info/SOURCES.txt'
reading manifest file '../../build/my_turtlebot3_controller/my_turtlebot3_controller.egg-info/SOURCES.txt'
writing manifest file '../../build/my_turtlebot3_controller/my_turtlebot3_controller.egg-info/SOURCES.txt'
running build
running build_py
creating /home/ayham/Courses/CBL/ub/projects/build/my_turtlebot3_controller/build
creating /home/ayham/Courses/CBL/ub/projects/build/my_turtlebot3_controller/build/lib
creating /home/ayham/Courses/CBL/ub/projects/build/my_turtlebot3_controller/build/lib/my_turtlebot3_controller
copying my_turtlebot3_controller/__init__.py -> /home/ayham/Courses/CBL/ub/projects/build/my_turtlebot3_controller/build/lib/my_turtlebot3_controller
copying my_turtlebot3_controller/mission_control_node old.py -> /home/ayham/Courses/CBL/ub/projects/build/my_turtlebot3_controller/build/lib/my_turtlebot3_controller
copying my_turtlebot3_controller/move_turtlebot.py -> /home/ayham/Courses/CBL/ub/projects/build/my_turtlebot3_controller/build/lib/my_turtlebot3_controller
copying my_turtlebot3_controller/cmd_vel_relay.py -> /home/ayham/Courses/CBL/ub/projects/build/my_turtlebot3_controller/build/lib/my_turtlebot3_controller
copying my_turtlebot3_controller/mission_control_node.py -> /home/ayham/Courses/CBL/ub/projects/build/my_turtlebot3_controller/build/lib/my_turtlebot3_controller
copying my_turtlebot3_controller/add_task_client.py -> /home/ayham/Courses/CBL/ub/projects/build/my_turtlebot3_controller/build/lib/my_turtlebot3_controller
copying my_turtlebot3_controller/NavigationExecutorNode.py -> /home/ayham/Courses/CBL/ub/projects/build/my_turtlebot3_controller/build/lib/my_turtlebot3_controller
copying my_turtlebot3_controller/order_dispatch_node.py -> /home/ayham/Courses/CBL/ub/projects/build/my_turtlebot3_controller/build/lib/my_turtlebot3_controller
running install
running install_lib
creating /home/ayham/Courses/CBL/ub/projects/install/my_turtlebot3_controller/lib/python3.8/site-packages/my_turtlebot3_controller
copying /home/ayham/Courses/CBL/ub/projects/build/my_turtlebot3_controller/build/lib/my_turtlebot3_controller/__init__.py -> /home/ayham/Courses/CBL/ub/projects/install/my_turtlebot3_controller/lib/python3.8/site-packages/my_turtlebot3_controller
copying /home/ayham/Courses/CBL/ub/projects/build/my_turtlebot3_controller/build/lib/my_turtlebot3_controller/mission_control_node old.py -> /home/ayham/Courses/CBL/ub/projects/install/my_turtlebot3_controller/lib/python3.8/site-packages/my_turtlebot3_controller
copying /home/ayham/Courses/CBL/ub/projects/build/my_turtlebot3_controller/build/lib/my_turtlebot3_controller/move_turtlebot.py -> /home/ayham/Courses/CBL/ub/projects/install/my_turtlebot3_controller/lib/python3.8/site-packages/my_turtlebot3_controller
copying /home/ayham/Courses/CBL/ub/projects/build/my_turtlebot3_controller/build/lib/my_turtlebot3_controller/cmd_vel_relay.py -> /home/ayham/Courses/CBL/ub/projects/install/my_turtlebot3_controller/lib/python3.8/site-packages/my_turtlebot3_controller
copying /home/ayham/Courses/CBL/ub/projects/build/my_turtlebot3_controller/build/lib/my_turtlebot3_controller/mission_control_node.py -> /home/ayham/Courses/CBL/ub/projects/install/my_turtlebot3_controller/lib/python3.8/site-packages/my_turtlebot3_controller
copying /home/ayham/Courses/CBL/ub/projects/build/my_turtlebot3_controller/build/lib/my_turtlebot3_controller/add_task_client.py -> /home/ayham/Courses/CBL/ub/projects/install/my_turtlebot3_controller/lib/python3.8/site-packages/my_turtlebot3_controller
copying /home/ayham/Courses/CBL/ub/projects/build/my_turtlebot3_controller/build/lib/my_turtlebot3_controller/NavigationExecutorNode.py -> /home/ayham/Courses/CBL/ub/projects/install/my_turtlebot3_controller/lib/python3.8/site-packages/my_turtlebot3_controller
copying /home/ayham/Courses/CBL/ub/projects/build/my_turtlebot3_controller/build/lib/my_turtlebot3_controller/order_dispatch_node.py -> /home/ayham/Courses/CBL/ub/projects/install/my_turtlebot3_controller/lib/python3.8/site-packages/my_turtlebot3_controller
byte-compiling /home/ayham/Courses/CBL/ub/projects/install/my_turtlebot3_controller/lib/python3.8/site-packages/my_turtlebot3_controller/__init__.py to __init__.cpython-38.pyc
byte-compiling /home/ayham/Courses/CBL/ub/projects/install/my_turtlebot3_controller/lib/python3.8/site-packages/my_turtlebot3_controller/mission_control_node old.py to mission_control_node old.cpython-38.pyc
byte-compiling /home/ayham/Courses/CBL/ub/projects/install/my_turtlebot3_controller/lib/python3.8/site-packages/my_turtlebot3_controller/move_turtlebot.py to move_turtlebot.cpython-38.pyc
byte-compiling /home/ayham/Courses/CBL/ub/projects/install/my_turtlebot3_controller/lib/python3.8/site-packages/my_turtlebot3_controller/cmd_vel_relay.py to cmd_vel_relay.cpython-38.pyc
byte-compiling /home/ayham/Courses/CBL/ub/projects/install/my_turtlebot3_controller/lib/python3.8/site-packages/my_turtlebot3_controller/mission_control_node.py to mission_control_node.cpython-38.pyc
byte-compiling /home/ayham/Courses/CBL/ub/projects/install/my_turtlebot3_controller/lib/python3.8/site-packages/my_turtlebot3_controller/add_task_client.py to add_task_client.cpython-38.pyc
byte-compiling /home/ayham/Courses/CBL/ub/projects/install/my_turtlebot3_controller/lib/python3.8/site-packages/my_turtlebot3_controller/NavigationExecutorNode.py to NavigationExecutorNode.cpython-38.pyc
byte-compiling /home/ayham/Courses/CBL/ub/projects/install/my_turtlebot3_controller/lib/python3.8/site-packages/my_turtlebot3_controller/order_dispatch_node.py to order_dispatch_node.cpython-38.pyc
running install_data
creating /home/ayham/Courses/CBL/ub/projects/install/my_turtlebot3_controller/share/ament_index
creating /home/ayham/Courses/CBL/ub/projects/install/my_turtlebot3_controller/share/ament_index/resource_index
creating /home/ayham/Courses/CBL/ub/projects/install/my_turtlebot3_controller/share/ament_index/resource_index/packages
copying resource/my_turtlebot3_controller -> /home/ayham/Courses/CBL/ub/projects/install/my_turtlebot3_controller/share/ament_index/resource_index/packages
copying package.xml -> /home/ayham/Courses/CBL/ub/projects/install/my_turtlebot3_controller/share/my_turtlebot3_controller
creating /home/ayham/Courses/CBL/ub/projects/install/my_turtlebot3_controller/share/my_turtlebot3_controller/launch
copying launch/my_nav2.launch.py -> /home/ayham/Courses/CBL/ub/projects/install/my_turtlebot3_controller/share/my_turtlebot3_controller/launch
creating /home/ayham/Courses/CBL/ub/projects/install/my_turtlebot3_controller/share/my_turtlebot3_controller/config
copying config/slam_config_dt.yaml -> /home/ayham/Courses/CBL/ub/projects/install/my_turtlebot3_controller/share/my_turtlebot3_controller/config
copying config/map.pgm -> /home/ayham/Courses/CBL/ub/projects/install/my_turtlebot3_controller/share/my_turtlebot3_controller/config
copying config/map.yaml -> /home/ayham/Courses/CBL/ub/projects/install/my_turtlebot3_controller/share/my_turtlebot3_controller/config
copying config/tuned_nav_params.yaml -> /home/ayham/Courses/CBL/ub/projects/install/my_turtlebot3_controller/share/my_turtlebot3_controller/config
copying config/delivery_route.json -> /home/ayham/Courses/CBL/ub/projects/install/my_turtlebot3_controller/share/my_turtlebot3_controller/config
copying config/burger.yaml -> /home/ayham/Courses/CBL/ub/projects/install/my_turtlebot3_controller/share/my_turtlebot3_controller/config
running install_egg_info
Copying ../../build/my_turtlebot3_controller/my_turtlebot3_controller.egg-info to /home/ayham/Courses/CBL/ub/projects/install/my_turtlebot3_controller/lib/python3.8/site-packages/my_turtlebot3_controller-0.0.0-py3.8.egg-info
running install_scripts
Installing BinSensorMockNode script to /home/ayham/Courses/CBL/ub/projects/install/my_turtlebot3_controller/lib/my_turtlebot3_controller
Installing DecisionNode script to /home/ayham/Courses/CBL/ub/projects/install/my_turtlebot3_controller/lib/my_turtlebot3_controller
Installing GoToBinsNode script to /home/ayham/Courses/CBL/ub/projects/install/my_turtlebot3_controller/lib/my_turtlebot3_controller
Installing add_task_client script to /home/ayham/Courses/CBL/ub/projects/install/my_turtlebot3_controller/lib/my_turtlebot3_controller
Installing cmd_vel_relay_node script to /home/ayham/Courses/CBL/ub/projects/install/my_turtlebot3_controller/lib/my_turtlebot3_controller
Installing mission_control_node script to /home/ayham/Courses/CBL/ub/projects/install/my_turtlebot3_controller/lib/my_turtlebot3_controller
Installing move_turtlebot script to /home/ayham/Courses/CBL/ub/projects/install/my_turtlebot3_controller/lib/my_turtlebot3_controller
Installing navigation_executor_node script to /home/ayham/Courses/CBL/ub/projects/install/my_turtlebot3_controller/lib/my_turtlebot3_controller
Installing order_dispatch_node script to /home/ayham/Courses/CBL/ub/projects/install/my_turtlebot3_controller/lib/my_turtlebot3_controller
writing list of installed files to '/home/ayham/Courses/CBL/ub/projects/build/my_turtlebot3_controller/install.log'
