[0.000000] (-) TimerEvent: {}
[0.002130] (-) JobUnselected: {'identifier': 'turtlebot3_description'}
[0.002492] (-) JobUnselected: {'identifier': 'turtlebot3_gazebo'}
[0.002675] (-) JobUnselected: {'identifier': 'turtlebot3_simulations'}
[0.003524] (my_turtlebot3_controller) JobQueued: {'identifier': 'my_turtlebot3_controller', 'dependencies': OrderedDict()}
[0.003602] (my_turtlebot3_controller) JobStarted: {'identifier': 'my_turtlebot3_controller'}
[0.099179] (-) TimerEvent: {}
[0.199779] (-) TimerEvent: {}
[0.300495] (-) TimerEvent: {}
[0.401599] (-) TimerEvent: {}
[0.502127] (-) TimerEvent: {}
[0.602957] (-) TimerEvent: {}
[0.703330] (-) TimerEvent: {}
[0.803696] (-) TimerEvent: {}
[0.904124] (-) TimerEvent: {}
[1.004463] (-) TimerEvent: {}
[1.054529] (my_turtlebot3_controller) Command: {'cmd': ['/usr/bin/python3', '-W', 'ignore:setup.py install is deprecated', '-W', 'ignore:easy_install command is deprecated', 'setup.py', 'egg_info', '--egg-base', '../../build/my_turtlebot3_controller', 'build', '--build-base', '/home/ayham/Courses/CBL/ub/projects/build/my_turtlebot3_controller/build', 'install', '--record', '/home/ayham/Courses/CBL/ub/projects/build/my_turtlebot3_controller/install.log', '--single-version-externally-managed', 'install_data'], 'cwd': '/home/ayham/Courses/CBL/ub/projects/src/my_turtlebot3_controller', 'env': {'KDE_FULL_SESSION': 'true', 'MAIL': '/var/spool/mail/ayham', 'LANGUAGE': 'en_GB', 'GHOSTTY_RESOURCES_DIR': '/usr/share/ghostty', 'USER': 'ayham', 'PAM_KWALLET5_LOGIN': '/run/user/1000/kwallet5.socket', 'HOSTNAME': 'Laptop', 'XDG_SESSION_TYPE': 'wayland', 'XDG_CACHE_HOME': '/home/ayham/.cache', 'QT_WAYLAND_RECONNECT': '1', 'SHLVL': '4', 'LD_LIBRARY_PATH': '/usr/lib/x86_64-linux-gnu/gazebo-11/plugins:/opt/ros/foxy/opt/yaml_cpp_vendor/lib:/opt/ros/foxy/opt/rviz_ogre_vendor/lib:/opt/ros/foxy/lib/x86_64-linux-gnu:/opt/ros/foxy/lib', 'MOTD_SHOWN': 'pam', 'HOME': '/home/ayham', 'TERMINFO': '/usr/share/terminfo', 'KDE_APPLICATIONS_AS_SCOPE': '1', 'OLDPWD': '/home/ayham/Courses/CBL/ub/projects', 'TERM_PROGRAM_VERSION': '1.1.3-arch1', 'DESKTOP_SESSION': 'plasma', 'ROS_PYTHON_VERSION': '3', 'GRADLE_HOME': '/usr/share/java/gradle', 'GTK_RC_FILES': '/etc/gtk/gtkrc:/home/ayham/.gtkrc:/home/ayham/.config/gtkrc', 'KDE_SESSION_VERSION': '6', 'PS1': '[\\u@\\h \\W]\\$', 'LC_MONETARY': 'en_IE.UTF-8', 'MANAGERPID': '1331', 'DISTROBOX_ENTER_PATH': '/usr/bin/distrobox-enter', 'SYSTEMD_EXEC_PID': '1548', 'XDG_STATE_HOME': '/home/ayham/.local/state', 'DBUS_SESSION_BUS_ADDRESS': 'unix:path=/run/user/1000/bus', 'COLORTERM': 'truecolor', 'container': 'podman', 'TERMINATOR_DBUS_NAME': 'net.tenshu.Terminator25ef4b219e3b005583550f2b0f9f990c3', 'IM_CONFIG_PHASE': '1', 'WAYLAND_DISPLAY': 'wayland-0', 'COLCON_PREFIX_PATH': '/home/ayham/Courses/CBL/ub/projects/install', 'ROS_DISTRO': 'foxy', 'LOGNAME': 'ayham', 'QT_AUTO_SCREEN_SCALE_FACTOR': '0', 'JOURNAL_STREAM': '9:25632', '_': '/usr/bin/colcon', 'ROS_VERSION': '2', 'MEMORY_PRESSURE_WATCH': '/sys/fs/cgroup/user.slice/user-1000.slice/user@1000.service/session.slice/plasma-plasmashell.service/memory.pressure', 'XDG_SESSION_CLASS': 'user', 'TERMINFO_DIRS': '/usr/share/terminfo:/run/host/usr/share/terminfo', 'TERM': 'xterm-256color', 'GHOSTTY_SHELL_INTEGRATION_NO_SUDO': '1', 'XDG_SESSION_ID': '2', 'ROS_LOCALHOST_ONLY': '0', 'GTK2_RC_FILES': '/etc/gtk-2.0/gtkrc:/home/ayham/.gtkrc-2.0:/home/ayham/.config/gtkrc-2.0', 'PATH': '/opt/ros/foxy/bin:/home/ayham/.local/bin:/home/ayham/anaconda3/bin:/home/ayham/.local/bin:/home/ayham/anaconda3/bin:/home/ayham/.local/bin:/home/ayham/anaconda3/bin:/usr/local/sbin:/usr/local/bin:/usr/bin:/opt/android-sdk/platform-tools:/var/lib/flatpak/exports/bin:/usr/lib/jvm/default/bin:/usr/bin/site_perl:/usr/bin/vendor_perl:/usr/bin/core_perl:/usr/lib/rustup/bin:/home/ayham/.local/bin:/home/ayham/.local/bin:/usr/local/sbin:/usr/local/bin:/usr/sbin:/usr/bin:/sbin:/bin:/usr/sbin:/sbin:/bin:/home/ayham/.local/bin:/home/ayham/.local/bin:/home/ayham/.local/bin', 'SESSION_MANAGER': 'local/Laptop:@/tmp/.ICE-unix/1530,unix/Laptop:/tmp/.ICE-unix/1530', 'INVOCATION_ID': 'eaa59be9136e495cb10ff59e5885fbb3', 'XDG_SESSION_PATH': '/org/freedesktop/DisplayManager/Session1', 'XDG_MENU_PREFIX': 'plasma-', 'LC_ADDRESS': 'C.UTF-8', 'XDG_RUNTIME_DIR': '/run/user/1000', 'ICEAUTHORITY': '/run/user/1000/iceauth_lQnPbs', 'DISPLAY': ':1', 'TERMINATOR_DBUS_PATH': '/net/tenshu/Terminator2', 'LANG': 'C.UTF-8', 'XDG_CURRENT_DESKTOP': 'KDE', 'LC_TELEPHONE': 'C.UTF-8', 'XDG_DATA_HOME': '/home/ayham/.local/share', 'XDG_CONFIG_HOME': '/home/ayham/.config', 'XDG_SESSION_DESKTOP': 'KDE', 'XAUTHORITY': '/run/user/1000/xauth_zFeidI', 'TERM_PROGRAM': 'ghostty', 'AMENT_PREFIX_PATH': '/home/ayham/Courses/CBL/ub/projects/install/turtlebot3_simulations:/home/ayham/Courses/CBL/ub/projects/install/turtlebot3_gazebo:/home/ayham/Courses/CBL/ub/projects/install/turtlebot3_description:/home/ayham/Courses/CBL/ub/projects/install/my_turtlebot3_controller:/opt/ros/foxy', 'SHELL': '/usr/bin/bash', 'GHOSTTY_BIN_DIR': '/usr/bin', 'LC_NAME': 'C.UTF-8', 'TERMINATOR_UUID': 'urn:uuid:eb2c5d46-5778-4ecf-83b8-918980f9842f', 'LC_MEASUREMENT': 'C.UTF-8', 'PWD': '/home/ayham/Courses/CBL/ub/projects/build/my_turtlebot3_controller', 'CONTAINER_ID': 'ros2-foxy', 'TURTLEBOT3_MODEL': 'burger', 'XDG_CONFIG_DIRS': '/etc/xdg/xdg-plasma:/home/ayham/.config/kdedefaults:/etc/xdg', 'XDG_DATA_DIRS': '/usr/share/plasma:/home/ayham/.local/share/flatpak/exports/share:/var/lib/flatpak/exports/share:/usr/local/share:/usr/share', 'PYTHONPATH': '/home/ayham/Courses/CBL/ub/projects/build/my_turtlebot3_controller/prefix_override:/usr/lib/python3/dist-packages/colcon_core/task/python/colcon_distutils_commands:/home/ayham/Courses/CBL/ub/projects/install/my_turtlebot3_controller/lib/python3.8/site-packages:/home/ayham/Courses/CBL/ub/projects/install/my_turtlebot3_controller/lib/python3.8/site-packages:/opt/ros/foxy/lib/python3.8/site-packages', 'KDE_SESSION_UID': '1000', 'COLCON': '1', 'MEMORY_PRESSURE_WRITE': 'c29tZSAyMDAwMDAgMjAwMDAwMAA=', 'VTE_VERSION': '6003', 'CMAKE_PREFIX_PATH': '/home/ayham/Courses/CBL/ub/projects/install/turtlebot3_simulations:/home/ayham/Courses/CBL/ub/projects/install/turtlebot3_gazebo:/home/ayham/Courses/CBL/ub/projects/install/turtlebot3_description'}, 'shell': False}
[1.104599] (-) TimerEvent: {}
[1.205121] (-) TimerEvent: {}
[1.305738] (-) TimerEvent: {}
[1.357684] (my_turtlebot3_controller) StdoutLine: {'line': b'running egg_info\n'}
[1.358672] (my_turtlebot3_controller) StdoutLine: {'line': b'writing ../../build/my_turtlebot3_controller/my_turtlebot3_controller.egg-info/PKG-INFO\n'}
[1.359156] (my_turtlebot3_controller) StdoutLine: {'line': b'writing dependency_links to ../../build/my_turtlebot3_controller/my_turtlebot3_controller.egg-info/dependency_links.txt\n'}
[1.359524] (my_turtlebot3_controller) StdoutLine: {'line': b'writing entry points to ../../build/my_turtlebot3_controller/my_turtlebot3_controller.egg-info/entry_points.txt\n'}
[1.359777] (my_turtlebot3_controller) StdoutLine: {'line': b'writing requirements to ../../build/my_turtlebot3_controller/my_turtlebot3_controller.egg-info/requires.txt\n'}
[1.359933] (my_turtlebot3_controller) StdoutLine: {'line': b'writing top-level names to ../../build/my_turtlebot3_controller/my_turtlebot3_controller.egg-info/top_level.txt\n'}
[1.405888] (-) TimerEvent: {}
[1.415821] (my_turtlebot3_controller) StdoutLine: {'line': b"reading manifest file '../../build/my_turtlebot3_controller/my_turtlebot3_controller.egg-info/SOURCES.txt'\n"}
[1.418684] (my_turtlebot3_controller) StdoutLine: {'line': b"writing manifest file '../../build/my_turtlebot3_controller/my_turtlebot3_controller.egg-info/SOURCES.txt'\n"}
[1.418911] (my_turtlebot3_controller) StdoutLine: {'line': b'running build\n'}
[1.419007] (my_turtlebot3_controller) StdoutLine: {'line': b'running build_py\n'}
[1.419093] (my_turtlebot3_controller) StdoutLine: {'line': b'running install\n'}
[1.420400] (my_turtlebot3_controller) StdoutLine: {'line': b'running install_lib\n'}
[1.424058] (my_turtlebot3_controller) StdoutLine: {'line': b'running install_data\n'}
[1.424348] (my_turtlebot3_controller) StdoutLine: {'line': b'copying launch/start_complete_system.launch.py -> /home/ayham/Courses/CBL/ub/projects/install/my_turtlebot3_controller/share/my_turtlebot3_controller/launch\n'}
[1.425015] (my_turtlebot3_controller) StdoutLine: {'line': b'running install_egg_info\n'}
[1.428334] (my_turtlebot3_controller) StdoutLine: {'line': b"removing '/home/ayham/Courses/CBL/ub/projects/install/my_turtlebot3_controller/lib/python3.8/site-packages/my_turtlebot3_controller-0.0.0-py3.8.egg-info' (and everything under it)\n"}
[1.429501] (my_turtlebot3_controller) StdoutLine: {'line': b'Copying ../../build/my_turtlebot3_controller/my_turtlebot3_controller.egg-info to /home/ayham/Courses/CBL/ub/projects/install/my_turtlebot3_controller/lib/python3.8/site-packages/my_turtlebot3_controller-0.0.0-py3.8.egg-info\n'}
[1.431326] (my_turtlebot3_controller) StdoutLine: {'line': b'running install_scripts\n'}
[1.472091] (my_turtlebot3_controller) StdoutLine: {'line': b'Installing BinSensorMockNode script to /home/ayham/Courses/CBL/ub/projects/install/my_turtlebot3_controller/lib/my_turtlebot3_controller\n'}
[1.473184] (my_turtlebot3_controller) StdoutLine: {'line': b'Installing DecisionNode script to /home/ayham/Courses/CBL/ub/projects/install/my_turtlebot3_controller/lib/my_turtlebot3_controller\n'}
[1.473355] (my_turtlebot3_controller) StdoutLine: {'line': b'Installing GoToBinsNode script to /home/ayham/Courses/CBL/ub/projects/install/my_turtlebot3_controller/lib/my_turtlebot3_controller\n'}
[1.473460] (my_turtlebot3_controller) StdoutLine: {'line': b'Installing add_task_client script to /home/ayham/Courses/CBL/ub/projects/install/my_turtlebot3_controller/lib/my_turtlebot3_controller\n'}
[1.473651] (my_turtlebot3_controller) StdoutLine: {'line': b'Installing cmd_vel_relay_node script to /home/ayham/Courses/CBL/ub/projects/install/my_turtlebot3_controller/lib/my_turtlebot3_controller\n'}
[1.474163] (my_turtlebot3_controller) StdoutLine: {'line': b'Installing mission_control_node script to /home/ayham/Courses/CBL/ub/projects/install/my_turtlebot3_controller/lib/my_turtlebot3_controller\n'}
[1.474486] (my_turtlebot3_controller) StdoutLine: {'line': b'Installing move_turtlebot script to /home/ayham/Courses/CBL/ub/projects/install/my_turtlebot3_controller/lib/my_turtlebot3_controller\n'}
[1.474707] (my_turtlebot3_controller) StdoutLine: {'line': b'Installing navigation_executor_node script to /home/ayham/Courses/CBL/ub/projects/install/my_turtlebot3_controller/lib/my_turtlebot3_controller\n'}
[1.474811] (my_turtlebot3_controller) StdoutLine: {'line': b'Installing order_dispatch_node script to /home/ayham/Courses/CBL/ub/projects/install/my_turtlebot3_controller/lib/my_turtlebot3_controller\n'}
[1.475334] (my_turtlebot3_controller) StdoutLine: {'line': b"writing list of installed files to '/home/ayham/Courses/CBL/ub/projects/build/my_turtlebot3_controller/install.log'\n"}
[1.506110] (-) TimerEvent: {}
[1.513347] (my_turtlebot3_controller) CommandEnded: {'returncode': 0}
[1.530682] (my_turtlebot3_controller) JobEnded: {'identifier': 'my_turtlebot3_controller', 'rc': 0}
[1.533713] (-) EventReactorShutdown: {}
