[0.000000] (-) TimerEvent: {}
[0.000281] (-) JobUnselected: {'identifier': 'turtlebot3_description'}
[0.000303] (-) JobUnselected: {'identifier': 'turtlebot3_gazebo'}
[0.000316] (-) JobUnselected: {'identifier': 'turtlebot3_simulations'}
[0.000327] (my_turtlebot3_controller) JobQueued: {'identifier': 'my_turtlebot3_controller', 'dependencies': OrderedDict()}
[0.000571] (my_turtlebot3_controller) JobStarted: {'identifier': 'my_turtlebot3_controller'}
[0.100169] (-) TimerEvent: {}
[0.200549] (-) TimerEvent: {}
[0.292153] (my_turtlebot3_controller) Command: {'cmd': ['/usr/bin/python3', '-W', 'ignore:setup.py install is deprecated', '-W', 'ignore:easy_install command is deprecated', 'setup.py', 'egg_info', '--egg-base', '../../build/my_turtlebot3_controller', 'build', '--build-base', '/home/ayham/Courses/CBL/ub/projects/build/my_turtlebot3_controller/build', 'install', '--record', '/home/ayham/Courses/CBL/ub/projects/build/my_turtlebot3_controller/install.log', '--single-version-externally-managed', 'install_data'], 'cwd': '/home/ayham/Courses/CBL/ub/projects/src/my_turtlebot3_controller', 'env': {'KDE_FULL_SESSION': 'true', 'MAIL': '/var/spool/mail/ayham', 'LANGUAGE': 'en_GB', 'GHOSTTY_RESOURCES_DIR': '/usr/share/ghostty', 'USER': 'ayham', 'PAM_KWALLET5_LOGIN': '/run/user/1000/kwallet5.socket', 'HOSTNAME': 'Laptop', 'XDG_SESSION_TYPE': 'wayland', 'XDG_CACHE_HOME': '/home/ayham/.cache', 'QT_WAYLAND_RECONNECT': '1', 'SHLVL': '4', 'LD_LIBRARY_PATH': '/usr/lib/x86_64-linux-gnu/gazebo-11/plugins:/opt/ros/foxy/opt/yaml_cpp_vendor/lib:/opt/ros/foxy/opt/rviz_ogre_vendor/lib:/opt/ros/foxy/lib/x86_64-linux-gnu:/opt/ros/foxy/lib', 'MOTD_SHOWN': 'pam', 'HOME': '/home/ayham', 'TERMINFO': '/usr/share/terminfo', 'KDE_APPLICATIONS_AS_SCOPE': '1', 'OLDPWD': '/home/ayham', 'TERM_PROGRAM_VERSION': '1.1.3-arch1', 'DESKTOP_SESSION': 'plasma', 'ROS_PYTHON_VERSION': '3', 'GRADLE_HOME': '/usr/share/java/gradle', 'GTK_RC_FILES': '/etc/gtk/gtkrc:/home/ayham/.gtkrc:/home/ayham/.config/gtkrc', 'KDE_SESSION_VERSION': '6', 'PS1': '[\\u@\\h \\W]\\$', 'LC_MONETARY': 'en_IE.UTF-8', 'MANAGERPID': '1345', 'DISTROBOX_ENTER_PATH': '/usr/bin/distrobox-enter', 'SYSTEMD_EXEC_PID': '1558', 'XDG_STATE_HOME': '/home/ayham/.local/state', 'DBUS_SESSION_BUS_ADDRESS': 'unix:path=/run/user/1000/bus', 'COLORTERM': 'truecolor', 'container': 'podman', 'TERMINATOR_DBUS_NAME': 'net.tenshu.Terminator25ef4b219e3b005583550f2b0f9f990c3', 'IM_CONFIG_PHASE': '1', 'WAYLAND_DISPLAY': 'wayland-0', 'COLCON_PREFIX_PATH': '/home/ayham/Courses/CBL/ub/projects/install', 'ROS_DISTRO': 'foxy', 'LOGNAME': 'ayham', 'QT_AUTO_SCREEN_SCALE_FACTOR': '0', 'JOURNAL_STREAM': '9:27649', '_': '/usr/bin/colcon', 'ROS_VERSION': '2', 'MEMORY_PRESSURE_WATCH': '/sys/fs/cgroup/user.slice/user-1000.slice/user@1000.service/session.slice/plasma-plasmashell.service/memory.pressure', 'XDG_SESSION_CLASS': 'user', 'TERMINFO_DIRS': '/usr/share/terminfo:/run/host/usr/share/terminfo', 'TERM': 'xterm-256color', 'GHOSTTY_SHELL_INTEGRATION_NO_SUDO': '1', 'XDG_SESSION_ID': '2', 'ROS_LOCALHOST_ONLY': '0', 'GTK2_RC_FILES': '/etc/gtk-2.0/gtkrc:/home/ayham/.gtkrc-2.0:/home/ayham/.config/gtkrc-2.0', 'PATH': '/home/ayham/.local/bin:/home/ayham/anaconda3/bin:/opt/ros/foxy/bin:/home/ayham/.local/bin:/home/ayham/anaconda3/bin:/home/ayham/.local/bin:/home/ayham/anaconda3/bin:/usr/local/sbin:/usr/local/bin:/usr/bin:/opt/android-sdk/platform-tools:/var/lib/flatpak/exports/bin:/usr/lib/jvm/default/bin:/usr/bin/site_perl:/usr/bin/vendor_perl:/usr/bin/core_perl:/usr/lib/rustup/bin:/home/ayham/.local/bin:/home/ayham/.local/bin:/usr/local/sbin:/usr/local/bin:/usr/sbin:/usr/bin:/sbin:/bin:/usr/sbin:/sbin:/bin:/home/ayham/.local/bin:/home/ayham/.local/bin:/home/ayham/.local/bin', 'SESSION_MANAGER': 'local/Laptop:@/tmp/.ICE-unix/1539,unix/Laptop:/tmp/.ICE-unix/1539', 'INVOCATION_ID': 'db46b2bb5c0e4e1eaeac738a15f02d1c', 'XDG_SESSION_PATH': '/org/freedesktop/DisplayManager/Session1', 'XDG_MENU_PREFIX': 'plasma-', 'LC_ADDRESS': 'C.UTF-8', 'XDG_RUNTIME_DIR': '/run/user/1000', 'ICEAUTHORITY': '/run/user/1000/iceauth_BdxvKY', 'DISPLAY': ':1', 'TERMINATOR_DBUS_PATH': '/net/tenshu/Terminator2', 'LANG': 'C.UTF-8', 'XDG_CURRENT_DESKTOP': 'KDE', 'LC_TELEPHONE': 'C.UTF-8', 'XDG_DATA_HOME': '/home/ayham/.local/share', 'XDG_CONFIG_HOME': '/home/ayham/.config', 'XDG_SESSION_DESKTOP': 'KDE', 'XAUTHORITY': '/run/user/1000/xauth_qexIvC', 'TERM_PROGRAM': 'ghostty', 'AMENT_PREFIX_PATH': '/opt/ros/foxy:/home/ayham/Courses/CBL/ub/projects/install/turtlebot3_simulations:/home/ayham/Courses/CBL/ub/projects/install/turtlebot3_gazebo:/home/ayham/Courses/CBL/ub/projects/install/turtlebot3_description:/home/ayham/Courses/CBL/ub/projects/install/my_turtlebot3_controller', 'SHELL': '/usr/bin/bash', 'GHOSTTY_BIN_DIR': '/usr/bin', 'LC_NAME': 'C.UTF-8', 'TERMINATOR_UUID': 'urn:uuid:adaee63c-7df9-4c07-88ae-e5f3f7b33140', 'LC_MEASUREMENT': 'C.UTF-8', 'PWD': '/home/ayham/Courses/CBL/ub/projects/build/my_turtlebot3_controller', 'CONTAINER_ID': 'ros2-foxy', 'TURTLEBOT3_MODEL': 'burger', 'XDG_CONFIG_DIRS': '/etc/xdg/xdg-plasma:/home/ayham/.config/kdedefaults:/etc/xdg', 'XDG_DATA_DIRS': '/usr/share/plasma:/home/ayham/.local/share/flatpak/exports/share:/var/lib/flatpak/exports/share:/usr/local/share:/usr/share', 'PYTHONPATH': '/home/ayham/Courses/CBL/ub/projects/build/my_turtlebot3_controller/prefix_override:/usr/lib/python3/dist-packages/colcon_core/task/python/colcon_distutils_commands:/home/ayham/Courses/CBL/ub/projects/install/my_turtlebot3_controller/lib/python3.8/site-packages:/opt/ros/foxy/lib/python3.8/site-packages:/home/ayham/Courses/CBL/ub/projects/install/my_turtlebot3_controller/lib/python3.8/site-packages', 'KDE_SESSION_UID': '1000', 'COLCON': '1', 'MEMORY_PRESSURE_WRITE': 'c29tZSAyMDAwMDAgMjAwMDAwMAA=', 'VTE_VERSION': '6003', 'CMAKE_PREFIX_PATH': '/home/ayham/Courses/CBL/ub/projects/install/turtlebot3_simulations:/home/ayham/Courses/CBL/ub/projects/install/turtlebot3_gazebo:/home/ayham/Courses/CBL/ub/projects/install/turtlebot3_description'}, 'shell': False}
[0.300684] (-) TimerEvent: {}
[0.385771] (my_turtlebot3_controller) StdoutLine: {'line': b'running egg_info\n'}
[0.386107] (my_turtlebot3_controller) StdoutLine: {'line': b'writing ../../build/my_turtlebot3_controller/my_turtlebot3_controller.egg-info/PKG-INFO\n'}
[0.386181] (my_turtlebot3_controller) StdoutLine: {'line': b'writing dependency_links to ../../build/my_turtlebot3_controller/my_turtlebot3_controller.egg-info/dependency_links.txt\n'}
[0.386219] (my_turtlebot3_controller) StdoutLine: {'line': b'writing entry points to ../../build/my_turtlebot3_controller/my_turtlebot3_controller.egg-info/entry_points.txt\n'}
[0.386253] (my_turtlebot3_controller) StdoutLine: {'line': b'writing requirements to ../../build/my_turtlebot3_controller/my_turtlebot3_controller.egg-info/requires.txt\n'}
[0.386285] (my_turtlebot3_controller) StdoutLine: {'line': b'writing top-level names to ../../build/my_turtlebot3_controller/my_turtlebot3_controller.egg-info/top_level.txt\n'}
[0.400840] (-) TimerEvent: {}
[0.401794] (my_turtlebot3_controller) StdoutLine: {'line': b"reading manifest file '../../build/my_turtlebot3_controller/my_turtlebot3_controller.egg-info/SOURCES.txt'\n"}
[0.403749] (my_turtlebot3_controller) StdoutLine: {'line': b"writing manifest file '../../build/my_turtlebot3_controller/my_turtlebot3_controller.egg-info/SOURCES.txt'\n"}
[0.403835] (my_turtlebot3_controller) StdoutLine: {'line': b'running build\n'}
[0.403896] (my_turtlebot3_controller) StdoutLine: {'line': b'running build_py\n'}
[0.403931] (my_turtlebot3_controller) StdoutLine: {'line': b'copying my_turtlebot3_controller/mission_control_node.py -> /home/ayham/Courses/CBL/ub/projects/build/my_turtlebot3_controller/build/lib/my_turtlebot3_controller\n'}
[0.403967] (my_turtlebot3_controller) StdoutLine: {'line': b'copying my_turtlebot3_controller/order_dispatch_node.py -> /home/ayham/Courses/CBL/ub/projects/build/my_turtlebot3_controller/build/lib/my_turtlebot3_controller\n'}
[0.404130] (my_turtlebot3_controller) StdoutLine: {'line': b'running install\n'}
[0.404420] (my_turtlebot3_controller) StdoutLine: {'line': b'running install_lib\n'}
[0.404965] (my_turtlebot3_controller) StdoutLine: {'line': b'copying /home/ayham/Courses/CBL/ub/projects/build/my_turtlebot3_controller/build/lib/my_turtlebot3_controller/mission_control_node.py -> /home/ayham/Courses/CBL/ub/projects/install/my_turtlebot3_controller/lib/python3.8/site-packages/my_turtlebot3_controller\n'}
[0.405027] (my_turtlebot3_controller) StdoutLine: {'line': b'copying /home/ayham/Courses/CBL/ub/projects/build/my_turtlebot3_controller/build/lib/my_turtlebot3_controller/order_dispatch_node.py -> /home/ayham/Courses/CBL/ub/projects/install/my_turtlebot3_controller/lib/python3.8/site-packages/my_turtlebot3_controller\n'}
[0.405237] (my_turtlebot3_controller) StdoutLine: {'line': b'byte-compiling /home/ayham/Courses/CBL/ub/projects/install/my_turtlebot3_controller/lib/python3.8/site-packages/my_turtlebot3_controller/mission_control_node.py to mission_control_node.cpython-38.pyc\n'}
[0.406111] (my_turtlebot3_controller) StdoutLine: {'line': b'byte-compiling /home/ayham/Courses/CBL/ub/projects/install/my_turtlebot3_controller/lib/python3.8/site-packages/my_turtlebot3_controller/order_dispatch_node.py to order_dispatch_node.cpython-38.pyc\n'}
[0.406395] (my_turtlebot3_controller) StdoutLine: {'line': b'running install_data\n'}
[0.406556] (my_turtlebot3_controller) StdoutLine: {'line': b'running install_egg_info\n'}
[0.407415] (my_turtlebot3_controller) StdoutLine: {'line': b"removing '/home/ayham/Courses/CBL/ub/projects/install/my_turtlebot3_controller/lib/python3.8/site-packages/my_turtlebot3_controller-0.0.0-py3.8.egg-info' (and everything under it)\n"}
[0.407649] (my_turtlebot3_controller) StdoutLine: {'line': b'Copying ../../build/my_turtlebot3_controller/my_turtlebot3_controller.egg-info to /home/ayham/Courses/CBL/ub/projects/install/my_turtlebot3_controller/lib/python3.8/site-packages/my_turtlebot3_controller-0.0.0-py3.8.egg-info\n'}
[0.408302] (my_turtlebot3_controller) StdoutLine: {'line': b'running install_scripts\n'}
[0.416672] (my_turtlebot3_controller) StdoutLine: {'line': b'Installing BinSensorMockNode script to /home/ayham/Courses/CBL/ub/projects/install/my_turtlebot3_controller/lib/my_turtlebot3_controller\n'}
[0.416767] (my_turtlebot3_controller) StdoutLine: {'line': b'Installing DecisionNode script to /home/ayham/Courses/CBL/ub/projects/install/my_turtlebot3_controller/lib/my_turtlebot3_controller\n'}
[0.416819] (my_turtlebot3_controller) StdoutLine: {'line': b'Installing GoToBinsNode script to /home/ayham/Courses/CBL/ub/projects/install/my_turtlebot3_controller/lib/my_turtlebot3_controller\n'}
[0.416866] (my_turtlebot3_controller) StdoutLine: {'line': b'Installing cmd_vel_relay_node script to /home/ayham/Courses/CBL/ub/projects/install/my_turtlebot3_controller/lib/my_turtlebot3_controller\n'}
[0.416949] (my_turtlebot3_controller) StdoutLine: {'line': b'Installing mission_control_node script to /home/ayham/Courses/CBL/ub/projects/install/my_turtlebot3_controller/lib/my_turtlebot3_controller\n'}
[0.417008] (my_turtlebot3_controller) StdoutLine: {'line': b'Installing move_turtlebot script to /home/ayham/Courses/CBL/ub/projects/install/my_turtlebot3_controller/lib/my_turtlebot3_controller\n'}
[0.417048] (my_turtlebot3_controller) StdoutLine: {'line': b'Installing navigation_executor_node script to /home/ayham/Courses/CBL/ub/projects/install/my_turtlebot3_controller/lib/my_turtlebot3_controller\n'}
[0.417082] (my_turtlebot3_controller) StdoutLine: {'line': b'Installing order_dispatch_node script to /home/ayham/Courses/CBL/ub/projects/install/my_turtlebot3_controller/lib/my_turtlebot3_controller\n'}
[0.417116] (my_turtlebot3_controller) StdoutLine: {'line': b"writing list of installed files to '/home/ayham/Courses/CBL/ub/projects/build/my_turtlebot3_controller/install.log'\n"}
[0.426987] (my_turtlebot3_controller) CommandEnded: {'returncode': 0}
[0.437573] (my_turtlebot3_controller) JobEnded: {'identifier': 'my_turtlebot3_controller', 'rc': 0}
[0.438184] (-) EventReactorShutdown: {}
