[1.262s] Invoking command in '/home/ayham/Courses/CBL/ub/projects/src/my_turtlebot3_controller': PS1=[\u@\h \W]\$ PYTHONPATH=/home/ayham/Courses/CBL/ub/projects/build/my_turtlebot3_controller/prefix_override:/usr/lib/python3/dist-packages/colcon_core/task/python/colcon_distutils_commands:/home/ayham/Courses/CBL/ub/projects/install/my_turtlebot3_controller/lib/python3.8/site-packages:${PYTHONPATH} /usr/bin/python3 -W ignore:setup.py install is deprecated -W ignore:easy_install command is deprecated setup.py egg_info --egg-base ../../build/my_turtlebot3_controller build --build-base /home/ayham/Courses/CBL/ub/projects/build/my_turtlebot3_controller/build install --record /home/ayham/Courses/CBL/ub/projects/build/my_turtlebot3_controller/install.log --single-version-externally-managed install_data
[1.650s] running egg_info
[1.658s] writing ../../build/my_turtlebot3_controller/my_turtlebot3_controller.egg-info/PKG-INFO
[1.659s] writing dependency_links to ../../build/my_turtlebot3_controller/my_turtlebot3_controller.egg-info/dependency_links.txt
[1.659s] writing entry points to ../../build/my_turtlebot3_controller/my_turtlebot3_controller.egg-info/entry_points.txt
[1.659s] writing requirements to ../../build/my_turtlebot3_controller/my_turtlebot3_controller.egg-info/requires.txt
[1.659s] writing top-level names to ../../build/my_turtlebot3_controller/my_turtlebot3_controller.egg-info/top_level.txt
[1.727s] reading manifest file '../../build/my_turtlebot3_controller/my_turtlebot3_controller.egg-info/SOURCES.txt'
[1.734s] writing manifest file '../../build/my_turtlebot3_controller/my_turtlebot3_controller.egg-info/SOURCES.txt'
[1.734s] running build
[1.734s] running build_py
[1.735s] creating /home/ayham/Courses/CBL/ub/projects/build/my_turtlebot3_controller/build
[1.735s] creating /home/ayham/Courses/CBL/ub/projects/build/my_turtlebot3_controller/build/lib
[1.735s] creating /home/ayham/Courses/CBL/ub/projects/build/my_turtlebot3_controller/build/lib/my_turtlebot3_controller
[1.735s] copying my_turtlebot3_controller/__init__.py -> /home/ayham/Courses/CBL/ub/projects/build/my_turtlebot3_controller/build/lib/my_turtlebot3_controller
[1.735s] copying my_turtlebot3_controller/cmd_vel_relay.py -> /home/ayham/Courses/CBL/ub/projects/build/my_turtlebot3_controller/build/lib/my_turtlebot3_controller
[1.735s] copying my_turtlebot3_controller/mission_control_node.py -> /home/ayham/Courses/CBL/ub/projects/build/my_turtlebot3_controller/build/lib/my_turtlebot3_controller
[1.736s] copying my_turtlebot3_controller/add_task_client.py -> /home/ayham/Courses/CBL/ub/projects/build/my_turtlebot3_controller/build/lib/my_turtlebot3_controller
[1.736s] copying my_turtlebot3_controller/NavigationExecutorNode.py -> /home/ayham/Courses/CBL/ub/projects/build/my_turtlebot3_controller/build/lib/my_turtlebot3_controller
[1.736s] copying my_turtlebot3_controller/initial_pose_publisher.py -> /home/ayham/Courses/CBL/ub/projects/build/my_turtlebot3_controller/build/lib/my_turtlebot3_controller
[1.736s] copying my_turtlebot3_controller/battery_simulator_node.py -> /home/ayham/Courses/CBL/ub/projects/build/my_turtlebot3_controller/build/lib/my_turtlebot3_controller
[1.736s] running install
[1.736s] running install_lib
[1.736s] creating /home/ayham/Courses/CBL/ub/projects/install/my_turtlebot3_controller/lib/python3.8/site-packages/my_turtlebot3_controller
[1.737s] copying /home/ayham/Courses/CBL/ub/projects/build/my_turtlebot3_controller/build/lib/my_turtlebot3_controller/__init__.py -> /home/ayham/Courses/CBL/ub/projects/install/my_turtlebot3_controller/lib/python3.8/site-packages/my_turtlebot3_controller
[1.737s] copying /home/ayham/Courses/CBL/ub/projects/build/my_turtlebot3_controller/build/lib/my_turtlebot3_controller/cmd_vel_relay.py -> /home/ayham/Courses/CBL/ub/projects/install/my_turtlebot3_controller/lib/python3.8/site-packages/my_turtlebot3_controller
[1.737s] copying /home/ayham/Courses/CBL/ub/projects/build/my_turtlebot3_controller/build/lib/my_turtlebot3_controller/mission_control_node.py -> /home/ayham/Courses/CBL/ub/projects/install/my_turtlebot3_controller/lib/python3.8/site-packages/my_turtlebot3_controller
[1.737s] copying /home/ayham/Courses/CBL/ub/projects/build/my_turtlebot3_controller/build/lib/my_turtlebot3_controller/add_task_client.py -> /home/ayham/Courses/CBL/ub/projects/install/my_turtlebot3_controller/lib/python3.8/site-packages/my_turtlebot3_controller
[1.737s] copying /home/ayham/Courses/CBL/ub/projects/build/my_turtlebot3_controller/build/lib/my_turtlebot3_controller/NavigationExecutorNode.py -> /home/ayham/Courses/CBL/ub/projects/install/my_turtlebot3_controller/lib/python3.8/site-packages/my_turtlebot3_controller
[1.737s] copying /home/ayham/Courses/CBL/ub/projects/build/my_turtlebot3_controller/build/lib/my_turtlebot3_controller/initial_pose_publisher.py -> /home/ayham/Courses/CBL/ub/projects/install/my_turtlebot3_controller/lib/python3.8/site-packages/my_turtlebot3_controller
[1.738s] copying /home/ayham/Courses/CBL/ub/projects/build/my_turtlebot3_controller/build/lib/my_turtlebot3_controller/battery_simulator_node.py -> /home/ayham/Courses/CBL/ub/projects/install/my_turtlebot3_controller/lib/python3.8/site-packages/my_turtlebot3_controller
[1.738s] byte-compiling /home/ayham/Courses/CBL/ub/projects/install/my_turtlebot3_controller/lib/python3.8/site-packages/my_turtlebot3_controller/__init__.py to __init__.cpython-38.pyc
[1.740s] byte-compiling /home/ayham/Courses/CBL/ub/projects/install/my_turtlebot3_controller/lib/python3.8/site-packages/my_turtlebot3_controller/cmd_vel_relay.py to cmd_vel_relay.cpython-38.pyc
[1.740s] byte-compiling /home/ayham/Courses/CBL/ub/projects/install/my_turtlebot3_controller/lib/python3.8/site-packages/my_turtlebot3_controller/mission_control_node.py to mission_control_node.cpython-38.pyc
[1.743s] byte-compiling /home/ayham/Courses/CBL/ub/projects/install/my_turtlebot3_controller/lib/python3.8/site-packages/my_turtlebot3_controller/add_task_client.py to add_task_client.cpython-38.pyc
[1.744s] byte-compiling /home/ayham/Courses/CBL/ub/projects/install/my_turtlebot3_controller/lib/python3.8/site-packages/my_turtlebot3_controller/NavigationExecutorNode.py to NavigationExecutorNode.cpython-38.pyc
[1.745s] byte-compiling /home/ayham/Courses/CBL/ub/projects/install/my_turtlebot3_controller/lib/python3.8/site-packages/my_turtlebot3_controller/initial_pose_publisher.py to initial_pose_publisher.cpython-38.pyc
[1.746s] byte-compiling /home/ayham/Courses/CBL/ub/projects/install/my_turtlebot3_controller/lib/python3.8/site-packages/my_turtlebot3_controller/battery_simulator_node.py to battery_simulator_node.cpython-38.pyc
[1.747s] running install_data
[1.747s] running install_egg_info
[1.752s] removing '/home/ayham/Courses/CBL/ub/projects/install/my_turtlebot3_controller/lib/python3.8/site-packages/my_turtlebot3_controller-0.0.0-py3.8.egg-info' (and everything under it)
[1.752s] Copying ../../build/my_turtlebot3_controller/my_turtlebot3_controller.egg-info to /home/ayham/Courses/CBL/ub/projects/install/my_turtlebot3_controller/lib/python3.8/site-packages/my_turtlebot3_controller-0.0.0-py3.8.egg-info
[1.753s] running install_scripts
[1.784s] Installing BinSensorMockNode script to /home/ayham/Courses/CBL/ub/projects/install/my_turtlebot3_controller/lib/my_turtlebot3_controller
[1.784s] Installing DecisionNode script to /home/ayham/Courses/CBL/ub/projects/install/my_turtlebot3_controller/lib/my_turtlebot3_controller
[1.784s] Installing GoToBinsNode script to /home/ayham/Courses/CBL/ub/projects/install/my_turtlebot3_controller/lib/my_turtlebot3_controller
[1.785s] Installing add_task_client script to /home/ayham/Courses/CBL/ub/projects/install/my_turtlebot3_controller/lib/my_turtlebot3_controller
[1.785s] Installing battery_simulator_node script to /home/ayham/Courses/CBL/ub/projects/install/my_turtlebot3_controller/lib/my_turtlebot3_controller
[1.785s] Installing cmd_vel_relay_node script to /home/ayham/Courses/CBL/ub/projects/install/my_turtlebot3_controller/lib/my_turtlebot3_controller
[1.785s] Installing initial_pose_publisher script to /home/ayham/Courses/CBL/ub/projects/install/my_turtlebot3_controller/lib/my_turtlebot3_controller
[1.785s] Installing mission_control_node script to /home/ayham/Courses/CBL/ub/projects/install/my_turtlebot3_controller/lib/my_turtlebot3_controller
[1.785s] Installing move_turtlebot script to /home/ayham/Courses/CBL/ub/projects/install/my_turtlebot3_controller/lib/my_turtlebot3_controller
[1.786s] Installing navigation_executor_node script to /home/ayham/Courses/CBL/ub/projects/install/my_turtlebot3_controller/lib/my_turtlebot3_controller
[1.786s] Installing order_dispatch_node script to /home/ayham/Courses/CBL/ub/projects/install/my_turtlebot3_controller/lib/my_turtlebot3_controller
[1.786s] writing list of installed files to '/home/ayham/Courses/CBL/ub/projects/build/my_turtlebot3_controller/install.log'
[1.825s] Invoked command in '/home/ayham/Courses/CBL/ub/projects/src/my_turtlebot3_controller' returned '0': PS1=[\u@\h \W]\$ PYTHONPATH=/home/ayham/Courses/CBL/ub/projects/build/my_turtlebot3_controller/prefix_override:/usr/lib/python3/dist-packages/colcon_core/task/python/colcon_distutils_commands:/home/ayham/Courses/CBL/ub/projects/install/my_turtlebot3_controller/lib/python3.8/site-packages:${PYTHONPATH} /usr/bin/python3 -W ignore:setup.py install is deprecated -W ignore:easy_install command is deprecated setup.py egg_info --egg-base ../../build/my_turtlebot3_controller build --build-base /home/ayham/Courses/CBL/ub/projects/build/my_turtlebot3_controller/build install --record /home/ayham/Courses/CBL/ub/projects/build/my_turtlebot3_controller/install.log --single-version-externally-managed install_data
