[0.000000] (-) TimerEvent: {}
[0.000395] (-) JobUnselected: {'identifier': 'turtlebot3_description'}
[0.000741] (-) JobUnselected: {'identifier': 'turtlebot3_gazebo'}
[0.001111] (-) JobUnselected: {'identifier': 'turtlebot3_simulations'}
[0.001143] (my_turtlebot3_controller) JobQueued: {'identifier': 'my_turtlebot3_controller', 'dependencies': OrderedDict()}
[0.001176] (my_turtlebot3_controller) JobStarted: {'identifier': 'my_turtlebot3_controller'}
[0.099697] (-) TimerEvent: {}
[0.201113] (-) TimerEvent: {}
[0.301606] (-) TimerEvent: {}
[0.402042] (-) TimerEvent: {}
[0.502777] (-) TimerEvent: {}
[0.603136] (-) TimerEvent: {}
[0.703691] (-) TimerEvent: {}
[0.804018] (-) TimerEvent: {}
[0.904355] (-) TimerEvent: {}
[0.952602] (my_turtlebot3_controller) Command: {'cmd': ['/usr/bin/python3', '-W', 'ignore:setup.py install is deprecated', '-W', 'ignore:easy_install command is deprecated', 'setup.py', 'egg_info', '--egg-base', '../../build/my_turtlebot3_controller', 'build', '--build-base', '/home/ayham/Courses/CBL/ub/projects/build/my_turtlebot3_controller/build', 'install', '--record', '/home/ayham/Courses/CBL/ub/projects/build/my_turtlebot3_controller/install.log', '--single-version-externally-managed', 'install_data'], 'cwd': '/home/ayham/Courses/CBL/ub/projects/src/my_turtlebot3_controller', 'env': {'KDE_FULL_SESSION': 'true', 'MAIL': '/var/spool/mail/ayham', 'LANGUAGE': 'en_GB', 'GHOSTTY_RESOURCES_DIR': '/usr/share/ghostty', 'USER': 'ayham', 'PAM_KWALLET5_LOGIN': '/run/user/1000/kwallet5.socket', 'HOSTNAME': 'Laptop', 'XDG_SESSION_TYPE': 'wayland', 'XDG_CACHE_HOME': '/home/ayham/.cache', 'QT_WAYLAND_RECONNECT': '1', 'SHLVL': '4', 'LD_LIBRARY_PATH': '/usr/lib/x86_64-linux-gnu/gazebo-11/plugins:/opt/ros/foxy/opt/yaml_cpp_vendor/lib:/opt/ros/foxy/opt/rviz_ogre_vendor/lib:/opt/ros/foxy/lib/x86_64-linux-gnu:/opt/ros/foxy/lib', 'MOTD_SHOWN': 'pam', 'HOME': '/home/ayham', 'TERMINFO': '/usr/share/terminfo', 'KDE_APPLICATIONS_AS_SCOPE': '1', 'OLDPWD': '/home/ayham/Courses/CBL/ub/projects', 'TERM_PROGRAM_VERSION': '1.1.3-arch1', 'DESKTOP_SESSION': 'plasma', 'ROS_PYTHON_VERSION': '3', 'GRADLE_HOME': '/usr/share/java/gradle', 'GTK_RC_FILES': '/etc/gtk/gtkrc:/home/ayham/.gtkrc:/home/ayham/.config/gtkrc', 'KDE_SESSION_VERSION': '6', 'PS1': '[\\u@\\h \\W]\\$', 'LC_MONETARY': 'en_IE.UTF-8', 'MANAGERPID': '1345', 'DISTROBOX_ENTER_PATH': '/usr/bin/distrobox-enter', 'SYSTEMD_EXEC_PID': '1558', 'XDG_STATE_HOME': '/home/ayham/.local/state', 'DBUS_SESSION_BUS_ADDRESS': 'unix:path=/run/user/1000/bus', 'COLORTERM': 'truecolor', 'container': 'podman', 'TERMINATOR_DBUS_NAME': 'net.tenshu.Terminator25ef4b219e3b005583550f2b0f9f990c3', 'IM_CONFIG_PHASE': '1', 'WAYLAND_DISPLAY': 'wayland-0', 'COLCON_PREFIX_PATH': '/home/ayham/Courses/CBL/ub/projects/install:/home/ayham/Courses/CBL/cbl-anas/ros2_ws/install', 'ROS_DISTRO': 'foxy', 'LOGNAME': 'ayham', 'QT_AUTO_SCREEN_SCALE_FACTOR': '0', 'JOURNAL_STREAM': '9:27649', '_': '/usr/bin/colcon', 'ROS_VERSION': '2', 'MEMORY_PRESSURE_WATCH': '/sys/fs/cgroup/user.slice/user-1000.slice/user@1000.service/session.slice/plasma-plasmashell.service/memory.pressure', 'XDG_SESSION_CLASS': 'user', 'TERMINFO_DIRS': '/usr/share/terminfo:/run/host/usr/share/terminfo', 'TERM': 'xterm-256color', 'GHOSTTY_SHELL_INTEGRATION_NO_SUDO': '1', 'XDG_SESSION_ID': '2', 'GAZEBO_MODEL_PATH': ':/opt/ros/foxy/share/turtlebot3_gazebo/models', 'ROS_LOCALHOST_ONLY': '0', 'GTK2_RC_FILES': '/etc/gtk-2.0/gtkrc:/home/ayham/.gtkrc-2.0:/home/ayham/.config/gtkrc-2.0', 'PATH': '/home/ayham/.local/bin:/home/ayham/anaconda3/bin:/opt/ros/foxy/bin:/home/ayham/.local/bin:/home/ayham/anaconda3/bin:/home/ayham/.local/bin:/home/ayham/anaconda3/bin:/usr/local/sbin:/usr/local/bin:/usr/bin:/opt/android-sdk/platform-tools:/var/lib/flatpak/exports/bin:/usr/lib/jvm/default/bin:/usr/bin/site_perl:/usr/bin/vendor_perl:/usr/bin/core_perl:/usr/lib/rustup/bin:/home/ayham/.local/bin:/home/ayham/.local/bin:/usr/local/sbin:/usr/local/bin:/usr/sbin:/usr/bin:/sbin:/bin:/usr/sbin:/sbin:/bin:/home/ayham/.local/bin:/home/ayham/.local/bin:/home/ayham/.local/bin', 'SESSION_MANAGER': 'local/Laptop:@/tmp/.ICE-unix/1539,unix/Laptop:/tmp/.ICE-unix/1539', 'INVOCATION_ID': 'db46b2bb5c0e4e1eaeac738a15f02d1c', 'XDG_SESSION_PATH': '/org/freedesktop/DisplayManager/Session1', 'XDG_MENU_PREFIX': 'plasma-', 'LC_ADDRESS': 'C.UTF-8', 'XDG_RUNTIME_DIR': '/run/user/1000', 'ICEAUTHORITY': '/run/user/1000/iceauth_BdxvKY', 'DISPLAY': ':1', 'TERMINATOR_DBUS_PATH': '/net/tenshu/Terminator2', 'LANG': 'C.UTF-8', 'XDG_CURRENT_DESKTOP': 'KDE', 'LC_TELEPHONE': 'C.UTF-8', 'XDG_DATA_HOME': '/home/ayham/.local/share', 'XDG_CONFIG_HOME': '/home/ayham/.config', 'XDG_SESSION_DESKTOP': 'KDE', 'XAUTHORITY': '/run/user/1000/xauth_qexIvC', 'TERM_PROGRAM': 'ghostty', 'AMENT_PREFIX_PATH': '/home/ayham/Courses/CBL/cbl-anas/ros2_ws/install/turtlebot3_simulations:/home/ayham/Courses/CBL/cbl-anas/ros2_ws/install/turtlebot3_gazebo:/home/ayham/Courses/CBL/cbl-anas/ros2_ws/install/turtlebot3_fake_node:/home/ayham/Courses/CBL/cbl-anas/ros2_ws/install/turtlebot3_description:/home/ayham/Courses/CBL/cbl-anas/ros2_ws/install/my_turtlebot3_controller:/home/ayham/Courses/CBL/ub/projects/install/turtlebot3_simulations:/home/ayham/Courses/CBL/ub/projects/install/turtlebot3_gazebo:/home/ayham/Courses/CBL/ub/projects/install/turtlebot3_description:/home/ayham/Courses/CBL/ub/projects/install/my_turtlebot3_controller:/opt/ros/foxy', 'SHELL': '/usr/bin/bash', 'GHOSTTY_BIN_DIR': '/usr/bin', 'LC_NAME': 'C.UTF-8', 'TERMINATOR_UUID': 'urn:uuid:6d0faeee-525f-4c4f-9ea2-c6ac0da447f8', 'LC_MEASUREMENT': 'C.UTF-8', 'PWD': '/home/ayham/Courses/CBL/ub/projects/build/my_turtlebot3_controller', 'CONTAINER_ID': 'ros2-foxy', 'TURTLEBOT3_MODEL': 'burger', 'XDG_CONFIG_DIRS': '/etc/xdg/xdg-plasma:/home/ayham/.config/kdedefaults:/etc/xdg', 'XDG_DATA_DIRS': '/usr/share/plasma:/home/ayham/.local/share/flatpak/exports/share:/var/lib/flatpak/exports/share:/usr/local/share:/usr/share', 'PYTHONPATH': '/home/ayham/Courses/CBL/ub/projects/build/my_turtlebot3_controller/prefix_override:/usr/lib/python3/dist-packages/colcon_core/task/python/colcon_distutils_commands:/home/ayham/Courses/CBL/ub/projects/install/my_turtlebot3_controller/lib/python3.8/site-packages:/home/ayham/Courses/CBL/cbl-anas/ros2_ws/install/my_turtlebot3_controller/lib/python3.8/site-packages:/home/ayham/Courses/CBL/ub/projects/install/my_turtlebot3_controller/lib/python3.8/site-packages:/opt/ros/foxy/lib/python3.8/site-packages', 'KDE_SESSION_UID': '1000', 'COLCON': '1', 'MEMORY_PRESSURE_WRITE': 'c29tZSAyMDAwMDAgMjAwMDAwMAA=', 'VTE_VERSION': '6003', 'CMAKE_PREFIX_PATH': '/home/ayham/Courses/CBL/cbl-anas/ros2_ws/install/turtlebot3_simulations:/home/ayham/Courses/CBL/cbl-anas/ros2_ws/install/turtlebot3_gazebo:/home/ayham/Courses/CBL/cbl-anas/ros2_ws/install/turtlebot3_fake_node:/home/ayham/Courses/CBL/cbl-anas/ros2_ws/install/turtlebot3_description:/home/ayham/Courses/CBL/ub/projects/install/turtlebot3_simulations:/home/ayham/Courses/CBL/ub/projects/install/turtlebot3_gazebo:/home/ayham/Courses/CBL/ub/projects/install/turtlebot3_description'}, 'shell': False}
[1.004520] (-) TimerEvent: {}
[1.104885] (-) TimerEvent: {}
[1.205230] (-) TimerEvent: {}
[1.261856] (my_turtlebot3_controller) StdoutLine: {'line': b'running egg_info\n'}
[1.262980] (my_turtlebot3_controller) StdoutLine: {'line': b'writing ../../build/my_turtlebot3_controller/my_turtlebot3_controller.egg-info/PKG-INFO\n'}
[1.263247] (my_turtlebot3_controller) StdoutLine: {'line': b'writing dependency_links to ../../build/my_turtlebot3_controller/my_turtlebot3_controller.egg-info/dependency_links.txt\n'}
[1.263426] (my_turtlebot3_controller) StdoutLine: {'line': b'writing entry points to ../../build/my_turtlebot3_controller/my_turtlebot3_controller.egg-info/entry_points.txt\n'}
[1.263538] (my_turtlebot3_controller) StdoutLine: {'line': b'writing requirements to ../../build/my_turtlebot3_controller/my_turtlebot3_controller.egg-info/requires.txt\n'}
[1.263632] (my_turtlebot3_controller) StdoutLine: {'line': b'writing top-level names to ../../build/my_turtlebot3_controller/my_turtlebot3_controller.egg-info/top_level.txt\n'}
[1.305336] (-) TimerEvent: {}
[1.320953] (my_turtlebot3_controller) StdoutLine: {'line': b"reading manifest file '../../build/my_turtlebot3_controller/my_turtlebot3_controller.egg-info/SOURCES.txt'\n"}
[1.322493] (my_turtlebot3_controller) StdoutLine: {'line': b"writing manifest file '../../build/my_turtlebot3_controller/my_turtlebot3_controller.egg-info/SOURCES.txt'\n"}
[1.323050] (my_turtlebot3_controller) StdoutLine: {'line': b'running build\n'}
[1.323186] (my_turtlebot3_controller) StdoutLine: {'line': b'running build_py\n'}
[1.323515] (my_turtlebot3_controller) StdoutLine: {'line': b'running install\n'}
[1.324716] (my_turtlebot3_controller) StdoutLine: {'line': b'running install_lib\n'}
[1.327069] (my_turtlebot3_controller) StdoutLine: {'line': b'running install_data\n'}
[1.327247] (my_turtlebot3_controller) StdoutLine: {'line': b'running install_egg_info\n'}
[1.330113] (my_turtlebot3_controller) StdoutLine: {'line': b"removing '/home/ayham/Courses/CBL/ub/projects/install/my_turtlebot3_controller/lib/python3.8/site-packages/my_turtlebot3_controller-0.0.0-py3.8.egg-info' (and everything under it)\n"}
[1.331073] (my_turtlebot3_controller) StdoutLine: {'line': b'Copying ../../build/my_turtlebot3_controller/my_turtlebot3_controller.egg-info to /home/ayham/Courses/CBL/ub/projects/install/my_turtlebot3_controller/lib/python3.8/site-packages/my_turtlebot3_controller-0.0.0-py3.8.egg-info\n'}
[1.331485] (my_turtlebot3_controller) StdoutLine: {'line': b'running install_scripts\n'}
[1.361674] (my_turtlebot3_controller) StdoutLine: {'line': b'Installing BinSensorMockNode script to /home/ayham/Courses/CBL/ub/projects/install/my_turtlebot3_controller/lib/my_turtlebot3_controller\n'}
[1.361986] (my_turtlebot3_controller) StdoutLine: {'line': b'Installing DecisionNode script to /home/ayham/Courses/CBL/ub/projects/install/my_turtlebot3_controller/lib/my_turtlebot3_controller\n'}
[1.362145] (my_turtlebot3_controller) StdoutLine: {'line': b'Installing GoToBinsNode script to /home/ayham/Courses/CBL/ub/projects/install/my_turtlebot3_controller/lib/my_turtlebot3_controller\n'}
[1.362286] (my_turtlebot3_controller) StdoutLine: {'line': b'Installing cmd_vel_relay_node script to /home/ayham/Courses/CBL/ub/projects/install/my_turtlebot3_controller/lib/my_turtlebot3_controller\n'}
[1.362422] (my_turtlebot3_controller) StdoutLine: {'line': b'Installing move_turtlebot script to /home/ayham/Courses/CBL/ub/projects/install/my_turtlebot3_controller/lib/my_turtlebot3_controller\n'}
[1.362586] (my_turtlebot3_controller) StdoutLine: {'line': b'Installing navigation_executor_node script to /home/ayham/Courses/CBL/ub/projects/install/my_turtlebot3_controller/lib/my_turtlebot3_controller\n'}
[1.362718] (my_turtlebot3_controller) StdoutLine: {'line': b"writing list of installed files to '/home/ayham/Courses/CBL/ub/projects/build/my_turtlebot3_controller/install.log'\n"}
[1.388552] (my_turtlebot3_controller) CommandEnded: {'returncode': 0}
[1.403845] (my_turtlebot3_controller) JobEnded: {'identifier': 'my_turtlebot3_controller', 'rc': 0}
[1.405261] (-) EventReactorShutdown: {}
