[0.000000] (-) TimerEvent: {}
[0.000394] (my_turtlebot3_controller) JobQueued: {'identifier': 'my_turtlebot3_controller', 'dependencies': OrderedDict()}
[0.000432] (turtlebot3_description) JobQueued: {'identifier': 'turtlebot3_description', 'dependencies': OrderedDict()}
[0.000453] (turtlebot3_gazebo) JobQueued: {'identifier': 'turtlebot3_gazebo', 'dependencies': OrderedDict([('turtlebot3_description', '/home/ayham/Courses/CBL/ub/projects/install/turtlebot3_description')])}
[0.000474] (turtlebot3_simulations) JobQueued: {'identifier': 'turtlebot3_simulations', 'dependencies': OrderedDict([('turtlebot3_description', '/home/ayham/Courses/CBL/ub/projects/install/turtlebot3_description'), ('turtlebot3_gazebo', '/home/ayham/Courses/CBL/ub/projects/install/turtlebot3_gazebo')])}
[0.000540] (turtlebot3_description) JobStarted: {'identifier': 'turtlebot3_description'}
[0.004973] (my_turtlebot3_controller) JobStarted: {'identifier': 'my_turtlebot3_controller'}
[0.008227] (turtlebot3_description) JobProgress: {'identifier': 'turtlebot3_description', 'progress': 'cmake'}
[0.008527] (turtlebot3_description) JobProgress: {'identifier': 'turtlebot3_description', 'progress': 'build'}
[0.008906] (turtlebot3_description) Command: {'cmd': ['/usr/bin/cmake', '--build', '/home/ayham/Courses/CBL/ub/projects/build/turtlebot3_description', '--', '-j20', '-l20'], 'cwd': '/home/ayham/Courses/CBL/ub/projects/build/turtlebot3_description', 'env': OrderedDict([('KDE_FULL_SESSION', 'true'), ('MAIL', '/var/spool/mail/ayham'), ('LANGUAGE', 'en_GB'), ('GHOSTTY_RESOURCES_DIR', '/usr/share/ghostty'), ('USER', 'ayham'), ('PAM_KWALLET5_LOGIN', '/run/user/1000/kwallet5.socket'), ('HOSTNAME', 'Laptop'), ('XDG_SESSION_TYPE', 'wayland'), ('XDG_CACHE_HOME', '/home/ayham/.cache'), ('QT_WAYLAND_RECONNECT', '1'), ('SHLVL', '3'), ('MOTD_SHOWN', 'pam'), ('HOME', '/home/ayham'), ('TERMINFO', '/usr/share/terminfo'), ('KDE_APPLICATIONS_AS_SCOPE', '1'), ('OLDPWD', '/home/ayham'), ('TERM_PROGRAM_VERSION', '1.1.3-arch1'), ('DESKTOP_SESSION', 'plasma'), ('GRADLE_HOME', '/usr/share/java/gradle'), ('GTK_RC_FILES', '/etc/gtk/gtkrc:/home/ayham/.gtkrc:/home/ayham/.config/gtkrc'), ('KDE_SESSION_VERSION', '6'), ('PS1', '[\\u@\\h \\W]\\$'), ('LC_MONETARY', 'en_IE.UTF-8'), ('MANAGERPID', '1345'), ('DISTROBOX_ENTER_PATH', '/usr/bin/distrobox-enter'), ('SYSTEMD_EXEC_PID', '1558'), ('XDG_STATE_HOME', '/home/ayham/.local/state'), ('DBUS_SESSION_BUS_ADDRESS', 'unix:path=/run/user/1000/bus'), ('COLORTERM', 'truecolor'), ('container', 'podman'), ('IM_CONFIG_PHASE', '1'), ('WAYLAND_DISPLAY', 'wayland-0'), ('LOGNAME', 'ayham'), ('QT_AUTO_SCREEN_SCALE_FACTOR', '0'), ('JOURNAL_STREAM', '9:27649'), ('_', '/usr/bin/colcon'), ('MEMORY_PRESSURE_WATCH', '/sys/fs/cgroup/user.slice/user-1000.slice/user@1000.service/session.slice/plasma-plasmashell.service/memory.pressure'), ('XDG_SESSION_CLASS', 'user'), ('TERMINFO_DIRS', '/usr/share/terminfo:/run/host/usr/share/terminfo'), ('TERM', 'xterm-ghostty'), ('GHOSTTY_SHELL_INTEGRATION_NO_SUDO', '1'), ('XDG_SESSION_ID', '2'), ('GTK2_RC_FILES', '/etc/gtk-2.0/gtkrc:/home/ayham/.gtkrc-2.0:/home/ayham/.config/gtkrc-2.0'), ('PATH', '/home/ayham/.local/bin:/home/ayham/anaconda3/bin:/home/ayham/.local/bin:/home/ayham/anaconda3/bin:/usr/local/sbin:/usr/local/bin:/usr/bin:/opt/android-sdk/platform-tools:/var/lib/flatpak/exports/bin:/usr/lib/jvm/default/bin:/usr/bin/site_perl:/usr/bin/vendor_perl:/usr/bin/core_perl:/usr/lib/rustup/bin:/home/ayham/.local/bin:/home/ayham/.local/bin:/usr/local/sbin:/usr/local/bin:/usr/sbin:/usr/bin:/sbin:/bin:/usr/sbin:/sbin:/bin:/home/ayham/.local/bin:/home/ayham/.local/bin'), ('SESSION_MANAGER', 'local/Laptop:@/tmp/.ICE-unix/1539,unix/Laptop:/tmp/.ICE-unix/1539'), ('INVOCATION_ID', 'db46b2bb5c0e4e1eaeac738a15f02d1c'), ('XDG_SESSION_PATH', '/org/freedesktop/DisplayManager/Session1'), ('XDG_MENU_PREFIX', 'plasma-'), ('LC_ADDRESS', 'C.UTF-8'), ('XDG_RUNTIME_DIR', '/run/user/1000'), ('ICEAUTHORITY', '/run/user/1000/iceauth_BdxvKY'), ('DISPLAY', ':1'), ('LANG', 'C.UTF-8'), ('XDG_CURRENT_DESKTOP', 'KDE'), ('LC_TELEPHONE', 'C.UTF-8'), ('XDG_DATA_HOME', '/home/ayham/.local/share'), ('XDG_CONFIG_HOME', '/home/ayham/.config'), ('XDG_SESSION_DESKTOP', 'KDE'), ('XAUTHORITY', '/run/user/1000/xauth_qexIvC'), ('TERM_PROGRAM', 'ghostty'), ('SHELL', '/usr/bin/bash'), ('GHOSTTY_BIN_DIR', '/usr/bin'), ('LC_NAME', 'C.UTF-8'), ('LC_MEASUREMENT', 'C.UTF-8'), ('PWD', '/home/ayham/Courses/CBL/ub/projects/build/turtlebot3_description'), ('CONTAINER_ID', 'ros2-foxy'), ('XDG_CONFIG_DIRS', '/etc/xdg/xdg-plasma:/home/ayham/.config/kdedefaults:/etc/xdg'), ('XDG_DATA_DIRS', '/usr/share/plasma:/home/ayham/.local/share/flatpak/exports/share:/var/lib/flatpak/exports/share:/usr/local/share:/usr/share'), ('KDE_SESSION_UID', '1000'), ('COLCON', '1'), ('MEMORY_PRESSURE_WRITE', 'c29tZSAyMDAwMDAgMjAwMDAwMAA=')]), 'shell': False}
[0.099861] (-) TimerEvent: {}
[0.109552] (turtlebot3_description) CommandEnded: {'returncode': 0}
[0.110139] (turtlebot3_description) JobProgress: {'identifier': 'turtlebot3_description', 'progress': 'install'}
[0.117935] (turtlebot3_description) Command: {'cmd': ['/usr/bin/cmake', '--install', '/home/ayham/Courses/CBL/ub/projects/build/turtlebot3_description'], 'cwd': '/home/ayham/Courses/CBL/ub/projects/build/turtlebot3_description', 'env': OrderedDict([('KDE_FULL_SESSION', 'true'), ('MAIL', '/var/spool/mail/ayham'), ('LANGUAGE', 'en_GB'), ('GHOSTTY_RESOURCES_DIR', '/usr/share/ghostty'), ('USER', 'ayham'), ('PAM_KWALLET5_LOGIN', '/run/user/1000/kwallet5.socket'), ('HOSTNAME', 'Laptop'), ('XDG_SESSION_TYPE', 'wayland'), ('XDG_CACHE_HOME', '/home/ayham/.cache'), ('QT_WAYLAND_RECONNECT', '1'), ('SHLVL', '3'), ('MOTD_SHOWN', 'pam'), ('HOME', '/home/ayham'), ('TERMINFO', '/usr/share/terminfo'), ('KDE_APPLICATIONS_AS_SCOPE', '1'), ('OLDPWD', '/home/ayham'), ('TERM_PROGRAM_VERSION', '1.1.3-arch1'), ('DESKTOP_SESSION', 'plasma'), ('GRADLE_HOME', '/usr/share/java/gradle'), ('GTK_RC_FILES', '/etc/gtk/gtkrc:/home/ayham/.gtkrc:/home/ayham/.config/gtkrc'), ('KDE_SESSION_VERSION', '6'), ('PS1', '[\\u@\\h \\W]\\$'), ('LC_MONETARY', 'en_IE.UTF-8'), ('MANAGERPID', '1345'), ('DISTROBOX_ENTER_PATH', '/usr/bin/distrobox-enter'), ('SYSTEMD_EXEC_PID', '1558'), ('XDG_STATE_HOME', '/home/ayham/.local/state'), ('DBUS_SESSION_BUS_ADDRESS', 'unix:path=/run/user/1000/bus'), ('COLORTERM', 'truecolor'), ('container', 'podman'), ('IM_CONFIG_PHASE', '1'), ('WAYLAND_DISPLAY', 'wayland-0'), ('LOGNAME', 'ayham'), ('QT_AUTO_SCREEN_SCALE_FACTOR', '0'), ('JOURNAL_STREAM', '9:27649'), ('_', '/usr/bin/colcon'), ('MEMORY_PRESSURE_WATCH', '/sys/fs/cgroup/user.slice/user-1000.slice/user@1000.service/session.slice/plasma-plasmashell.service/memory.pressure'), ('XDG_SESSION_CLASS', 'user'), ('TERMINFO_DIRS', '/usr/share/terminfo:/run/host/usr/share/terminfo'), ('TERM', 'xterm-ghostty'), ('GHOSTTY_SHELL_INTEGRATION_NO_SUDO', '1'), ('XDG_SESSION_ID', '2'), ('GTK2_RC_FILES', '/etc/gtk-2.0/gtkrc:/home/ayham/.gtkrc-2.0:/home/ayham/.config/gtkrc-2.0'), ('PATH', '/home/ayham/.local/bin:/home/ayham/anaconda3/bin:/home/ayham/.local/bin:/home/ayham/anaconda3/bin:/usr/local/sbin:/usr/local/bin:/usr/bin:/opt/android-sdk/platform-tools:/var/lib/flatpak/exports/bin:/usr/lib/jvm/default/bin:/usr/bin/site_perl:/usr/bin/vendor_perl:/usr/bin/core_perl:/usr/lib/rustup/bin:/home/ayham/.local/bin:/home/ayham/.local/bin:/usr/local/sbin:/usr/local/bin:/usr/sbin:/usr/bin:/sbin:/bin:/usr/sbin:/sbin:/bin:/home/ayham/.local/bin:/home/ayham/.local/bin'), ('SESSION_MANAGER', 'local/Laptop:@/tmp/.ICE-unix/1539,unix/Laptop:/tmp/.ICE-unix/1539'), ('INVOCATION_ID', 'db46b2bb5c0e4e1eaeac738a15f02d1c'), ('XDG_SESSION_PATH', '/org/freedesktop/DisplayManager/Session1'), ('XDG_MENU_PREFIX', 'plasma-'), ('LC_ADDRESS', 'C.UTF-8'), ('XDG_RUNTIME_DIR', '/run/user/1000'), ('ICEAUTHORITY', '/run/user/1000/iceauth_BdxvKY'), ('DISPLAY', ':1'), ('LANG', 'C.UTF-8'), ('XDG_CURRENT_DESKTOP', 'KDE'), ('LC_TELEPHONE', 'C.UTF-8'), ('XDG_DATA_HOME', '/home/ayham/.local/share'), ('XDG_CONFIG_HOME', '/home/ayham/.config'), ('XDG_SESSION_DESKTOP', 'KDE'), ('XAUTHORITY', '/run/user/1000/xauth_qexIvC'), ('TERM_PROGRAM', 'ghostty'), ('SHELL', '/usr/bin/bash'), ('GHOSTTY_BIN_DIR', '/usr/bin'), ('LC_NAME', 'C.UTF-8'), ('LC_MEASUREMENT', 'C.UTF-8'), ('PWD', '/home/ayham/Courses/CBL/ub/projects/build/turtlebot3_description'), ('CONTAINER_ID', 'ros2-foxy'), ('XDG_CONFIG_DIRS', '/etc/xdg/xdg-plasma:/home/ayham/.config/kdedefaults:/etc/xdg'), ('XDG_DATA_DIRS', '/usr/share/plasma:/home/ayham/.local/share/flatpak/exports/share:/var/lib/flatpak/exports/share:/usr/local/share:/usr/share'), ('KDE_SESSION_UID', '1000'), ('COLCON', '1'), ('MEMORY_PRESSURE_WRITE', 'c29tZSAyMDAwMDAgMjAwMDAwMAA=')]), 'shell': False}
[0.124036] (turtlebot3_description) StdoutLine: {'line': b'-- Install configuration: ""\n'}
[0.124256] (turtlebot3_description) StdoutLine: {'line': b'-- Up-to-date: /home/ayham/Courses/CBL/ub/projects/install/turtlebot3_description/share/turtlebot3_description/meshes\n'}
[0.124305] (turtlebot3_description) StdoutLine: {'line': b'-- Up-to-date: /home/ayham/Courses/CBL/ub/projects/install/turtlebot3_description/share/turtlebot3_description/meshes/wheels\n'}
[0.124333] (turtlebot3_description) StdoutLine: {'line': b'-- Up-to-date: /home/ayham/Courses/CBL/ub/projects/install/turtlebot3_description/share/turtlebot3_description/meshes/wheels/left_tire.stl\n'}
[0.124360] (turtlebot3_description) StdoutLine: {'line': b'-- Up-to-date: /home/ayham/Courses/CBL/ub/projects/install/turtlebot3_description/share/turtlebot3_description/meshes/wheels/right_tire.stl\n'}
[0.124386] (turtlebot3_description) StdoutLine: {'line': b'-- Up-to-date: /home/ayham/Courses/CBL/ub/projects/install/turtlebot3_description/share/turtlebot3_description/meshes/sensors\n'}
[0.124412] (turtlebot3_description) StdoutLine: {'line': b'-- Up-to-date: /home/ayham/Courses/CBL/ub/projects/install/turtlebot3_description/share/turtlebot3_description/meshes/sensors/r200.dae\n'}
[0.124437] (turtlebot3_description) StdoutLine: {'line': b'-- Up-to-date: /home/ayham/Courses/CBL/ub/projects/install/turtlebot3_description/share/turtlebot3_description/meshes/sensors/astra.jpg\n'}
[0.124463] (turtlebot3_description) StdoutLine: {'line': b'-- Up-to-date: /home/ayham/Courses/CBL/ub/projects/install/turtlebot3_description/share/turtlebot3_description/meshes/sensors/astra.dae\n'}
[0.124487] (turtlebot3_description) StdoutLine: {'line': b'-- Up-to-date: /home/ayham/Courses/CBL/ub/projects/install/turtlebot3_description/share/turtlebot3_description/meshes/sensors/r200.jpg\n'}
[0.124511] (turtlebot3_description) StdoutLine: {'line': b'-- Up-to-date: /home/ayham/Courses/CBL/ub/projects/install/turtlebot3_description/share/turtlebot3_description/meshes/sensors/lds.stl\n'}
[0.124538] (turtlebot3_description) StdoutLine: {'line': b'-- Up-to-date: /home/ayham/Courses/CBL/ub/projects/install/turtlebot3_description/share/turtlebot3_description/meshes/bases\n'}
[0.124606] (turtlebot3_description) StdoutLine: {'line': b'-- Up-to-date: /home/ayham/Courses/CBL/ub/projects/install/turtlebot3_description/share/turtlebot3_description/meshes/bases/burger_base.stl\n'}
[0.124634] (turtlebot3_description) StdoutLine: {'line': b'-- Up-to-date: /home/ayham/Courses/CBL/ub/projects/install/turtlebot3_description/share/turtlebot3_description/meshes/bases/waffle_pi_base.stl\n'}
[0.124661] (turtlebot3_description) StdoutLine: {'line': b'-- Up-to-date: /home/ayham/Courses/CBL/ub/projects/install/turtlebot3_description/share/turtlebot3_description/meshes/bases/waffle_base.stl\n'}
[0.124687] (turtlebot3_description) StdoutLine: {'line': b'-- Up-to-date: /home/ayham/Courses/CBL/ub/projects/install/turtlebot3_description/share/turtlebot3_description/rviz\n'}
[0.124712] (turtlebot3_description) StdoutLine: {'line': b'-- Up-to-date: /home/ayham/Courses/CBL/ub/projects/install/turtlebot3_description/share/turtlebot3_description/rviz/model.rviz\n'}
[0.124790] (turtlebot3_description) StdoutLine: {'line': b'-- Up-to-date: /home/ayham/Courses/CBL/ub/projects/install/turtlebot3_description/share/turtlebot3_description/urdf\n'}
[0.124813] (turtlebot3_description) StdoutLine: {'line': b'-- Up-to-date: /home/ayham/Courses/CBL/ub/projects/install/turtlebot3_description/share/turtlebot3_description/urdf/common_properties.urdf\n'}
[0.124840] (turtlebot3_description) StdoutLine: {'line': b'-- Up-to-date: /home/ayham/Courses/CBL/ub/projects/install/turtlebot3_description/share/turtlebot3_description/urdf/turtlebot3_waffle_pi.urdf\n'}
[0.124862] (turtlebot3_description) StdoutLine: {'line': b'-- Up-to-date: /home/ayham/Courses/CBL/ub/projects/install/turtlebot3_description/share/turtlebot3_description/urdf/turtlebot3_burger.urdf\n'}
[0.124884] (turtlebot3_description) StdoutLine: {'line': b'-- Up-to-date: /home/ayham/Courses/CBL/ub/projects/install/turtlebot3_description/share/turtlebot3_description/urdf/turtlebot3_waffle.urdf\n'}
[0.124905] (turtlebot3_description) StdoutLine: {'line': b'-- Up-to-date: /home/ayham/Courses/CBL/ub/projects/install/turtlebot3_description/share/ament_index/resource_index/package_run_dependencies/turtlebot3_description\n'}
[0.124928] (turtlebot3_description) StdoutLine: {'line': b'-- Up-to-date: /home/ayham/Courses/CBL/ub/projects/install/turtlebot3_description/share/ament_index/resource_index/parent_prefix_path/turtlebot3_description\n'}
[0.124950] (turtlebot3_description) StdoutLine: {'line': b'-- Up-to-date: /home/ayham/Courses/CBL/ub/projects/install/turtlebot3_description/share/turtlebot3_description/environment/ament_prefix_path.sh\n'}
[0.124973] (turtlebot3_description) StdoutLine: {'line': b'-- Up-to-date: /home/ayham/Courses/CBL/ub/projects/install/turtlebot3_description/share/turtlebot3_description/environment/ament_prefix_path.dsv\n'}
[0.124993] (turtlebot3_description) StdoutLine: {'line': b'-- Up-to-date: /home/ayham/Courses/CBL/ub/projects/install/turtlebot3_description/share/turtlebot3_description/environment/path.sh\n'}
[0.125018] (turtlebot3_description) StdoutLine: {'line': b'-- Up-to-date: /home/ayham/Courses/CBL/ub/projects/install/turtlebot3_description/share/turtlebot3_description/environment/path.dsv\n'}
[0.125040] (turtlebot3_description) StdoutLine: {'line': b'-- Up-to-date: /home/ayham/Courses/CBL/ub/projects/install/turtlebot3_description/share/turtlebot3_description/local_setup.bash\n'}
[0.125061] (turtlebot3_description) StdoutLine: {'line': b'-- Up-to-date: /home/ayham/Courses/CBL/ub/projects/install/turtlebot3_description/share/turtlebot3_description/local_setup.sh\n'}
[0.125082] (turtlebot3_description) StdoutLine: {'line': b'-- Up-to-date: /home/ayham/Courses/CBL/ub/projects/install/turtlebot3_description/share/turtlebot3_description/local_setup.zsh\n'}
[0.125104] (turtlebot3_description) StdoutLine: {'line': b'-- Up-to-date: /home/ayham/Courses/CBL/ub/projects/install/turtlebot3_description/share/turtlebot3_description/local_setup.dsv\n'}
[0.125128] (turtlebot3_description) StdoutLine: {'line': b'-- Installing: /home/ayham/Courses/CBL/ub/projects/install/turtlebot3_description/share/turtlebot3_description/package.dsv\n'}
[0.125148] (turtlebot3_description) StdoutLine: {'line': b'-- Up-to-date: /home/ayham/Courses/CBL/ub/projects/install/turtlebot3_description/share/ament_index/resource_index/packages/turtlebot3_description\n'}
[0.125168] (turtlebot3_description) StdoutLine: {'line': b'-- Up-to-date: /home/ayham/Courses/CBL/ub/projects/install/turtlebot3_description/share/turtlebot3_description/cmake/turtlebot3_descriptionConfig.cmake\n'}
[0.125196] (turtlebot3_description) StdoutLine: {'line': b'-- Up-to-date: /home/ayham/Courses/CBL/ub/projects/install/turtlebot3_description/share/turtlebot3_description/cmake/turtlebot3_descriptionConfig-version.cmake\n'}
[0.125219] (turtlebot3_description) StdoutLine: {'line': b'-- Up-to-date: /home/ayham/Courses/CBL/ub/projects/install/turtlebot3_description/share/turtlebot3_description/package.xml\n'}
[0.126088] (turtlebot3_description) CommandEnded: {'returncode': 0}
[0.135074] (turtlebot3_description) JobEnded: {'identifier': 'turtlebot3_description', 'rc': 0}
[0.135611] (turtlebot3_gazebo) JobStarted: {'identifier': 'turtlebot3_gazebo'}
[0.140786] (turtlebot3_gazebo) JobProgress: {'identifier': 'turtlebot3_gazebo', 'progress': 'cmake'}
[0.141010] (turtlebot3_gazebo) JobProgress: {'identifier': 'turtlebot3_gazebo', 'progress': 'build'}
[0.142161] (turtlebot3_gazebo) Command: {'cmd': ['/usr/bin/cmake', '--build', '/home/ayham/Courses/CBL/ub/projects/build/turtlebot3_gazebo', '--', '-j20', '-l20'], 'cwd': '/home/ayham/Courses/CBL/ub/projects/build/turtlebot3_gazebo', 'env': OrderedDict([('KDE_FULL_SESSION', 'true'), ('MAIL', '/var/spool/mail/ayham'), ('LANGUAGE', 'en_GB'), ('GHOSTTY_RESOURCES_DIR', '/usr/share/ghostty'), ('USER', 'ayham'), ('PAM_KWALLET5_LOGIN', '/run/user/1000/kwallet5.socket'), ('HOSTNAME', 'Laptop'), ('XDG_SESSION_TYPE', 'wayland'), ('XDG_CACHE_HOME', '/home/ayham/.cache'), ('QT_WAYLAND_RECONNECT', '1'), ('SHLVL', '3'), ('MOTD_SHOWN', 'pam'), ('HOME', '/home/ayham'), ('TERMINFO', '/usr/share/terminfo'), ('KDE_APPLICATIONS_AS_SCOPE', '1'), ('OLDPWD', '/home/ayham'), ('TERM_PROGRAM_VERSION', '1.1.3-arch1'), ('DESKTOP_SESSION', 'plasma'), ('GRADLE_HOME', '/usr/share/java/gradle'), ('GTK_RC_FILES', '/etc/gtk/gtkrc:/home/ayham/.gtkrc:/home/ayham/.config/gtkrc'), ('KDE_SESSION_VERSION', '6'), ('PS1', '[\\u@\\h \\W]\\$'), ('LC_MONETARY', 'en_IE.UTF-8'), ('MANAGERPID', '1345'), ('DISTROBOX_ENTER_PATH', '/usr/bin/distrobox-enter'), ('SYSTEMD_EXEC_PID', '1558'), ('XDG_STATE_HOME', '/home/ayham/.local/state'), ('DBUS_SESSION_BUS_ADDRESS', 'unix:path=/run/user/1000/bus'), ('COLORTERM', 'truecolor'), ('container', 'podman'), ('IM_CONFIG_PHASE', '1'), ('WAYLAND_DISPLAY', 'wayland-0'), ('LOGNAME', 'ayham'), ('QT_AUTO_SCREEN_SCALE_FACTOR', '0'), ('JOURNAL_STREAM', '9:27649'), ('_', '/usr/bin/colcon'), ('MEMORY_PRESSURE_WATCH', '/sys/fs/cgroup/user.slice/user-1000.slice/user@1000.service/session.slice/plasma-plasmashell.service/memory.pressure'), ('XDG_SESSION_CLASS', 'user'), ('TERMINFO_DIRS', '/usr/share/terminfo:/run/host/usr/share/terminfo'), ('TERM', 'xterm-ghostty'), ('GHOSTTY_SHELL_INTEGRATION_NO_SUDO', '1'), ('XDG_SESSION_ID', '2'), ('GTK2_RC_FILES', '/etc/gtk-2.0/gtkrc:/home/ayham/.gtkrc-2.0:/home/ayham/.config/gtkrc-2.0'), ('PATH', '/home/ayham/.local/bin:/home/ayham/anaconda3/bin:/home/ayham/.local/bin:/home/ayham/anaconda3/bin:/usr/local/sbin:/usr/local/bin:/usr/bin:/opt/android-sdk/platform-tools:/var/lib/flatpak/exports/bin:/usr/lib/jvm/default/bin:/usr/bin/site_perl:/usr/bin/vendor_perl:/usr/bin/core_perl:/usr/lib/rustup/bin:/home/ayham/.local/bin:/home/ayham/.local/bin:/usr/local/sbin:/usr/local/bin:/usr/sbin:/usr/bin:/sbin:/bin:/usr/sbin:/sbin:/bin:/home/ayham/.local/bin:/home/ayham/.local/bin'), ('SESSION_MANAGER', 'local/Laptop:@/tmp/.ICE-unix/1539,unix/Laptop:/tmp/.ICE-unix/1539'), ('INVOCATION_ID', 'db46b2bb5c0e4e1eaeac738a15f02d1c'), ('XDG_SESSION_PATH', '/org/freedesktop/DisplayManager/Session1'), ('XDG_MENU_PREFIX', 'plasma-'), ('LC_ADDRESS', 'C.UTF-8'), ('XDG_RUNTIME_DIR', '/run/user/1000'), ('ICEAUTHORITY', '/run/user/1000/iceauth_BdxvKY'), ('DISPLAY', ':1'), ('LANG', 'C.UTF-8'), ('XDG_CURRENT_DESKTOP', 'KDE'), ('LC_TELEPHONE', 'C.UTF-8'), ('XDG_DATA_HOME', '/home/ayham/.local/share'), ('XDG_CONFIG_HOME', '/home/ayham/.config'), ('XDG_SESSION_DESKTOP', 'KDE'), ('XAUTHORITY', '/run/user/1000/xauth_qexIvC'), ('TERM_PROGRAM', 'ghostty'), ('AMENT_PREFIX_PATH', '/home/ayham/Courses/CBL/ub/projects/install/turtlebot3_description'), ('SHELL', '/usr/bin/bash'), ('GHOSTTY_BIN_DIR', '/usr/bin'), ('LC_NAME', 'C.UTF-8'), ('LC_MEASUREMENT', 'C.UTF-8'), ('PWD', '/home/ayham/Courses/CBL/ub/projects/build/turtlebot3_gazebo'), ('CONTAINER_ID', 'ros2-foxy'), ('XDG_CONFIG_DIRS', '/etc/xdg/xdg-plasma:/home/ayham/.config/kdedefaults:/etc/xdg'), ('XDG_DATA_DIRS', '/usr/share/plasma:/home/ayham/.local/share/flatpak/exports/share:/var/lib/flatpak/exports/share:/usr/local/share:/usr/share'), ('KDE_SESSION_UID', '1000'), ('COLCON', '1'), ('MEMORY_PRESSURE_WRITE', 'c29tZSAyMDAwMDAgMjAwMDAwMAA='), ('CMAKE_PREFIX_PATH', '/home/ayham/Courses/CBL/ub/projects/install/turtlebot3_description')]), 'shell': False}
[0.194225] (turtlebot3_gazebo) StdoutLine: {'line': b'[ 50%] Built target turtlebot3_drive\n'}
[0.194479] (turtlebot3_gazebo) StdoutLine: {'line': b'[ 50%] Built target obstacle1\n'}
[0.194529] (turtlebot3_gazebo) StdoutLine: {'line': b'[ 75%] Built target obstacles\n'}
[0.196020] (turtlebot3_gazebo) StdoutLine: {'line': b'[100%] Built target obstacle2\n'}
[0.199951] (-) TimerEvent: {}
[0.206697] (turtlebot3_gazebo) CommandEnded: {'returncode': 0}
[0.207053] (turtlebot3_gazebo) JobProgress: {'identifier': 'turtlebot3_gazebo', 'progress': 'install'}
[0.207270] (turtlebot3_gazebo) Command: {'cmd': ['/usr/bin/cmake', '--install', '/home/ayham/Courses/CBL/ub/projects/build/turtlebot3_gazebo'], 'cwd': '/home/ayham/Courses/CBL/ub/projects/build/turtlebot3_gazebo', 'env': OrderedDict([('KDE_FULL_SESSION', 'true'), ('MAIL', '/var/spool/mail/ayham'), ('LANGUAGE', 'en_GB'), ('GHOSTTY_RESOURCES_DIR', '/usr/share/ghostty'), ('USER', 'ayham'), ('PAM_KWALLET5_LOGIN', '/run/user/1000/kwallet5.socket'), ('HOSTNAME', 'Laptop'), ('XDG_SESSION_TYPE', 'wayland'), ('XDG_CACHE_HOME', '/home/ayham/.cache'), ('QT_WAYLAND_RECONNECT', '1'), ('SHLVL', '3'), ('MOTD_SHOWN', 'pam'), ('HOME', '/home/ayham'), ('TERMINFO', '/usr/share/terminfo'), ('KDE_APPLICATIONS_AS_SCOPE', '1'), ('OLDPWD', '/home/ayham'), ('TERM_PROGRAM_VERSION', '1.1.3-arch1'), ('DESKTOP_SESSION', 'plasma'), ('GRADLE_HOME', '/usr/share/java/gradle'), ('GTK_RC_FILES', '/etc/gtk/gtkrc:/home/ayham/.gtkrc:/home/ayham/.config/gtkrc'), ('KDE_SESSION_VERSION', '6'), ('PS1', '[\\u@\\h \\W]\\$'), ('LC_MONETARY', 'en_IE.UTF-8'), ('MANAGERPID', '1345'), ('DISTROBOX_ENTER_PATH', '/usr/bin/distrobox-enter'), ('SYSTEMD_EXEC_PID', '1558'), ('XDG_STATE_HOME', '/home/ayham/.local/state'), ('DBUS_SESSION_BUS_ADDRESS', 'unix:path=/run/user/1000/bus'), ('COLORTERM', 'truecolor'), ('container', 'podman'), ('IM_CONFIG_PHASE', '1'), ('WAYLAND_DISPLAY', 'wayland-0'), ('LOGNAME', 'ayham'), ('QT_AUTO_SCREEN_SCALE_FACTOR', '0'), ('JOURNAL_STREAM', '9:27649'), ('_', '/usr/bin/colcon'), ('MEMORY_PRESSURE_WATCH', '/sys/fs/cgroup/user.slice/user-1000.slice/user@1000.service/session.slice/plasma-plasmashell.service/memory.pressure'), ('XDG_SESSION_CLASS', 'user'), ('TERMINFO_DIRS', '/usr/share/terminfo:/run/host/usr/share/terminfo'), ('TERM', 'xterm-ghostty'), ('GHOSTTY_SHELL_INTEGRATION_NO_SUDO', '1'), ('XDG_SESSION_ID', '2'), ('GTK2_RC_FILES', '/etc/gtk-2.0/gtkrc:/home/ayham/.gtkrc-2.0:/home/ayham/.config/gtkrc-2.0'), ('PATH', '/home/ayham/.local/bin:/home/ayham/anaconda3/bin:/home/ayham/.local/bin:/home/ayham/anaconda3/bin:/usr/local/sbin:/usr/local/bin:/usr/bin:/opt/android-sdk/platform-tools:/var/lib/flatpak/exports/bin:/usr/lib/jvm/default/bin:/usr/bin/site_perl:/usr/bin/vendor_perl:/usr/bin/core_perl:/usr/lib/rustup/bin:/home/ayham/.local/bin:/home/ayham/.local/bin:/usr/local/sbin:/usr/local/bin:/usr/sbin:/usr/bin:/sbin:/bin:/usr/sbin:/sbin:/bin:/home/ayham/.local/bin:/home/ayham/.local/bin'), ('SESSION_MANAGER', 'local/Laptop:@/tmp/.ICE-unix/1539,unix/Laptop:/tmp/.ICE-unix/1539'), ('INVOCATION_ID', 'db46b2bb5c0e4e1eaeac738a15f02d1c'), ('XDG_SESSION_PATH', '/org/freedesktop/DisplayManager/Session1'), ('XDG_MENU_PREFIX', 'plasma-'), ('LC_ADDRESS', 'C.UTF-8'), ('XDG_RUNTIME_DIR', '/run/user/1000'), ('ICEAUTHORITY', '/run/user/1000/iceauth_BdxvKY'), ('DISPLAY', ':1'), ('LANG', 'C.UTF-8'), ('XDG_CURRENT_DESKTOP', 'KDE'), ('LC_TELEPHONE', 'C.UTF-8'), ('XDG_DATA_HOME', '/home/ayham/.local/share'), ('XDG_CONFIG_HOME', '/home/ayham/.config'), ('XDG_SESSION_DESKTOP', 'KDE'), ('XAUTHORITY', '/run/user/1000/xauth_qexIvC'), ('TERM_PROGRAM', 'ghostty'), ('AMENT_PREFIX_PATH', '/home/ayham/Courses/CBL/ub/projects/install/turtlebot3_description'), ('SHELL', '/usr/bin/bash'), ('GHOSTTY_BIN_DIR', '/usr/bin'), ('LC_NAME', 'C.UTF-8'), ('LC_MEASUREMENT', 'C.UTF-8'), ('PWD', '/home/ayham/Courses/CBL/ub/projects/build/turtlebot3_gazebo'), ('CONTAINER_ID', 'ros2-foxy'), ('XDG_CONFIG_DIRS', '/etc/xdg/xdg-plasma:/home/ayham/.config/kdedefaults:/etc/xdg'), ('XDG_DATA_DIRS', '/usr/share/plasma:/home/ayham/.local/share/flatpak/exports/share:/var/lib/flatpak/exports/share:/usr/local/share:/usr/share'), ('KDE_SESSION_UID', '1000'), ('COLCON', '1'), ('MEMORY_PRESSURE_WRITE', 'c29tZSAyMDAwMDAgMjAwMDAwMAA='), ('CMAKE_PREFIX_PATH', '/home/ayham/Courses/CBL/ub/projects/install/turtlebot3_description')]), 'shell': False}
[0.215438] (turtlebot3_gazebo) StdoutLine: {'line': b'-- Install configuration: ""\n'}
[0.215628] (turtlebot3_gazebo) StdoutLine: {'line': b'-- Up-to-date: /home/ayham/Courses/CBL/ub/projects/install/turtlebot3_gazebo/lib/turtlebot3_gazebo/turtlebot3_drive\n'}
[0.215690] (turtlebot3_gazebo) StdoutLine: {'line': b'-- Up-to-date: /home/ayham/Courses/CBL/ub/projects/install/turtlebot3_gazebo/share/turtlebot3_gazebo//launch\n'}
[0.215719] (turtlebot3_gazebo) StdoutLine: {'line': b'-- Up-to-date: /home/ayham/Courses/CBL/ub/projects/install/turtlebot3_gazebo/share/turtlebot3_gazebo//launch/turtlebot3_dqn_stage4.launch.py\n'}
[0.215745] (turtlebot3_gazebo) StdoutLine: {'line': b'-- Up-to-date: /home/ayham/Courses/CBL/ub/projects/install/turtlebot3_gazebo/share/turtlebot3_gazebo//launch/empty_world.launch.py\n'}
[0.215770] (turtlebot3_gazebo) StdoutLine: {'line': b'-- Up-to-date: /home/ayham/Courses/CBL/ub/projects/install/turtlebot3_gazebo/share/turtlebot3_gazebo//launch/turtlebot3_dqn_stage2.launch.py\n'}
[0.215828] (turtlebot3_gazebo) StdoutLine: {'line': b'-- Up-to-date: /home/ayham/Courses/CBL/ub/projects/install/turtlebot3_gazebo/share/turtlebot3_gazebo//launch/turtlebot3_dqn_stage1.launch.py\n'}
[0.215856] (turtlebot3_gazebo) StdoutLine: {'line': b'-- Up-to-date: /home/ayham/Courses/CBL/ub/projects/install/turtlebot3_gazebo/share/turtlebot3_gazebo//launch/turtlebot3_dqn_stage3.launch.py\n'}
[0.215880] (turtlebot3_gazebo) StdoutLine: {'line': b'-- Up-to-date: /home/ayham/Courses/CBL/ub/projects/install/turtlebot3_gazebo/share/turtlebot3_gazebo//launch/robot_state_publisher.launch.py\n'}
[0.215903] (turtlebot3_gazebo) StdoutLine: {'line': b'-- Up-to-date: /home/ayham/Courses/CBL/ub/projects/install/turtlebot3_gazebo/share/turtlebot3_gazebo//launch/turtlebot3_house.launch.py\n'}
[0.215927] (turtlebot3_gazebo) StdoutLine: {'line': b'-- Up-to-date: /home/ayham/Courses/CBL/ub/projects/install/turtlebot3_gazebo/share/turtlebot3_gazebo//launch/turtlebot3_world.launch.py\n'}
[0.215949] (turtlebot3_gazebo) StdoutLine: {'line': b'-- Up-to-date: /home/ayham/Courses/CBL/ub/projects/install/turtlebot3_gazebo/share/turtlebot3_gazebo//launch/turtlebot3_autorace.launch.py\n'}
[0.215972] (turtlebot3_gazebo) StdoutLine: {'line': b'-- Up-to-date: /home/ayham/Courses/CBL/ub/projects/install/turtlebot3_gazebo/share/turtlebot3_gazebo//models\n'}
[0.215995] (turtlebot3_gazebo) StdoutLine: {'line': b'-- Up-to-date: /home/ayham/Courses/CBL/ub/projects/install/turtlebot3_gazebo/share/turtlebot3_gazebo//models/turtlebot3_burger\n'}
[0.216019] (turtlebot3_gazebo) StdoutLine: {'line': b'-- Up-to-date: /home/ayham/Courses/CBL/ub/projects/install/turtlebot3_gazebo/share/turtlebot3_gazebo//models/turtlebot3_burger/model.sdf\n'}
[0.216043] (turtlebot3_gazebo) StdoutLine: {'line': b'-- Up-to-date: /home/ayham/Courses/CBL/ub/projects/install/turtlebot3_gazebo/share/turtlebot3_gazebo//models/turtlebot3_burger/model.config\n'}
[0.216066] (turtlebot3_gazebo) StdoutLine: {'line': b'-- Up-to-date: /home/ayham/Courses/CBL/ub/projects/install/turtlebot3_gazebo/share/turtlebot3_gazebo//models/turtlebot3_burger/model-1_4.sdf\n'}
[0.216121] (turtlebot3_gazebo) StdoutLine: {'line': b'-- Up-to-date: /home/ayham/Courses/CBL/ub/projects/install/turtlebot3_gazebo/share/turtlebot3_gazebo//models/turtlebot3_burger/meshes\n'}
[0.216147] (turtlebot3_gazebo) StdoutLine: {'line': b'-- Up-to-date: /home/ayham/Courses/CBL/ub/projects/install/turtlebot3_gazebo/share/turtlebot3_gazebo//models/turtlebot3_burger/meshes/burger_base.dae\n'}
[0.216172] (turtlebot3_gazebo) StdoutLine: {'line': b'-- Up-to-date: /home/ayham/Courses/CBL/ub/projects/install/turtlebot3_gazebo/share/turtlebot3_gazebo//models/turtlebot3_burger/meshes/lds.dae\n'}
[0.216202] (turtlebot3_gazebo) StdoutLine: {'line': b'-- Up-to-date: /home/ayham/Courses/CBL/ub/projects/install/turtlebot3_gazebo/share/turtlebot3_gazebo//models/turtlebot3_burger/meshes/tire.dae\n'}
[0.216307] (turtlebot3_gazebo) StdoutLine: {'line': b'-- Up-to-date: /home/ayham/Courses/CBL/ub/projects/install/turtlebot3_gazebo/share/turtlebot3_gazebo//models/turtlebot3_house\n'}
[0.216403] (turtlebot3_gazebo) StdoutLine: {'line': b'-- Up-to-date: /home/ayham/Courses/CBL/ub/projects/install/turtlebot3_gazebo/share/turtlebot3_gazebo//models/turtlebot3_house/model.sdf\n'}
[0.216435] (turtlebot3_gazebo) StdoutLine: {'line': b'-- Up-to-date: /home/ayham/Courses/CBL/ub/projects/install/turtlebot3_gazebo/share/turtlebot3_gazebo//models/turtlebot3_house/model.config\n'}
[0.216461] (turtlebot3_gazebo) StdoutLine: {'line': b'-- Up-to-date: /home/ayham/Courses/CBL/ub/projects/install/turtlebot3_gazebo/share/turtlebot3_gazebo//models/turtlebot3_autorace\n'}
[0.216485] (turtlebot3_gazebo) StdoutLine: {'line': b'-- Up-to-date: /home/ayham/Courses/CBL/ub/projects/install/turtlebot3_gazebo/share/turtlebot3_gazebo//models/turtlebot3_autorace/model.config\n'}
[0.216510] (turtlebot3_gazebo) StdoutLine: {'line': b'-- Up-to-date: /home/ayham/Courses/CBL/ub/projects/install/turtlebot3_gazebo/share/turtlebot3_gazebo//models/turtlebot3_autorace/traffic_light_red\n'}
[0.216534] (turtlebot3_gazebo) StdoutLine: {'line': b'-- Up-to-date: /home/ayham/Courses/CBL/ub/projects/install/turtlebot3_gazebo/share/turtlebot3_gazebo//models/turtlebot3_autorace/traffic_light_red/model.sdf\n'}
[0.216558] (turtlebot3_gazebo) StdoutLine: {'line': b'-- Up-to-date: /home/ayham/Courses/CBL/ub/projects/install/turtlebot3_gazebo/share/turtlebot3_gazebo//models/turtlebot3_autorace/traffic_light_red/model.config\n'}
[0.216581] (turtlebot3_gazebo) StdoutLine: {'line': b'-- Up-to-date: /home/ayham/Courses/CBL/ub/projects/install/turtlebot3_gazebo/share/turtlebot3_gazebo//models/turtlebot3_autorace/traffic_parking\n'}
[0.216660] (turtlebot3_gazebo) StdoutLine: {'line': b'-- Up-to-date: /home/ayham/Courses/CBL/ub/projects/install/turtlebot3_gazebo/share/turtlebot3_gazebo//models/turtlebot3_autorace/traffic_parking/model.sdf\n'}
[0.216685] (turtlebot3_gazebo) StdoutLine: {'line': b'-- Up-to-date: /home/ayham/Courses/CBL/ub/projects/install/turtlebot3_gazebo/share/turtlebot3_gazebo//models/turtlebot3_autorace/traffic_parking/model.config\n'}
[0.216710] (turtlebot3_gazebo) StdoutLine: {'line': b'-- Up-to-date: /home/ayham/Courses/CBL/ub/projects/install/turtlebot3_gazebo/share/turtlebot3_gazebo//models/turtlebot3_autorace/traffic_parking/materials\n'}
[0.216733] (turtlebot3_gazebo) StdoutLine: {'line': b'-- Up-to-date: /home/ayham/Courses/CBL/ub/projects/install/turtlebot3_gazebo/share/turtlebot3_gazebo//models/turtlebot3_autorace/traffic_parking/materials/scripts\n'}
[0.216757] (turtlebot3_gazebo) StdoutLine: {'line': b'-- Up-to-date: /home/ayham/Courses/CBL/ub/projects/install/turtlebot3_gazebo/share/turtlebot3_gazebo//models/turtlebot3_autorace/traffic_parking/materials/scripts/traffic_parking.material\n'}
[0.216781] (turtlebot3_gazebo) StdoutLine: {'line': b'-- Up-to-date: /home/ayham/Courses/CBL/ub/projects/install/turtlebot3_gazebo/share/turtlebot3_gazebo//models/turtlebot3_autorace/traffic_parking/materials/textures\n'}
[0.216803] (turtlebot3_gazebo) StdoutLine: {'line': b'-- Up-to-date: /home/ayham/Courses/CBL/ub/projects/install/turtlebot3_gazebo/share/turtlebot3_gazebo//models/turtlebot3_autorace/traffic_parking/materials/textures/traffic_parking.png\n'}
[0.216828] (turtlebot3_gazebo) StdoutLine: {'line': b'-- Up-to-date: /home/ayham/Courses/CBL/ub/projects/install/turtlebot3_gazebo/share/turtlebot3_gazebo//models/turtlebot3_autorace/traffic_bar_up\n'}
[0.216850] (turtlebot3_gazebo) StdoutLine: {'line': b'-- Up-to-date: /home/ayham/Courses/CBL/ub/projects/install/turtlebot3_gazebo/share/turtlebot3_gazebo//models/turtlebot3_autorace/traffic_bar_up/model.sdf\n'}
[0.216873] (turtlebot3_gazebo) StdoutLine: {'line': b'-- Up-to-date: /home/ayham/Courses/CBL/ub/projects/install/turtlebot3_gazebo/share/turtlebot3_gazebo//models/turtlebot3_autorace/traffic_bar_up/model.config\n'}
[0.216896] (turtlebot3_gazebo) StdoutLine: {'line': b'-- Up-to-date: /home/ayham/Courses/CBL/ub/projects/install/turtlebot3_gazebo/share/turtlebot3_gazebo//models/turtlebot3_autorace/traffic_bar_up/materials\n'}
[0.216928] (turtlebot3_gazebo) StdoutLine: {'line': b'-- Up-to-date: /home/ayham/Courses/CBL/ub/projects/install/turtlebot3_gazebo/share/turtlebot3_gazebo//models/turtlebot3_autorace/traffic_bar_up/materials/scripts\n'}
[0.216950] (turtlebot3_gazebo) StdoutLine: {'line': b'-- Up-to-date: /home/ayham/Courses/CBL/ub/projects/install/turtlebot3_gazebo/share/turtlebot3_gazebo//models/turtlebot3_autorace/traffic_bar_up/materials/scripts/traffic_bar.material\n'}
[0.216973] (turtlebot3_gazebo) StdoutLine: {'line': b'-- Up-to-date: /home/ayham/Courses/CBL/ub/projects/install/turtlebot3_gazebo/share/turtlebot3_gazebo//models/turtlebot3_autorace/traffic_bar_up/materials/textures\n'}
[0.216996] (turtlebot3_gazebo) StdoutLine: {'line': b'-- Up-to-date: /home/ayham/Courses/CBL/ub/projects/install/turtlebot3_gazebo/share/turtlebot3_gazebo//models/turtlebot3_autorace/traffic_bar_up/materials/textures/traffic_bar.png\n'}
[0.217092] (turtlebot3_gazebo) StdoutLine: {'line': b'-- Up-to-date: /home/ayham/Courses/CBL/ub/projects/install/turtlebot3_gazebo/share/turtlebot3_gazebo//models/turtlebot3_autorace/tunnel_wall\n'}
[0.217133] (turtlebot3_gazebo) StdoutLine: {'line': b'-- Up-to-date: /home/ayham/Courses/CBL/ub/projects/install/turtlebot3_gazebo/share/turtlebot3_gazebo//models/turtlebot3_autorace/tunnel_wall/model.sdf\n'}
[0.217159] (turtlebot3_gazebo) StdoutLine: {'line': b'-- Up-to-date: /home/ayham/Courses/CBL/ub/projects/install/turtlebot3_gazebo/share/turtlebot3_gazebo//models/turtlebot3_autorace/tunnel_wall/model.config\n'}
[0.217183] (turtlebot3_gazebo) StdoutLine: {'line': b'-- Up-to-date: /home/ayham/Courses/CBL/ub/projects/install/turtlebot3_gazebo/share/turtlebot3_gazebo//models/turtlebot3_autorace/lights\n'}
[0.217232] (turtlebot3_gazebo) StdoutLine: {'line': b'-- Up-to-date: /home/ayham/Courses/CBL/ub/projects/install/turtlebot3_gazebo/share/turtlebot3_gazebo//models/turtlebot3_autorace/lights/model.sdf\n'}
[0.217257] (turtlebot3_gazebo) StdoutLine: {'line': b'-- Up-to-date: /home/ayham/Courses/CBL/ub/projects/install/turtlebot3_gazebo/share/turtlebot3_gazebo//models/turtlebot3_autorace/lights/model.config\n'}
[0.217282] (turtlebot3_gazebo) StdoutLine: {'line': b'-- Up-to-date: /home/ayham/Courses/CBL/ub/projects/install/turtlebot3_gazebo/share/turtlebot3_gazebo//models/turtlebot3_autorace/traffic_stop\n'}
[0.217305] (turtlebot3_gazebo) StdoutLine: {'line': b'-- Up-to-date: /home/ayham/Courses/CBL/ub/projects/install/turtlebot3_gazebo/share/turtlebot3_gazebo//models/turtlebot3_autorace/traffic_stop/model.sdf\n'}
[0.217329] (turtlebot3_gazebo) StdoutLine: {'line': b'-- Up-to-date: /home/ayham/Courses/CBL/ub/projects/install/turtlebot3_gazebo/share/turtlebot3_gazebo//models/turtlebot3_autorace/traffic_stop/model.config\n'}
[0.217351] (turtlebot3_gazebo) StdoutLine: {'line': b'-- Up-to-date: /home/ayham/Courses/CBL/ub/projects/install/turtlebot3_gazebo/share/turtlebot3_gazebo//models/turtlebot3_autorace/traffic_stop/materials\n'}
[0.217375] (turtlebot3_gazebo) StdoutLine: {'line': b'-- Up-to-date: /home/ayham/Courses/CBL/ub/projects/install/turtlebot3_gazebo/share/turtlebot3_gazebo//models/turtlebot3_autorace/traffic_stop/materials/scripts\n'}
[0.217421] (turtlebot3_gazebo) StdoutLine: {'line': b'-- Up-to-date: /home/ayham/Courses/CBL/ub/projects/install/turtlebot3_gazebo/share/turtlebot3_gazebo//models/turtlebot3_autorace/traffic_stop/materials/scripts/traffic_stop.material\n'}
[0.217445] (turtlebot3_gazebo) StdoutLine: {'line': b'-- Up-to-date: /home/ayham/Courses/CBL/ub/projects/install/turtlebot3_gazebo/share/turtlebot3_gazebo//models/turtlebot3_autorace/traffic_stop/materials/textures\n'}
[0.217469] (turtlebot3_gazebo) StdoutLine: {'line': b'-- Up-to-date: /home/ayham/Courses/CBL/ub/projects/install/turtlebot3_gazebo/share/turtlebot3_gazebo//models/turtlebot3_autorace/traffic_stop/materials/textures/traffic_stop.png\n'}
[0.217492] (turtlebot3_gazebo) StdoutLine: {'line': b'-- Up-to-date: /home/ayham/Courses/CBL/ub/projects/install/turtlebot3_gazebo/share/turtlebot3_gazebo//models/turtlebot3_autorace/traffic_bar_down\n'}
[0.217526] (turtlebot3_gazebo) StdoutLine: {'line': b'-- Up-to-date: /home/ayham/Courses/CBL/ub/projects/install/turtlebot3_gazebo/share/turtlebot3_gazebo//models/turtlebot3_autorace/traffic_bar_down/model.sdf\n'}
[0.217549] (turtlebot3_gazebo) StdoutLine: {'line': b'-- Up-to-date: /home/ayham/Courses/CBL/ub/projects/install/turtlebot3_gazebo/share/turtlebot3_gazebo//models/turtlebot3_autorace/traffic_bar_down/model.config\n'}
[0.217571] (turtlebot3_gazebo) StdoutLine: {'line': b'-- Up-to-date: /home/ayham/Courses/CBL/ub/projects/install/turtlebot3_gazebo/share/turtlebot3_gazebo//models/turtlebot3_autorace/traffic_bar_down/materials\n'}
[0.217594] (turtlebot3_gazebo) StdoutLine: {'line': b'-- Up-to-date: /home/ayham/Courses/CBL/ub/projects/install/turtlebot3_gazebo/share/turtlebot3_gazebo//models/turtlebot3_autorace/traffic_bar_down/materials/scripts\n'}
[0.217617] (turtlebot3_gazebo) StdoutLine: {'line': b'-- Up-to-date: /home/ayham/Courses/CBL/ub/projects/install/turtlebot3_gazebo/share/turtlebot3_gazebo//models/turtlebot3_autorace/traffic_bar_down/materials/scripts/traffic_bar.material\n'}
[0.217640] (turtlebot3_gazebo) StdoutLine: {'line': b'-- Up-to-date: /home/ayham/Courses/CBL/ub/projects/install/turtlebot3_gazebo/share/turtlebot3_gazebo//models/turtlebot3_autorace/traffic_bar_down/materials/textures\n'}
[0.217663] (turtlebot3_gazebo) StdoutLine: {'line': b'-- Up-to-date: /home/ayham/Courses/CBL/ub/projects/install/turtlebot3_gazebo/share/turtlebot3_gazebo//models/turtlebot3_autorace/traffic_bar_down/materials/textures/traffic_bar.png\n'}
[0.217685] (turtlebot3_gazebo) StdoutLine: {'line': b'-- Up-to-date: /home/ayham/Courses/CBL/ub/projects/install/turtlebot3_gazebo/share/turtlebot3_gazebo//models/turtlebot3_autorace/traffic_light_yellow\n'}
[0.217707] (turtlebot3_gazebo) StdoutLine: {'line': b'-- Up-to-date: /home/ayham/Courses/CBL/ub/projects/install/turtlebot3_gazebo/share/turtlebot3_gazebo//models/turtlebot3_autorace/traffic_light_yellow/model.sdf\n'}
[0.217729] (turtlebot3_gazebo) StdoutLine: {'line': b'-- Up-to-date: /home/ayham/Courses/CBL/ub/projects/install/turtlebot3_gazebo/share/turtlebot3_gazebo//models/turtlebot3_autorace/traffic_light_yellow/model.config\n'}
[0.217767] (turtlebot3_gazebo) StdoutLine: {'line': b'-- Up-to-date: /home/ayham/Courses/CBL/ub/projects/install/turtlebot3_gazebo/share/turtlebot3_gazebo//models/turtlebot3_autorace/tunnel_obstacles\n'}
[0.217790] (turtlebot3_gazebo) StdoutLine: {'line': b'-- Up-to-date: /home/ayham/Courses/CBL/ub/projects/install/turtlebot3_gazebo/share/turtlebot3_gazebo//models/turtlebot3_autorace/tunnel_obstacles/model.sdf\n'}
[0.217812] (turtlebot3_gazebo) StdoutLine: {'line': b'-- Up-to-date: /home/ayham/Courses/CBL/ub/projects/install/turtlebot3_gazebo/share/turtlebot3_gazebo//models/turtlebot3_autorace/tunnel_obstacles/model.config\n'}
[0.217837] (turtlebot3_gazebo) StdoutLine: {'line': b'-- Up-to-date: /home/ayham/Courses/CBL/ub/projects/install/turtlebot3_gazebo/share/turtlebot3_gazebo//models/turtlebot3_autorace/traffic_light_green\n'}
[0.217858] (turtlebot3_gazebo) StdoutLine: {'line': b'-- Up-to-date: /home/ayham/Courses/CBL/ub/projects/install/turtlebot3_gazebo/share/turtlebot3_gazebo//models/turtlebot3_autorace/traffic_light_green/model.sdf\n'}
[0.217879] (turtlebot3_gazebo) StdoutLine: {'line': b'-- Up-to-date: /home/ayham/Courses/CBL/ub/projects/install/turtlebot3_gazebo/share/turtlebot3_gazebo//models/turtlebot3_autorace/traffic_light_green/model.config\n'}
[0.217901] (turtlebot3_gazebo) StdoutLine: {'line': b'-- Up-to-date: /home/ayham/Courses/CBL/ub/projects/install/turtlebot3_gazebo/share/turtlebot3_gazebo//models/turtlebot3_autorace/ground\n'}
[0.217925] (turtlebot3_gazebo) StdoutLine: {'line': b'-- Up-to-date: /home/ayham/Courses/CBL/ub/projects/install/turtlebot3_gazebo/share/turtlebot3_gazebo//models/turtlebot3_autorace/ground/model.sdf\n'}
[0.217947] (turtlebot3_gazebo) StdoutLine: {'line': b'-- Up-to-date: /home/ayham/Courses/CBL/ub/projects/install/turtlebot3_gazebo/share/turtlebot3_gazebo//models/turtlebot3_autorace/ground/model.config\n'}
[0.217971] (turtlebot3_gazebo) StdoutLine: {'line': b'-- Up-to-date: /home/ayham/Courses/CBL/ub/projects/install/turtlebot3_gazebo/share/turtlebot3_gazebo//models/turtlebot3_autorace/traffic_tunnel\n'}
[0.217994] (turtlebot3_gazebo) StdoutLine: {'line': b'-- Up-to-date: /home/ayham/Courses/CBL/ub/projects/install/turtlebot3_gazebo/share/turtlebot3_gazebo//models/turtlebot3_autorace/traffic_tunnel/model.sdf\n'}
[0.218016] (turtlebot3_gazebo) StdoutLine: {'line': b'-- Up-to-date: /home/ayham/Courses/CBL/ub/projects/install/turtlebot3_gazebo/share/turtlebot3_gazebo//models/turtlebot3_autorace/traffic_tunnel/model.config\n'}
[0.218040] (turtlebot3_gazebo) StdoutLine: {'line': b'-- Up-to-date: /home/ayham/Courses/CBL/ub/projects/install/turtlebot3_gazebo/share/turtlebot3_gazebo//models/turtlebot3_autorace/traffic_tunnel/materials\n'}
[0.218062] (turtlebot3_gazebo) StdoutLine: {'line': b'-- Up-to-date: /home/ayham/Courses/CBL/ub/projects/install/turtlebot3_gazebo/share/turtlebot3_gazebo//models/turtlebot3_autorace/traffic_tunnel/materials/scripts\n'}
[0.218084] (turtlebot3_gazebo) StdoutLine: {'line': b'-- Up-to-date: /home/ayham/Courses/CBL/ub/projects/install/turtlebot3_gazebo/share/turtlebot3_gazebo//models/turtlebot3_autorace/traffic_tunnel/materials/scripts/tunnel.material\n'}
[0.218105] (turtlebot3_gazebo) StdoutLine: {'line': b'-- Up-to-date: /home/ayham/Courses/CBL/ub/projects/install/turtlebot3_gazebo/share/turtlebot3_gazebo//models/turtlebot3_autorace/traffic_tunnel/materials/textures\n'}
[0.218126] (turtlebot3_gazebo) StdoutLine: {'line': b'-- Up-to-date: /home/ayham/Courses/CBL/ub/projects/install/turtlebot3_gazebo/share/turtlebot3_gazebo//models/turtlebot3_autorace/traffic_tunnel/materials/textures/tunnel.png\n'}
[0.218147] (turtlebot3_gazebo) StdoutLine: {'line': b'-- Up-to-date: /home/ayham/Courses/CBL/ub/projects/install/turtlebot3_gazebo/share/turtlebot3_gazebo//models/turtlebot3_autorace/course\n'}
[0.218167] (turtlebot3_gazebo) StdoutLine: {'line': b'-- Up-to-date: /home/ayham/Courses/CBL/ub/projects/install/turtlebot3_gazebo/share/turtlebot3_gazebo//models/turtlebot3_autorace/course/model.sdf\n'}
[0.218193] (turtlebot3_gazebo) StdoutLine: {'line': b'-- Up-to-date: /home/ayham/Courses/CBL/ub/projects/install/turtlebot3_gazebo/share/turtlebot3_gazebo//models/turtlebot3_autorace/course/model.config\n'}
[0.218216] (turtlebot3_gazebo) StdoutLine: {'line': b'-- Up-to-date: /home/ayham/Courses/CBL/ub/projects/install/turtlebot3_gazebo/share/turtlebot3_gazebo//models/turtlebot3_autorace/course/materials\n'}
[0.218237] (turtlebot3_gazebo) StdoutLine: {'line': b'-- Up-to-date: /home/ayham/Courses/CBL/ub/projects/install/turtlebot3_gazebo/share/turtlebot3_gazebo//models/turtlebot3_autorace/course/materials/scripts\n'}
[0.218257] (turtlebot3_gazebo) StdoutLine: {'line': b'-- Up-to-date: /home/ayham/Courses/CBL/ub/projects/install/turtlebot3_gazebo/share/turtlebot3_gazebo//models/turtlebot3_autorace/course/materials/scripts/course.material\n'}
[0.218282] (turtlebot3_gazebo) StdoutLine: {'line': b'-- Up-to-date: /home/ayham/Courses/CBL/ub/projects/install/turtlebot3_gazebo/share/turtlebot3_gazebo//models/turtlebot3_autorace/course/materials/textures\n'}
[0.218301] (turtlebot3_gazebo) StdoutLine: {'line': b'-- Up-to-date: /home/ayham/Courses/CBL/ub/projects/install/turtlebot3_gazebo/share/turtlebot3_gazebo//models/turtlebot3_autorace/course/materials/textures/course.png\n'}
[0.218323] (turtlebot3_gazebo) StdoutLine: {'line': b'-- Up-to-date: /home/ayham/Courses/CBL/ub/projects/install/turtlebot3_gazebo/share/turtlebot3_gazebo//models/turtlebot3_world\n'}
[0.218344] (turtlebot3_gazebo) StdoutLine: {'line': b'-- Up-to-date: /home/ayham/Courses/CBL/ub/projects/install/turtlebot3_gazebo/share/turtlebot3_gazebo//models/turtlebot3_world/model.sdf\n'}
[0.218365] (turtlebot3_gazebo) StdoutLine: {'line': b'-- Up-to-date: /home/ayham/Courses/CBL/ub/projects/install/turtlebot3_gazebo/share/turtlebot3_gazebo//models/turtlebot3_world/model.config\n'}
[0.218387] (turtlebot3_gazebo) StdoutLine: {'line': b'-- Up-to-date: /home/ayham/Courses/CBL/ub/projects/install/turtlebot3_gazebo/share/turtlebot3_gazebo//models/turtlebot3_world/model-1_4.sdf\n'}
[0.218410] (turtlebot3_gazebo) StdoutLine: {'line': b'-- Up-to-date: /home/ayham/Courses/CBL/ub/projects/install/turtlebot3_gazebo/share/turtlebot3_gazebo//models/turtlebot3_world/meshes\n'}
[0.218431] (turtlebot3_gazebo) StdoutLine: {'line': b'-- Up-to-date: /home/ayham/Courses/CBL/ub/projects/install/turtlebot3_gazebo/share/turtlebot3_gazebo//models/turtlebot3_world/meshes/wall.dae\n'}
[0.218452] (turtlebot3_gazebo) StdoutLine: {'line': b'-- Up-to-date: /home/ayham/Courses/CBL/ub/projects/install/turtlebot3_gazebo/share/turtlebot3_gazebo//models/turtlebot3_world/meshes/hexagon.dae\n'}
[0.218476] (turtlebot3_gazebo) StdoutLine: {'line': b'-- Up-to-date: /home/ayham/Courses/CBL/ub/projects/install/turtlebot3_gazebo/share/turtlebot3_gazebo//models/turtlebot3_dqn_world\n'}
[0.218499] (turtlebot3_gazebo) StdoutLine: {'line': b'-- Up-to-date: /home/ayham/Courses/CBL/ub/projects/install/turtlebot3_gazebo/share/turtlebot3_gazebo//models/turtlebot3_dqn_world/model.sdf\n'}
[0.218522] (turtlebot3_gazebo) StdoutLine: {'line': b'-- Up-to-date: /home/ayham/Courses/CBL/ub/projects/install/turtlebot3_gazebo/share/turtlebot3_gazebo//models/turtlebot3_dqn_world/model.config\n'}
[0.218544] (turtlebot3_gazebo) StdoutLine: {'line': b'-- Up-to-date: /home/ayham/Courses/CBL/ub/projects/install/turtlebot3_gazebo/share/turtlebot3_gazebo//models/turtlebot3_dqn_world/obstacle_plugin\n'}
[0.218568] (turtlebot3_gazebo) StdoutLine: {'line': b'-- Up-to-date: /home/ayham/Courses/CBL/ub/projects/install/turtlebot3_gazebo/share/turtlebot3_gazebo//models/turtlebot3_dqn_world/obstacle_plugin/CMakeLists.txt\n'}
[0.218590] (turtlebot3_gazebo) StdoutLine: {'line': b'-- Up-to-date: /home/ayham/Courses/CBL/ub/projects/install/turtlebot3_gazebo/share/turtlebot3_gazebo//models/turtlebot3_dqn_world/obstacle_plugin/obstacles.cc\n'}
[0.218646] (turtlebot3_gazebo) StdoutLine: {'line': b'-- Up-to-date: /home/ayham/Courses/CBL/ub/projects/install/turtlebot3_gazebo/share/turtlebot3_gazebo//models/turtlebot3_dqn_world/obstacle_plugin/obstacle1.cc\n'}
[0.218672] (turtlebot3_gazebo) StdoutLine: {'line': b'-- Up-to-date: /home/ayham/Courses/CBL/ub/projects/install/turtlebot3_gazebo/share/turtlebot3_gazebo//models/turtlebot3_dqn_world/obstacle_plugin/obstacle2.cc\n'}
[0.218716] (turtlebot3_gazebo) StdoutLine: {'line': b'-- Up-to-date: /home/ayham/Courses/CBL/ub/projects/install/turtlebot3_gazebo/share/turtlebot3_gazebo//models/turtlebot3_dqn_world/goal_box\n'}
[0.218741] (turtlebot3_gazebo) StdoutLine: {'line': b'-- Up-to-date: /home/ayham/Courses/CBL/ub/projects/install/turtlebot3_gazebo/share/turtlebot3_gazebo//models/turtlebot3_dqn_world/goal_box/model.sdf\n'}
[0.218763] (turtlebot3_gazebo) StdoutLine: {'line': b'-- Up-to-date: /home/ayham/Courses/CBL/ub/projects/install/turtlebot3_gazebo/share/turtlebot3_gazebo//models/turtlebot3_dqn_world/goal_box/model.config\n'}
[0.218820] (turtlebot3_gazebo) StdoutLine: {'line': b'-- Up-to-date: /home/ayham/Courses/CBL/ub/projects/install/turtlebot3_gazebo/share/turtlebot3_gazebo//models/turtlebot3_dqn_world/obstacle1\n'}
[0.218845] (turtlebot3_gazebo) StdoutLine: {'line': b'-- Up-to-date: /home/ayham/Courses/CBL/ub/projects/install/turtlebot3_gazebo/share/turtlebot3_gazebo//models/turtlebot3_dqn_world/obstacle1/model.sdf\n'}
[0.218869] (turtlebot3_gazebo) StdoutLine: {'line': b'-- Up-to-date: /home/ayham/Courses/CBL/ub/projects/install/turtlebot3_gazebo/share/turtlebot3_gazebo//models/turtlebot3_dqn_world/obstacle1/model.config\n'}
[0.218893] (turtlebot3_gazebo) StdoutLine: {'line': b'-- Up-to-date: /home/ayham/Courses/CBL/ub/projects/install/turtlebot3_gazebo/share/turtlebot3_gazebo//models/turtlebot3_dqn_world/inner_walls\n'}
[0.218916] (turtlebot3_gazebo) StdoutLine: {'line': b'-- Up-to-date: /home/ayham/Courses/CBL/ub/projects/install/turtlebot3_gazebo/share/turtlebot3_gazebo//models/turtlebot3_dqn_world/inner_walls/model.sdf\n'}
[0.218957] (turtlebot3_gazebo) StdoutLine: {'line': b'-- Up-to-date: /home/ayham/Courses/CBL/ub/projects/install/turtlebot3_gazebo/share/turtlebot3_gazebo//models/turtlebot3_dqn_world/inner_walls/model.config\n'}
[0.219058] (turtlebot3_gazebo) StdoutLine: {'line': b'-- Up-to-date: /home/ayham/Courses/CBL/ub/projects/install/turtlebot3_gazebo/share/turtlebot3_gazebo//models/turtlebot3_dqn_world/obstacles\n'}
[0.219099] (turtlebot3_gazebo) StdoutLine: {'line': b'-- Up-to-date: /home/ayham/Courses/CBL/ub/projects/install/turtlebot3_gazebo/share/turtlebot3_gazebo//models/turtlebot3_dqn_world/obstacles/model.sdf\n'}
[0.219123] (turtlebot3_gazebo) StdoutLine: {'line': b'-- Up-to-date: /home/ayham/Courses/CBL/ub/projects/install/turtlebot3_gazebo/share/turtlebot3_gazebo//models/turtlebot3_dqn_world/obstacles/model.config\n'}
[0.219168] (turtlebot3_gazebo) StdoutLine: {'line': b'-- Up-to-date: /home/ayham/Courses/CBL/ub/projects/install/turtlebot3_gazebo/share/turtlebot3_gazebo//models/turtlebot3_dqn_world/obstacle2\n'}
[0.219381] (turtlebot3_gazebo) StdoutLine: {'line': b'-- Up-to-date: /home/ayham/Courses/CBL/ub/projects/install/turtlebot3_gazebo/share/turtlebot3_gazebo//models/turtlebot3_dqn_world/obstacle2/model.sdf\n'}
[0.219617] (turtlebot3_gazebo) StdoutLine: {'line': b'-- Up-to-date: /home/ayham/Courses/CBL/ub/projects/install/turtlebot3_gazebo/share/turtlebot3_gazebo//models/turtlebot3_dqn_world/obstacle2/model.config\n'}
[0.219993] (turtlebot3_gazebo) StdoutLine: {'line': b'-- Up-to-date: /home/ayham/Courses/CBL/ub/projects/install/turtlebot3_gazebo/share/turtlebot3_gazebo//rviz\n'}
[0.220021] (turtlebot3_gazebo) StdoutLine: {'line': b'-- Up-to-date: /home/ayham/Courses/CBL/ub/projects/install/turtlebot3_gazebo/share/turtlebot3_gazebo//rviz/tb3_gazebo.rviz\n'}
[0.220046] (turtlebot3_gazebo) StdoutLine: {'line': b'-- Up-to-date: /home/ayham/Courses/CBL/ub/projects/install/turtlebot3_gazebo/share/turtlebot3_gazebo//worlds\n'}
[0.220070] (turtlebot3_gazebo) StdoutLine: {'line': b'-- Up-to-date: /home/ayham/Courses/CBL/ub/projects/install/turtlebot3_gazebo/share/turtlebot3_gazebo//worlds/empty_worlds\n'}
[0.220095] (turtlebot3_gazebo) StdoutLine: {'line': b'-- Up-to-date: /home/ayham/Courses/CBL/ub/projects/install/turtlebot3_gazebo/share/turtlebot3_gazebo//worlds/empty_worlds/burger.model\n'}
[0.220119] (turtlebot3_gazebo) StdoutLine: {'line': b'-- Up-to-date: /home/ayham/Courses/CBL/ub/projects/install/turtlebot3_gazebo/share/turtlebot3_gazebo//worlds/empty_worlds/waffle.model\n'}
[0.220143] (turtlebot3_gazebo) StdoutLine: {'line': b'-- Up-to-date: /home/ayham/Courses/CBL/ub/projects/install/turtlebot3_gazebo/share/turtlebot3_gazebo//worlds/empty_worlds/waffle_pi.model\n'}
[0.220166] (turtlebot3_gazebo) StdoutLine: {'line': b'-- Up-to-date: /home/ayham/Courses/CBL/ub/projects/install/turtlebot3_gazebo/share/turtlebot3_gazebo//worlds/empty_worlds/burger.model.bak\n'}
[0.220192] (turtlebot3_gazebo) StdoutLine: {'line': b'-- Up-to-date: /home/ayham/Courses/CBL/ub/projects/install/turtlebot3_gazebo/share/turtlebot3_gazebo//worlds/turtlebot3_dqn_stage3\n'}
[0.220249] (turtlebot3_gazebo) StdoutLine: {'line': b'-- Up-to-date: /home/ayham/Courses/CBL/ub/projects/install/turtlebot3_gazebo/share/turtlebot3_gazebo//worlds/turtlebot3_dqn_stage3/burger.model\n'}
[0.220274] (turtlebot3_gazebo) StdoutLine: {'line': b'-- Up-to-date: /home/ayham/Courses/CBL/ub/projects/install/turtlebot3_gazebo/share/turtlebot3_gazebo//worlds/turtlebot3_dqn_stage3/waffle.model\n'}
[0.220299] (turtlebot3_gazebo) StdoutLine: {'line': b'-- Up-to-date: /home/ayham/Courses/CBL/ub/projects/install/turtlebot3_gazebo/share/turtlebot3_gazebo//worlds/turtlebot3_dqn_stage3/waffle_pi.model\n'}
[0.220324] (turtlebot3_gazebo) StdoutLine: {'line': b'-- Up-to-date: /home/ayham/Courses/CBL/ub/projects/install/turtlebot3_gazebo/share/turtlebot3_gazebo//worlds/turtlebot3_houses\n'}
[0.220371] (turtlebot3_gazebo) StdoutLine: {'line': b'-- Up-to-date: /home/ayham/Courses/CBL/ub/projects/install/turtlebot3_gazebo/share/turtlebot3_gazebo//worlds/turtlebot3_houses/burger.model\n'}
[0.220398] (turtlebot3_gazebo) StdoutLine: {'line': b'-- Up-to-date: /home/ayham/Courses/CBL/ub/projects/install/turtlebot3_gazebo/share/turtlebot3_gazebo//worlds/turtlebot3_houses/waffle.model\n'}
[0.220426] (turtlebot3_gazebo) StdoutLine: {'line': b'-- Up-to-date: /home/ayham/Courses/CBL/ub/projects/install/turtlebot3_gazebo/share/turtlebot3_gazebo//worlds/turtlebot3_houses/waffle_pi.model\n'}
[0.220452] (turtlebot3_gazebo) StdoutLine: {'line': b'-- Up-to-date: /home/ayham/Courses/CBL/ub/projects/install/turtlebot3_gazebo/share/turtlebot3_gazebo//worlds/turtlebot3_worlds\n'}
[0.220477] (turtlebot3_gazebo) StdoutLine: {'line': b'-- Up-to-date: /home/ayham/Courses/CBL/ub/projects/install/turtlebot3_gazebo/share/turtlebot3_gazebo//worlds/turtlebot3_worlds/burger.model\n'}
[0.220503] (turtlebot3_gazebo) StdoutLine: {'line': b'-- Up-to-date: /home/ayham/Courses/CBL/ub/projects/install/turtlebot3_gazebo/share/turtlebot3_gazebo//worlds/turtlebot3_worlds/waffle.model\n'}
[0.220530] (turtlebot3_gazebo) StdoutLine: {'line': b'-- Up-to-date: /home/ayham/Courses/CBL/ub/projects/install/turtlebot3_gazebo/share/turtlebot3_gazebo//worlds/turtlebot3_worlds/waffle_pi.model\n'}
[0.220556] (turtlebot3_gazebo) StdoutLine: {'line': b'-- Up-to-date: /home/ayham/Courses/CBL/ub/projects/install/turtlebot3_gazebo/share/turtlebot3_gazebo//worlds/turtlebot3_dqn_stage2\n'}
[0.220579] (turtlebot3_gazebo) StdoutLine: {'line': b'-- Up-to-date: /home/ayham/Courses/CBL/ub/projects/install/turtlebot3_gazebo/share/turtlebot3_gazebo//worlds/turtlebot3_dqn_stage2/burger.model\n'}
[0.220602] (turtlebot3_gazebo) StdoutLine: {'line': b'-- Up-to-date: /home/ayham/Courses/CBL/ub/projects/install/turtlebot3_gazebo/share/turtlebot3_gazebo//worlds/turtlebot3_dqn_stage2/waffle.model\n'}
[0.220626] (turtlebot3_gazebo) StdoutLine: {'line': b'-- Up-to-date: /home/ayham/Courses/CBL/ub/projects/install/turtlebot3_gazebo/share/turtlebot3_gazebo//worlds/turtlebot3_dqn_stage2/waffle_pi.model\n'}
[0.220650] (turtlebot3_gazebo) StdoutLine: {'line': b'-- Up-to-date: /home/ayham/Courses/CBL/ub/projects/install/turtlebot3_gazebo/share/turtlebot3_gazebo//worlds/turtlebot3_dqn_stage4\n'}
[0.220695] (turtlebot3_gazebo) StdoutLine: {'line': b'-- Up-to-date: /home/ayham/Courses/CBL/ub/projects/install/turtlebot3_gazebo/share/turtlebot3_gazebo//worlds/turtlebot3_dqn_stage4/burger.model\n'}
[0.220723] (turtlebot3_gazebo) StdoutLine: {'line': b'-- Up-to-date: /home/ayham/Courses/CBL/ub/projects/install/turtlebot3_gazebo/share/turtlebot3_gazebo//worlds/turtlebot3_dqn_stage4/waffle.model\n'}
[0.220746] (turtlebot3_gazebo) StdoutLine: {'line': b'-- Up-to-date: /home/ayham/Courses/CBL/ub/projects/install/turtlebot3_gazebo/share/turtlebot3_gazebo//worlds/turtlebot3_dqn_stage4/waffle_pi.model\n'}
[0.220770] (turtlebot3_gazebo) StdoutLine: {'line': b'-- Up-to-date: /home/ayham/Courses/CBL/ub/projects/install/turtlebot3_gazebo/share/turtlebot3_gazebo//worlds/turtlebot3_dqn_stage1\n'}
[0.220794] (turtlebot3_gazebo) StdoutLine: {'line': b'-- Up-to-date: /home/ayham/Courses/CBL/ub/projects/install/turtlebot3_gazebo/share/turtlebot3_gazebo//worlds/turtlebot3_dqn_stage1/burger.model\n'}
[0.220819] (turtlebot3_gazebo) StdoutLine: {'line': b'-- Up-to-date: /home/ayham/Courses/CBL/ub/projects/install/turtlebot3_gazebo/share/turtlebot3_gazebo//worlds/turtlebot3_dqn_stage1/waffle.model\n'}
[0.220846] (turtlebot3_gazebo) StdoutLine: {'line': b'-- Up-to-date: /home/ayham/Courses/CBL/ub/projects/install/turtlebot3_gazebo/share/turtlebot3_gazebo//worlds/turtlebot3_dqn_stage1/waffle_pi.model\n'}
[0.220874] (turtlebot3_gazebo) StdoutLine: {'line': b'-- Up-to-date: /home/ayham/Courses/CBL/ub/projects/install/turtlebot3_gazebo/share/turtlebot3_gazebo//worlds/turtlebot3_autoraces\n'}
[0.220897] (turtlebot3_gazebo) StdoutLine: {'line': b'-- Up-to-date: /home/ayham/Courses/CBL/ub/projects/install/turtlebot3_gazebo/share/turtlebot3_gazebo//worlds/turtlebot3_autoraces/burger.model\n'}
[0.220923] (turtlebot3_gazebo) StdoutLine: {'line': b'-- Up-to-date: /home/ayham/Courses/CBL/ub/projects/install/turtlebot3_gazebo/share/turtlebot3_gazebo//worlds/turtlebot3_autoraces/waffle.model\n'}
[0.220948] (turtlebot3_gazebo) StdoutLine: {'line': b'-- Up-to-date: /home/ayham/Courses/CBL/ub/projects/install/turtlebot3_gazebo/share/turtlebot3_gazebo//worlds/turtlebot3_autoraces/waffle_pi.model\n'}
[0.220972] (turtlebot3_gazebo) StdoutLine: {'line': b'-- Up-to-date: /home/ayham/Courses/CBL/ub/projects/install/turtlebot3_gazebo/include/\n'}
[0.220995] (turtlebot3_gazebo) StdoutLine: {'line': b'-- Up-to-date: /home/ayham/Courses/CBL/ub/projects/install/turtlebot3_gazebo/include//turtlebot3_gazebo\n'}
[0.221025] (turtlebot3_gazebo) StdoutLine: {'line': b'-- Up-to-date: /home/ayham/Courses/CBL/ub/projects/install/turtlebot3_gazebo/include//turtlebot3_gazebo/turtlebot3_drive.hpp\n'}
[0.221050] (turtlebot3_gazebo) StdoutLine: {'line': b'-- Up-to-date: /home/ayham/Courses/CBL/ub/projects/install/turtlebot3_gazebo/share/ament_index/resource_index/package_run_dependencies/turtlebot3_gazebo\n'}
[0.221073] (turtlebot3_gazebo) StdoutLine: {'line': b'-- Up-to-date: /home/ayham/Courses/CBL/ub/projects/install/turtlebot3_gazebo/share/ament_index/resource_index/parent_prefix_path/turtlebot3_gazebo\n'}
[0.221096] (turtlebot3_gazebo) StdoutLine: {'line': b'-- Up-to-date: /home/ayham/Courses/CBL/ub/projects/install/turtlebot3_gazebo/share/turtlebot3_gazebo/environment/ament_prefix_path.sh\n'}
[0.221119] (turtlebot3_gazebo) StdoutLine: {'line': b'-- Up-to-date: /home/ayham/Courses/CBL/ub/projects/install/turtlebot3_gazebo/share/turtlebot3_gazebo/environment/ament_prefix_path.dsv\n'}
[0.221147] (turtlebot3_gazebo) StdoutLine: {'line': b'-- Up-to-date: /home/ayham/Courses/CBL/ub/projects/install/turtlebot3_gazebo/share/turtlebot3_gazebo/environment/path.sh\n'}
[0.221172] (turtlebot3_gazebo) StdoutLine: {'line': b'-- Up-to-date: /home/ayham/Courses/CBL/ub/projects/install/turtlebot3_gazebo/share/turtlebot3_gazebo/environment/path.dsv\n'}
[0.221200] (turtlebot3_gazebo) StdoutLine: {'line': b'-- Up-to-date: /home/ayham/Courses/CBL/ub/projects/install/turtlebot3_gazebo/share/turtlebot3_gazebo/local_setup.bash\n'}
[0.221225] (turtlebot3_gazebo) StdoutLine: {'line': b'-- Up-to-date: /home/ayham/Courses/CBL/ub/projects/install/turtlebot3_gazebo/share/turtlebot3_gazebo/local_setup.sh\n'}
[0.221249] (turtlebot3_gazebo) StdoutLine: {'line': b'-- Up-to-date: /home/ayham/Courses/CBL/ub/projects/install/turtlebot3_gazebo/share/turtlebot3_gazebo/local_setup.zsh\n'}
[0.221274] (turtlebot3_gazebo) StdoutLine: {'line': b'-- Up-to-date: /home/ayham/Courses/CBL/ub/projects/install/turtlebot3_gazebo/share/turtlebot3_gazebo/local_setup.dsv\n'}
[0.221298] (turtlebot3_gazebo) StdoutLine: {'line': b'-- Installing: /home/ayham/Courses/CBL/ub/projects/install/turtlebot3_gazebo/share/turtlebot3_gazebo/package.dsv\n'}
[0.221322] (turtlebot3_gazebo) StdoutLine: {'line': b'-- Up-to-date: /home/ayham/Courses/CBL/ub/projects/install/turtlebot3_gazebo/share/ament_index/resource_index/packages/turtlebot3_gazebo\n'}
[0.221347] (turtlebot3_gazebo) StdoutLine: {'line': b'-- Up-to-date: /home/ayham/Courses/CBL/ub/projects/install/turtlebot3_gazebo/share/turtlebot3_gazebo/cmake/ament_cmake_export_include_directories-extras.cmake\n'}
[0.221370] (turtlebot3_gazebo) StdoutLine: {'line': b'-- Up-to-date: /home/ayham/Courses/CBL/ub/projects/install/turtlebot3_gazebo/share/turtlebot3_gazebo/cmake/ament_cmake_export_dependencies-extras.cmake\n'}
[0.221394] (turtlebot3_gazebo) StdoutLine: {'line': b'-- Up-to-date: /home/ayham/Courses/CBL/ub/projects/install/turtlebot3_gazebo/share/turtlebot3_gazebo/cmake/turtlebot3_gazeboConfig.cmake\n'}
[0.221420] (turtlebot3_gazebo) StdoutLine: {'line': b'-- Up-to-date: /home/ayham/Courses/CBL/ub/projects/install/turtlebot3_gazebo/share/turtlebot3_gazebo/cmake/turtlebot3_gazeboConfig-version.cmake\n'}
[0.221445] (turtlebot3_gazebo) StdoutLine: {'line': b'-- Up-to-date: /home/ayham/Courses/CBL/ub/projects/install/turtlebot3_gazebo/share/turtlebot3_gazebo/package.xml\n'}
[0.221470] (turtlebot3_gazebo) CommandEnded: {'returncode': 0}
[0.228652] (turtlebot3_gazebo) JobEnded: {'identifier': 'turtlebot3_gazebo', 'rc': 0}
[0.230202] (turtlebot3_simulations) JobStarted: {'identifier': 'turtlebot3_simulations'}
[0.232799] (turtlebot3_simulations) JobProgress: {'identifier': 'turtlebot3_simulations', 'progress': 'cmake'}
[0.233237] (turtlebot3_simulations) JobProgress: {'identifier': 'turtlebot3_simulations', 'progress': 'build'}
[0.233606] (turtlebot3_simulations) Command: {'cmd': ['/usr/bin/cmake', '--build', '/home/ayham/Courses/CBL/ub/projects/build/turtlebot3_simulations', '--', '-j20', '-l20'], 'cwd': '/home/ayham/Courses/CBL/ub/projects/build/turtlebot3_simulations', 'env': OrderedDict([('KDE_FULL_SESSION', 'true'), ('MAIL', '/var/spool/mail/ayham'), ('LANGUAGE', 'en_GB'), ('GHOSTTY_RESOURCES_DIR', '/usr/share/ghostty'), ('USER', 'ayham'), ('PAM_KWALLET5_LOGIN', '/run/user/1000/kwallet5.socket'), ('HOSTNAME', 'Laptop'), ('XDG_SESSION_TYPE', 'wayland'), ('XDG_CACHE_HOME', '/home/ayham/.cache'), ('QT_WAYLAND_RECONNECT', '1'), ('SHLVL', '3'), ('MOTD_SHOWN', 'pam'), ('HOME', '/home/ayham'), ('TERMINFO', '/usr/share/terminfo'), ('KDE_APPLICATIONS_AS_SCOPE', '1'), ('OLDPWD', '/home/ayham'), ('TERM_PROGRAM_VERSION', '1.1.3-arch1'), ('DESKTOP_SESSION', 'plasma'), ('GRADLE_HOME', '/usr/share/java/gradle'), ('GTK_RC_FILES', '/etc/gtk/gtkrc:/home/ayham/.gtkrc:/home/ayham/.config/gtkrc'), ('KDE_SESSION_VERSION', '6'), ('PS1', '[\\u@\\h \\W]\\$'), ('LC_MONETARY', 'en_IE.UTF-8'), ('MANAGERPID', '1345'), ('DISTROBOX_ENTER_PATH', '/usr/bin/distrobox-enter'), ('SYSTEMD_EXEC_PID', '1558'), ('XDG_STATE_HOME', '/home/ayham/.local/state'), ('DBUS_SESSION_BUS_ADDRESS', 'unix:path=/run/user/1000/bus'), ('COLORTERM', 'truecolor'), ('container', 'podman'), ('IM_CONFIG_PHASE', '1'), ('WAYLAND_DISPLAY', 'wayland-0'), ('LOGNAME', 'ayham'), ('QT_AUTO_SCREEN_SCALE_FACTOR', '0'), ('JOURNAL_STREAM', '9:27649'), ('_', '/usr/bin/colcon'), ('MEMORY_PRESSURE_WATCH', '/sys/fs/cgroup/user.slice/user-1000.slice/user@1000.service/session.slice/plasma-plasmashell.service/memory.pressure'), ('XDG_SESSION_CLASS', 'user'), ('TERMINFO_DIRS', '/usr/share/terminfo:/run/host/usr/share/terminfo'), ('TERM', 'xterm-ghostty'), ('GHOSTTY_SHELL_INTEGRATION_NO_SUDO', '1'), ('XDG_SESSION_ID', '2'), ('GTK2_RC_FILES', '/etc/gtk-2.0/gtkrc:/home/ayham/.gtkrc-2.0:/home/ayham/.config/gtkrc-2.0'), ('PATH', '/home/ayham/.local/bin:/home/ayham/anaconda3/bin:/home/ayham/.local/bin:/home/ayham/anaconda3/bin:/usr/local/sbin:/usr/local/bin:/usr/bin:/opt/android-sdk/platform-tools:/var/lib/flatpak/exports/bin:/usr/lib/jvm/default/bin:/usr/bin/site_perl:/usr/bin/vendor_perl:/usr/bin/core_perl:/usr/lib/rustup/bin:/home/ayham/.local/bin:/home/ayham/.local/bin:/usr/local/sbin:/usr/local/bin:/usr/sbin:/usr/bin:/sbin:/bin:/usr/sbin:/sbin:/bin:/home/ayham/.local/bin:/home/ayham/.local/bin'), ('SESSION_MANAGER', 'local/Laptop:@/tmp/.ICE-unix/1539,unix/Laptop:/tmp/.ICE-unix/1539'), ('INVOCATION_ID', 'db46b2bb5c0e4e1eaeac738a15f02d1c'), ('XDG_SESSION_PATH', '/org/freedesktop/DisplayManager/Session1'), ('XDG_MENU_PREFIX', 'plasma-'), ('LC_ADDRESS', 'C.UTF-8'), ('XDG_RUNTIME_DIR', '/run/user/1000'), ('ICEAUTHORITY', '/run/user/1000/iceauth_BdxvKY'), ('DISPLAY', ':1'), ('LANG', 'C.UTF-8'), ('XDG_CURRENT_DESKTOP', 'KDE'), ('LC_TELEPHONE', 'C.UTF-8'), ('XDG_DATA_HOME', '/home/ayham/.local/share'), ('XDG_CONFIG_HOME', '/home/ayham/.config'), ('XDG_SESSION_DESKTOP', 'KDE'), ('XAUTHORITY', '/run/user/1000/xauth_qexIvC'), ('TERM_PROGRAM', 'ghostty'), ('AMENT_PREFIX_PATH', '/home/ayham/Courses/CBL/ub/projects/install/turtlebot3_gazebo:/home/ayham/Courses/CBL/ub/projects/install/turtlebot3_description'), ('SHELL', '/usr/bin/bash'), ('GHOSTTY_BIN_DIR', '/usr/bin'), ('LC_NAME', 'C.UTF-8'), ('LC_MEASUREMENT', 'C.UTF-8'), ('PWD', '/home/ayham/Courses/CBL/ub/projects/build/turtlebot3_simulations'), ('CONTAINER_ID', 'ros2-foxy'), ('XDG_CONFIG_DIRS', '/etc/xdg/xdg-plasma:/home/ayham/.config/kdedefaults:/etc/xdg'), ('XDG_DATA_DIRS', '/usr/share/plasma:/home/ayham/.local/share/flatpak/exports/share:/var/lib/flatpak/exports/share:/usr/local/share:/usr/share'), ('KDE_SESSION_UID', '1000'), ('COLCON', '1'), ('MEMORY_PRESSURE_WRITE', 'c29tZSAyMDAwMDAgMjAwMDAwMAA='), ('CMAKE_PREFIX_PATH', '/home/ayham/Courses/CBL/ub/projects/install/turtlebot3_gazebo:/home/ayham/Courses/CBL/ub/projects/install/turtlebot3_description')]), 'shell': False}
[0.262963] (turtlebot3_simulations) CommandEnded: {'returncode': 0}
[0.263479] (turtlebot3_simulations) JobProgress: {'identifier': 'turtlebot3_simulations', 'progress': 'install'}
[0.263695] (turtlebot3_simulations) Command: {'cmd': ['/usr/bin/cmake', '--install', '/home/ayham/Courses/CBL/ub/projects/build/turtlebot3_simulations'], 'cwd': '/home/ayham/Courses/CBL/ub/projects/build/turtlebot3_simulations', 'env': OrderedDict([('KDE_FULL_SESSION', 'true'), ('MAIL', '/var/spool/mail/ayham'), ('LANGUAGE', 'en_GB'), ('GHOSTTY_RESOURCES_DIR', '/usr/share/ghostty'), ('USER', 'ayham'), ('PAM_KWALLET5_LOGIN', '/run/user/1000/kwallet5.socket'), ('HOSTNAME', 'Laptop'), ('XDG_SESSION_TYPE', 'wayland'), ('XDG_CACHE_HOME', '/home/ayham/.cache'), ('QT_WAYLAND_RECONNECT', '1'), ('SHLVL', '3'), ('MOTD_SHOWN', 'pam'), ('HOME', '/home/ayham'), ('TERMINFO', '/usr/share/terminfo'), ('KDE_APPLICATIONS_AS_SCOPE', '1'), ('OLDPWD', '/home/ayham'), ('TERM_PROGRAM_VERSION', '1.1.3-arch1'), ('DESKTOP_SESSION', 'plasma'), ('GRADLE_HOME', '/usr/share/java/gradle'), ('GTK_RC_FILES', '/etc/gtk/gtkrc:/home/ayham/.gtkrc:/home/ayham/.config/gtkrc'), ('KDE_SESSION_VERSION', '6'), ('PS1', '[\\u@\\h \\W]\\$'), ('LC_MONETARY', 'en_IE.UTF-8'), ('MANAGERPID', '1345'), ('DISTROBOX_ENTER_PATH', '/usr/bin/distrobox-enter'), ('SYSTEMD_EXEC_PID', '1558'), ('XDG_STATE_HOME', '/home/ayham/.local/state'), ('DBUS_SESSION_BUS_ADDRESS', 'unix:path=/run/user/1000/bus'), ('COLORTERM', 'truecolor'), ('container', 'podman'), ('IM_CONFIG_PHASE', '1'), ('WAYLAND_DISPLAY', 'wayland-0'), ('LOGNAME', 'ayham'), ('QT_AUTO_SCREEN_SCALE_FACTOR', '0'), ('JOURNAL_STREAM', '9:27649'), ('_', '/usr/bin/colcon'), ('MEMORY_PRESSURE_WATCH', '/sys/fs/cgroup/user.slice/user-1000.slice/user@1000.service/session.slice/plasma-plasmashell.service/memory.pressure'), ('XDG_SESSION_CLASS', 'user'), ('TERMINFO_DIRS', '/usr/share/terminfo:/run/host/usr/share/terminfo'), ('TERM', 'xterm-ghostty'), ('GHOSTTY_SHELL_INTEGRATION_NO_SUDO', '1'), ('XDG_SESSION_ID', '2'), ('GTK2_RC_FILES', '/etc/gtk-2.0/gtkrc:/home/ayham/.gtkrc-2.0:/home/ayham/.config/gtkrc-2.0'), ('PATH', '/home/ayham/.local/bin:/home/ayham/anaconda3/bin:/home/ayham/.local/bin:/home/ayham/anaconda3/bin:/usr/local/sbin:/usr/local/bin:/usr/bin:/opt/android-sdk/platform-tools:/var/lib/flatpak/exports/bin:/usr/lib/jvm/default/bin:/usr/bin/site_perl:/usr/bin/vendor_perl:/usr/bin/core_perl:/usr/lib/rustup/bin:/home/ayham/.local/bin:/home/ayham/.local/bin:/usr/local/sbin:/usr/local/bin:/usr/sbin:/usr/bin:/sbin:/bin:/usr/sbin:/sbin:/bin:/home/ayham/.local/bin:/home/ayham/.local/bin'), ('SESSION_MANAGER', 'local/Laptop:@/tmp/.ICE-unix/1539,unix/Laptop:/tmp/.ICE-unix/1539'), ('INVOCATION_ID', 'db46b2bb5c0e4e1eaeac738a15f02d1c'), ('XDG_SESSION_PATH', '/org/freedesktop/DisplayManager/Session1'), ('XDG_MENU_PREFIX', 'plasma-'), ('LC_ADDRESS', 'C.UTF-8'), ('XDG_RUNTIME_DIR', '/run/user/1000'), ('ICEAUTHORITY', '/run/user/1000/iceauth_BdxvKY'), ('DISPLAY', ':1'), ('LANG', 'C.UTF-8'), ('XDG_CURRENT_DESKTOP', 'KDE'), ('LC_TELEPHONE', 'C.UTF-8'), ('XDG_DATA_HOME', '/home/ayham/.local/share'), ('XDG_CONFIG_HOME', '/home/ayham/.config'), ('XDG_SESSION_DESKTOP', 'KDE'), ('XAUTHORITY', '/run/user/1000/xauth_qexIvC'), ('TERM_PROGRAM', 'ghostty'), ('AMENT_PREFIX_PATH', '/home/ayham/Courses/CBL/ub/projects/install/turtlebot3_gazebo:/home/ayham/Courses/CBL/ub/projects/install/turtlebot3_description'), ('SHELL', '/usr/bin/bash'), ('GHOSTTY_BIN_DIR', '/usr/bin'), ('LC_NAME', 'C.UTF-8'), ('LC_MEASUREMENT', 'C.UTF-8'), ('PWD', '/home/ayham/Courses/CBL/ub/projects/build/turtlebot3_simulations'), ('CONTAINER_ID', 'ros2-foxy'), ('XDG_CONFIG_DIRS', '/etc/xdg/xdg-plasma:/home/ayham/.config/kdedefaults:/etc/xdg'), ('XDG_DATA_DIRS', '/usr/share/plasma:/home/ayham/.local/share/flatpak/exports/share:/var/lib/flatpak/exports/share:/usr/local/share:/usr/share'), ('KDE_SESSION_UID', '1000'), ('COLCON', '1'), ('MEMORY_PRESSURE_WRITE', 'c29tZSAyMDAwMDAgMjAwMDAwMAA='), ('CMAKE_PREFIX_PATH', '/home/ayham/Courses/CBL/ub/projects/install/turtlebot3_gazebo:/home/ayham/Courses/CBL/ub/projects/install/turtlebot3_description')]), 'shell': False}
[0.269893] (turtlebot3_simulations) StdoutLine: {'line': b'-- Install configuration: ""\n'}
[0.269996] (turtlebot3_simulations) StdoutLine: {'line': b'-- Up-to-date: /home/ayham/Courses/CBL/ub/projects/install/turtlebot3_simulations/share/ament_index/resource_index/package_run_dependencies/turtlebot3_simulations\n'}
[0.270031] (turtlebot3_simulations) StdoutLine: {'line': b'-- Up-to-date: /home/ayham/Courses/CBL/ub/projects/install/turtlebot3_simulations/share/ament_index/resource_index/parent_prefix_path/turtlebot3_simulations\n'}
[0.270059] (turtlebot3_simulations) StdoutLine: {'line': b'-- Up-to-date: /home/ayham/Courses/CBL/ub/projects/install/turtlebot3_simulations/share/turtlebot3_simulations/environment/ament_prefix_path.sh\n'}
[0.270085] (turtlebot3_simulations) StdoutLine: {'line': b'-- Up-to-date: /home/ayham/Courses/CBL/ub/projects/install/turtlebot3_simulations/share/turtlebot3_simulations/environment/ament_prefix_path.dsv\n'}
[0.270144] (turtlebot3_simulations) StdoutLine: {'line': b'-- Up-to-date: /home/ayham/Courses/CBL/ub/projects/install/turtlebot3_simulations/share/turtlebot3_simulations/environment/path.sh\n'}
[0.270175] (turtlebot3_simulations) StdoutLine: {'line': b'-- Up-to-date: /home/ayham/Courses/CBL/ub/projects/install/turtlebot3_simulations/share/turtlebot3_simulations/environment/path.dsv\n'}
[0.270206] (turtlebot3_simulations) StdoutLine: {'line': b'-- Up-to-date: /home/ayham/Courses/CBL/ub/projects/install/turtlebot3_simulations/share/turtlebot3_simulations/local_setup.bash\n'}
[0.270234] (turtlebot3_simulations) StdoutLine: {'line': b'-- Up-to-date: /home/ayham/Courses/CBL/ub/projects/install/turtlebot3_simulations/share/turtlebot3_simulations/local_setup.sh\n'}
[0.270260] (turtlebot3_simulations) StdoutLine: {'line': b'-- Up-to-date: /home/ayham/Courses/CBL/ub/projects/install/turtlebot3_simulations/share/turtlebot3_simulations/local_setup.zsh\n'}
[0.270284] (turtlebot3_simulations) StdoutLine: {'line': b'-- Up-to-date: /home/ayham/Courses/CBL/ub/projects/install/turtlebot3_simulations/share/turtlebot3_simulations/local_setup.dsv\n'}
[0.270309] (turtlebot3_simulations) StdoutLine: {'line': b'-- Installing: /home/ayham/Courses/CBL/ub/projects/install/turtlebot3_simulations/share/turtlebot3_simulations/package.dsv\n'}
[0.270352] (turtlebot3_simulations) StdoutLine: {'line': b'-- Up-to-date: /home/ayham/Courses/CBL/ub/projects/install/turtlebot3_simulations/share/ament_index/resource_index/packages/turtlebot3_simulations\n'}
[0.270396] (turtlebot3_simulations) StdoutLine: {'line': b'-- Up-to-date: /home/ayham/Courses/CBL/ub/projects/install/turtlebot3_simulations/share/turtlebot3_simulations/cmake/turtlebot3_simulationsConfig.cmake\n'}
[0.270421] (turtlebot3_simulations) StdoutLine: {'line': b'-- Up-to-date: /home/ayham/Courses/CBL/ub/projects/install/turtlebot3_simulations/share/turtlebot3_simulations/cmake/turtlebot3_simulationsConfig-version.cmake\n'}
[0.270443] (turtlebot3_simulations) StdoutLine: {'line': b'-- Up-to-date: /home/ayham/Courses/CBL/ub/projects/install/turtlebot3_simulations/share/turtlebot3_simulations/package.xml\n'}
[0.271874] (turtlebot3_simulations) CommandEnded: {'returncode': 0}
[0.278862] (turtlebot3_simulations) JobEnded: {'identifier': 'turtlebot3_simulations', 'rc': 0}
[0.300211] (-) TimerEvent: {}
[0.307253] (my_turtlebot3_controller) Command: {'cmd': ['/usr/bin/python3', '-W', 'ignore:setup.py install is deprecated', '-W', 'ignore:easy_install command is deprecated', 'setup.py', 'egg_info', '--egg-base', '../../build/my_turtlebot3_controller', 'build', '--build-base', '/home/ayham/Courses/CBL/ub/projects/build/my_turtlebot3_controller/build', 'install', '--record', '/home/ayham/Courses/CBL/ub/projects/build/my_turtlebot3_controller/install.log', '--single-version-externally-managed', 'install_data'], 'cwd': '/home/ayham/Courses/CBL/ub/projects/src/my_turtlebot3_controller', 'env': {'KDE_FULL_SESSION': 'true', 'MAIL': '/var/spool/mail/ayham', 'LANGUAGE': 'en_GB', 'GHOSTTY_RESOURCES_DIR': '/usr/share/ghostty', 'USER': 'ayham', 'PAM_KWALLET5_LOGIN': '/run/user/1000/kwallet5.socket', 'HOSTNAME': 'Laptop', 'XDG_SESSION_TYPE': 'wayland', 'XDG_CACHE_HOME': '/home/ayham/.cache', 'QT_WAYLAND_RECONNECT': '1', 'SHLVL': '3', 'MOTD_SHOWN': 'pam', 'HOME': '/home/ayham', 'TERMINFO': '/usr/share/terminfo', 'KDE_APPLICATIONS_AS_SCOPE': '1', 'OLDPWD': '/home/ayham', 'TERM_PROGRAM_VERSION': '1.1.3-arch1', 'DESKTOP_SESSION': 'plasma', 'GRADLE_HOME': '/usr/share/java/gradle', 'GTK_RC_FILES': '/etc/gtk/gtkrc:/home/ayham/.gtkrc:/home/ayham/.config/gtkrc', 'KDE_SESSION_VERSION': '6', 'PS1': '[\\u@\\h \\W]\\$', 'LC_MONETARY': 'en_IE.UTF-8', 'MANAGERPID': '1345', 'DISTROBOX_ENTER_PATH': '/usr/bin/distrobox-enter', 'SYSTEMD_EXEC_PID': '1558', 'XDG_STATE_HOME': '/home/ayham/.local/state', 'DBUS_SESSION_BUS_ADDRESS': 'unix:path=/run/user/1000/bus', 'COLORTERM': 'truecolor', 'container': 'podman', 'IM_CONFIG_PHASE': '1', 'WAYLAND_DISPLAY': 'wayland-0', 'LOGNAME': 'ayham', 'QT_AUTO_SCREEN_SCALE_FACTOR': '0', 'JOURNAL_STREAM': '9:27649', '_': '/usr/bin/colcon', 'MEMORY_PRESSURE_WATCH': '/sys/fs/cgroup/user.slice/user-1000.slice/user@1000.service/session.slice/plasma-plasmashell.service/memory.pressure', 'XDG_SESSION_CLASS': 'user', 'TERMINFO_DIRS': '/usr/share/terminfo:/run/host/usr/share/terminfo', 'TERM': 'xterm-ghostty', 'GHOSTTY_SHELL_INTEGRATION_NO_SUDO': '1', 'XDG_SESSION_ID': '2', 'GTK2_RC_FILES': '/etc/gtk-2.0/gtkrc:/home/ayham/.gtkrc-2.0:/home/ayham/.config/gtkrc-2.0', 'PATH': '/home/ayham/.local/bin:/home/ayham/anaconda3/bin:/home/ayham/.local/bin:/home/ayham/anaconda3/bin:/usr/local/sbin:/usr/local/bin:/usr/bin:/opt/android-sdk/platform-tools:/var/lib/flatpak/exports/bin:/usr/lib/jvm/default/bin:/usr/bin/site_perl:/usr/bin/vendor_perl:/usr/bin/core_perl:/usr/lib/rustup/bin:/home/ayham/.local/bin:/home/ayham/.local/bin:/usr/local/sbin:/usr/local/bin:/usr/sbin:/usr/bin:/sbin:/bin:/usr/sbin:/sbin:/bin:/home/ayham/.local/bin:/home/ayham/.local/bin', 'SESSION_MANAGER': 'local/Laptop:@/tmp/.ICE-unix/1539,unix/Laptop:/tmp/.ICE-unix/1539', 'INVOCATION_ID': 'db46b2bb5c0e4e1eaeac738a15f02d1c', 'XDG_SESSION_PATH': '/org/freedesktop/DisplayManager/Session1', 'XDG_MENU_PREFIX': 'plasma-', 'LC_ADDRESS': 'C.UTF-8', 'XDG_RUNTIME_DIR': '/run/user/1000', 'ICEAUTHORITY': '/run/user/1000/iceauth_BdxvKY', 'DISPLAY': ':1', 'LANG': 'C.UTF-8', 'XDG_CURRENT_DESKTOP': 'KDE', 'LC_TELEPHONE': 'C.UTF-8', 'XDG_DATA_HOME': '/home/ayham/.local/share', 'XDG_CONFIG_HOME': '/home/ayham/.config', 'XDG_SESSION_DESKTOP': 'KDE', 'XAUTHORITY': '/run/user/1000/xauth_qexIvC', 'TERM_PROGRAM': 'ghostty', 'SHELL': '/usr/bin/bash', 'GHOSTTY_BIN_DIR': '/usr/bin', 'LC_NAME': 'C.UTF-8', 'LC_MEASUREMENT': 'C.UTF-8', 'PWD': '/home/ayham/Courses/CBL/ub/projects/build/my_turtlebot3_controller', 'CONTAINER_ID': 'ros2-foxy', 'XDG_CONFIG_DIRS': '/etc/xdg/xdg-plasma:/home/ayham/.config/kdedefaults:/etc/xdg', 'XDG_DATA_DIRS': '/usr/share/plasma:/home/ayham/.local/share/flatpak/exports/share:/var/lib/flatpak/exports/share:/usr/local/share:/usr/share', 'KDE_SESSION_UID': '1000', 'COLCON': '1', 'MEMORY_PRESSURE_WRITE': 'c29tZSAyMDAwMDAgMjAwMDAwMAA=', 'PYTHONPATH': '/home/ayham/Courses/CBL/ub/projects/build/my_turtlebot3_controller/prefix_override:/usr/lib/python3/dist-packages/colcon_core/task/python/colcon_distutils_commands:/home/ayham/Courses/CBL/ub/projects/install/my_turtlebot3_controller/lib/python3.8/site-packages:'}, 'shell': False}
[0.400426] (-) TimerEvent: {}
[0.400714] (my_turtlebot3_controller) StdoutLine: {'line': b'running egg_info\n'}
[0.400897] (my_turtlebot3_controller) StdoutLine: {'line': b'writing ../../build/my_turtlebot3_controller/my_turtlebot3_controller.egg-info/PKG-INFO\n'}
[0.401013] (my_turtlebot3_controller) StdoutLine: {'line': b'writing dependency_links to ../../build/my_turtlebot3_controller/my_turtlebot3_controller.egg-info/dependency_links.txt\n'}
[0.401090] (my_turtlebot3_controller) StdoutLine: {'line': b'writing entry points to ../../build/my_turtlebot3_controller/my_turtlebot3_controller.egg-info/entry_points.txt\n'}
[0.401139] (my_turtlebot3_controller) StdoutLine: {'line': b'writing requirements to ../../build/my_turtlebot3_controller/my_turtlebot3_controller.egg-info/requires.txt\n'}
[0.401173] (my_turtlebot3_controller) StdoutLine: {'line': b'writing top-level names to ../../build/my_turtlebot3_controller/my_turtlebot3_controller.egg-info/top_level.txt\n'}
[0.418929] (my_turtlebot3_controller) StdoutLine: {'line': b"reading manifest file '../../build/my_turtlebot3_controller/my_turtlebot3_controller.egg-info/SOURCES.txt'\n"}
[0.419462] (my_turtlebot3_controller) StdoutLine: {'line': b"writing manifest file '../../build/my_turtlebot3_controller/my_turtlebot3_controller.egg-info/SOURCES.txt'\n"}
[0.419528] (my_turtlebot3_controller) StdoutLine: {'line': b'running build\n'}
[0.419557] (my_turtlebot3_controller) StdoutLine: {'line': b'running build_py\n'}
[0.419701] (my_turtlebot3_controller) StdoutLine: {'line': b'running install\n'}
[0.420122] (my_turtlebot3_controller) StdoutLine: {'line': b'running install_lib\n'}
[0.421368] (my_turtlebot3_controller) StdoutLine: {'line': b'running install_data\n'}
[0.421445] (my_turtlebot3_controller) StdoutLine: {'line': b'running install_egg_info\n'}
[0.422402] (my_turtlebot3_controller) StdoutLine: {'line': b"removing '/home/ayham/Courses/CBL/ub/projects/install/my_turtlebot3_controller/lib/python3.8/site-packages/my_turtlebot3_controller-0.0.0-py3.8.egg-info' (and everything under it)\n"}
[0.422535] (my_turtlebot3_controller) StdoutLine: {'line': b'Copying ../../build/my_turtlebot3_controller/my_turtlebot3_controller.egg-info to /home/ayham/Courses/CBL/ub/projects/install/my_turtlebot3_controller/lib/python3.8/site-packages/my_turtlebot3_controller-0.0.0-py3.8.egg-info\n'}
[0.422961] (my_turtlebot3_controller) StdoutLine: {'line': b'running install_scripts\n'}
[0.433084] (my_turtlebot3_controller) StdoutLine: {'line': b'Installing BinSensorMockNode script to /home/ayham/Courses/CBL/ub/projects/install/my_turtlebot3_controller/lib/my_turtlebot3_controller\n'}
[0.433196] (my_turtlebot3_controller) StdoutLine: {'line': b'Installing DecisionNode script to /home/ayham/Courses/CBL/ub/projects/install/my_turtlebot3_controller/lib/my_turtlebot3_controller\n'}
[0.433229] (my_turtlebot3_controller) StdoutLine: {'line': b'Installing GoToBinsNode script to /home/ayham/Courses/CBL/ub/projects/install/my_turtlebot3_controller/lib/my_turtlebot3_controller\n'}
[0.433254] (my_turtlebot3_controller) StdoutLine: {'line': b'Installing cmd_vel_relay_node script to /home/ayham/Courses/CBL/ub/projects/install/my_turtlebot3_controller/lib/my_turtlebot3_controller\n'}
[0.433412] (my_turtlebot3_controller) StdoutLine: {'line': b'Installing move_turtlebot script to /home/ayham/Courses/CBL/ub/projects/install/my_turtlebot3_controller/lib/my_turtlebot3_controller\n'}
[0.433473] (my_turtlebot3_controller) StdoutLine: {'line': b'Installing navigation_executor_node script to /home/ayham/Courses/CBL/ub/projects/install/my_turtlebot3_controller/lib/my_turtlebot3_controller\n'}
[0.433504] (my_turtlebot3_controller) StdoutLine: {'line': b"writing list of installed files to '/home/ayham/Courses/CBL/ub/projects/build/my_turtlebot3_controller/install.log'\n"}
[0.444453] (my_turtlebot3_controller) CommandEnded: {'returncode': 0}
[0.447543] (my_turtlebot3_controller) JobEnded: {'identifier': 'my_turtlebot3_controller', 'rc': 0}
[0.448000] (-) EventReactorShutdown: {}
