[0.958s] Invoking command in '/home/ayham/Courses/CBL/ub/projects/src/my_turtlebot3_controller': PS1=[\u@\h \W]\$ PYTHONPATH=/home/ayham/Courses/CBL/ub/projects/build/my_turtlebot3_controller/prefix_override:/usr/lib/python3/dist-packages/colcon_core/task/python/colcon_distutils_commands:/home/ayham/Courses/CBL/ub/projects/install/my_turtlebot3_controller/lib/python3.8/site-packages:${PYTHONPATH} /usr/bin/python3 -W ignore:setup.py install is deprecated -W ignore:easy_install command is deprecated setup.py egg_info --egg-base ../../build/my_turtlebot3_controller build --build-base /home/ayham/Courses/CBL/ub/projects/build/my_turtlebot3_controller/build install --record /home/ayham/Courses/CBL/ub/projects/build/my_turtlebot3_controller/install.log --single-version-externally-managed install_data
[1.261s] running egg_info
[1.262s] writing ../../build/my_turtlebot3_controller/my_turtlebot3_controller.egg-info/PKG-INFO
[1.262s] writing dependency_links to ../../build/my_turtlebot3_controller/my_turtlebot3_controller.egg-info/dependency_links.txt
[1.262s] writing entry points to ../../build/my_turtlebot3_controller/my_turtlebot3_controller.egg-info/entry_points.txt
[1.262s] writing requirements to ../../build/my_turtlebot3_controller/my_turtlebot3_controller.egg-info/requires.txt
[1.262s] writing top-level names to ../../build/my_turtlebot3_controller/my_turtlebot3_controller.egg-info/top_level.txt
[1.320s] reading manifest file '../../build/my_turtlebot3_controller/my_turtlebot3_controller.egg-info/SOURCES.txt'
[1.321s] writing manifest file '../../build/my_turtlebot3_controller/my_turtlebot3_controller.egg-info/SOURCES.txt'
[1.322s] running build
[1.322s] running build_py
[1.322s] running install
[1.324s] running install_lib
[1.326s] running install_data
[1.326s] running install_egg_info
[1.329s] removing '/home/ayham/Courses/CBL/ub/projects/install/my_turtlebot3_controller/lib/python3.8/site-packages/my_turtlebot3_controller-0.0.0-py3.8.egg-info' (and everything under it)
[1.330s] Copying ../../build/my_turtlebot3_controller/my_turtlebot3_controller.egg-info to /home/ayham/Courses/CBL/ub/projects/install/my_turtlebot3_controller/lib/python3.8/site-packages/my_turtlebot3_controller-0.0.0-py3.8.egg-info
[1.330s] running install_scripts
[1.361s] Installing BinSensorMockNode script to /home/ayham/Courses/CBL/ub/projects/install/my_turtlebot3_controller/lib/my_turtlebot3_controller
[1.361s] Installing DecisionNode script to /home/ayham/Courses/CBL/ub/projects/install/my_turtlebot3_controller/lib/my_turtlebot3_controller
[1.361s] Installing GoToBinsNode script to /home/ayham/Courses/CBL/ub/projects/install/my_turtlebot3_controller/lib/my_turtlebot3_controller
[1.361s] Installing cmd_vel_relay_node script to /home/ayham/Courses/CBL/ub/projects/install/my_turtlebot3_controller/lib/my_turtlebot3_controller
[1.361s] Installing move_turtlebot script to /home/ayham/Courses/CBL/ub/projects/install/my_turtlebot3_controller/lib/my_turtlebot3_controller
[1.361s] Installing navigation_executor_node script to /home/ayham/Courses/CBL/ub/projects/install/my_turtlebot3_controller/lib/my_turtlebot3_controller
[1.362s] writing list of installed files to '/home/ayham/Courses/CBL/ub/projects/build/my_turtlebot3_controller/install.log'
[1.388s] Invoked command in '/home/ayham/Courses/CBL/ub/projects/src/my_turtlebot3_controller' returned '0': PS1=[\u@\h \W]\$ PYTHONPATH=/home/ayham/Courses/CBL/ub/projects/build/my_turtlebot3_controller/prefix_override:/usr/lib/python3/dist-packages/colcon_core/task/python/colcon_distutils_commands:/home/ayham/Courses/CBL/ub/projects/install/my_turtlebot3_controller/lib/python3.8/site-packages:${PYTHONPATH} /usr/bin/python3 -W ignore:setup.py install is deprecated -W ignore:easy_install command is deprecated setup.py egg_info --egg-base ../../build/my_turtlebot3_controller build --build-base /home/ayham/Courses/CBL/ub/projects/build/my_turtlebot3_controller/build install --record /home/ayham/Courses/CBL/ub/projects/build/my_turtlebot3_controller/install.log --single-version-externally-managed install_data
