[0.084s] DEBUG:colcon:Command line arguments: ['/usr/bin/colcon', 'build']
[0.084s] DEBUG:colcon:Parsed command line arguments: Namespace(allow_overriding=[], ament_cmake_args=None, base_paths=['.'], build_base='build', catkin_cmake_args=None, catkin_skip_building_tests=False, cmake_args=None, cmake_clean_cache=False, cmake_clean_first=False, cmake_force_configure=False, cmake_target=None, cmake_target_skip_unavailable=False, continue_on_error=False, event_handlers=None, executor='parallel', ignore_user_meta=False, install_base='install', log_base=None, log_level=None, main=<bound method BuildVerb.main of <colcon_core.verb.build.BuildVerb object at 0x7ff80cf7d5b0>>, merge_install=False, metas=['./colcon.meta'], packages_above=None, packages_above_and_dependencies=None, packages_above_depth=None, packages_end=None, packages_ignore=None, packages_ignore_regex=None, packages_select=None, packages_select_build_failed=False, packages_select_by_dep=None, packages_select_regex=None, packages_select_test_failures=False, packages_skip=None, packages_skip_build_finished=False, packages_skip_by_dep=None, packages_skip_regex=None, packages_skip_test_passed=False, packages_skip_up_to=None, packages_start=None, packages_up_to=None, packages_up_to_regex=None, parallel_workers=20, paths=None, symlink_install=False, test_result_base=None, verb_extension=<colcon_core.verb.build.BuildVerb object at 0x7ff80cf7d5b0>, verb_name='build', verb_parser=<colcon_defaults.argument_parser.defaults.DefaultArgumentsDecorator object at 0x7ff80ce52be0>)
[0.151s] Level 1:colcon.colcon_core.package_discovery:discover_packages(colcon_meta) check parameters
[0.152s] Level 1:colcon.colcon_core.package_discovery:discover_packages(recursive) check parameters
[0.152s] Level 1:colcon.colcon_core.package_discovery:discover_packages(ignore) check parameters
[0.152s] Level 1:colcon.colcon_core.package_discovery:discover_packages(path) check parameters
[0.152s] Level 1:colcon.colcon_core.package_discovery:discover_packages(colcon_meta) discover
[0.152s] Level 1:colcon.colcon_core.package_discovery:discover_packages(recursive) discover
[0.152s] INFO:colcon.colcon_core.package_discovery:Crawling recursively for packages in '/home/ayham/Courses/CBL/ub/projects'
[0.152s] Level 1:colcon.colcon_core.package_identification:_identify(.) by extensions ['ignore', 'ignore_ament_install']
[0.152s] Level 1:colcon.colcon_core.package_identification:_identify(.) by extension 'ignore'
[0.152s] Level 1:colcon.colcon_core.package_identification:_identify(.) by extension 'ignore_ament_install'
[0.152s] Level 1:colcon.colcon_core.package_identification:_identify(.) by extensions ['colcon_pkg']
[0.152s] Level 1:colcon.colcon_core.package_identification:_identify(.) by extension 'colcon_pkg'
[0.152s] Level 1:colcon.colcon_core.package_identification:_identify(.) by extensions ['colcon_meta']
[0.152s] Level 1:colcon.colcon_core.package_identification:_identify(.) by extension 'colcon_meta'
[0.152s] Level 1:colcon.colcon_core.package_identification:_identify(.) by extensions ['ros']
[0.152s] Level 1:colcon.colcon_core.package_identification:_identify(.) by extension 'ros'
[0.157s] Level 1:colcon.colcon_core.package_identification:_identify(.) by extensions ['cmake', 'python']
[0.157s] Level 1:colcon.colcon_core.package_identification:_identify(.) by extension 'cmake'
[0.158s] Level 1:colcon.colcon_core.package_identification:_identify(.) by extension 'python'
[0.158s] Level 1:colcon.colcon_core.package_identification:_identify(.) by extensions ['python_setup_py']
[0.158s] Level 1:colcon.colcon_core.package_identification:_identify(.) by extension 'python_setup_py'
[0.158s] Level 1:colcon.colcon_core.package_identification:_identify(build) by extensions ['ignore', 'ignore_ament_install']
[0.158s] Level 1:colcon.colcon_core.package_identification:_identify(build) by extension 'ignore'
[0.158s] Level 1:colcon.colcon_core.package_identification:_identify(build) ignored
[0.158s] Level 1:colcon.colcon_core.package_identification:_identify(install) by extensions ['ignore', 'ignore_ament_install']
[0.158s] Level 1:colcon.colcon_core.package_identification:_identify(install) by extension 'ignore'
[0.158s] Level 1:colcon.colcon_core.package_identification:_identify(install) ignored
[0.158s] Level 1:colcon.colcon_core.package_identification:_identify(log) by extensions ['ignore', 'ignore_ament_install']
[0.158s] Level 1:colcon.colcon_core.package_identification:_identify(log) by extension 'ignore'
[0.158s] Level 1:colcon.colcon_core.package_identification:_identify(log) ignored
[0.158s] Level 1:colcon.colcon_core.package_identification:_identify(src) by extensions ['ignore', 'ignore_ament_install']
[0.158s] Level 1:colcon.colcon_core.package_identification:_identify(src) by extension 'ignore'
[0.158s] Level 1:colcon.colcon_core.package_identification:_identify(src) by extension 'ignore_ament_install'
[0.158s] Level 1:colcon.colcon_core.package_identification:_identify(src) by extensions ['colcon_pkg']
[0.158s] Level 1:colcon.colcon_core.package_identification:_identify(src) by extension 'colcon_pkg'
[0.158s] Level 1:colcon.colcon_core.package_identification:_identify(src) by extensions ['colcon_meta']
[0.158s] Level 1:colcon.colcon_core.package_identification:_identify(src) by extension 'colcon_meta'
[0.158s] Level 1:colcon.colcon_core.package_identification:_identify(src) by extensions ['ros']
[0.158s] Level 1:colcon.colcon_core.package_identification:_identify(src) by extension 'ros'
[0.158s] Level 1:colcon.colcon_core.package_identification:_identify(src) by extensions ['cmake', 'python']
[0.158s] Level 1:colcon.colcon_core.package_identification:_identify(src) by extension 'cmake'
[0.158s] Level 1:colcon.colcon_core.package_identification:_identify(src) by extension 'python'
[0.158s] Level 1:colcon.colcon_core.package_identification:_identify(src) by extensions ['python_setup_py']
[0.158s] Level 1:colcon.colcon_core.package_identification:_identify(src) by extension 'python_setup_py'
[0.158s] Level 1:colcon.colcon_core.package_identification:_identify(src/my_turtlebot3_controller) by extensions ['ignore', 'ignore_ament_install']
[0.158s] Level 1:colcon.colcon_core.package_identification:_identify(src/my_turtlebot3_controller) by extension 'ignore'
[0.158s] Level 1:colcon.colcon_core.package_identification:_identify(src/my_turtlebot3_controller) by extension 'ignore_ament_install'
[0.158s] Level 1:colcon.colcon_core.package_identification:_identify(src/my_turtlebot3_controller) by extensions ['colcon_pkg']
[0.158s] Level 1:colcon.colcon_core.package_identification:_identify(src/my_turtlebot3_controller) by extension 'colcon_pkg'
[0.158s] Level 1:colcon.colcon_core.package_identification:_identify(src/my_turtlebot3_controller) by extensions ['colcon_meta']
[0.158s] Level 1:colcon.colcon_core.package_identification:_identify(src/my_turtlebot3_controller) by extension 'colcon_meta'
[0.158s] Level 1:colcon.colcon_core.package_identification:_identify(src/my_turtlebot3_controller) by extensions ['ros']
[0.158s] Level 1:colcon.colcon_core.package_identification:_identify(src/my_turtlebot3_controller) by extension 'ros'
[0.160s] DEBUG:colcon.colcon_core.package_identification:Package 'src/my_turtlebot3_controller' with type 'ros.ament_python' and name 'my_turtlebot3_controller'
[0.160s] Level 1:colcon.colcon_core.package_identification:_identify(src/turtlebot3_fake_node) by extensions ['ignore', 'ignore_ament_install']
[0.160s] Level 1:colcon.colcon_core.package_identification:_identify(src/turtlebot3_fake_node) by extension 'ignore'
[0.160s] Level 1:colcon.colcon_core.package_identification:_identify(src/turtlebot3_fake_node) by extension 'ignore_ament_install'
[0.160s] Level 1:colcon.colcon_core.package_identification:_identify(src/turtlebot3_fake_node) by extensions ['colcon_pkg']
[0.160s] Level 1:colcon.colcon_core.package_identification:_identify(src/turtlebot3_fake_node) by extension 'colcon_pkg'
[0.160s] Level 1:colcon.colcon_core.package_identification:_identify(src/turtlebot3_fake_node) by extensions ['colcon_meta']
[0.160s] Level 1:colcon.colcon_core.package_identification:_identify(src/turtlebot3_fake_node) by extension 'colcon_meta'
[0.160s] Level 1:colcon.colcon_core.package_identification:_identify(src/turtlebot3_fake_node) by extensions ['ros']
[0.160s] Level 1:colcon.colcon_core.package_identification:_identify(src/turtlebot3_fake_node) by extension 'ros'
[0.161s] DEBUG:colcon.colcon_core.package_identification:Package 'src/turtlebot3_fake_node' with type 'ros.ament_cmake' and name 'turtlebot3_fake_node'
[0.161s] Level 1:colcon.colcon_core.package_identification:_identify(src/turtlebot3_gazebo) by extensions ['ignore', 'ignore_ament_install']
[0.161s] Level 1:colcon.colcon_core.package_identification:_identify(src/turtlebot3_gazebo) by extension 'ignore'
[0.161s] Level 1:colcon.colcon_core.package_identification:_identify(src/turtlebot3_gazebo) by extension 'ignore_ament_install'
[0.161s] Level 1:colcon.colcon_core.package_identification:_identify(src/turtlebot3_gazebo) by extensions ['colcon_pkg']
[0.161s] Level 1:colcon.colcon_core.package_identification:_identify(src/turtlebot3_gazebo) by extension 'colcon_pkg'
[0.161s] Level 1:colcon.colcon_core.package_identification:_identify(src/turtlebot3_gazebo) by extensions ['colcon_meta']
[0.161s] Level 1:colcon.colcon_core.package_identification:_identify(src/turtlebot3_gazebo) by extension 'colcon_meta'
[0.161s] Level 1:colcon.colcon_core.package_identification:_identify(src/turtlebot3_gazebo) by extensions ['ros']
[0.161s] Level 1:colcon.colcon_core.package_identification:_identify(src/turtlebot3_gazebo) by extension 'ros'
[0.162s] DEBUG:colcon.colcon_core.package_identification:Package 'src/turtlebot3_gazebo' with type 'ros.ament_cmake' and name 'turtlebot3_gazebo'
[0.162s] Level 1:colcon.colcon_core.package_identification:_identify(src/turtlebot3_simulations) by extensions ['ignore', 'ignore_ament_install']
[0.162s] Level 1:colcon.colcon_core.package_identification:_identify(src/turtlebot3_simulations) by extension 'ignore'
[0.162s] Level 1:colcon.colcon_core.package_identification:_identify(src/turtlebot3_simulations) by extension 'ignore_ament_install'
[0.162s] Level 1:colcon.colcon_core.package_identification:_identify(src/turtlebot3_simulations) by extensions ['colcon_pkg']
[0.162s] Level 1:colcon.colcon_core.package_identification:_identify(src/turtlebot3_simulations) by extension 'colcon_pkg'
[0.162s] Level 1:colcon.colcon_core.package_identification:_identify(src/turtlebot3_simulations) by extensions ['colcon_meta']
[0.162s] Level 1:colcon.colcon_core.package_identification:_identify(src/turtlebot3_simulations) by extension 'colcon_meta'
[0.162s] Level 1:colcon.colcon_core.package_identification:_identify(src/turtlebot3_simulations) by extensions ['ros']
[0.162s] Level 1:colcon.colcon_core.package_identification:_identify(src/turtlebot3_simulations) by extension 'ros'
[0.162s] DEBUG:colcon.colcon_core.package_identification:Package 'src/turtlebot3_simulations' with type 'ros.ament_cmake' and name 'turtlebot3_simulations'
[0.162s] Level 1:colcon.colcon_core.package_discovery:discover_packages(recursive) using defaults
[0.162s] Level 1:colcon.colcon_core.package_discovery:discover_packages(ignore) discover
[0.162s] Level 1:colcon.colcon_core.package_discovery:discover_packages(ignore) using defaults
[0.162s] Level 1:colcon.colcon_core.package_discovery:discover_packages(path) discover
[0.162s] Level 1:colcon.colcon_core.package_discovery:discover_packages(path) using defaults
[0.171s] Level 1:colcon.colcon_core.package_discovery:discover_packages(prefix_path) check parameters
[0.171s] Level 1:colcon.colcon_core.package_discovery:discover_packages(prefix_path) discover
[0.171s] WARNING:colcon.colcon_ros.prefix_path.ament:The path '/home/ayham/Courses/CBL/ub/projects/install/turtlebot3_description' in the environment variable AMENT_PREFIX_PATH doesn't exist
[0.172s] WARNING:colcon.colcon_ros.prefix_path.catkin:The path '/home/ayham/Courses/CBL/ub/projects/install/turtlebot3_description' in the environment variable CMAKE_PREFIX_PATH doesn't exist
[0.172s] DEBUG:colcon.colcon_installed_package_information.package_discovery:Found 4 installed packages in /home/ayham/Courses/CBL/ub/projects/install
[0.173s] DEBUG:colcon.colcon_installed_package_information.package_discovery:Found 318 installed packages in /opt/ros/foxy
[0.174s] Level 1:colcon.colcon_core.package_discovery:discover_packages(prefix_path) using defaults
[0.210s] Level 5:colcon.colcon_core.verb:set package 'my_turtlebot3_controller' build argument 'cmake_args' from command line to 'None'
[0.210s] Level 5:colcon.colcon_core.verb:set package 'my_turtlebot3_controller' build argument 'cmake_target' from command line to 'None'
[0.210s] Level 5:colcon.colcon_core.verb:set package 'my_turtlebot3_controller' build argument 'cmake_target_skip_unavailable' from command line to 'False'
[0.210s] Level 5:colcon.colcon_core.verb:set package 'my_turtlebot3_controller' build argument 'cmake_clean_cache' from command line to 'False'
[0.210s] Level 5:colcon.colcon_core.verb:set package 'my_turtlebot3_controller' build argument 'cmake_clean_first' from command line to 'False'
[0.210s] Level 5:colcon.colcon_core.verb:set package 'my_turtlebot3_controller' build argument 'cmake_force_configure' from command line to 'False'
[0.210s] Level 5:colcon.colcon_core.verb:set package 'my_turtlebot3_controller' build argument 'ament_cmake_args' from command line to 'None'
[0.210s] Level 5:colcon.colcon_core.verb:set package 'my_turtlebot3_controller' build argument 'catkin_cmake_args' from command line to 'None'
[0.210s] Level 5:colcon.colcon_core.verb:set package 'my_turtlebot3_controller' build argument 'catkin_skip_building_tests' from command line to 'False'
[0.210s] DEBUG:colcon.colcon_core.verb:Building package 'my_turtlebot3_controller' with the following arguments: {'ament_cmake_args': None, 'build_base': '/home/ayham/Courses/CBL/ub/projects/build/my_turtlebot3_controller', 'catkin_cmake_args': None, 'catkin_skip_building_tests': False, 'cmake_args': None, 'cmake_clean_cache': False, 'cmake_clean_first': False, 'cmake_force_configure': False, 'cmake_target': None, 'cmake_target_skip_unavailable': False, 'install_base': '/home/ayham/Courses/CBL/ub/projects/install/my_turtlebot3_controller', 'merge_install': False, 'path': '/home/ayham/Courses/CBL/ub/projects/src/my_turtlebot3_controller', 'symlink_install': False, 'test_result_base': None}
[0.210s] Level 5:colcon.colcon_core.verb:set package 'turtlebot3_fake_node' build argument 'cmake_args' from command line to 'None'
[0.210s] Level 5:colcon.colcon_core.verb:set package 'turtlebot3_fake_node' build argument 'cmake_target' from command line to 'None'
[0.210s] Level 5:colcon.colcon_core.verb:set package 'turtlebot3_fake_node' build argument 'cmake_target_skip_unavailable' from command line to 'False'
[0.210s] Level 5:colcon.colcon_core.verb:set package 'turtlebot3_fake_node' build argument 'cmake_clean_cache' from command line to 'False'
[0.210s] Level 5:colcon.colcon_core.verb:set package 'turtlebot3_fake_node' build argument 'cmake_clean_first' from command line to 'False'
[0.210s] Level 5:colcon.colcon_core.verb:set package 'turtlebot3_fake_node' build argument 'cmake_force_configure' from command line to 'False'
[0.210s] Level 5:colcon.colcon_core.verb:set package 'turtlebot3_fake_node' build argument 'ament_cmake_args' from command line to 'None'
[0.210s] Level 5:colcon.colcon_core.verb:set package 'turtlebot3_fake_node' build argument 'catkin_cmake_args' from command line to 'None'
[0.210s] Level 5:colcon.colcon_core.verb:set package 'turtlebot3_fake_node' build argument 'catkin_skip_building_tests' from command line to 'False'
[0.210s] DEBUG:colcon.colcon_core.verb:Building package 'turtlebot3_fake_node' with the following arguments: {'ament_cmake_args': None, 'build_base': '/home/ayham/Courses/CBL/ub/projects/build/turtlebot3_fake_node', 'catkin_cmake_args': None, 'catkin_skip_building_tests': False, 'cmake_args': None, 'cmake_clean_cache': False, 'cmake_clean_first': False, 'cmake_force_configure': False, 'cmake_target': None, 'cmake_target_skip_unavailable': False, 'install_base': '/home/ayham/Courses/CBL/ub/projects/install/turtlebot3_fake_node', 'merge_install': False, 'path': '/home/ayham/Courses/CBL/ub/projects/src/turtlebot3_fake_node', 'symlink_install': False, 'test_result_base': None}
[0.210s] Level 5:colcon.colcon_core.verb:set package 'turtlebot3_gazebo' build argument 'cmake_args' from command line to 'None'
[0.210s] Level 5:colcon.colcon_core.verb:set package 'turtlebot3_gazebo' build argument 'cmake_target' from command line to 'None'
[0.210s] Level 5:colcon.colcon_core.verb:set package 'turtlebot3_gazebo' build argument 'cmake_target_skip_unavailable' from command line to 'False'
[0.210s] Level 5:colcon.colcon_core.verb:set package 'turtlebot3_gazebo' build argument 'cmake_clean_cache' from command line to 'False'
[0.210s] Level 5:colcon.colcon_core.verb:set package 'turtlebot3_gazebo' build argument 'cmake_clean_first' from command line to 'False'
[0.210s] Level 5:colcon.colcon_core.verb:set package 'turtlebot3_gazebo' build argument 'cmake_force_configure' from command line to 'False'
[0.211s] Level 5:colcon.colcon_core.verb:set package 'turtlebot3_gazebo' build argument 'ament_cmake_args' from command line to 'None'
[0.211s] Level 5:colcon.colcon_core.verb:set package 'turtlebot3_gazebo' build argument 'catkin_cmake_args' from command line to 'None'
[0.211s] Level 5:colcon.colcon_core.verb:set package 'turtlebot3_gazebo' build argument 'catkin_skip_building_tests' from command line to 'False'
[0.211s] DEBUG:colcon.colcon_core.verb:Building package 'turtlebot3_gazebo' with the following arguments: {'ament_cmake_args': None, 'build_base': '/home/ayham/Courses/CBL/ub/projects/build/turtlebot3_gazebo', 'catkin_cmake_args': None, 'catkin_skip_building_tests': False, 'cmake_args': None, 'cmake_clean_cache': False, 'cmake_clean_first': False, 'cmake_force_configure': False, 'cmake_target': None, 'cmake_target_skip_unavailable': False, 'install_base': '/home/ayham/Courses/CBL/ub/projects/install/turtlebot3_gazebo', 'merge_install': False, 'path': '/home/ayham/Courses/CBL/ub/projects/src/turtlebot3_gazebo', 'symlink_install': False, 'test_result_base': None}
[0.211s] Level 5:colcon.colcon_core.verb:set package 'turtlebot3_simulations' build argument 'cmake_args' from command line to 'None'
[0.211s] Level 5:colcon.colcon_core.verb:set package 'turtlebot3_simulations' build argument 'cmake_target' from command line to 'None'
[0.211s] Level 5:colcon.colcon_core.verb:set package 'turtlebot3_simulations' build argument 'cmake_target_skip_unavailable' from command line to 'False'
[0.211s] Level 5:colcon.colcon_core.verb:set package 'turtlebot3_simulations' build argument 'cmake_clean_cache' from command line to 'False'
[0.211s] Level 5:colcon.colcon_core.verb:set package 'turtlebot3_simulations' build argument 'cmake_clean_first' from command line to 'False'
[0.211s] Level 5:colcon.colcon_core.verb:set package 'turtlebot3_simulations' build argument 'cmake_force_configure' from command line to 'False'
[0.211s] Level 5:colcon.colcon_core.verb:set package 'turtlebot3_simulations' build argument 'ament_cmake_args' from command line to 'None'
[0.211s] Level 5:colcon.colcon_core.verb:set package 'turtlebot3_simulations' build argument 'catkin_cmake_args' from command line to 'None'
[0.211s] Level 5:colcon.colcon_core.verb:set package 'turtlebot3_simulations' build argument 'catkin_skip_building_tests' from command line to 'False'
[0.211s] DEBUG:colcon.colcon_core.verb:Building package 'turtlebot3_simulations' with the following arguments: {'ament_cmake_args': None, 'build_base': '/home/ayham/Courses/CBL/ub/projects/build/turtlebot3_simulations', 'catkin_cmake_args': None, 'catkin_skip_building_tests': False, 'cmake_args': None, 'cmake_clean_cache': False, 'cmake_clean_first': False, 'cmake_force_configure': False, 'cmake_target': None, 'cmake_target_skip_unavailable': False, 'install_base': '/home/ayham/Courses/CBL/ub/projects/install/turtlebot3_simulations', 'merge_install': False, 'path': '/home/ayham/Courses/CBL/ub/projects/src/turtlebot3_simulations', 'symlink_install': False, 'test_result_base': None}
[0.211s] INFO:colcon.colcon_core.executor:Executing jobs using 'parallel' executor
[0.212s] DEBUG:colcon.colcon_parallel_executor.executor.parallel:run_until_complete
[0.212s] INFO:colcon.colcon_ros.task.ament_cmake.build:Building ROS package in '/home/ayham/Courses/CBL/ub/projects/src/turtlebot3_fake_node' with build type 'ament_cmake'
[0.212s] INFO:colcon.colcon_cmake.task.cmake.build:Building CMake package in '/home/ayham/Courses/CBL/ub/projects/src/turtlebot3_fake_node'
[0.213s] INFO:colcon.colcon_core.plugin_system:Skipping extension 'colcon_core.shell.bat': Not used on non-Windows systems
[0.213s] INFO:colcon.colcon_core.shell:Skip shell extension 'powershell' for command environment: Not usable outside of PowerShell
[0.213s] DEBUG:colcon.colcon_core.shell:Skip shell extension 'dsv' for command environment
[0.217s] INFO:colcon.colcon_ros.task.ament_cmake.build:Building ROS package in '/home/ayham/Courses/CBL/ub/projects/src/turtlebot3_gazebo' with build type 'ament_cmake'
[0.217s] INFO:colcon.colcon_cmake.task.cmake.build:Building CMake package in '/home/ayham/Courses/CBL/ub/projects/src/turtlebot3_gazebo'
[0.217s] INFO:colcon.colcon_core.shell:Skip shell extension 'powershell' for command environment: Not usable outside of PowerShell
[0.217s] DEBUG:colcon.colcon_core.shell:Skip shell extension 'dsv' for command environment
[0.221s] INFO:colcon.colcon_ros.task.ament_python.build:Building ROS package in '/home/ayham/Courses/CBL/ub/projects/src/my_turtlebot3_controller' with build type 'ament_python'
[0.221s] Level 1:colcon.colcon_core.shell:create_environment_hook('my_turtlebot3_controller', 'ament_prefix_path')
[0.221s] INFO:colcon.colcon_core.shell:Creating environment hook '/home/ayham/Courses/CBL/ub/projects/install/my_turtlebot3_controller/share/my_turtlebot3_controller/hook/ament_prefix_path.ps1'
[0.222s] INFO:colcon.colcon_core.shell:Creating environment descriptor '/home/ayham/Courses/CBL/ub/projects/install/my_turtlebot3_controller/share/my_turtlebot3_controller/hook/ament_prefix_path.dsv'
[0.222s] INFO:colcon.colcon_core.shell:Creating environment hook '/home/ayham/Courses/CBL/ub/projects/install/my_turtlebot3_controller/share/my_turtlebot3_controller/hook/ament_prefix_path.sh'
[0.222s] INFO:colcon.colcon_core.shell:Skip shell extension 'powershell' for command environment: Not usable outside of PowerShell
[0.222s] DEBUG:colcon.colcon_core.shell:Skip shell extension 'dsv' for command environment
[0.229s] DEBUG:colcon.colcon_core.event_handler.log_command:Invoking command in '/home/ayham/Courses/CBL/ub/projects/build/turtlebot3_fake_node': CMAKE_PREFIX_PATH=${CMAKE_PREFIX_PATH}:/home/ayham/Courses/CBL/ub/projects/install/my_turtlebot3_controller:/opt/ros/foxy PS1=[\u@\h \W]\$ /usr/bin/cmake --build /home/ayham/Courses/CBL/ub/projects/build/turtlebot3_fake_node -- -j20 -l20
[0.231s] DEBUG:colcon.colcon_core.event_handler.log_command:Invoking command in '/home/ayham/Courses/CBL/ub/projects/build/turtlebot3_gazebo': CMAKE_PREFIX_PATH=${CMAKE_PREFIX_PATH}:/home/ayham/Courses/CBL/ub/projects/install/my_turtlebot3_controller:/opt/ros/foxy PS1=[\u@\h \W]\$ /usr/bin/cmake --build /home/ayham/Courses/CBL/ub/projects/build/turtlebot3_gazebo -- -j20 -l20
[0.346s] INFO:colcon.colcon_core.task.python.build:Building Python package in '/home/ayham/Courses/CBL/ub/projects/src/my_turtlebot3_controller'
[0.346s] INFO:colcon.colcon_core.shell:Skip shell extension 'powershell' for command environment: Not usable outside of PowerShell
[0.346s] DEBUG:colcon.colcon_core.shell:Skip shell extension 'dsv' for command environment
[0.351s] DEBUG:colcon.colcon_core.event_handler.log_command:Invoked command in '/home/ayham/Courses/CBL/ub/projects/build/turtlebot3_gazebo' returned '0': CMAKE_PREFIX_PATH=${CMAKE_PREFIX_PATH}:/home/ayham/Courses/CBL/ub/projects/install/my_turtlebot3_controller:/opt/ros/foxy PS1=[\u@\h \W]\$ /usr/bin/cmake --build /home/ayham/Courses/CBL/ub/projects/build/turtlebot3_gazebo -- -j20 -l20
[0.360s] DEBUG:colcon.colcon_core.event_handler.log_command:Invoking command in '/home/ayham/Courses/CBL/ub/projects/build/turtlebot3_gazebo': CMAKE_PREFIX_PATH=${CMAKE_PREFIX_PATH}:/home/ayham/Courses/CBL/ub/projects/install/my_turtlebot3_controller:/opt/ros/foxy PS1=[\u@\h \W]\$ /usr/bin/cmake --install /home/ayham/Courses/CBL/ub/projects/build/turtlebot3_gazebo
[0.361s] DEBUG:colcon.colcon_core.event_handler.log_command:Invoked command in '/home/ayham/Courses/CBL/ub/projects/build/turtlebot3_fake_node' returned '0': CMAKE_PREFIX_PATH=${CMAKE_PREFIX_PATH}:/home/ayham/Courses/CBL/ub/projects/install/my_turtlebot3_controller:/opt/ros/foxy PS1=[\u@\h \W]\$ /usr/bin/cmake --build /home/ayham/Courses/CBL/ub/projects/build/turtlebot3_fake_node -- -j20 -l20
[0.362s] DEBUG:colcon.colcon_core.event_handler.log_command:Invoking command in '/home/ayham/Courses/CBL/ub/projects/build/turtlebot3_fake_node': CMAKE_PREFIX_PATH=${CMAKE_PREFIX_PATH}:/home/ayham/Courses/CBL/ub/projects/install/my_turtlebot3_controller:/opt/ros/foxy PS1=[\u@\h \W]\$ /usr/bin/cmake --install /home/ayham/Courses/CBL/ub/projects/build/turtlebot3_fake_node
[0.371s] Level 1:colcon.colcon_core.environment:create_environment_scripts_only(turtlebot3_fake_node)
[0.375s] DEBUG:colcon.colcon_core.event_handler.log_command:Invoked command in '/home/ayham/Courses/CBL/ub/projects/build/turtlebot3_fake_node' returned '0': CMAKE_PREFIX_PATH=${CMAKE_PREFIX_PATH}:/home/ayham/Courses/CBL/ub/projects/install/my_turtlebot3_controller:/opt/ros/foxy PS1=[\u@\h \W]\$ /usr/bin/cmake --install /home/ayham/Courses/CBL/ub/projects/build/turtlebot3_fake_node
[0.378s] Level 1:colcon.colcon_core.environment:checking '/home/ayham/Courses/CBL/ub/projects/install/turtlebot3_fake_node' for CMake module files
[0.379s] Level 1:colcon.colcon_core.environment:checking '/home/ayham/Courses/CBL/ub/projects/install/turtlebot3_fake_node' for CMake config files
[0.379s] Level 1:colcon.colcon_core.shell:create_environment_hook('turtlebot3_fake_node', 'cmake_prefix_path')
[0.379s] INFO:colcon.colcon_core.shell:Creating environment hook '/home/ayham/Courses/CBL/ub/projects/install/turtlebot3_fake_node/share/turtlebot3_fake_node/hook/cmake_prefix_path.ps1'
[0.380s] INFO:colcon.colcon_core.shell:Creating environment descriptor '/home/ayham/Courses/CBL/ub/projects/install/turtlebot3_fake_node/share/turtlebot3_fake_node/hook/cmake_prefix_path.dsv'
[0.380s] INFO:colcon.colcon_core.shell:Creating environment hook '/home/ayham/Courses/CBL/ub/projects/install/turtlebot3_fake_node/share/turtlebot3_fake_node/hook/cmake_prefix_path.sh'
[0.381s] Level 1:colcon.colcon_core.environment:checking '/home/ayham/Courses/CBL/ub/projects/install/turtlebot3_fake_node/lib'
[0.381s] Level 1:colcon.colcon_core.environment:checking '/home/ayham/Courses/CBL/ub/projects/install/turtlebot3_fake_node/bin'
[0.381s] Level 1:colcon.colcon_core.environment:checking '/home/ayham/Courses/CBL/ub/projects/install/turtlebot3_fake_node/lib/pkgconfig/turtlebot3_fake_node.pc'
[0.381s] Level 1:colcon.colcon_core.environment:checking '/home/ayham/Courses/CBL/ub/projects/install/turtlebot3_fake_node/lib/python3.8/site-packages'
[0.381s] Level 1:colcon.colcon_core.environment:checking '/home/ayham/Courses/CBL/ub/projects/install/turtlebot3_fake_node/bin'
[0.382s] INFO:colcon.colcon_core.shell:Creating package script '/home/ayham/Courses/CBL/ub/projects/install/turtlebot3_fake_node/share/turtlebot3_fake_node/package.ps1'
[0.382s] INFO:colcon.colcon_core.shell:Creating package descriptor '/home/ayham/Courses/CBL/ub/projects/install/turtlebot3_fake_node/share/turtlebot3_fake_node/package.dsv'
[0.382s] INFO:colcon.colcon_core.shell:Creating package script '/home/ayham/Courses/CBL/ub/projects/install/turtlebot3_fake_node/share/turtlebot3_fake_node/package.sh'
[0.383s] INFO:colcon.colcon_core.shell:Creating package script '/home/ayham/Courses/CBL/ub/projects/install/turtlebot3_fake_node/share/turtlebot3_fake_node/package.bash'
[0.383s] INFO:colcon.colcon_core.shell:Creating package script '/home/ayham/Courses/CBL/ub/projects/install/turtlebot3_fake_node/share/turtlebot3_fake_node/package.zsh'
[0.383s] Level 1:colcon.colcon_core.environment:create_file_with_runtime_dependencies(/home/ayham/Courses/CBL/ub/projects/install/turtlebot3_fake_node/share/colcon-core/packages/turtlebot3_fake_node)
[0.384s] Level 1:colcon.colcon_core.environment:create_environment_scripts_only(turtlebot3_fake_node)
[0.384s] Level 1:colcon.colcon_core.environment:checking '/home/ayham/Courses/CBL/ub/projects/install/turtlebot3_fake_node' for CMake module files
[0.384s] Level 1:colcon.colcon_core.environment:checking '/home/ayham/Courses/CBL/ub/projects/install/turtlebot3_fake_node' for CMake config files
[0.384s] Level 1:colcon.colcon_core.shell:create_environment_hook('turtlebot3_fake_node', 'cmake_prefix_path')
[0.384s] INFO:colcon.colcon_core.shell:Creating environment hook '/home/ayham/Courses/CBL/ub/projects/install/turtlebot3_fake_node/share/turtlebot3_fake_node/hook/cmake_prefix_path.ps1'
[0.384s] INFO:colcon.colcon_core.shell:Creating environment descriptor '/home/ayham/Courses/CBL/ub/projects/install/turtlebot3_fake_node/share/turtlebot3_fake_node/hook/cmake_prefix_path.dsv'
[0.384s] INFO:colcon.colcon_core.shell:Creating environment hook '/home/ayham/Courses/CBL/ub/projects/install/turtlebot3_fake_node/share/turtlebot3_fake_node/hook/cmake_prefix_path.sh'
[0.385s] Level 1:colcon.colcon_core.environment:checking '/home/ayham/Courses/CBL/ub/projects/install/turtlebot3_fake_node/lib'
[0.385s] Level 1:colcon.colcon_core.environment:checking '/home/ayham/Courses/CBL/ub/projects/install/turtlebot3_fake_node/bin'
[0.385s] Level 1:colcon.colcon_core.environment:checking '/home/ayham/Courses/CBL/ub/projects/install/turtlebot3_fake_node/lib/pkgconfig/turtlebot3_fake_node.pc'
[0.385s] Level 1:colcon.colcon_core.environment:checking '/home/ayham/Courses/CBL/ub/projects/install/turtlebot3_fake_node/lib/python3.8/site-packages'
[0.385s] Level 1:colcon.colcon_core.environment:checking '/home/ayham/Courses/CBL/ub/projects/install/turtlebot3_fake_node/bin'
[0.385s] INFO:colcon.colcon_core.shell:Creating package script '/home/ayham/Courses/CBL/ub/projects/install/turtlebot3_fake_node/share/turtlebot3_fake_node/package.ps1'
[0.385s] INFO:colcon.colcon_core.shell:Creating package descriptor '/home/ayham/Courses/CBL/ub/projects/install/turtlebot3_fake_node/share/turtlebot3_fake_node/package.dsv'
[0.386s] INFO:colcon.colcon_core.shell:Creating package script '/home/ayham/Courses/CBL/ub/projects/install/turtlebot3_fake_node/share/turtlebot3_fake_node/package.sh'
[0.386s] INFO:colcon.colcon_core.shell:Creating package script '/home/ayham/Courses/CBL/ub/projects/install/turtlebot3_fake_node/share/turtlebot3_fake_node/package.bash'
[0.386s] INFO:colcon.colcon_core.shell:Creating package script '/home/ayham/Courses/CBL/ub/projects/install/turtlebot3_fake_node/share/turtlebot3_fake_node/package.zsh'
[0.386s] Level 1:colcon.colcon_core.environment:create_file_with_runtime_dependencies(/home/ayham/Courses/CBL/ub/projects/install/turtlebot3_fake_node/share/colcon-core/packages/turtlebot3_fake_node)
[0.387s] Level 1:colcon.colcon_core.environment:create_environment_scripts_only(turtlebot3_gazebo)
[0.387s] DEBUG:colcon.colcon_core.event_handler.log_command:Invoked command in '/home/ayham/Courses/CBL/ub/projects/build/turtlebot3_gazebo' returned '0': CMAKE_PREFIX_PATH=${CMAKE_PREFIX_PATH}:/home/ayham/Courses/CBL/ub/projects/install/my_turtlebot3_controller:/opt/ros/foxy PS1=[\u@\h \W]\$ /usr/bin/cmake --install /home/ayham/Courses/CBL/ub/projects/build/turtlebot3_gazebo
[0.387s] Level 1:colcon.colcon_core.environment:checking '/home/ayham/Courses/CBL/ub/projects/install/turtlebot3_gazebo' for CMake module files
[0.387s] Level 1:colcon.colcon_core.environment:checking '/home/ayham/Courses/CBL/ub/projects/install/turtlebot3_gazebo' for CMake config files
[0.388s] Level 1:colcon.colcon_core.shell:create_environment_hook('turtlebot3_gazebo', 'cmake_prefix_path')
[0.388s] INFO:colcon.colcon_core.shell:Creating environment hook '/home/ayham/Courses/CBL/ub/projects/install/turtlebot3_gazebo/share/turtlebot3_gazebo/hook/cmake_prefix_path.ps1'
[0.388s] INFO:colcon.colcon_core.shell:Creating environment descriptor '/home/ayham/Courses/CBL/ub/projects/install/turtlebot3_gazebo/share/turtlebot3_gazebo/hook/cmake_prefix_path.dsv'
[0.388s] INFO:colcon.colcon_core.shell:Creating environment hook '/home/ayham/Courses/CBL/ub/projects/install/turtlebot3_gazebo/share/turtlebot3_gazebo/hook/cmake_prefix_path.sh'
[0.389s] Level 1:colcon.colcon_core.environment:checking '/home/ayham/Courses/CBL/ub/projects/install/turtlebot3_gazebo/lib'
[0.389s] Level 1:colcon.colcon_core.environment:checking '/home/ayham/Courses/CBL/ub/projects/install/turtlebot3_gazebo/bin'
[0.389s] Level 1:colcon.colcon_core.environment:checking '/home/ayham/Courses/CBL/ub/projects/install/turtlebot3_gazebo/lib/pkgconfig/turtlebot3_gazebo.pc'
[0.389s] Level 1:colcon.colcon_core.environment:checking '/home/ayham/Courses/CBL/ub/projects/install/turtlebot3_gazebo/lib/python3.8/site-packages'
[0.389s] Level 1:colcon.colcon_core.environment:checking '/home/ayham/Courses/CBL/ub/projects/install/turtlebot3_gazebo/bin'
[0.389s] INFO:colcon.colcon_core.shell:Creating package script '/home/ayham/Courses/CBL/ub/projects/install/turtlebot3_gazebo/share/turtlebot3_gazebo/package.ps1'
[0.389s] INFO:colcon.colcon_core.shell:Creating package descriptor '/home/ayham/Courses/CBL/ub/projects/install/turtlebot3_gazebo/share/turtlebot3_gazebo/package.dsv'
[0.389s] INFO:colcon.colcon_core.shell:Creating package script '/home/ayham/Courses/CBL/ub/projects/install/turtlebot3_gazebo/share/turtlebot3_gazebo/package.sh'
[0.390s] INFO:colcon.colcon_core.shell:Creating package script '/home/ayham/Courses/CBL/ub/projects/install/turtlebot3_gazebo/share/turtlebot3_gazebo/package.bash'
[0.390s] INFO:colcon.colcon_core.shell:Creating package script '/home/ayham/Courses/CBL/ub/projects/install/turtlebot3_gazebo/share/turtlebot3_gazebo/package.zsh'
[0.390s] Level 1:colcon.colcon_core.environment:create_file_with_runtime_dependencies(/home/ayham/Courses/CBL/ub/projects/install/turtlebot3_gazebo/share/colcon-core/packages/turtlebot3_gazebo)
[0.390s] Level 1:colcon.colcon_core.environment:create_environment_scripts_only(turtlebot3_gazebo)
[0.390s] Level 1:colcon.colcon_core.environment:checking '/home/ayham/Courses/CBL/ub/projects/install/turtlebot3_gazebo' for CMake module files
[0.390s] Level 1:colcon.colcon_core.environment:checking '/home/ayham/Courses/CBL/ub/projects/install/turtlebot3_gazebo' for CMake config files
[0.391s] Level 1:colcon.colcon_core.shell:create_environment_hook('turtlebot3_gazebo', 'cmake_prefix_path')
[0.391s] INFO:colcon.colcon_core.shell:Creating environment hook '/home/ayham/Courses/CBL/ub/projects/install/turtlebot3_gazebo/share/turtlebot3_gazebo/hook/cmake_prefix_path.ps1'
[0.391s] INFO:colcon.colcon_core.shell:Creating environment descriptor '/home/ayham/Courses/CBL/ub/projects/install/turtlebot3_gazebo/share/turtlebot3_gazebo/hook/cmake_prefix_path.dsv'
[0.391s] INFO:colcon.colcon_core.shell:Creating environment hook '/home/ayham/Courses/CBL/ub/projects/install/turtlebot3_gazebo/share/turtlebot3_gazebo/hook/cmake_prefix_path.sh'
[0.391s] Level 1:colcon.colcon_core.environment:checking '/home/ayham/Courses/CBL/ub/projects/install/turtlebot3_gazebo/lib'
[0.391s] Level 1:colcon.colcon_core.environment:checking '/home/ayham/Courses/CBL/ub/projects/install/turtlebot3_gazebo/bin'
[0.391s] Level 1:colcon.colcon_core.environment:checking '/home/ayham/Courses/CBL/ub/projects/install/turtlebot3_gazebo/lib/pkgconfig/turtlebot3_gazebo.pc'
[0.392s] Level 1:colcon.colcon_core.environment:checking '/home/ayham/Courses/CBL/ub/projects/install/turtlebot3_gazebo/lib/python3.8/site-packages'
[0.392s] Level 1:colcon.colcon_core.environment:checking '/home/ayham/Courses/CBL/ub/projects/install/turtlebot3_gazebo/bin'
[0.392s] INFO:colcon.colcon_core.shell:Creating package script '/home/ayham/Courses/CBL/ub/projects/install/turtlebot3_gazebo/share/turtlebot3_gazebo/package.ps1'
[0.392s] INFO:colcon.colcon_core.shell:Creating package descriptor '/home/ayham/Courses/CBL/ub/projects/install/turtlebot3_gazebo/share/turtlebot3_gazebo/package.dsv'
[0.392s] INFO:colcon.colcon_core.shell:Creating package script '/home/ayham/Courses/CBL/ub/projects/install/turtlebot3_gazebo/share/turtlebot3_gazebo/package.sh'
[0.392s] INFO:colcon.colcon_core.shell:Creating package script '/home/ayham/Courses/CBL/ub/projects/install/turtlebot3_gazebo/share/turtlebot3_gazebo/package.bash'
[0.393s] INFO:colcon.colcon_core.shell:Creating package script '/home/ayham/Courses/CBL/ub/projects/install/turtlebot3_gazebo/share/turtlebot3_gazebo/package.zsh'
[0.393s] Level 1:colcon.colcon_core.environment:create_file_with_runtime_dependencies(/home/ayham/Courses/CBL/ub/projects/install/turtlebot3_gazebo/share/colcon-core/packages/turtlebot3_gazebo)
[0.393s] INFO:colcon.colcon_ros.task.ament_cmake.build:Building ROS package in '/home/ayham/Courses/CBL/ub/projects/src/turtlebot3_simulations' with build type 'ament_cmake'
[0.393s] INFO:colcon.colcon_cmake.task.cmake.build:Building CMake package in '/home/ayham/Courses/CBL/ub/projects/src/turtlebot3_simulations'
[0.393s] INFO:colcon.colcon_core.shell:Skip shell extension 'powershell' for command environment: Not usable outside of PowerShell
[0.393s] DEBUG:colcon.colcon_core.shell:Skip shell extension 'dsv' for command environment
[0.402s] DEBUG:colcon.colcon_core.event_handler.log_command:Invoking command in '/home/ayham/Courses/CBL/ub/projects/build/turtlebot3_simulations': CMAKE_PREFIX_PATH=/home/ayham/Courses/CBL/ub/projects/install/turtlebot3_gazebo:/home/ayham/Courses/CBL/ub/projects/install/turtlebot3_fake_node:/home/ayham/Courses/CBL/ub/projects/install/turtlebot3_simulations:/home/ayham/Courses/CBL/ub/projects/install/turtlebot3_description:/home/ayham/Courses/CBL/ub/projects/install/my_turtlebot3_controller:/opt/ros/foxy PS1=[\u@\h \W]\$ /usr/bin/cmake --build /home/ayham/Courses/CBL/ub/projects/build/turtlebot3_simulations -- -j20 -l20
[0.431s] DEBUG:colcon.colcon_core.event_handler.log_command:Invoked command in '/home/ayham/Courses/CBL/ub/projects/build/turtlebot3_simulations' returned '0': CMAKE_PREFIX_PATH=/home/ayham/Courses/CBL/ub/projects/install/turtlebot3_gazebo:/home/ayham/Courses/CBL/ub/projects/install/turtlebot3_fake_node:/home/ayham/Courses/CBL/ub/projects/install/turtlebot3_simulations:/home/ayham/Courses/CBL/ub/projects/install/turtlebot3_description:/home/ayham/Courses/CBL/ub/projects/install/my_turtlebot3_controller:/opt/ros/foxy PS1=[\u@\h \W]\$ /usr/bin/cmake --build /home/ayham/Courses/CBL/ub/projects/build/turtlebot3_simulations -- -j20 -l20
[0.433s] DEBUG:colcon.colcon_core.event_handler.log_command:Invoking command in '/home/ayham/Courses/CBL/ub/projects/build/turtlebot3_simulations': CMAKE_PREFIX_PATH=/home/ayham/Courses/CBL/ub/projects/install/turtlebot3_gazebo:/home/ayham/Courses/CBL/ub/projects/install/turtlebot3_fake_node:/home/ayham/Courses/CBL/ub/projects/install/turtlebot3_simulations:/home/ayham/Courses/CBL/ub/projects/install/turtlebot3_description:/home/ayham/Courses/CBL/ub/projects/install/my_turtlebot3_controller:/opt/ros/foxy PS1=[\u@\h \W]\$ /usr/bin/cmake --install /home/ayham/Courses/CBL/ub/projects/build/turtlebot3_simulations
[0.439s] Level 1:colcon.colcon_core.environment:create_environment_scripts_only(turtlebot3_simulations)
[0.440s] Level 1:colcon.colcon_core.environment:checking '/home/ayham/Courses/CBL/ub/projects/install/turtlebot3_simulations' for CMake module files
[0.440s] DEBUG:colcon.colcon_core.event_handler.log_command:Invoked command in '/home/ayham/Courses/CBL/ub/projects/build/turtlebot3_simulations' returned '0': CMAKE_PREFIX_PATH=/home/ayham/Courses/CBL/ub/projects/install/turtlebot3_gazebo:/home/ayham/Courses/CBL/ub/projects/install/turtlebot3_fake_node:/home/ayham/Courses/CBL/ub/projects/install/turtlebot3_simulations:/home/ayham/Courses/CBL/ub/projects/install/turtlebot3_description:/home/ayham/Courses/CBL/ub/projects/install/my_turtlebot3_controller:/opt/ros/foxy PS1=[\u@\h \W]\$ /usr/bin/cmake --install /home/ayham/Courses/CBL/ub/projects/build/turtlebot3_simulations
[0.440s] Level 1:colcon.colcon_core.environment:checking '/home/ayham/Courses/CBL/ub/projects/install/turtlebot3_simulations' for CMake config files
[0.440s] Level 1:colcon.colcon_core.shell:create_environment_hook('turtlebot3_simulations', 'cmake_prefix_path')
[0.440s] INFO:colcon.colcon_core.shell:Creating environment hook '/home/ayham/Courses/CBL/ub/projects/install/turtlebot3_simulations/share/turtlebot3_simulations/hook/cmake_prefix_path.ps1'
[0.441s] INFO:colcon.colcon_core.shell:Creating environment descriptor '/home/ayham/Courses/CBL/ub/projects/install/turtlebot3_simulations/share/turtlebot3_simulations/hook/cmake_prefix_path.dsv'
[0.441s] INFO:colcon.colcon_core.shell:Creating environment hook '/home/ayham/Courses/CBL/ub/projects/install/turtlebot3_simulations/share/turtlebot3_simulations/hook/cmake_prefix_path.sh'
[0.441s] Level 1:colcon.colcon_core.environment:checking '/home/ayham/Courses/CBL/ub/projects/install/turtlebot3_simulations/bin'
[0.441s] Level 1:colcon.colcon_core.environment:checking '/home/ayham/Courses/CBL/ub/projects/install/turtlebot3_simulations/lib/pkgconfig/turtlebot3_simulations.pc'
[0.441s] Level 1:colcon.colcon_core.environment:checking '/home/ayham/Courses/CBL/ub/projects/install/turtlebot3_simulations/lib/python3.8/site-packages'
[0.442s] Level 1:colcon.colcon_core.environment:checking '/home/ayham/Courses/CBL/ub/projects/install/turtlebot3_simulations/bin'
[0.442s] INFO:colcon.colcon_core.shell:Creating package script '/home/ayham/Courses/CBL/ub/projects/install/turtlebot3_simulations/share/turtlebot3_simulations/package.ps1'
[0.442s] INFO:colcon.colcon_core.shell:Creating package descriptor '/home/ayham/Courses/CBL/ub/projects/install/turtlebot3_simulations/share/turtlebot3_simulations/package.dsv'
[0.442s] INFO:colcon.colcon_core.shell:Creating package script '/home/ayham/Courses/CBL/ub/projects/install/turtlebot3_simulations/share/turtlebot3_simulations/package.sh'
[0.442s] INFO:colcon.colcon_core.shell:Creating package script '/home/ayham/Courses/CBL/ub/projects/install/turtlebot3_simulations/share/turtlebot3_simulations/package.bash'
[0.443s] INFO:colcon.colcon_core.shell:Creating package script '/home/ayham/Courses/CBL/ub/projects/install/turtlebot3_simulations/share/turtlebot3_simulations/package.zsh'
[0.443s] Level 1:colcon.colcon_core.environment:create_file_with_runtime_dependencies(/home/ayham/Courses/CBL/ub/projects/install/turtlebot3_simulations/share/colcon-core/packages/turtlebot3_simulations)
[0.443s] Level 1:colcon.colcon_core.environment:create_environment_scripts_only(turtlebot3_simulations)
[0.443s] Level 1:colcon.colcon_core.environment:checking '/home/ayham/Courses/CBL/ub/projects/install/turtlebot3_simulations' for CMake module files
[0.443s] Level 1:colcon.colcon_core.environment:checking '/home/ayham/Courses/CBL/ub/projects/install/turtlebot3_simulations' for CMake config files
[0.443s] Level 1:colcon.colcon_core.shell:create_environment_hook('turtlebot3_simulations', 'cmake_prefix_path')
[0.444s] INFO:colcon.colcon_core.shell:Creating environment hook '/home/ayham/Courses/CBL/ub/projects/install/turtlebot3_simulations/share/turtlebot3_simulations/hook/cmake_prefix_path.ps1'
[0.444s] INFO:colcon.colcon_core.shell:Creating environment descriptor '/home/ayham/Courses/CBL/ub/projects/install/turtlebot3_simulations/share/turtlebot3_simulations/hook/cmake_prefix_path.dsv'
[0.444s] INFO:colcon.colcon_core.shell:Creating environment hook '/home/ayham/Courses/CBL/ub/projects/install/turtlebot3_simulations/share/turtlebot3_simulations/hook/cmake_prefix_path.sh'
[0.445s] Level 1:colcon.colcon_core.environment:checking '/home/ayham/Courses/CBL/ub/projects/install/turtlebot3_simulations/bin'
[0.445s] Level 1:colcon.colcon_core.environment:checking '/home/ayham/Courses/CBL/ub/projects/install/turtlebot3_simulations/lib/pkgconfig/turtlebot3_simulations.pc'
[0.445s] Level 1:colcon.colcon_core.environment:checking '/home/ayham/Courses/CBL/ub/projects/install/turtlebot3_simulations/lib/python3.8/site-packages'
[0.445s] Level 1:colcon.colcon_core.environment:checking '/home/ayham/Courses/CBL/ub/projects/install/turtlebot3_simulations/bin'
[0.445s] INFO:colcon.colcon_core.shell:Creating package script '/home/ayham/Courses/CBL/ub/projects/install/turtlebot3_simulations/share/turtlebot3_simulations/package.ps1'
[0.446s] INFO:colcon.colcon_core.shell:Creating package descriptor '/home/ayham/Courses/CBL/ub/projects/install/turtlebot3_simulations/share/turtlebot3_simulations/package.dsv'
[0.446s] INFO:colcon.colcon_core.shell:Creating package script '/home/ayham/Courses/CBL/ub/projects/install/turtlebot3_simulations/share/turtlebot3_simulations/package.sh'
[0.446s] INFO:colcon.colcon_core.shell:Creating package script '/home/ayham/Courses/CBL/ub/projects/install/turtlebot3_simulations/share/turtlebot3_simulations/package.bash'
[0.446s] INFO:colcon.colcon_core.shell:Creating package script '/home/ayham/Courses/CBL/ub/projects/install/turtlebot3_simulations/share/turtlebot3_simulations/package.zsh'
[0.447s] Level 1:colcon.colcon_core.environment:create_file_with_runtime_dependencies(/home/ayham/Courses/CBL/ub/projects/install/turtlebot3_simulations/share/colcon-core/packages/turtlebot3_simulations)
[0.576s] DEBUG:colcon.colcon_core.event_handler.log_command:Invoking command in '/home/ayham/Courses/CBL/ub/projects/src/my_turtlebot3_controller': PS1=[\u@\h \W]\$ PYTHONPATH=/home/ayham/Courses/CBL/ub/projects/build/my_turtlebot3_controller/prefix_override:/usr/lib/python3/dist-packages/colcon_core/task/python/colcon_distutils_commands:/home/ayham/Courses/CBL/ub/projects/install/my_turtlebot3_controller/lib/python3.8/site-packages:${PYTHONPATH} /usr/bin/python3 -W ignore:setup.py install is deprecated -W ignore:easy_install command is deprecated setup.py egg_info --egg-base ../../build/my_turtlebot3_controller build --build-base /home/ayham/Courses/CBL/ub/projects/build/my_turtlebot3_controller/build install --record /home/ayham/Courses/CBL/ub/projects/build/my_turtlebot3_controller/install.log --single-version-externally-managed install_data
[0.725s] Level 1:colcon.colcon_core.environment:checking '/home/ayham/Courses/CBL/ub/projects/install/my_turtlebot3_controller' for CMake module files
[0.725s] DEBUG:colcon.colcon_core.event_handler.log_command:Invoked command in '/home/ayham/Courses/CBL/ub/projects/src/my_turtlebot3_controller' returned '0': PS1=[\u@\h \W]\$ PYTHONPATH=/home/ayham/Courses/CBL/ub/projects/build/my_turtlebot3_controller/prefix_override:/usr/lib/python3/dist-packages/colcon_core/task/python/colcon_distutils_commands:/home/ayham/Courses/CBL/ub/projects/install/my_turtlebot3_controller/lib/python3.8/site-packages:${PYTHONPATH} /usr/bin/python3 -W ignore:setup.py install is deprecated -W ignore:easy_install command is deprecated setup.py egg_info --egg-base ../../build/my_turtlebot3_controller build --build-base /home/ayham/Courses/CBL/ub/projects/build/my_turtlebot3_controller/build install --record /home/ayham/Courses/CBL/ub/projects/build/my_turtlebot3_controller/install.log --single-version-externally-managed install_data
[0.726s] Level 1:colcon.colcon_core.environment:checking '/home/ayham/Courses/CBL/ub/projects/install/my_turtlebot3_controller' for CMake config files
[0.726s] Level 1:colcon.colcon_core.environment:checking '/home/ayham/Courses/CBL/ub/projects/install/my_turtlebot3_controller/lib'
[0.726s] Level 1:colcon.colcon_core.environment:checking '/home/ayham/Courses/CBL/ub/projects/install/my_turtlebot3_controller/bin'
[0.726s] Level 1:colcon.colcon_core.environment:checking '/home/ayham/Courses/CBL/ub/projects/install/my_turtlebot3_controller/lib/pkgconfig/my_turtlebot3_controller.pc'
[0.727s] Level 1:colcon.colcon_core.environment:checking '/home/ayham/Courses/CBL/ub/projects/install/my_turtlebot3_controller/lib/python3.8/site-packages'
[0.727s] Level 1:colcon.colcon_core.shell:create_environment_hook('my_turtlebot3_controller', 'pythonpath')
[0.727s] INFO:colcon.colcon_core.shell:Creating environment hook '/home/ayham/Courses/CBL/ub/projects/install/my_turtlebot3_controller/share/my_turtlebot3_controller/hook/pythonpath.ps1'
[0.727s] INFO:colcon.colcon_core.shell:Creating environment descriptor '/home/ayham/Courses/CBL/ub/projects/install/my_turtlebot3_controller/share/my_turtlebot3_controller/hook/pythonpath.dsv'
[0.728s] INFO:colcon.colcon_core.shell:Creating environment hook '/home/ayham/Courses/CBL/ub/projects/install/my_turtlebot3_controller/share/my_turtlebot3_controller/hook/pythonpath.sh'
[0.729s] Level 1:colcon.colcon_core.environment:checking '/home/ayham/Courses/CBL/ub/projects/install/my_turtlebot3_controller/bin'
[0.729s] Level 1:colcon.colcon_core.environment:create_environment_scripts_only(my_turtlebot3_controller)
[0.729s] INFO:colcon.colcon_core.shell:Creating package script '/home/ayham/Courses/CBL/ub/projects/install/my_turtlebot3_controller/share/my_turtlebot3_controller/package.ps1'
[0.730s] INFO:colcon.colcon_core.shell:Creating package descriptor '/home/ayham/Courses/CBL/ub/projects/install/my_turtlebot3_controller/share/my_turtlebot3_controller/package.dsv'
[0.730s] INFO:colcon.colcon_core.shell:Creating package script '/home/ayham/Courses/CBL/ub/projects/install/my_turtlebot3_controller/share/my_turtlebot3_controller/package.sh'
[0.730s] INFO:colcon.colcon_core.shell:Creating package script '/home/ayham/Courses/CBL/ub/projects/install/my_turtlebot3_controller/share/my_turtlebot3_controller/package.bash'
[0.731s] INFO:colcon.colcon_core.shell:Creating package script '/home/ayham/Courses/CBL/ub/projects/install/my_turtlebot3_controller/share/my_turtlebot3_controller/package.zsh'
[0.731s] Level 1:colcon.colcon_core.environment:create_file_with_runtime_dependencies(/home/ayham/Courses/CBL/ub/projects/install/my_turtlebot3_controller/share/colcon-core/packages/my_turtlebot3_controller)
[0.731s] DEBUG:colcon.colcon_parallel_executor.executor.parallel:closing loop
[0.732s] DEBUG:colcon.colcon_parallel_executor.executor.parallel:loop closed
[0.732s] DEBUG:colcon.colcon_parallel_executor.executor.parallel:run_until_complete finished with '0'
[0.732s] DEBUG:colcon.colcon_core.event_reactor:joining thread
[0.734s] INFO:colcon.colcon_core.plugin_system:Skipping extension 'colcon_notification.desktop_notification.notify_send': Could not find 'notify-send'
[0.734s] INFO:colcon.colcon_core.plugin_system:Skipping extension 'colcon_notification.desktop_notification.terminal_notifier': Not used on non-Darwin systems
[0.734s] INFO:colcon.colcon_core.plugin_system:Skipping extension 'colcon_notification.desktop_notification.win32': Not used on non-Windows systems
[0.734s] INFO:colcon.colcon_notification.desktop_notification:Sending desktop notification using 'notify2'
[0.745s] DEBUG:colcon.colcon_core.event_reactor:joined thread
[0.745s] INFO:colcon.colcon_core.shell:Creating prefix script '/home/ayham/Courses/CBL/ub/projects/install/local_setup.ps1'
[0.746s] INFO:colcon.colcon_core.shell:Creating prefix util module '/home/ayham/Courses/CBL/ub/projects/install/_local_setup_util_ps1.py'
[0.748s] INFO:colcon.colcon_core.shell:Creating prefix chain script '/home/ayham/Courses/CBL/ub/projects/install/setup.ps1'
[0.749s] INFO:colcon.colcon_core.shell:Creating prefix script '/home/ayham/Courses/CBL/ub/projects/install/local_setup.sh'
[0.749s] INFO:colcon.colcon_core.shell:Creating prefix util module '/home/ayham/Courses/CBL/ub/projects/install/_local_setup_util_sh.py'
[0.750s] INFO:colcon.colcon_core.shell:Creating prefix chain script '/home/ayham/Courses/CBL/ub/projects/install/setup.sh'
[0.751s] INFO:colcon.colcon_core.shell:Creating prefix script '/home/ayham/Courses/CBL/ub/projects/install/local_setup.bash'
[0.751s] INFO:colcon.colcon_core.shell:Creating prefix chain script '/home/ayham/Courses/CBL/ub/projects/install/setup.bash'
[0.753s] INFO:colcon.colcon_core.shell:Creating prefix script '/home/ayham/Courses/CBL/ub/projects/install/local_setup.zsh'
[0.753s] INFO:colcon.colcon_core.shell:Creating prefix chain script '/home/ayham/Courses/CBL/ub/projects/install/setup.zsh'
