[0.091s] DEBUG:colcon:Command line arguments: ['/usr/bin/colcon', 'build']
[0.091s] DEBUG:colcon:Parsed command line arguments: Namespace(allow_overriding=[], ament_cmake_args=None, base_paths=['.'], build_base='build', catkin_cmake_args=None, catkin_skip_building_tests=False, cmake_args=None, cmake_clean_cache=False, cmake_clean_first=False, cmake_force_configure=False, cmake_target=None, cmake_target_skip_unavailable=False, continue_on_error=False, event_handlers=None, executor='parallel', ignore_user_meta=False, install_base='install', log_base=None, log_level=None, main=<bound method BuildVerb.main of <colcon_core.verb.build.BuildVerb object at 0x7f0759e742b0>>, merge_install=False, metas=['./colcon.meta'], packages_above=None, packages_above_and_dependencies=None, packages_above_depth=None, packages_end=None, packages_ignore=None, packages_ignore_regex=None, packages_select=None, packages_select_build_failed=False, packages_select_by_dep=None, packages_select_regex=None, packages_select_test_failures=False, packages_skip=None, packages_skip_build_finished=False, packages_skip_by_dep=None, packages_skip_regex=None, packages_skip_test_passed=False, packages_skip_up_to=None, packages_start=None, packages_up_to=None, packages_up_to_regex=None, parallel_workers=20, paths=None, symlink_install=False, test_result_base=None, verb_extension=<colcon_core.verb.build.BuildVerb object at 0x7f0759e742b0>, verb_name='build', verb_parser=<colcon_defaults.argument_parser.defaults.DefaultArgumentsDecorator object at 0x7f0759d4a940>)
[0.159s] Level 1:colcon.colcon_core.package_discovery:discover_packages(colcon_meta) check parameters
[0.159s] Level 1:colcon.colcon_core.package_discovery:discover_packages(recursive) check parameters
[0.159s] Level 1:colcon.colcon_core.package_discovery:discover_packages(ignore) check parameters
[0.159s] Level 1:colcon.colcon_core.package_discovery:discover_packages(path) check parameters
[0.159s] Level 1:colcon.colcon_core.package_discovery:discover_packages(colcon_meta) discover
[0.159s] Level 1:colcon.colcon_core.package_discovery:discover_packages(recursive) discover
[0.159s] INFO:colcon.colcon_core.package_discovery:Crawling recursively for packages in '/home/ayham/Courses/CBL/ub/projects'
[0.159s] Level 1:colcon.colcon_core.package_identification:_identify(.) by extensions ['ignore', 'ignore_ament_install']
[0.159s] Level 1:colcon.colcon_core.package_identification:_identify(.) by extension 'ignore'
[0.159s] Level 1:colcon.colcon_core.package_identification:_identify(.) by extension 'ignore_ament_install'
[0.159s] Level 1:colcon.colcon_core.package_identification:_identify(.) by extensions ['colcon_pkg']
[0.159s] Level 1:colcon.colcon_core.package_identification:_identify(.) by extension 'colcon_pkg'
[0.160s] Level 1:colcon.colcon_core.package_identification:_identify(.) by extensions ['colcon_meta']
[0.160s] Level 1:colcon.colcon_core.package_identification:_identify(.) by extension 'colcon_meta'
[0.160s] Level 1:colcon.colcon_core.package_identification:_identify(.) by extensions ['ros']
[0.160s] Level 1:colcon.colcon_core.package_identification:_identify(.) by extension 'ros'
[0.166s] Level 1:colcon.colcon_core.package_identification:_identify(.) by extensions ['cmake', 'python']
[0.166s] Level 1:colcon.colcon_core.package_identification:_identify(.) by extension 'cmake'
[0.166s] Level 1:colcon.colcon_core.package_identification:_identify(.) by extension 'python'
[0.166s] Level 1:colcon.colcon_core.package_identification:_identify(.) by extensions ['python_setup_py']
[0.166s] Level 1:colcon.colcon_core.package_identification:_identify(.) by extension 'python_setup_py'
[0.166s] Level 1:colcon.colcon_core.package_identification:_identify(build) by extensions ['ignore', 'ignore_ament_install']
[0.166s] Level 1:colcon.colcon_core.package_identification:_identify(build) by extension 'ignore'
[0.166s] Level 1:colcon.colcon_core.package_identification:_identify(build) ignored
[0.166s] Level 1:colcon.colcon_core.package_identification:_identify(install) by extensions ['ignore', 'ignore_ament_install']
[0.166s] Level 1:colcon.colcon_core.package_identification:_identify(install) by extension 'ignore'
[0.166s] Level 1:colcon.colcon_core.package_identification:_identify(install) ignored
[0.166s] Level 1:colcon.colcon_core.package_identification:_identify(log) by extensions ['ignore', 'ignore_ament_install']
[0.167s] Level 1:colcon.colcon_core.package_identification:_identify(log) by extension 'ignore'
[0.167s] Level 1:colcon.colcon_core.package_identification:_identify(log) ignored
[0.167s] Level 1:colcon.colcon_core.package_identification:_identify(src) by extensions ['ignore', 'ignore_ament_install']
[0.167s] Level 1:colcon.colcon_core.package_identification:_identify(src) by extension 'ignore'
[0.167s] Level 1:colcon.colcon_core.package_identification:_identify(src) by extension 'ignore_ament_install'
[0.167s] Level 1:colcon.colcon_core.package_identification:_identify(src) by extensions ['colcon_pkg']
[0.167s] Level 1:colcon.colcon_core.package_identification:_identify(src) by extension 'colcon_pkg'
[0.167s] Level 1:colcon.colcon_core.package_identification:_identify(src) by extensions ['colcon_meta']
[0.167s] Level 1:colcon.colcon_core.package_identification:_identify(src) by extension 'colcon_meta'
[0.167s] Level 1:colcon.colcon_core.package_identification:_identify(src) by extensions ['ros']
[0.167s] Level 1:colcon.colcon_core.package_identification:_identify(src) by extension 'ros'
[0.167s] Level 1:colcon.colcon_core.package_identification:_identify(src) by extensions ['cmake', 'python']
[0.167s] Level 1:colcon.colcon_core.package_identification:_identify(src) by extension 'cmake'
[0.167s] Level 1:colcon.colcon_core.package_identification:_identify(src) by extension 'python'
[0.167s] Level 1:colcon.colcon_core.package_identification:_identify(src) by extensions ['python_setup_py']
[0.167s] Level 1:colcon.colcon_core.package_identification:_identify(src) by extension 'python_setup_py'
[0.167s] Level 1:colcon.colcon_core.package_identification:_identify(src/my_turtlebot3_controller) by extensions ['ignore', 'ignore_ament_install']
[0.167s] Level 1:colcon.colcon_core.package_identification:_identify(src/my_turtlebot3_controller) by extension 'ignore'
[0.167s] Level 1:colcon.colcon_core.package_identification:_identify(src/my_turtlebot3_controller) by extension 'ignore_ament_install'
[0.167s] Level 1:colcon.colcon_core.package_identification:_identify(src/my_turtlebot3_controller) by extensions ['colcon_pkg']
[0.167s] Level 1:colcon.colcon_core.package_identification:_identify(src/my_turtlebot3_controller) by extension 'colcon_pkg'
[0.167s] Level 1:colcon.colcon_core.package_identification:_identify(src/my_turtlebot3_controller) by extensions ['colcon_meta']
[0.167s] Level 1:colcon.colcon_core.package_identification:_identify(src/my_turtlebot3_controller) by extension 'colcon_meta'
[0.167s] Level 1:colcon.colcon_core.package_identification:_identify(src/my_turtlebot3_controller) by extensions ['ros']
[0.167s] Level 1:colcon.colcon_core.package_identification:_identify(src/my_turtlebot3_controller) by extension 'ros'
[0.168s] DEBUG:colcon.colcon_core.package_identification:Package 'src/my_turtlebot3_controller' with type 'ros.ament_python' and name 'my_turtlebot3_controller'
[0.168s] Level 1:colcon.colcon_core.package_identification:_identify(src/turtlebot3_fake_node) by extensions ['ignore', 'ignore_ament_install']
[0.168s] Level 1:colcon.colcon_core.package_identification:_identify(src/turtlebot3_fake_node) by extension 'ignore'
[0.168s] Level 1:colcon.colcon_core.package_identification:_identify(src/turtlebot3_fake_node) by extension 'ignore_ament_install'
[0.169s] Level 1:colcon.colcon_core.package_identification:_identify(src/turtlebot3_fake_node) by extensions ['colcon_pkg']
[0.169s] Level 1:colcon.colcon_core.package_identification:_identify(src/turtlebot3_fake_node) by extension 'colcon_pkg'
[0.169s] Level 1:colcon.colcon_core.package_identification:_identify(src/turtlebot3_fake_node) by extensions ['colcon_meta']
[0.169s] Level 1:colcon.colcon_core.package_identification:_identify(src/turtlebot3_fake_node) by extension 'colcon_meta'
[0.169s] Level 1:colcon.colcon_core.package_identification:_identify(src/turtlebot3_fake_node) by extensions ['ros']
[0.169s] Level 1:colcon.colcon_core.package_identification:_identify(src/turtlebot3_fake_node) by extension 'ros'
[0.170s] DEBUG:colcon.colcon_core.package_identification:Package 'src/turtlebot3_fake_node' with type 'ros.ament_cmake' and name 'turtlebot3_fake_node'
[0.170s] Level 1:colcon.colcon_core.package_identification:_identify(src/turtlebot3_gazebo) by extensions ['ignore', 'ignore_ament_install']
[0.170s] Level 1:colcon.colcon_core.package_identification:_identify(src/turtlebot3_gazebo) by extension 'ignore'
[0.170s] Level 1:colcon.colcon_core.package_identification:_identify(src/turtlebot3_gazebo) by extension 'ignore_ament_install'
[0.170s] Level 1:colcon.colcon_core.package_identification:_identify(src/turtlebot3_gazebo) by extensions ['colcon_pkg']
[0.170s] Level 1:colcon.colcon_core.package_identification:_identify(src/turtlebot3_gazebo) by extension 'colcon_pkg'
[0.170s] Level 1:colcon.colcon_core.package_identification:_identify(src/turtlebot3_gazebo) by extensions ['colcon_meta']
[0.170s] Level 1:colcon.colcon_core.package_identification:_identify(src/turtlebot3_gazebo) by extension 'colcon_meta'
[0.170s] Level 1:colcon.colcon_core.package_identification:_identify(src/turtlebot3_gazebo) by extensions ['ros']
[0.170s] Level 1:colcon.colcon_core.package_identification:_identify(src/turtlebot3_gazebo) by extension 'ros'
[0.171s] DEBUG:colcon.colcon_core.package_identification:Package 'src/turtlebot3_gazebo' with type 'ros.ament_cmake' and name 'turtlebot3_gazebo'
[0.171s] Level 1:colcon.colcon_core.package_identification:_identify(src/turtlebot3_simulations) by extensions ['ignore', 'ignore_ament_install']
[0.171s] Level 1:colcon.colcon_core.package_identification:_identify(src/turtlebot3_simulations) by extension 'ignore'
[0.171s] Level 1:colcon.colcon_core.package_identification:_identify(src/turtlebot3_simulations) by extension 'ignore_ament_install'
[0.171s] Level 1:colcon.colcon_core.package_identification:_identify(src/turtlebot3_simulations) by extensions ['colcon_pkg']
[0.171s] Level 1:colcon.colcon_core.package_identification:_identify(src/turtlebot3_simulations) by extension 'colcon_pkg'
[0.171s] Level 1:colcon.colcon_core.package_identification:_identify(src/turtlebot3_simulations) by extensions ['colcon_meta']
[0.171s] Level 1:colcon.colcon_core.package_identification:_identify(src/turtlebot3_simulations) by extension 'colcon_meta'
[0.171s] Level 1:colcon.colcon_core.package_identification:_identify(src/turtlebot3_simulations) by extensions ['ros']
[0.171s] Level 1:colcon.colcon_core.package_identification:_identify(src/turtlebot3_simulations) by extension 'ros'
[0.171s] DEBUG:colcon.colcon_core.package_identification:Package 'src/turtlebot3_simulations' with type 'ros.ament_cmake' and name 'turtlebot3_simulations'
[0.171s] Level 1:colcon.colcon_core.package_discovery:discover_packages(recursive) using defaults
[0.171s] Level 1:colcon.colcon_core.package_discovery:discover_packages(ignore) discover
[0.171s] Level 1:colcon.colcon_core.package_discovery:discover_packages(ignore) using defaults
[0.171s] Level 1:colcon.colcon_core.package_discovery:discover_packages(path) discover
[0.171s] Level 1:colcon.colcon_core.package_discovery:discover_packages(path) using defaults
[0.180s] Level 1:colcon.colcon_core.package_discovery:discover_packages(prefix_path) check parameters
[0.180s] Level 1:colcon.colcon_core.package_discovery:discover_packages(prefix_path) discover
[0.180s] WARNING:colcon.colcon_ros.prefix_path.ament:The path '/home/ayham/Courses/CBL/ub/projects/install/turtlebot3_fake_node' in the environment variable AMENT_PREFIX_PATH doesn't exist
[0.180s] WARNING:colcon.colcon_ros.prefix_path.ament:The path '/home/ayham/Courses/CBL/ub/projects/install/turtlebot3_simulations' in the environment variable AMENT_PREFIX_PATH doesn't exist
[0.180s] WARNING:colcon.colcon_ros.prefix_path.ament:The path '/home/ayham/Courses/CBL/ub/projects/install/turtlebot3_gazebo' in the environment variable AMENT_PREFIX_PATH doesn't exist
[0.180s] WARNING:colcon.colcon_ros.prefix_path.ament:The path '/home/ayham/Courses/CBL/ub/projects/install/turtlebot3_description' in the environment variable AMENT_PREFIX_PATH doesn't exist
[0.180s] WARNING:colcon.colcon_ros.prefix_path.ament:The path '/home/ayham/Courses/CBL/ub/projects/install/my_turtlebot3_controller' in the environment variable AMENT_PREFIX_PATH doesn't exist
[0.180s] WARNING:colcon.colcon_ros.prefix_path.catkin:The path '/home/ayham/Courses/CBL/ub/projects/install/turtlebot3_fake_node' in the environment variable CMAKE_PREFIX_PATH doesn't exist
[0.180s] WARNING:colcon.colcon_ros.prefix_path.catkin:The path '/home/ayham/Courses/CBL/ub/projects/install/turtlebot3_simulations' in the environment variable CMAKE_PREFIX_PATH doesn't exist
[0.180s] WARNING:colcon.colcon_ros.prefix_path.catkin:The path '/home/ayham/Courses/CBL/ub/projects/install/turtlebot3_gazebo' in the environment variable CMAKE_PREFIX_PATH doesn't exist
[0.180s] WARNING:colcon.colcon_ros.prefix_path.catkin:The path '/home/ayham/Courses/CBL/ub/projects/install/turtlebot3_description' in the environment variable CMAKE_PREFIX_PATH doesn't exist
[0.181s] DEBUG:colcon.colcon_installed_package_information.package_discovery:Found 0 installed packages in /home/ayham/Courses/CBL/ub/projects/install
[0.181s] DEBUG:colcon.colcon_installed_package_information.package_discovery:Found 318 installed packages in /opt/ros/foxy
[0.182s] Level 1:colcon.colcon_core.package_discovery:discover_packages(prefix_path) using defaults
[0.218s] Level 5:colcon.colcon_core.verb:set package 'my_turtlebot3_controller' build argument 'cmake_args' from command line to 'None'
[0.218s] Level 5:colcon.colcon_core.verb:set package 'my_turtlebot3_controller' build argument 'cmake_target' from command line to 'None'
[0.218s] Level 5:colcon.colcon_core.verb:set package 'my_turtlebot3_controller' build argument 'cmake_target_skip_unavailable' from command line to 'False'
[0.218s] Level 5:colcon.colcon_core.verb:set package 'my_turtlebot3_controller' build argument 'cmake_clean_cache' from command line to 'False'
[0.218s] Level 5:colcon.colcon_core.verb:set package 'my_turtlebot3_controller' build argument 'cmake_clean_first' from command line to 'False'
[0.218s] Level 5:colcon.colcon_core.verb:set package 'my_turtlebot3_controller' build argument 'cmake_force_configure' from command line to 'False'
[0.218s] Level 5:colcon.colcon_core.verb:set package 'my_turtlebot3_controller' build argument 'ament_cmake_args' from command line to 'None'
[0.218s] Level 5:colcon.colcon_core.verb:set package 'my_turtlebot3_controller' build argument 'catkin_cmake_args' from command line to 'None'
[0.218s] Level 5:colcon.colcon_core.verb:set package 'my_turtlebot3_controller' build argument 'catkin_skip_building_tests' from command line to 'False'
[0.218s] DEBUG:colcon.colcon_core.verb:Building package 'my_turtlebot3_controller' with the following arguments: {'ament_cmake_args': None, 'build_base': '/home/ayham/Courses/CBL/ub/projects/build/my_turtlebot3_controller', 'catkin_cmake_args': None, 'catkin_skip_building_tests': False, 'cmake_args': None, 'cmake_clean_cache': False, 'cmake_clean_first': False, 'cmake_force_configure': False, 'cmake_target': None, 'cmake_target_skip_unavailable': False, 'install_base': '/home/ayham/Courses/CBL/ub/projects/install/my_turtlebot3_controller', 'merge_install': False, 'path': '/home/ayham/Courses/CBL/ub/projects/src/my_turtlebot3_controller', 'symlink_install': False, 'test_result_base': None}
[0.218s] Level 5:colcon.colcon_core.verb:set package 'turtlebot3_fake_node' build argument 'cmake_args' from command line to 'None'
[0.218s] Level 5:colcon.colcon_core.verb:set package 'turtlebot3_fake_node' build argument 'cmake_target' from command line to 'None'
[0.218s] Level 5:colcon.colcon_core.verb:set package 'turtlebot3_fake_node' build argument 'cmake_target_skip_unavailable' from command line to 'False'
[0.218s] Level 5:colcon.colcon_core.verb:set package 'turtlebot3_fake_node' build argument 'cmake_clean_cache' from command line to 'False'
[0.218s] Level 5:colcon.colcon_core.verb:set package 'turtlebot3_fake_node' build argument 'cmake_clean_first' from command line to 'False'
[0.218s] Level 5:colcon.colcon_core.verb:set package 'turtlebot3_fake_node' build argument 'cmake_force_configure' from command line to 'False'
[0.218s] Level 5:colcon.colcon_core.verb:set package 'turtlebot3_fake_node' build argument 'ament_cmake_args' from command line to 'None'
[0.218s] Level 5:colcon.colcon_core.verb:set package 'turtlebot3_fake_node' build argument 'catkin_cmake_args' from command line to 'None'
[0.218s] Level 5:colcon.colcon_core.verb:set package 'turtlebot3_fake_node' build argument 'catkin_skip_building_tests' from command line to 'False'
[0.218s] DEBUG:colcon.colcon_core.verb:Building package 'turtlebot3_fake_node' with the following arguments: {'ament_cmake_args': None, 'build_base': '/home/ayham/Courses/CBL/ub/projects/build/turtlebot3_fake_node', 'catkin_cmake_args': None, 'catkin_skip_building_tests': False, 'cmake_args': None, 'cmake_clean_cache': False, 'cmake_clean_first': False, 'cmake_force_configure': False, 'cmake_target': None, 'cmake_target_skip_unavailable': False, 'install_base': '/home/ayham/Courses/CBL/ub/projects/install/turtlebot3_fake_node', 'merge_install': False, 'path': '/home/ayham/Courses/CBL/ub/projects/src/turtlebot3_fake_node', 'symlink_install': False, 'test_result_base': None}
[0.218s] Level 5:colcon.colcon_core.verb:set package 'turtlebot3_gazebo' build argument 'cmake_args' from command line to 'None'
[0.218s] Level 5:colcon.colcon_core.verb:set package 'turtlebot3_gazebo' build argument 'cmake_target' from command line to 'None'
[0.218s] Level 5:colcon.colcon_core.verb:set package 'turtlebot3_gazebo' build argument 'cmake_target_skip_unavailable' from command line to 'False'
[0.218s] Level 5:colcon.colcon_core.verb:set package 'turtlebot3_gazebo' build argument 'cmake_clean_cache' from command line to 'False'
[0.218s] Level 5:colcon.colcon_core.verb:set package 'turtlebot3_gazebo' build argument 'cmake_clean_first' from command line to 'False'
[0.218s] Level 5:colcon.colcon_core.verb:set package 'turtlebot3_gazebo' build argument 'cmake_force_configure' from command line to 'False'
[0.218s] Level 5:colcon.colcon_core.verb:set package 'turtlebot3_gazebo' build argument 'ament_cmake_args' from command line to 'None'
[0.218s] Level 5:colcon.colcon_core.verb:set package 'turtlebot3_gazebo' build argument 'catkin_cmake_args' from command line to 'None'
[0.219s] Level 5:colcon.colcon_core.verb:set package 'turtlebot3_gazebo' build argument 'catkin_skip_building_tests' from command line to 'False'
[0.219s] DEBUG:colcon.colcon_core.verb:Building package 'turtlebot3_gazebo' with the following arguments: {'ament_cmake_args': None, 'build_base': '/home/ayham/Courses/CBL/ub/projects/build/turtlebot3_gazebo', 'catkin_cmake_args': None, 'catkin_skip_building_tests': False, 'cmake_args': None, 'cmake_clean_cache': False, 'cmake_clean_first': False, 'cmake_force_configure': False, 'cmake_target': None, 'cmake_target_skip_unavailable': False, 'install_base': '/home/ayham/Courses/CBL/ub/projects/install/turtlebot3_gazebo', 'merge_install': False, 'path': '/home/ayham/Courses/CBL/ub/projects/src/turtlebot3_gazebo', 'symlink_install': False, 'test_result_base': None}
[0.219s] Level 5:colcon.colcon_core.verb:set package 'turtlebot3_simulations' build argument 'cmake_args' from command line to 'None'
[0.219s] Level 5:colcon.colcon_core.verb:set package 'turtlebot3_simulations' build argument 'cmake_target' from command line to 'None'
[0.219s] Level 5:colcon.colcon_core.verb:set package 'turtlebot3_simulations' build argument 'cmake_target_skip_unavailable' from command line to 'False'
[0.219s] Level 5:colcon.colcon_core.verb:set package 'turtlebot3_simulations' build argument 'cmake_clean_cache' from command line to 'False'
[0.219s] Level 5:colcon.colcon_core.verb:set package 'turtlebot3_simulations' build argument 'cmake_clean_first' from command line to 'False'
[0.219s] Level 5:colcon.colcon_core.verb:set package 'turtlebot3_simulations' build argument 'cmake_force_configure' from command line to 'False'
[0.219s] Level 5:colcon.colcon_core.verb:set package 'turtlebot3_simulations' build argument 'ament_cmake_args' from command line to 'None'
[0.219s] Level 5:colcon.colcon_core.verb:set package 'turtlebot3_simulations' build argument 'catkin_cmake_args' from command line to 'None'
[0.219s] Level 5:colcon.colcon_core.verb:set package 'turtlebot3_simulations' build argument 'catkin_skip_building_tests' from command line to 'False'
[0.219s] DEBUG:colcon.colcon_core.verb:Building package 'turtlebot3_simulations' with the following arguments: {'ament_cmake_args': None, 'build_base': '/home/ayham/Courses/CBL/ub/projects/build/turtlebot3_simulations', 'catkin_cmake_args': None, 'catkin_skip_building_tests': False, 'cmake_args': None, 'cmake_clean_cache': False, 'cmake_clean_first': False, 'cmake_force_configure': False, 'cmake_target': None, 'cmake_target_skip_unavailable': False, 'install_base': '/home/ayham/Courses/CBL/ub/projects/install/turtlebot3_simulations', 'merge_install': False, 'path': '/home/ayham/Courses/CBL/ub/projects/src/turtlebot3_simulations', 'symlink_install': False, 'test_result_base': None}
[0.219s] INFO:colcon.colcon_core.executor:Executing jobs using 'parallel' executor
[0.220s] DEBUG:colcon.colcon_parallel_executor.executor.parallel:run_until_complete
[0.220s] INFO:colcon.colcon_ros.task.ament_cmake.build:Building ROS package in '/home/ayham/Courses/CBL/ub/projects/src/turtlebot3_fake_node' with build type 'ament_cmake'
[0.220s] INFO:colcon.colcon_cmake.task.cmake.build:Building CMake package in '/home/ayham/Courses/CBL/ub/projects/src/turtlebot3_fake_node'
[0.221s] INFO:colcon.colcon_core.plugin_system:Skipping extension 'colcon_core.shell.bat': Not used on non-Windows systems
[0.221s] INFO:colcon.colcon_core.shell:Skip shell extension 'powershell' for command environment: Not usable outside of PowerShell
[0.221s] DEBUG:colcon.colcon_core.shell:Skip shell extension 'dsv' for command environment
[0.225s] INFO:colcon.colcon_ros.task.ament_cmake.build:Building ROS package in '/home/ayham/Courses/CBL/ub/projects/src/turtlebot3_gazebo' with build type 'ament_cmake'
[0.225s] INFO:colcon.colcon_cmake.task.cmake.build:Building CMake package in '/home/ayham/Courses/CBL/ub/projects/src/turtlebot3_gazebo'
[0.225s] INFO:colcon.colcon_core.shell:Skip shell extension 'powershell' for command environment: Not usable outside of PowerShell
[0.225s] DEBUG:colcon.colcon_core.shell:Skip shell extension 'dsv' for command environment
[0.228s] INFO:colcon.colcon_ros.task.ament_python.build:Building ROS package in '/home/ayham/Courses/CBL/ub/projects/src/my_turtlebot3_controller' with build type 'ament_python'
[0.228s] Level 1:colcon.colcon_core.shell:create_environment_hook('my_turtlebot3_controller', 'ament_prefix_path')
[0.228s] INFO:colcon.colcon_core.shell:Creating environment hook '/home/ayham/Courses/CBL/ub/projects/install/my_turtlebot3_controller/share/my_turtlebot3_controller/hook/ament_prefix_path.ps1'
[0.229s] INFO:colcon.colcon_core.shell:Creating environment descriptor '/home/ayham/Courses/CBL/ub/projects/install/my_turtlebot3_controller/share/my_turtlebot3_controller/hook/ament_prefix_path.dsv'
[0.229s] INFO:colcon.colcon_core.shell:Creating environment hook '/home/ayham/Courses/CBL/ub/projects/install/my_turtlebot3_controller/share/my_turtlebot3_controller/hook/ament_prefix_path.sh'
[0.229s] INFO:colcon.colcon_core.shell:Skip shell extension 'powershell' for command environment: Not usable outside of PowerShell
[0.229s] DEBUG:colcon.colcon_core.shell:Skip shell extension 'dsv' for command environment
[0.236s] DEBUG:colcon.colcon_core.event_handler.log_command:Invoking command in '/home/ayham/Courses/CBL/ub/projects/build/turtlebot3_fake_node': CMAKE_PREFIX_PATH=${CMAKE_PREFIX_PATH}:/home/ayham/Courses/CBL/ub/projects/install/my_turtlebot3_controller:/opt/ros/foxy PS1=[\u@\h \W]\$ /usr/bin/cmake /home/ayham/Courses/CBL/ub/projects/src/turtlebot3_fake_node -DCMAKE_INSTALL_PREFIX=/home/ayham/Courses/CBL/ub/projects/install/turtlebot3_fake_node
[0.239s] DEBUG:colcon.colcon_core.event_handler.log_command:Invoking command in '/home/ayham/Courses/CBL/ub/projects/build/turtlebot3_gazebo': CMAKE_PREFIX_PATH=${CMAKE_PREFIX_PATH}:/home/ayham/Courses/CBL/ub/projects/install/my_turtlebot3_controller:/opt/ros/foxy PS1=[\u@\h \W]\$ /usr/bin/cmake /home/ayham/Courses/CBL/ub/projects/src/turtlebot3_gazebo -DCMAKE_INSTALL_PREFIX=/home/ayham/Courses/CBL/ub/projects/install/turtlebot3_gazebo
[0.368s] INFO:colcon.colcon_core.task.python.build:Building Python package in '/home/ayham/Courses/CBL/ub/projects/src/my_turtlebot3_controller'
[0.368s] INFO:colcon.colcon_core.shell:Skip shell extension 'powershell' for command environment: Not usable outside of PowerShell
[0.368s] DEBUG:colcon.colcon_core.shell:Skip shell extension 'dsv' for command environment
[0.581s] DEBUG:colcon.colcon_core.event_handler.log_command:Invoking command in '/home/ayham/Courses/CBL/ub/projects/src/my_turtlebot3_controller': PS1=[\u@\h \W]\$ PYTHONPATH=/home/ayham/Courses/CBL/ub/projects/build/my_turtlebot3_controller/prefix_override:/usr/lib/python3/dist-packages/colcon_core/task/python/colcon_distutils_commands:/home/ayham/Courses/CBL/ub/projects/install/my_turtlebot3_controller/lib/python3.8/site-packages:${PYTHONPATH} /usr/bin/python3 -W ignore:setup.py install is deprecated -W ignore:easy_install command is deprecated setup.py egg_info --egg-base ../../build/my_turtlebot3_controller build --build-base /home/ayham/Courses/CBL/ub/projects/build/my_turtlebot3_controller/build install --record /home/ayham/Courses/CBL/ub/projects/build/my_turtlebot3_controller/install.log --single-version-externally-managed install_data
[0.742s] DEBUG:colcon.colcon_core.event_handler.log_command:Invoked command in '/home/ayham/Courses/CBL/ub/projects/src/my_turtlebot3_controller' returned '0': PS1=[\u@\h \W]\$ PYTHONPATH=/home/ayham/Courses/CBL/ub/projects/build/my_turtlebot3_controller/prefix_override:/usr/lib/python3/dist-packages/colcon_core/task/python/colcon_distutils_commands:/home/ayham/Courses/CBL/ub/projects/install/my_turtlebot3_controller/lib/python3.8/site-packages:${PYTHONPATH} /usr/bin/python3 -W ignore:setup.py install is deprecated -W ignore:easy_install command is deprecated setup.py egg_info --egg-base ../../build/my_turtlebot3_controller build --build-base /home/ayham/Courses/CBL/ub/projects/build/my_turtlebot3_controller/build install --record /home/ayham/Courses/CBL/ub/projects/build/my_turtlebot3_controller/install.log --single-version-externally-managed install_data
[0.744s] Level 1:colcon.colcon_core.environment:checking '/home/ayham/Courses/CBL/ub/projects/install/my_turtlebot3_controller' for CMake module files
[0.745s] Level 1:colcon.colcon_core.environment:checking '/home/ayham/Courses/CBL/ub/projects/install/my_turtlebot3_controller' for CMake config files
[0.745s] Level 1:colcon.colcon_core.environment:checking '/home/ayham/Courses/CBL/ub/projects/install/my_turtlebot3_controller/lib'
[0.746s] Level 1:colcon.colcon_core.environment:checking '/home/ayham/Courses/CBL/ub/projects/install/my_turtlebot3_controller/bin'
[0.746s] Level 1:colcon.colcon_core.environment:checking '/home/ayham/Courses/CBL/ub/projects/install/my_turtlebot3_controller/lib/pkgconfig/my_turtlebot3_controller.pc'
[0.746s] Level 1:colcon.colcon_core.environment:checking '/home/ayham/Courses/CBL/ub/projects/install/my_turtlebot3_controller/lib/python3.8/site-packages'
[0.746s] Level 1:colcon.colcon_core.shell:create_environment_hook('my_turtlebot3_controller', 'pythonpath')
[0.746s] INFO:colcon.colcon_core.shell:Creating environment hook '/home/ayham/Courses/CBL/ub/projects/install/my_turtlebot3_controller/share/my_turtlebot3_controller/hook/pythonpath.ps1'
[0.747s] INFO:colcon.colcon_core.shell:Creating environment descriptor '/home/ayham/Courses/CBL/ub/projects/install/my_turtlebot3_controller/share/my_turtlebot3_controller/hook/pythonpath.dsv'
[0.747s] INFO:colcon.colcon_core.shell:Creating environment hook '/home/ayham/Courses/CBL/ub/projects/install/my_turtlebot3_controller/share/my_turtlebot3_controller/hook/pythonpath.sh'
[0.747s] Level 1:colcon.colcon_core.environment:checking '/home/ayham/Courses/CBL/ub/projects/install/my_turtlebot3_controller/bin'
[0.748s] Level 1:colcon.colcon_core.environment:create_environment_scripts_only(my_turtlebot3_controller)
[0.748s] INFO:colcon.colcon_core.shell:Creating package script '/home/ayham/Courses/CBL/ub/projects/install/my_turtlebot3_controller/share/my_turtlebot3_controller/package.ps1'
[0.748s] INFO:colcon.colcon_core.shell:Creating package descriptor '/home/ayham/Courses/CBL/ub/projects/install/my_turtlebot3_controller/share/my_turtlebot3_controller/package.dsv'
[0.749s] INFO:colcon.colcon_core.shell:Creating package script '/home/ayham/Courses/CBL/ub/projects/install/my_turtlebot3_controller/share/my_turtlebot3_controller/package.sh'
[0.749s] INFO:colcon.colcon_core.shell:Creating package script '/home/ayham/Courses/CBL/ub/projects/install/my_turtlebot3_controller/share/my_turtlebot3_controller/package.bash'
[0.749s] INFO:colcon.colcon_core.shell:Creating package script '/home/ayham/Courses/CBL/ub/projects/install/my_turtlebot3_controller/share/my_turtlebot3_controller/package.zsh'
[0.750s] Level 1:colcon.colcon_core.environment:create_file_with_runtime_dependencies(/home/ayham/Courses/CBL/ub/projects/install/my_turtlebot3_controller/share/colcon-core/packages/my_turtlebot3_controller)
[1.576s] DEBUG:colcon.colcon_core.event_handler.log_command:Invoked command in '/home/ayham/Courses/CBL/ub/projects/build/turtlebot3_fake_node' returned '0': CMAKE_PREFIX_PATH=${CMAKE_PREFIX_PATH}:/home/ayham/Courses/CBL/ub/projects/install/my_turtlebot3_controller:/opt/ros/foxy PS1=[\u@\h \W]\$ /usr/bin/cmake /home/ayham/Courses/CBL/ub/projects/src/turtlebot3_fake_node -DCMAKE_INSTALL_PREFIX=/home/ayham/Courses/CBL/ub/projects/install/turtlebot3_fake_node
[1.578s] DEBUG:colcon.colcon_core.event_handler.log_command:Invoking command in '/home/ayham/Courses/CBL/ub/projects/build/turtlebot3_fake_node': CMAKE_PREFIX_PATH=${CMAKE_PREFIX_PATH}:/home/ayham/Courses/CBL/ub/projects/install/my_turtlebot3_controller:/opt/ros/foxy PS1=[\u@\h \W]\$ /usr/bin/cmake --build /home/ayham/Courses/CBL/ub/projects/build/turtlebot3_fake_node -- -j20 -l20
[2.260s] DEBUG:colcon.colcon_core.event_handler.log_command:Invoked command in '/home/ayham/Courses/CBL/ub/projects/build/turtlebot3_gazebo' returned '0': CMAKE_PREFIX_PATH=${CMAKE_PREFIX_PATH}:/home/ayham/Courses/CBL/ub/projects/install/my_turtlebot3_controller:/opt/ros/foxy PS1=[\u@\h \W]\$ /usr/bin/cmake /home/ayham/Courses/CBL/ub/projects/src/turtlebot3_gazebo -DCMAKE_INSTALL_PREFIX=/home/ayham/Courses/CBL/ub/projects/install/turtlebot3_gazebo
[2.262s] DEBUG:colcon.colcon_core.event_handler.log_command:Invoking command in '/home/ayham/Courses/CBL/ub/projects/build/turtlebot3_gazebo': CMAKE_PREFIX_PATH=${CMAKE_PREFIX_PATH}:/home/ayham/Courses/CBL/ub/projects/install/my_turtlebot3_controller:/opt/ros/foxy PS1=[\u@\h \W]\$ /usr/bin/cmake --build /home/ayham/Courses/CBL/ub/projects/build/turtlebot3_gazebo -- -j20 -l20
[5.823s] DEBUG:colcon.colcon_core.event_handler.log_command:Invoked command in '/home/ayham/Courses/CBL/ub/projects/build/turtlebot3_fake_node' returned '0': CMAKE_PREFIX_PATH=${CMAKE_PREFIX_PATH}:/home/ayham/Courses/CBL/ub/projects/install/my_turtlebot3_controller:/opt/ros/foxy PS1=[\u@\h \W]\$ /usr/bin/cmake --build /home/ayham/Courses/CBL/ub/projects/build/turtlebot3_fake_node -- -j20 -l20
[5.837s] DEBUG:colcon.colcon_core.event_handler.log_command:Invoking command in '/home/ayham/Courses/CBL/ub/projects/build/turtlebot3_fake_node': CMAKE_PREFIX_PATH=${CMAKE_PREFIX_PATH}:/home/ayham/Courses/CBL/ub/projects/install/my_turtlebot3_controller:/opt/ros/foxy PS1=[\u@\h \W]\$ /usr/bin/cmake --install /home/ayham/Courses/CBL/ub/projects/build/turtlebot3_fake_node
[5.854s] Level 1:colcon.colcon_core.environment:create_environment_scripts_only(turtlebot3_fake_node)
[5.854s] Level 1:colcon.colcon_core.environment:checking '/home/ayham/Courses/CBL/ub/projects/install/turtlebot3_fake_node' for CMake module files
[5.855s] DEBUG:colcon.colcon_core.event_handler.log_command:Invoked command in '/home/ayham/Courses/CBL/ub/projects/build/turtlebot3_fake_node' returned '0': CMAKE_PREFIX_PATH=${CMAKE_PREFIX_PATH}:/home/ayham/Courses/CBL/ub/projects/install/my_turtlebot3_controller:/opt/ros/foxy PS1=[\u@\h \W]\$ /usr/bin/cmake --install /home/ayham/Courses/CBL/ub/projects/build/turtlebot3_fake_node
[5.855s] Level 1:colcon.colcon_core.environment:checking '/home/ayham/Courses/CBL/ub/projects/install/turtlebot3_fake_node' for CMake config files
[5.855s] Level 1:colcon.colcon_core.shell:create_environment_hook('turtlebot3_fake_node', 'cmake_prefix_path')
[5.856s] INFO:colcon.colcon_core.shell:Creating environment hook '/home/ayham/Courses/CBL/ub/projects/install/turtlebot3_fake_node/share/turtlebot3_fake_node/hook/cmake_prefix_path.ps1'
[5.856s] INFO:colcon.colcon_core.shell:Creating environment descriptor '/home/ayham/Courses/CBL/ub/projects/install/turtlebot3_fake_node/share/turtlebot3_fake_node/hook/cmake_prefix_path.dsv'
[5.857s] INFO:colcon.colcon_core.shell:Creating environment hook '/home/ayham/Courses/CBL/ub/projects/install/turtlebot3_fake_node/share/turtlebot3_fake_node/hook/cmake_prefix_path.sh'
[5.857s] Level 1:colcon.colcon_core.environment:checking '/home/ayham/Courses/CBL/ub/projects/install/turtlebot3_fake_node/lib'
[5.857s] Level 1:colcon.colcon_core.environment:checking '/home/ayham/Courses/CBL/ub/projects/install/turtlebot3_fake_node/bin'
[5.857s] Level 1:colcon.colcon_core.environment:checking '/home/ayham/Courses/CBL/ub/projects/install/turtlebot3_fake_node/lib/pkgconfig/turtlebot3_fake_node.pc'
[5.858s] Level 1:colcon.colcon_core.environment:checking '/home/ayham/Courses/CBL/ub/projects/install/turtlebot3_fake_node/lib/python3.8/site-packages'
[5.858s] Level 1:colcon.colcon_core.environment:checking '/home/ayham/Courses/CBL/ub/projects/install/turtlebot3_fake_node/bin'
[5.858s] INFO:colcon.colcon_core.shell:Creating package script '/home/ayham/Courses/CBL/ub/projects/install/turtlebot3_fake_node/share/turtlebot3_fake_node/package.ps1'
[5.859s] INFO:colcon.colcon_core.shell:Creating package descriptor '/home/ayham/Courses/CBL/ub/projects/install/turtlebot3_fake_node/share/turtlebot3_fake_node/package.dsv'
[5.859s] INFO:colcon.colcon_core.shell:Creating package script '/home/ayham/Courses/CBL/ub/projects/install/turtlebot3_fake_node/share/turtlebot3_fake_node/package.sh'
[5.860s] INFO:colcon.colcon_core.shell:Creating package script '/home/ayham/Courses/CBL/ub/projects/install/turtlebot3_fake_node/share/turtlebot3_fake_node/package.bash'
[5.860s] INFO:colcon.colcon_core.shell:Creating package script '/home/ayham/Courses/CBL/ub/projects/install/turtlebot3_fake_node/share/turtlebot3_fake_node/package.zsh'
[5.860s] Level 1:colcon.colcon_core.environment:create_file_with_runtime_dependencies(/home/ayham/Courses/CBL/ub/projects/install/turtlebot3_fake_node/share/colcon-core/packages/turtlebot3_fake_node)
[5.861s] Level 1:colcon.colcon_core.environment:create_environment_scripts_only(turtlebot3_fake_node)
[5.861s] Level 1:colcon.colcon_core.environment:checking '/home/ayham/Courses/CBL/ub/projects/install/turtlebot3_fake_node' for CMake module files
[5.862s] Level 1:colcon.colcon_core.environment:checking '/home/ayham/Courses/CBL/ub/projects/install/turtlebot3_fake_node' for CMake config files
[5.862s] Level 1:colcon.colcon_core.shell:create_environment_hook('turtlebot3_fake_node', 'cmake_prefix_path')
[5.862s] INFO:colcon.colcon_core.shell:Creating environment hook '/home/ayham/Courses/CBL/ub/projects/install/turtlebot3_fake_node/share/turtlebot3_fake_node/hook/cmake_prefix_path.ps1'
[5.863s] INFO:colcon.colcon_core.shell:Creating environment descriptor '/home/ayham/Courses/CBL/ub/projects/install/turtlebot3_fake_node/share/turtlebot3_fake_node/hook/cmake_prefix_path.dsv'
[5.863s] INFO:colcon.colcon_core.shell:Creating environment hook '/home/ayham/Courses/CBL/ub/projects/install/turtlebot3_fake_node/share/turtlebot3_fake_node/hook/cmake_prefix_path.sh'
[5.864s] Level 1:colcon.colcon_core.environment:checking '/home/ayham/Courses/CBL/ub/projects/install/turtlebot3_fake_node/lib'
[5.864s] Level 1:colcon.colcon_core.environment:checking '/home/ayham/Courses/CBL/ub/projects/install/turtlebot3_fake_node/bin'
[5.864s] Level 1:colcon.colcon_core.environment:checking '/home/ayham/Courses/CBL/ub/projects/install/turtlebot3_fake_node/lib/pkgconfig/turtlebot3_fake_node.pc'
[5.864s] Level 1:colcon.colcon_core.environment:checking '/home/ayham/Courses/CBL/ub/projects/install/turtlebot3_fake_node/lib/python3.8/site-packages'
[5.864s] Level 1:colcon.colcon_core.environment:checking '/home/ayham/Courses/CBL/ub/projects/install/turtlebot3_fake_node/bin'
[5.865s] INFO:colcon.colcon_core.shell:Creating package script '/home/ayham/Courses/CBL/ub/projects/install/turtlebot3_fake_node/share/turtlebot3_fake_node/package.ps1'
[5.865s] INFO:colcon.colcon_core.shell:Creating package descriptor '/home/ayham/Courses/CBL/ub/projects/install/turtlebot3_fake_node/share/turtlebot3_fake_node/package.dsv'
[5.866s] INFO:colcon.colcon_core.shell:Creating package script '/home/ayham/Courses/CBL/ub/projects/install/turtlebot3_fake_node/share/turtlebot3_fake_node/package.sh'
[5.867s] INFO:colcon.colcon_core.shell:Creating package script '/home/ayham/Courses/CBL/ub/projects/install/turtlebot3_fake_node/share/turtlebot3_fake_node/package.bash'
[5.867s] INFO:colcon.colcon_core.shell:Creating package script '/home/ayham/Courses/CBL/ub/projects/install/turtlebot3_fake_node/share/turtlebot3_fake_node/package.zsh'
[5.868s] Level 1:colcon.colcon_core.environment:create_file_with_runtime_dependencies(/home/ayham/Courses/CBL/ub/projects/install/turtlebot3_fake_node/share/colcon-core/packages/turtlebot3_fake_node)
[8.189s] DEBUG:colcon.colcon_core.event_handler.log_command:Invoked command in '/home/ayham/Courses/CBL/ub/projects/build/turtlebot3_gazebo' returned '0': CMAKE_PREFIX_PATH=${CMAKE_PREFIX_PATH}:/home/ayham/Courses/CBL/ub/projects/install/my_turtlebot3_controller:/opt/ros/foxy PS1=[\u@\h \W]\$ /usr/bin/cmake --build /home/ayham/Courses/CBL/ub/projects/build/turtlebot3_gazebo -- -j20 -l20
[8.191s] DEBUG:colcon.colcon_core.event_handler.log_command:Invoking command in '/home/ayham/Courses/CBL/ub/projects/build/turtlebot3_gazebo': CMAKE_PREFIX_PATH=${CMAKE_PREFIX_PATH}:/home/ayham/Courses/CBL/ub/projects/install/my_turtlebot3_controller:/opt/ros/foxy PS1=[\u@\h \W]\$ /usr/bin/cmake --install /home/ayham/Courses/CBL/ub/projects/build/turtlebot3_gazebo
[8.206s] Level 1:colcon.colcon_core.environment:create_environment_scripts_only(turtlebot3_gazebo)
[8.206s] DEBUG:colcon.colcon_core.event_handler.log_command:Invoked command in '/home/ayham/Courses/CBL/ub/projects/build/turtlebot3_gazebo' returned '0': CMAKE_PREFIX_PATH=${CMAKE_PREFIX_PATH}:/home/ayham/Courses/CBL/ub/projects/install/my_turtlebot3_controller:/opt/ros/foxy PS1=[\u@\h \W]\$ /usr/bin/cmake --install /home/ayham/Courses/CBL/ub/projects/build/turtlebot3_gazebo
[8.207s] Level 1:colcon.colcon_core.environment:checking '/home/ayham/Courses/CBL/ub/projects/install/turtlebot3_gazebo' for CMake module files
[8.208s] Level 1:colcon.colcon_core.environment:checking '/home/ayham/Courses/CBL/ub/projects/install/turtlebot3_gazebo' for CMake config files
[8.209s] Level 1:colcon.colcon_core.shell:create_environment_hook('turtlebot3_gazebo', 'cmake_prefix_path')
[8.209s] INFO:colcon.colcon_core.shell:Creating environment hook '/home/ayham/Courses/CBL/ub/projects/install/turtlebot3_gazebo/share/turtlebot3_gazebo/hook/cmake_prefix_path.ps1'
[8.210s] INFO:colcon.colcon_core.shell:Creating environment descriptor '/home/ayham/Courses/CBL/ub/projects/install/turtlebot3_gazebo/share/turtlebot3_gazebo/hook/cmake_prefix_path.dsv'
[8.210s] INFO:colcon.colcon_core.shell:Creating environment hook '/home/ayham/Courses/CBL/ub/projects/install/turtlebot3_gazebo/share/turtlebot3_gazebo/hook/cmake_prefix_path.sh'
[8.210s] Level 1:colcon.colcon_core.environment:checking '/home/ayham/Courses/CBL/ub/projects/install/turtlebot3_gazebo/lib'
[8.210s] Level 1:colcon.colcon_core.environment:checking '/home/ayham/Courses/CBL/ub/projects/install/turtlebot3_gazebo/bin'
[8.210s] Level 1:colcon.colcon_core.environment:checking '/home/ayham/Courses/CBL/ub/projects/install/turtlebot3_gazebo/lib/pkgconfig/turtlebot3_gazebo.pc'
[8.210s] Level 1:colcon.colcon_core.environment:checking '/home/ayham/Courses/CBL/ub/projects/install/turtlebot3_gazebo/lib/python3.8/site-packages'
[8.211s] Level 1:colcon.colcon_core.environment:checking '/home/ayham/Courses/CBL/ub/projects/install/turtlebot3_gazebo/bin'
[8.211s] INFO:colcon.colcon_core.shell:Creating package script '/home/ayham/Courses/CBL/ub/projects/install/turtlebot3_gazebo/share/turtlebot3_gazebo/package.ps1'
[8.211s] INFO:colcon.colcon_core.shell:Creating package descriptor '/home/ayham/Courses/CBL/ub/projects/install/turtlebot3_gazebo/share/turtlebot3_gazebo/package.dsv'
[8.211s] INFO:colcon.colcon_core.shell:Creating package script '/home/ayham/Courses/CBL/ub/projects/install/turtlebot3_gazebo/share/turtlebot3_gazebo/package.sh'
[8.211s] INFO:colcon.colcon_core.shell:Creating package script '/home/ayham/Courses/CBL/ub/projects/install/turtlebot3_gazebo/share/turtlebot3_gazebo/package.bash'
[8.212s] INFO:colcon.colcon_core.shell:Creating package script '/home/ayham/Courses/CBL/ub/projects/install/turtlebot3_gazebo/share/turtlebot3_gazebo/package.zsh'
[8.212s] Level 1:colcon.colcon_core.environment:create_file_with_runtime_dependencies(/home/ayham/Courses/CBL/ub/projects/install/turtlebot3_gazebo/share/colcon-core/packages/turtlebot3_gazebo)
[8.213s] Level 1:colcon.colcon_core.environment:create_environment_scripts_only(turtlebot3_gazebo)
[8.213s] Level 1:colcon.colcon_core.environment:checking '/home/ayham/Courses/CBL/ub/projects/install/turtlebot3_gazebo' for CMake module files
[8.213s] Level 1:colcon.colcon_core.environment:checking '/home/ayham/Courses/CBL/ub/projects/install/turtlebot3_gazebo' for CMake config files
[8.214s] Level 1:colcon.colcon_core.shell:create_environment_hook('turtlebot3_gazebo', 'cmake_prefix_path')
[8.214s] INFO:colcon.colcon_core.shell:Creating environment hook '/home/ayham/Courses/CBL/ub/projects/install/turtlebot3_gazebo/share/turtlebot3_gazebo/hook/cmake_prefix_path.ps1'
[8.214s] INFO:colcon.colcon_core.shell:Creating environment descriptor '/home/ayham/Courses/CBL/ub/projects/install/turtlebot3_gazebo/share/turtlebot3_gazebo/hook/cmake_prefix_path.dsv'
[8.214s] INFO:colcon.colcon_core.shell:Creating environment hook '/home/ayham/Courses/CBL/ub/projects/install/turtlebot3_gazebo/share/turtlebot3_gazebo/hook/cmake_prefix_path.sh'
[8.214s] Level 1:colcon.colcon_core.environment:checking '/home/ayham/Courses/CBL/ub/projects/install/turtlebot3_gazebo/lib'
[8.214s] Level 1:colcon.colcon_core.environment:checking '/home/ayham/Courses/CBL/ub/projects/install/turtlebot3_gazebo/bin'
[8.214s] Level 1:colcon.colcon_core.environment:checking '/home/ayham/Courses/CBL/ub/projects/install/turtlebot3_gazebo/lib/pkgconfig/turtlebot3_gazebo.pc'
[8.214s] Level 1:colcon.colcon_core.environment:checking '/home/ayham/Courses/CBL/ub/projects/install/turtlebot3_gazebo/lib/python3.8/site-packages'
[8.215s] Level 1:colcon.colcon_core.environment:checking '/home/ayham/Courses/CBL/ub/projects/install/turtlebot3_gazebo/bin'
[8.215s] INFO:colcon.colcon_core.shell:Creating package script '/home/ayham/Courses/CBL/ub/projects/install/turtlebot3_gazebo/share/turtlebot3_gazebo/package.ps1'
[8.215s] INFO:colcon.colcon_core.shell:Creating package descriptor '/home/ayham/Courses/CBL/ub/projects/install/turtlebot3_gazebo/share/turtlebot3_gazebo/package.dsv'
[8.215s] INFO:colcon.colcon_core.shell:Creating package script '/home/ayham/Courses/CBL/ub/projects/install/turtlebot3_gazebo/share/turtlebot3_gazebo/package.sh'
[8.215s] INFO:colcon.colcon_core.shell:Creating package script '/home/ayham/Courses/CBL/ub/projects/install/turtlebot3_gazebo/share/turtlebot3_gazebo/package.bash'
[8.215s] INFO:colcon.colcon_core.shell:Creating package script '/home/ayham/Courses/CBL/ub/projects/install/turtlebot3_gazebo/share/turtlebot3_gazebo/package.zsh'
[8.216s] Level 1:colcon.colcon_core.environment:create_file_with_runtime_dependencies(/home/ayham/Courses/CBL/ub/projects/install/turtlebot3_gazebo/share/colcon-core/packages/turtlebot3_gazebo)
[8.216s] INFO:colcon.colcon_ros.task.ament_cmake.build:Building ROS package in '/home/ayham/Courses/CBL/ub/projects/src/turtlebot3_simulations' with build type 'ament_cmake'
[8.216s] INFO:colcon.colcon_cmake.task.cmake.build:Building CMake package in '/home/ayham/Courses/CBL/ub/projects/src/turtlebot3_simulations'
[8.216s] INFO:colcon.colcon_core.shell:Skip shell extension 'powershell' for command environment: Not usable outside of PowerShell
[8.216s] DEBUG:colcon.colcon_core.shell:Skip shell extension 'dsv' for command environment
[8.224s] DEBUG:colcon.colcon_core.event_handler.log_command:Invoking command in '/home/ayham/Courses/CBL/ub/projects/build/turtlebot3_simulations': CMAKE_PREFIX_PATH=/home/ayham/Courses/CBL/ub/projects/install/turtlebot3_gazebo:/home/ayham/Courses/CBL/ub/projects/install/turtlebot3_fake_node:/home/ayham/Courses/CBL/ub/projects/install/turtlebot3_simulations:/home/ayham/Courses/CBL/ub/projects/install/turtlebot3_description:/home/ayham/Courses/CBL/ub/projects/install/my_turtlebot3_controller:/opt/ros/foxy PS1=[\u@\h \W]\$ /usr/bin/cmake /home/ayham/Courses/CBL/ub/projects/src/turtlebot3_simulations -DCMAKE_INSTALL_PREFIX=/home/ayham/Courses/CBL/ub/projects/install/turtlebot3_simulations
[8.708s] DEBUG:colcon.colcon_core.event_handler.log_command:Invoked command in '/home/ayham/Courses/CBL/ub/projects/build/turtlebot3_simulations' returned '0': CMAKE_PREFIX_PATH=/home/ayham/Courses/CBL/ub/projects/install/turtlebot3_gazebo:/home/ayham/Courses/CBL/ub/projects/install/turtlebot3_fake_node:/home/ayham/Courses/CBL/ub/projects/install/turtlebot3_simulations:/home/ayham/Courses/CBL/ub/projects/install/turtlebot3_description:/home/ayham/Courses/CBL/ub/projects/install/my_turtlebot3_controller:/opt/ros/foxy PS1=[\u@\h \W]\$ /usr/bin/cmake /home/ayham/Courses/CBL/ub/projects/src/turtlebot3_simulations -DCMAKE_INSTALL_PREFIX=/home/ayham/Courses/CBL/ub/projects/install/turtlebot3_simulations
[8.710s] DEBUG:colcon.colcon_core.event_handler.log_command:Invoking command in '/home/ayham/Courses/CBL/ub/projects/build/turtlebot3_simulations': CMAKE_PREFIX_PATH=/home/ayham/Courses/CBL/ub/projects/install/turtlebot3_gazebo:/home/ayham/Courses/CBL/ub/projects/install/turtlebot3_fake_node:/home/ayham/Courses/CBL/ub/projects/install/turtlebot3_simulations:/home/ayham/Courses/CBL/ub/projects/install/turtlebot3_description:/home/ayham/Courses/CBL/ub/projects/install/my_turtlebot3_controller:/opt/ros/foxy PS1=[\u@\h \W]\$ /usr/bin/cmake --build /home/ayham/Courses/CBL/ub/projects/build/turtlebot3_simulations -- -j20 -l20
[8.735s] DEBUG:colcon.colcon_core.event_handler.log_command:Invoked command in '/home/ayham/Courses/CBL/ub/projects/build/turtlebot3_simulations' returned '0': CMAKE_PREFIX_PATH=/home/ayham/Courses/CBL/ub/projects/install/turtlebot3_gazebo:/home/ayham/Courses/CBL/ub/projects/install/turtlebot3_fake_node:/home/ayham/Courses/CBL/ub/projects/install/turtlebot3_simulations:/home/ayham/Courses/CBL/ub/projects/install/turtlebot3_description:/home/ayham/Courses/CBL/ub/projects/install/my_turtlebot3_controller:/opt/ros/foxy PS1=[\u@\h \W]\$ /usr/bin/cmake --build /home/ayham/Courses/CBL/ub/projects/build/turtlebot3_simulations -- -j20 -l20
[8.736s] DEBUG:colcon.colcon_core.event_handler.log_command:Invoking command in '/home/ayham/Courses/CBL/ub/projects/build/turtlebot3_simulations': CMAKE_PREFIX_PATH=/home/ayham/Courses/CBL/ub/projects/install/turtlebot3_gazebo:/home/ayham/Courses/CBL/ub/projects/install/turtlebot3_fake_node:/home/ayham/Courses/CBL/ub/projects/install/turtlebot3_simulations:/home/ayham/Courses/CBL/ub/projects/install/turtlebot3_description:/home/ayham/Courses/CBL/ub/projects/install/my_turtlebot3_controller:/opt/ros/foxy PS1=[\u@\h \W]\$ /usr/bin/cmake --install /home/ayham/Courses/CBL/ub/projects/build/turtlebot3_simulations
[8.745s] Level 1:colcon.colcon_core.environment:create_environment_scripts_only(turtlebot3_simulations)
[8.745s] Level 1:colcon.colcon_core.environment:checking '/home/ayham/Courses/CBL/ub/projects/install/turtlebot3_simulations' for CMake module files
[8.746s] DEBUG:colcon.colcon_core.event_handler.log_command:Invoked command in '/home/ayham/Courses/CBL/ub/projects/build/turtlebot3_simulations' returned '0': CMAKE_PREFIX_PATH=/home/ayham/Courses/CBL/ub/projects/install/turtlebot3_gazebo:/home/ayham/Courses/CBL/ub/projects/install/turtlebot3_fake_node:/home/ayham/Courses/CBL/ub/projects/install/turtlebot3_simulations:/home/ayham/Courses/CBL/ub/projects/install/turtlebot3_description:/home/ayham/Courses/CBL/ub/projects/install/my_turtlebot3_controller:/opt/ros/foxy PS1=[\u@\h \W]\$ /usr/bin/cmake --install /home/ayham/Courses/CBL/ub/projects/build/turtlebot3_simulations
[8.746s] Level 1:colcon.colcon_core.environment:checking '/home/ayham/Courses/CBL/ub/projects/install/turtlebot3_simulations' for CMake config files
[8.746s] Level 1:colcon.colcon_core.shell:create_environment_hook('turtlebot3_simulations', 'cmake_prefix_path')
[8.746s] INFO:colcon.colcon_core.shell:Creating environment hook '/home/ayham/Courses/CBL/ub/projects/install/turtlebot3_simulations/share/turtlebot3_simulations/hook/cmake_prefix_path.ps1'
[8.746s] INFO:colcon.colcon_core.shell:Creating environment descriptor '/home/ayham/Courses/CBL/ub/projects/install/turtlebot3_simulations/share/turtlebot3_simulations/hook/cmake_prefix_path.dsv'
[8.747s] INFO:colcon.colcon_core.shell:Creating environment hook '/home/ayham/Courses/CBL/ub/projects/install/turtlebot3_simulations/share/turtlebot3_simulations/hook/cmake_prefix_path.sh'
[8.747s] Level 1:colcon.colcon_core.environment:checking '/home/ayham/Courses/CBL/ub/projects/install/turtlebot3_simulations/bin'
[8.747s] Level 1:colcon.colcon_core.environment:checking '/home/ayham/Courses/CBL/ub/projects/install/turtlebot3_simulations/lib/pkgconfig/turtlebot3_simulations.pc'
[8.747s] Level 1:colcon.colcon_core.environment:checking '/home/ayham/Courses/CBL/ub/projects/install/turtlebot3_simulations/lib/python3.8/site-packages'
[8.747s] Level 1:colcon.colcon_core.environment:checking '/home/ayham/Courses/CBL/ub/projects/install/turtlebot3_simulations/bin'
[8.747s] INFO:colcon.colcon_core.shell:Creating package script '/home/ayham/Courses/CBL/ub/projects/install/turtlebot3_simulations/share/turtlebot3_simulations/package.ps1'
[8.747s] INFO:colcon.colcon_core.shell:Creating package descriptor '/home/ayham/Courses/CBL/ub/projects/install/turtlebot3_simulations/share/turtlebot3_simulations/package.dsv'
[8.748s] INFO:colcon.colcon_core.shell:Creating package script '/home/ayham/Courses/CBL/ub/projects/install/turtlebot3_simulations/share/turtlebot3_simulations/package.sh'
[8.748s] INFO:colcon.colcon_core.shell:Creating package script '/home/ayham/Courses/CBL/ub/projects/install/turtlebot3_simulations/share/turtlebot3_simulations/package.bash'
[8.748s] INFO:colcon.colcon_core.shell:Creating package script '/home/ayham/Courses/CBL/ub/projects/install/turtlebot3_simulations/share/turtlebot3_simulations/package.zsh'
[8.748s] Level 1:colcon.colcon_core.environment:create_file_with_runtime_dependencies(/home/ayham/Courses/CBL/ub/projects/install/turtlebot3_simulations/share/colcon-core/packages/turtlebot3_simulations)
[8.748s] Level 1:colcon.colcon_core.environment:create_environment_scripts_only(turtlebot3_simulations)
[8.749s] Level 1:colcon.colcon_core.environment:checking '/home/ayham/Courses/CBL/ub/projects/install/turtlebot3_simulations' for CMake module files
[8.749s] Level 1:colcon.colcon_core.environment:checking '/home/ayham/Courses/CBL/ub/projects/install/turtlebot3_simulations' for CMake config files
[8.749s] Level 1:colcon.colcon_core.shell:create_environment_hook('turtlebot3_simulations', 'cmake_prefix_path')
[8.749s] INFO:colcon.colcon_core.shell:Creating environment hook '/home/ayham/Courses/CBL/ub/projects/install/turtlebot3_simulations/share/turtlebot3_simulations/hook/cmake_prefix_path.ps1'
[8.749s] INFO:colcon.colcon_core.shell:Creating environment descriptor '/home/ayham/Courses/CBL/ub/projects/install/turtlebot3_simulations/share/turtlebot3_simulations/hook/cmake_prefix_path.dsv'
[8.749s] INFO:colcon.colcon_core.shell:Creating environment hook '/home/ayham/Courses/CBL/ub/projects/install/turtlebot3_simulations/share/turtlebot3_simulations/hook/cmake_prefix_path.sh'
[8.749s] Level 1:colcon.colcon_core.environment:checking '/home/ayham/Courses/CBL/ub/projects/install/turtlebot3_simulations/bin'
[8.749s] Level 1:colcon.colcon_core.environment:checking '/home/ayham/Courses/CBL/ub/projects/install/turtlebot3_simulations/lib/pkgconfig/turtlebot3_simulations.pc'
[8.750s] Level 1:colcon.colcon_core.environment:checking '/home/ayham/Courses/CBL/ub/projects/install/turtlebot3_simulations/lib/python3.8/site-packages'
[8.750s] Level 1:colcon.colcon_core.environment:checking '/home/ayham/Courses/CBL/ub/projects/install/turtlebot3_simulations/bin'
[8.750s] INFO:colcon.colcon_core.shell:Creating package script '/home/ayham/Courses/CBL/ub/projects/install/turtlebot3_simulations/share/turtlebot3_simulations/package.ps1'
[8.750s] INFO:colcon.colcon_core.shell:Creating package descriptor '/home/ayham/Courses/CBL/ub/projects/install/turtlebot3_simulations/share/turtlebot3_simulations/package.dsv'
[8.750s] INFO:colcon.colcon_core.shell:Creating package script '/home/ayham/Courses/CBL/ub/projects/install/turtlebot3_simulations/share/turtlebot3_simulations/package.sh'
[8.750s] INFO:colcon.colcon_core.shell:Creating package script '/home/ayham/Courses/CBL/ub/projects/install/turtlebot3_simulations/share/turtlebot3_simulations/package.bash'
[8.751s] INFO:colcon.colcon_core.shell:Creating package script '/home/ayham/Courses/CBL/ub/projects/install/turtlebot3_simulations/share/turtlebot3_simulations/package.zsh'
[8.751s] Level 1:colcon.colcon_core.environment:create_file_with_runtime_dependencies(/home/ayham/Courses/CBL/ub/projects/install/turtlebot3_simulations/share/colcon-core/packages/turtlebot3_simulations)
[8.751s] DEBUG:colcon.colcon_parallel_executor.executor.parallel:closing loop
[8.751s] DEBUG:colcon.colcon_parallel_executor.executor.parallel:loop closed
[8.751s] DEBUG:colcon.colcon_parallel_executor.executor.parallel:run_until_complete finished with '0'
[8.751s] DEBUG:colcon.colcon_core.event_reactor:joining thread
[8.754s] INFO:colcon.colcon_core.plugin_system:Skipping extension 'colcon_notification.desktop_notification.notify_send': Could not find 'notify-send'
[8.754s] INFO:colcon.colcon_core.plugin_system:Skipping extension 'colcon_notification.desktop_notification.terminal_notifier': Not used on non-Darwin systems
[8.754s] INFO:colcon.colcon_core.plugin_system:Skipping extension 'colcon_notification.desktop_notification.win32': Not used on non-Windows systems
[8.754s] INFO:colcon.colcon_notification.desktop_notification:Sending desktop notification using 'notify2'
[8.767s] DEBUG:colcon.colcon_core.event_reactor:joined thread
[8.768s] INFO:colcon.colcon_core.shell:Creating prefix script '/home/ayham/Courses/CBL/ub/projects/install/local_setup.ps1'
[8.768s] INFO:colcon.colcon_core.shell:Creating prefix util module '/home/ayham/Courses/CBL/ub/projects/install/_local_setup_util_ps1.py'
[8.769s] INFO:colcon.colcon_core.shell:Creating prefix chain script '/home/ayham/Courses/CBL/ub/projects/install/setup.ps1'
[8.769s] INFO:colcon.colcon_core.shell:Creating prefix script '/home/ayham/Courses/CBL/ub/projects/install/local_setup.sh'
[8.770s] INFO:colcon.colcon_core.shell:Creating prefix util module '/home/ayham/Courses/CBL/ub/projects/install/_local_setup_util_sh.py'
[8.770s] INFO:colcon.colcon_core.shell:Creating prefix chain script '/home/ayham/Courses/CBL/ub/projects/install/setup.sh'
[8.771s] INFO:colcon.colcon_core.shell:Creating prefix script '/home/ayham/Courses/CBL/ub/projects/install/local_setup.bash'
[8.771s] INFO:colcon.colcon_core.shell:Creating prefix chain script '/home/ayham/Courses/CBL/ub/projects/install/setup.bash'
[8.772s] INFO:colcon.colcon_core.shell:Creating prefix script '/home/ayham/Courses/CBL/ub/projects/install/local_setup.zsh'
[8.772s] INFO:colcon.colcon_core.shell:Creating prefix chain script '/home/ayham/Courses/CBL/ub/projects/install/setup.zsh'
