[0.011s] Invoking command in '/home/ayham/Courses/CBL/ub/projects/build/turtlebot3_description': CMAKE_PREFIX_PATH=/opt/ros/foxy PS1=[\u@\h \W]\$ /usr/bin/cmake /home/ayham/Courses/CBL/ub/projects/src/turtlebot3_description -DCMAKE_INSTALL_PREFIX=/home/ayham/Courses/CBL/ub/projects/install/turtlebot3_description
[0.139s] -- The C compiler identification is GNU 9.4.0
[0.220s] -- The CXX compiler identification is GNU 9.4.0
[0.224s] -- Check for working C compiler: /usr/bin/cc
[0.281s] -- Check for working C compiler: /usr/bin/cc -- works
[0.282s] -- Detecting C compiler ABI info
[0.333s] -- Detecting C compiler ABI info - done
[0.340s] -- Detecting C compile features
[0.341s] -- Detecting C compile features - done
[0.345s] -- Check for working CXX compiler: /usr/bin/c++
[0.393s] -- Check for working CXX compiler: /usr/bin/c++ -- works
[0.393s] -- Detecting CXX compiler ABI info
[0.448s] -- Detecting CXX compiler ABI info - done
[0.455s] -- Detecting CXX compile features
[0.455s] -- Detecting CXX compile features - done
[0.459s] -- Found ament_cmake: 0.9.12 (/opt/ros/foxy/share/ament_cmake/cmake)
[0.475s] -- Found PythonInterp: /usr/bin/python3 (found suitable version "3.8.10", minimum required is "3") 
[0.475s] -- Using PYTHON_EXECUTABLE: /usr/bin/python3
[0.578s] -- Found urdf: 2.4.0 (/opt/ros/foxy/share/urdf/cmake)
[0.663s] -- Configuring done
[0.664s] -- Generating done
[0.665s] -- Build files have been written to: /home/ayham/Courses/CBL/ub/projects/build/turtlebot3_description
[0.668s] Invoked command in '/home/ayham/Courses/CBL/ub/projects/build/turtlebot3_description' returned '0': CMAKE_PREFIX_PATH=/opt/ros/foxy PS1=[\u@\h \W]\$ /usr/bin/cmake /home/ayham/Courses/CBL/ub/projects/src/turtlebot3_description -DCMAKE_INSTALL_PREFIX=/home/ayham/Courses/CBL/ub/projects/install/turtlebot3_description
[0.670s] Invoking command in '/home/ayham/Courses/CBL/ub/projects/build/turtlebot3_description': CMAKE_PREFIX_PATH=/opt/ros/foxy PS1=[\u@\h \W]\$ /usr/bin/cmake --build /home/ayham/Courses/CBL/ub/projects/build/turtlebot3_description -- -j20 -l20
[0.697s] Invoked command in '/home/ayham/Courses/CBL/ub/projects/build/turtlebot3_description' returned '0': CMAKE_PREFIX_PATH=/opt/ros/foxy PS1=[\u@\h \W]\$ /usr/bin/cmake --build /home/ayham/Courses/CBL/ub/projects/build/turtlebot3_description -- -j20 -l20
[0.705s] Invoking command in '/home/ayham/Courses/CBL/ub/projects/build/turtlebot3_description': CMAKE_PREFIX_PATH=/opt/ros/foxy PS1=[\u@\h \W]\$ /usr/bin/cmake --install /home/ayham/Courses/CBL/ub/projects/build/turtlebot3_description
[0.711s] -- Install configuration: ""
[0.711s] -- Installing: /home/ayham/Courses/CBL/ub/projects/install/turtlebot3_description/share/turtlebot3_description/meshes
[0.711s] -- Installing: /home/ayham/Courses/CBL/ub/projects/install/turtlebot3_description/share/turtlebot3_description/meshes/wheels
[0.711s] -- Installing: /home/ayham/Courses/CBL/ub/projects/install/turtlebot3_description/share/turtlebot3_description/meshes/wheels/left_tire.stl
[0.713s] -- Installing: /home/ayham/Courses/CBL/ub/projects/install/turtlebot3_description/share/turtlebot3_description/meshes/wheels/right_tire.stl
[0.714s] -- Installing: /home/ayham/Courses/CBL/ub/projects/install/turtlebot3_description/share/turtlebot3_description/meshes/sensors
[0.714s] -- Installing: /home/ayham/Courses/CBL/ub/projects/install/turtlebot3_description/share/turtlebot3_description/meshes/sensors/r200.dae
[0.715s] -- Installing: /home/ayham/Courses/CBL/ub/projects/install/turtlebot3_description/share/turtlebot3_description/meshes/sensors/astra.jpg
[0.715s] -- Installing: /home/ayham/Courses/CBL/ub/projects/install/turtlebot3_description/share/turtlebot3_description/meshes/sensors/astra.dae
[0.723s] -- Installing: /home/ayham/Courses/CBL/ub/projects/install/turtlebot3_description/share/turtlebot3_description/meshes/sensors/r200.jpg
[0.724s] -- Installing: /home/ayham/Courses/CBL/ub/projects/install/turtlebot3_description/share/turtlebot3_description/meshes/sensors/lds.stl
[0.725s] -- Installing: /home/ayham/Courses/CBL/ub/projects/install/turtlebot3_description/share/turtlebot3_description/meshes/bases
[0.725s] -- Installing: /home/ayham/Courses/CBL/ub/projects/install/turtlebot3_description/share/turtlebot3_description/meshes/bases/burger_base.stl
[0.730s] -- Installing: /home/ayham/Courses/CBL/ub/projects/install/turtlebot3_description/share/turtlebot3_description/meshes/bases/waffle_pi_base.stl
[0.740s] -- Installing: /home/ayham/Courses/CBL/ub/projects/install/turtlebot3_description/share/turtlebot3_description/meshes/bases/waffle_base.stl
[0.757s] -- Installing: /home/ayham/Courses/CBL/ub/projects/install/turtlebot3_description/share/turtlebot3_description/rviz
[0.758s] -- Installing: /home/ayham/Courses/CBL/ub/projects/install/turtlebot3_description/share/turtlebot3_description/rviz/model.rviz
[0.758s] -- Installing: /home/ayham/Courses/CBL/ub/projects/install/turtlebot3_description/share/turtlebot3_description/urdf
[0.758s] -- Installing: /home/ayham/Courses/CBL/ub/projects/install/turtlebot3_description/share/turtlebot3_description/urdf/common_properties.urdf
[0.758s] -- Installing: /home/ayham/Courses/CBL/ub/projects/install/turtlebot3_description/share/turtlebot3_description/urdf/turtlebot3_waffle_pi.urdf
[0.758s] -- Installing: /home/ayham/Courses/CBL/ub/projects/install/turtlebot3_description/share/turtlebot3_description/urdf/turtlebot3_burger.urdf
[0.758s] -- Installing: /home/ayham/Courses/CBL/ub/projects/install/turtlebot3_description/share/turtlebot3_description/urdf/turtlebot3_waffle.urdf
[0.758s] -- Installing: /home/ayham/Courses/CBL/ub/projects/install/turtlebot3_description/share/ament_index/resource_index/package_run_dependencies/turtlebot3_description
[0.758s] -- Installing: /home/ayham/Courses/CBL/ub/projects/install/turtlebot3_description/share/ament_index/resource_index/parent_prefix_path/turtlebot3_description
[0.759s] -- Installing: /home/ayham/Courses/CBL/ub/projects/install/turtlebot3_description/share/turtlebot3_description/environment/ament_prefix_path.sh
[0.759s] -- Installing: /home/ayham/Courses/CBL/ub/projects/install/turtlebot3_description/share/turtlebot3_description/environment/ament_prefix_path.dsv
[0.759s] -- Installing: /home/ayham/Courses/CBL/ub/projects/install/turtlebot3_description/share/turtlebot3_description/environment/path.sh
[0.759s] -- Installing: /home/ayham/Courses/CBL/ub/projects/install/turtlebot3_description/share/turtlebot3_description/environment/path.dsv
[0.759s] -- Installing: /home/ayham/Courses/CBL/ub/projects/install/turtlebot3_description/share/turtlebot3_description/local_setup.bash
[0.759s] -- Installing: /home/ayham/Courses/CBL/ub/projects/install/turtlebot3_description/share/turtlebot3_description/local_setup.sh
[0.759s] -- Installing: /home/ayham/Courses/CBL/ub/projects/install/turtlebot3_description/share/turtlebot3_description/local_setup.zsh
[0.759s] -- Installing: /home/ayham/Courses/CBL/ub/projects/install/turtlebot3_description/share/turtlebot3_description/local_setup.dsv
[0.759s] -- Installing: /home/ayham/Courses/CBL/ub/projects/install/turtlebot3_description/share/turtlebot3_description/package.dsv
[0.759s] -- Installing: /home/ayham/Courses/CBL/ub/projects/install/turtlebot3_description/share/ament_index/resource_index/packages/turtlebot3_description
[0.759s] -- Installing: /home/ayham/Courses/CBL/ub/projects/install/turtlebot3_description/share/turtlebot3_description/cmake/turtlebot3_descriptionConfig.cmake
[0.759s] -- Installing: /home/ayham/Courses/CBL/ub/projects/install/turtlebot3_description/share/turtlebot3_description/cmake/turtlebot3_descriptionConfig-version.cmake
[0.759s] -- Installing: /home/ayham/Courses/CBL/ub/projects/install/turtlebot3_description/share/turtlebot3_description/package.xml
[0.760s] Invoked command in '/home/ayham/Courses/CBL/ub/projects/build/turtlebot3_description' returned '0': CMAKE_PREFIX_PATH=/opt/ros/foxy PS1=[\u@\h \W]\$ /usr/bin/cmake --install /home/ayham/Courses/CBL/ub/projects/build/turtlebot3_description
