[0.477s] DEBUG:colcon:Command line arguments: ['/usr/bin/colcon', 'build']
[0.477s] DEBUG:colcon:Parsed command line arguments: Namespace(allow_overriding=[], ament_cmake_args=None, base_paths=['.'], build_base='build', catkin_cmake_args=None, catkin_skip_building_tests=False, cmake_args=None, cmake_clean_cache=False, cmake_clean_first=False, cmake_force_configure=False, cmake_target=None, cmake_target_skip_unavailable=False, continue_on_error=False, event_handlers=None, executor='parallel', ignore_user_meta=False, install_base='install', log_base=None, log_level=None, main=<bound method BuildVerb.main of <colcon_core.verb.build.BuildVerb object at 0x7fca8ae982b0>>, merge_install=False, metas=['./colcon.meta'], packages_above=None, packages_above_and_dependencies=None, packages_above_depth=None, packages_end=None, packages_ignore=None, packages_ignore_regex=None, packages_select=None, packages_select_build_failed=False, packages_select_by_dep=None, packages_select_regex=None, packages_select_test_failures=False, packages_skip=None, packages_skip_build_finished=False, packages_skip_by_dep=None, packages_skip_regex=None, packages_skip_test_passed=False, packages_skip_up_to=None, packages_start=None, packages_up_to=None, packages_up_to_regex=None, parallel_workers=20, paths=None, symlink_install=False, test_result_base=None, verb_extension=<colcon_core.verb.build.BuildVerb object at 0x7fca8ae982b0>, verb_name='build', verb_parser=<colcon_defaults.argument_parser.defaults.DefaultArgumentsDecorator object at 0x7fca8ad6e940>)
[0.780s] Level 1:colcon.colcon_core.package_discovery:discover_packages(colcon_meta) check parameters
[0.780s] Level 1:colcon.colcon_core.package_discovery:discover_packages(recursive) check parameters
[0.780s] Level 1:colcon.colcon_core.package_discovery:discover_packages(ignore) check parameters
[0.780s] Level 1:colcon.colcon_core.package_discovery:discover_packages(path) check parameters
[0.780s] Level 1:colcon.colcon_core.package_discovery:discover_packages(colcon_meta) discover
[0.781s] Level 1:colcon.colcon_core.package_discovery:discover_packages(recursive) discover
[0.781s] INFO:colcon.colcon_core.package_discovery:Crawling recursively for packages in '/home/ayham/Courses/CBL/ub/projects'
[0.781s] Level 1:colcon.colcon_core.package_identification:_identify(.) by extensions ['ignore', 'ignore_ament_install']
[0.781s] Level 1:colcon.colcon_core.package_identification:_identify(.) by extension 'ignore'
[0.781s] Level 1:colcon.colcon_core.package_identification:_identify(.) by extension 'ignore_ament_install'
[0.781s] Level 1:colcon.colcon_core.package_identification:_identify(.) by extensions ['colcon_pkg']
[0.781s] Level 1:colcon.colcon_core.package_identification:_identify(.) by extension 'colcon_pkg'
[0.781s] Level 1:colcon.colcon_core.package_identification:_identify(.) by extensions ['colcon_meta']
[0.781s] Level 1:colcon.colcon_core.package_identification:_identify(.) by extension 'colcon_meta'
[0.781s] Level 1:colcon.colcon_core.package_identification:_identify(.) by extensions ['ros']
[0.781s] Level 1:colcon.colcon_core.package_identification:_identify(.) by extension 'ros'
[0.815s] Level 1:colcon.colcon_core.package_identification:_identify(.) by extensions ['cmake', 'python']
[0.815s] Level 1:colcon.colcon_core.package_identification:_identify(.) by extension 'cmake'
[0.815s] Level 1:colcon.colcon_core.package_identification:_identify(.) by extension 'python'
[0.815s] Level 1:colcon.colcon_core.package_identification:_identify(.) by extensions ['python_setup_py']
[0.815s] Level 1:colcon.colcon_core.package_identification:_identify(.) by extension 'python_setup_py'
[0.815s] Level 1:colcon.colcon_core.package_identification:_identify(build) by extensions ['ignore', 'ignore_ament_install']
[0.816s] Level 1:colcon.colcon_core.package_identification:_identify(build) by extension 'ignore'
[0.816s] Level 1:colcon.colcon_core.package_identification:_identify(build) ignored
[0.816s] Level 1:colcon.colcon_core.package_identification:_identify(install) by extensions ['ignore', 'ignore_ament_install']
[0.816s] Level 1:colcon.colcon_core.package_identification:_identify(install) by extension 'ignore'
[0.816s] Level 1:colcon.colcon_core.package_identification:_identify(install) ignored
[0.816s] Level 1:colcon.colcon_core.package_identification:_identify(log) by extensions ['ignore', 'ignore_ament_install']
[0.816s] Level 1:colcon.colcon_core.package_identification:_identify(log) by extension 'ignore'
[0.817s] Level 1:colcon.colcon_core.package_identification:_identify(log) ignored
[0.817s] Level 1:colcon.colcon_core.package_identification:_identify(src) by extensions ['ignore', 'ignore_ament_install']
[0.817s] Level 1:colcon.colcon_core.package_identification:_identify(src) by extension 'ignore'
[0.817s] Level 1:colcon.colcon_core.package_identification:_identify(src) by extension 'ignore_ament_install'
[0.817s] Level 1:colcon.colcon_core.package_identification:_identify(src) by extensions ['colcon_pkg']
[0.817s] Level 1:colcon.colcon_core.package_identification:_identify(src) by extension 'colcon_pkg'
[0.817s] Level 1:colcon.colcon_core.package_identification:_identify(src) by extensions ['colcon_meta']
[0.818s] Level 1:colcon.colcon_core.package_identification:_identify(src) by extension 'colcon_meta'
[0.818s] Level 1:colcon.colcon_core.package_identification:_identify(src) by extensions ['ros']
[0.818s] Level 1:colcon.colcon_core.package_identification:_identify(src) by extension 'ros'
[0.818s] Level 1:colcon.colcon_core.package_identification:_identify(src) by extensions ['cmake', 'python']
[0.818s] Level 1:colcon.colcon_core.package_identification:_identify(src) by extension 'cmake'
[0.818s] Level 1:colcon.colcon_core.package_identification:_identify(src) by extension 'python'
[0.819s] Level 1:colcon.colcon_core.package_identification:_identify(src) by extensions ['python_setup_py']
[0.819s] Level 1:colcon.colcon_core.package_identification:_identify(src) by extension 'python_setup_py'
[0.819s] Level 1:colcon.colcon_core.package_identification:_identify(src/my_turtlebot3_controller) by extensions ['ignore', 'ignore_ament_install']
[0.819s] Level 1:colcon.colcon_core.package_identification:_identify(src/my_turtlebot3_controller) by extension 'ignore'
[0.820s] Level 1:colcon.colcon_core.package_identification:_identify(src/my_turtlebot3_controller) by extension 'ignore_ament_install'
[0.820s] Level 1:colcon.colcon_core.package_identification:_identify(src/my_turtlebot3_controller) by extensions ['colcon_pkg']
[0.820s] Level 1:colcon.colcon_core.package_identification:_identify(src/my_turtlebot3_controller) by extension 'colcon_pkg'
[0.820s] Level 1:colcon.colcon_core.package_identification:_identify(src/my_turtlebot3_controller) by extensions ['colcon_meta']
[0.820s] Level 1:colcon.colcon_core.package_identification:_identify(src/my_turtlebot3_controller) by extension 'colcon_meta'
[0.820s] Level 1:colcon.colcon_core.package_identification:_identify(src/my_turtlebot3_controller) by extensions ['ros']
[0.820s] Level 1:colcon.colcon_core.package_identification:_identify(src/my_turtlebot3_controller) by extension 'ros'
[0.830s] DEBUG:colcon.colcon_core.package_identification:Package 'src/my_turtlebot3_controller' with type 'ros.ament_python' and name 'my_turtlebot3_controller'
[0.831s] Level 1:colcon.colcon_core.package_identification:_identify(src/turtlebot3_fake_node) by extensions ['ignore', 'ignore_ament_install']
[0.831s] Level 1:colcon.colcon_core.package_identification:_identify(src/turtlebot3_fake_node) by extension 'ignore'
[0.831s] Level 1:colcon.colcon_core.package_identification:_identify(src/turtlebot3_fake_node) by extension 'ignore_ament_install'
[0.832s] Level 1:colcon.colcon_core.package_identification:_identify(src/turtlebot3_fake_node) by extensions ['colcon_pkg']
[0.832s] Level 1:colcon.colcon_core.package_identification:_identify(src/turtlebot3_fake_node) by extension 'colcon_pkg'
[0.832s] Level 1:colcon.colcon_core.package_identification:_identify(src/turtlebot3_fake_node) by extensions ['colcon_meta']
[0.832s] Level 1:colcon.colcon_core.package_identification:_identify(src/turtlebot3_fake_node) by extension 'colcon_meta'
[0.832s] Level 1:colcon.colcon_core.package_identification:_identify(src/turtlebot3_fake_node) by extensions ['ros']
[0.832s] Level 1:colcon.colcon_core.package_identification:_identify(src/turtlebot3_fake_node) by extension 'ros'
[0.840s] DEBUG:colcon.colcon_core.package_identification:Package 'src/turtlebot3_fake_node' with type 'ros.ament_cmake' and name 'turtlebot3_fake_node'
[0.841s] Level 1:colcon.colcon_core.package_identification:_identify(src/turtlebot3_gazebo) by extensions ['ignore', 'ignore_ament_install']
[0.841s] Level 1:colcon.colcon_core.package_identification:_identify(src/turtlebot3_gazebo) by extension 'ignore'
[0.841s] Level 1:colcon.colcon_core.package_identification:_identify(src/turtlebot3_gazebo) by extension 'ignore_ament_install'
[0.842s] Level 1:colcon.colcon_core.package_identification:_identify(src/turtlebot3_gazebo) by extensions ['colcon_pkg']
[0.842s] Level 1:colcon.colcon_core.package_identification:_identify(src/turtlebot3_gazebo) by extension 'colcon_pkg'
[0.842s] Level 1:colcon.colcon_core.package_identification:_identify(src/turtlebot3_gazebo) by extensions ['colcon_meta']
[0.842s] Level 1:colcon.colcon_core.package_identification:_identify(src/turtlebot3_gazebo) by extension 'colcon_meta'
[0.842s] Level 1:colcon.colcon_core.package_identification:_identify(src/turtlebot3_gazebo) by extensions ['ros']
[0.842s] Level 1:colcon.colcon_core.package_identification:_identify(src/turtlebot3_gazebo) by extension 'ros'
[0.845s] DEBUG:colcon.colcon_core.package_identification:Package 'src/turtlebot3_gazebo' with type 'ros.ament_cmake' and name 'turtlebot3_gazebo'
[0.846s] Level 1:colcon.colcon_core.package_identification:_identify(src/turtlebot3_simulations) by extensions ['ignore', 'ignore_ament_install']
[0.846s] Level 1:colcon.colcon_core.package_identification:_identify(src/turtlebot3_simulations) by extension 'ignore'
[0.846s] Level 1:colcon.colcon_core.package_identification:_identify(src/turtlebot3_simulations) by extension 'ignore_ament_install'
[0.846s] Level 1:colcon.colcon_core.package_identification:_identify(src/turtlebot3_simulations) by extensions ['colcon_pkg']
[0.846s] Level 1:colcon.colcon_core.package_identification:_identify(src/turtlebot3_simulations) by extension 'colcon_pkg'
[0.846s] Level 1:colcon.colcon_core.package_identification:_identify(src/turtlebot3_simulations) by extensions ['colcon_meta']
[0.846s] Level 1:colcon.colcon_core.package_identification:_identify(src/turtlebot3_simulations) by extension 'colcon_meta'
[0.846s] Level 1:colcon.colcon_core.package_identification:_identify(src/turtlebot3_simulations) by extensions ['ros']
[0.846s] Level 1:colcon.colcon_core.package_identification:_identify(src/turtlebot3_simulations) by extension 'ros'
[0.848s] DEBUG:colcon.colcon_core.package_identification:Package 'src/turtlebot3_simulations' with type 'ros.ament_cmake' and name 'turtlebot3_simulations'
[0.848s] Level 1:colcon.colcon_core.package_discovery:discover_packages(recursive) using defaults
[0.848s] Level 1:colcon.colcon_core.package_discovery:discover_packages(ignore) discover
[0.848s] Level 1:colcon.colcon_core.package_discovery:discover_packages(ignore) using defaults
[0.848s] Level 1:colcon.colcon_core.package_discovery:discover_packages(path) discover
[0.848s] Level 1:colcon.colcon_core.package_discovery:discover_packages(path) using defaults
[0.887s] Level 1:colcon.colcon_core.package_discovery:discover_packages(prefix_path) check parameters
[0.887s] Level 1:colcon.colcon_core.package_discovery:discover_packages(prefix_path) discover
[0.890s] WARNING:colcon.colcon_ros.prefix_path.ament:The path '/home/ayham/Courses/CBL/ub/projects/install/turtlebot3_simulations' in the environment variable AMENT_PREFIX_PATH doesn't exist
[0.890s] WARNING:colcon.colcon_ros.prefix_path.ament:The path '/home/ayham/Courses/CBL/ub/projects/install/turtlebot3_gazebo' in the environment variable AMENT_PREFIX_PATH doesn't exist
[0.890s] WARNING:colcon.colcon_ros.prefix_path.ament:The path '/home/ayham/Courses/CBL/ub/projects/install/turtlebot3_fake_node' in the environment variable AMENT_PREFIX_PATH doesn't exist
[0.890s] WARNING:colcon.colcon_ros.prefix_path.ament:The path '/home/ayham/Courses/CBL/ub/projects/install/my_turtlebot3_controller' in the environment variable AMENT_PREFIX_PATH doesn't exist
[0.890s] WARNING:colcon.colcon_ros.prefix_path.catkin:The path '/home/ayham/Courses/CBL/ub/projects/install/turtlebot3_simulations' in the environment variable CMAKE_PREFIX_PATH doesn't exist
[0.891s] WARNING:colcon.colcon_ros.prefix_path.catkin:The path '/home/ayham/Courses/CBL/ub/projects/install/turtlebot3_gazebo' in the environment variable CMAKE_PREFIX_PATH doesn't exist
[0.891s] WARNING:colcon.colcon_ros.prefix_path.catkin:The path '/home/ayham/Courses/CBL/ub/projects/install/turtlebot3_fake_node' in the environment variable CMAKE_PREFIX_PATH doesn't exist
[0.894s] DEBUG:colcon.colcon_installed_package_information.package_discovery:Found 0 installed packages in /home/ayham/Courses/CBL/ub/projects/install
[0.897s] DEBUG:colcon.colcon_installed_package_information.package_discovery:Found 318 installed packages in /opt/ros/foxy
[0.900s] Level 1:colcon.colcon_core.package_discovery:discover_packages(prefix_path) using defaults
[1.096s] Level 5:colcon.colcon_core.verb:set package 'my_turtlebot3_controller' build argument 'cmake_args' from command line to 'None'
[1.096s] Level 5:colcon.colcon_core.verb:set package 'my_turtlebot3_controller' build argument 'cmake_target' from command line to 'None'
[1.096s] Level 5:colcon.colcon_core.verb:set package 'my_turtlebot3_controller' build argument 'cmake_target_skip_unavailable' from command line to 'False'
[1.096s] Level 5:colcon.colcon_core.verb:set package 'my_turtlebot3_controller' build argument 'cmake_clean_cache' from command line to 'False'
[1.096s] Level 5:colcon.colcon_core.verb:set package 'my_turtlebot3_controller' build argument 'cmake_clean_first' from command line to 'False'
[1.097s] Level 5:colcon.colcon_core.verb:set package 'my_turtlebot3_controller' build argument 'cmake_force_configure' from command line to 'False'
[1.097s] Level 5:colcon.colcon_core.verb:set package 'my_turtlebot3_controller' build argument 'ament_cmake_args' from command line to 'None'
[1.097s] Level 5:colcon.colcon_core.verb:set package 'my_turtlebot3_controller' build argument 'catkin_cmake_args' from command line to 'None'
[1.097s] Level 5:colcon.colcon_core.verb:set package 'my_turtlebot3_controller' build argument 'catkin_skip_building_tests' from command line to 'False'
[1.097s] DEBUG:colcon.colcon_core.verb:Building package 'my_turtlebot3_controller' with the following arguments: {'ament_cmake_args': None, 'build_base': '/home/ayham/Courses/CBL/ub/projects/build/my_turtlebot3_controller', 'catkin_cmake_args': None, 'catkin_skip_building_tests': False, 'cmake_args': None, 'cmake_clean_cache': False, 'cmake_clean_first': False, 'cmake_force_configure': False, 'cmake_target': None, 'cmake_target_skip_unavailable': False, 'install_base': '/home/ayham/Courses/CBL/ub/projects/install/my_turtlebot3_controller', 'merge_install': False, 'path': '/home/ayham/Courses/CBL/ub/projects/src/my_turtlebot3_controller', 'symlink_install': False, 'test_result_base': None}
[1.097s] Level 5:colcon.colcon_core.verb:set package 'turtlebot3_fake_node' build argument 'cmake_args' from command line to 'None'
[1.097s] Level 5:colcon.colcon_core.verb:set package 'turtlebot3_fake_node' build argument 'cmake_target' from command line to 'None'
[1.097s] Level 5:colcon.colcon_core.verb:set package 'turtlebot3_fake_node' build argument 'cmake_target_skip_unavailable' from command line to 'False'
[1.097s] Level 5:colcon.colcon_core.verb:set package 'turtlebot3_fake_node' build argument 'cmake_clean_cache' from command line to 'False'
[1.097s] Level 5:colcon.colcon_core.verb:set package 'turtlebot3_fake_node' build argument 'cmake_clean_first' from command line to 'False'
[1.097s] Level 5:colcon.colcon_core.verb:set package 'turtlebot3_fake_node' build argument 'cmake_force_configure' from command line to 'False'
[1.097s] Level 5:colcon.colcon_core.verb:set package 'turtlebot3_fake_node' build argument 'ament_cmake_args' from command line to 'None'
[1.097s] Level 5:colcon.colcon_core.verb:set package 'turtlebot3_fake_node' build argument 'catkin_cmake_args' from command line to 'None'
[1.098s] Level 5:colcon.colcon_core.verb:set package 'turtlebot3_fake_node' build argument 'catkin_skip_building_tests' from command line to 'False'
[1.098s] DEBUG:colcon.colcon_core.verb:Building package 'turtlebot3_fake_node' with the following arguments: {'ament_cmake_args': None, 'build_base': '/home/ayham/Courses/CBL/ub/projects/build/turtlebot3_fake_node', 'catkin_cmake_args': None, 'catkin_skip_building_tests': False, 'cmake_args': None, 'cmake_clean_cache': False, 'cmake_clean_first': False, 'cmake_force_configure': False, 'cmake_target': None, 'cmake_target_skip_unavailable': False, 'install_base': '/home/ayham/Courses/CBL/ub/projects/install/turtlebot3_fake_node', 'merge_install': False, 'path': '/home/ayham/Courses/CBL/ub/projects/src/turtlebot3_fake_node', 'symlink_install': False, 'test_result_base': None}
[1.098s] Level 5:colcon.colcon_core.verb:set package 'turtlebot3_gazebo' build argument 'cmake_args' from command line to 'None'
[1.098s] Level 5:colcon.colcon_core.verb:set package 'turtlebot3_gazebo' build argument 'cmake_target' from command line to 'None'
[1.098s] Level 5:colcon.colcon_core.verb:set package 'turtlebot3_gazebo' build argument 'cmake_target_skip_unavailable' from command line to 'False'
[1.098s] Level 5:colcon.colcon_core.verb:set package 'turtlebot3_gazebo' build argument 'cmake_clean_cache' from command line to 'False'
[1.098s] Level 5:colcon.colcon_core.verb:set package 'turtlebot3_gazebo' build argument 'cmake_clean_first' from command line to 'False'
[1.098s] Level 5:colcon.colcon_core.verb:set package 'turtlebot3_gazebo' build argument 'cmake_force_configure' from command line to 'False'
[1.098s] Level 5:colcon.colcon_core.verb:set package 'turtlebot3_gazebo' build argument 'ament_cmake_args' from command line to 'None'
[1.098s] Level 5:colcon.colcon_core.verb:set package 'turtlebot3_gazebo' build argument 'catkin_cmake_args' from command line to 'None'
[1.098s] Level 5:colcon.colcon_core.verb:set package 'turtlebot3_gazebo' build argument 'catkin_skip_building_tests' from command line to 'False'
[1.098s] DEBUG:colcon.colcon_core.verb:Building package 'turtlebot3_gazebo' with the following arguments: {'ament_cmake_args': None, 'build_base': '/home/ayham/Courses/CBL/ub/projects/build/turtlebot3_gazebo', 'catkin_cmake_args': None, 'catkin_skip_building_tests': False, 'cmake_args': None, 'cmake_clean_cache': False, 'cmake_clean_first': False, 'cmake_force_configure': False, 'cmake_target': None, 'cmake_target_skip_unavailable': False, 'install_base': '/home/ayham/Courses/CBL/ub/projects/install/turtlebot3_gazebo', 'merge_install': False, 'path': '/home/ayham/Courses/CBL/ub/projects/src/turtlebot3_gazebo', 'symlink_install': False, 'test_result_base': None}
[1.099s] Level 5:colcon.colcon_core.verb:set package 'turtlebot3_simulations' build argument 'cmake_args' from command line to 'None'
[1.099s] Level 5:colcon.colcon_core.verb:set package 'turtlebot3_simulations' build argument 'cmake_target' from command line to 'None'
[1.099s] Level 5:colcon.colcon_core.verb:set package 'turtlebot3_simulations' build argument 'cmake_target_skip_unavailable' from command line to 'False'
[1.099s] Level 5:colcon.colcon_core.verb:set package 'turtlebot3_simulations' build argument 'cmake_clean_cache' from command line to 'False'
[1.099s] Level 5:colcon.colcon_core.verb:set package 'turtlebot3_simulations' build argument 'cmake_clean_first' from command line to 'False'
[1.099s] Level 5:colcon.colcon_core.verb:set package 'turtlebot3_simulations' build argument 'cmake_force_configure' from command line to 'False'
[1.099s] Level 5:colcon.colcon_core.verb:set package 'turtlebot3_simulations' build argument 'ament_cmake_args' from command line to 'None'
[1.099s] Level 5:colcon.colcon_core.verb:set package 'turtlebot3_simulations' build argument 'catkin_cmake_args' from command line to 'None'
[1.099s] Level 5:colcon.colcon_core.verb:set package 'turtlebot3_simulations' build argument 'catkin_skip_building_tests' from command line to 'False'
[1.099s] DEBUG:colcon.colcon_core.verb:Building package 'turtlebot3_simulations' with the following arguments: {'ament_cmake_args': None, 'build_base': '/home/ayham/Courses/CBL/ub/projects/build/turtlebot3_simulations', 'catkin_cmake_args': None, 'catkin_skip_building_tests': False, 'cmake_args': None, 'cmake_clean_cache': False, 'cmake_clean_first': False, 'cmake_force_configure': False, 'cmake_target': None, 'cmake_target_skip_unavailable': False, 'install_base': '/home/ayham/Courses/CBL/ub/projects/install/turtlebot3_simulations', 'merge_install': False, 'path': '/home/ayham/Courses/CBL/ub/projects/src/turtlebot3_simulations', 'symlink_install': False, 'test_result_base': None}
[1.099s] INFO:colcon.colcon_core.executor:Executing jobs using 'parallel' executor
[1.105s] DEBUG:colcon.colcon_parallel_executor.executor.parallel:run_until_complete
[1.105s] INFO:colcon.colcon_ros.task.ament_cmake.build:Building ROS package in '/home/ayham/Courses/CBL/ub/projects/src/turtlebot3_fake_node' with build type 'ament_cmake'
[1.105s] INFO:colcon.colcon_cmake.task.cmake.build:Building CMake package in '/home/ayham/Courses/CBL/ub/projects/src/turtlebot3_fake_node'
[1.131s] INFO:colcon.colcon_core.plugin_system:Skipping extension 'colcon_core.shell.bat': Not used on non-Windows systems
[1.131s] INFO:colcon.colcon_core.shell:Skip shell extension 'powershell' for command environment: Not usable outside of PowerShell
[1.131s] DEBUG:colcon.colcon_core.shell:Skip shell extension 'dsv' for command environment
[1.141s] INFO:colcon.colcon_ros.task.ament_cmake.build:Building ROS package in '/home/ayham/Courses/CBL/ub/projects/src/turtlebot3_gazebo' with build type 'ament_cmake'
[1.142s] INFO:colcon.colcon_cmake.task.cmake.build:Building CMake package in '/home/ayham/Courses/CBL/ub/projects/src/turtlebot3_gazebo'
[1.143s] INFO:colcon.colcon_core.shell:Skip shell extension 'powershell' for command environment: Not usable outside of PowerShell
[1.143s] DEBUG:colcon.colcon_core.shell:Skip shell extension 'dsv' for command environment
[1.156s] INFO:colcon.colcon_ros.task.ament_python.build:Building ROS package in '/home/ayham/Courses/CBL/ub/projects/src/my_turtlebot3_controller' with build type 'ament_python'
[1.158s] Level 1:colcon.colcon_core.shell:create_environment_hook('my_turtlebot3_controller', 'ament_prefix_path')
[1.158s] INFO:colcon.colcon_core.shell:Creating environment hook '/home/ayham/Courses/CBL/ub/projects/install/my_turtlebot3_controller/share/my_turtlebot3_controller/hook/ament_prefix_path.ps1'
[1.161s] INFO:colcon.colcon_core.shell:Creating environment descriptor '/home/ayham/Courses/CBL/ub/projects/install/my_turtlebot3_controller/share/my_turtlebot3_controller/hook/ament_prefix_path.dsv'
[1.163s] INFO:colcon.colcon_core.shell:Creating environment hook '/home/ayham/Courses/CBL/ub/projects/install/my_turtlebot3_controller/share/my_turtlebot3_controller/hook/ament_prefix_path.sh'
[1.165s] INFO:colcon.colcon_core.shell:Skip shell extension 'powershell' for command environment: Not usable outside of PowerShell
[1.165s] DEBUG:colcon.colcon_core.shell:Skip shell extension 'dsv' for command environment
[1.188s] DEBUG:colcon.colcon_core.event_handler.log_command:Invoking command in '/home/ayham/Courses/CBL/ub/projects/build/turtlebot3_fake_node': CMAKE_PREFIX_PATH=${CMAKE_PREFIX_PATH}:/home/ayham/Courses/CBL/ub/projects/install/my_turtlebot3_controller:/opt/ros/foxy PS1=[\u@\h \W]\$ /usr/bin/cmake /home/ayham/Courses/CBL/ub/projects/src/turtlebot3_fake_node -DCMAKE_INSTALL_PREFIX=/home/ayham/Courses/CBL/ub/projects/install/turtlebot3_fake_node
[1.194s] DEBUG:colcon.colcon_core.event_handler.log_command:Invoking command in '/home/ayham/Courses/CBL/ub/projects/build/turtlebot3_gazebo': CMAKE_PREFIX_PATH=${CMAKE_PREFIX_PATH}:/home/ayham/Courses/CBL/ub/projects/install/my_turtlebot3_controller:/opt/ros/foxy PS1=[\u@\h \W]\$ /usr/bin/cmake /home/ayham/Courses/CBL/ub/projects/src/turtlebot3_gazebo -DCMAKE_INSTALL_PREFIX=/home/ayham/Courses/CBL/ub/projects/install/turtlebot3_gazebo
[1.667s] INFO:colcon.colcon_core.task.python.build:Building Python package in '/home/ayham/Courses/CBL/ub/projects/src/my_turtlebot3_controller'
[1.668s] INFO:colcon.colcon_core.shell:Skip shell extension 'powershell' for command environment: Not usable outside of PowerShell
[1.668s] DEBUG:colcon.colcon_core.shell:Skip shell extension 'dsv' for command environment
[2.596s] DEBUG:colcon.colcon_core.event_handler.log_command:Invoking command in '/home/ayham/Courses/CBL/ub/projects/src/my_turtlebot3_controller': PS1=[\u@\h \W]\$ PYTHONPATH=/home/ayham/Courses/CBL/ub/projects/build/my_turtlebot3_controller/prefix_override:/usr/lib/python3/dist-packages/colcon_core/task/python/colcon_distutils_commands:/home/ayham/Courses/CBL/ub/projects/install/my_turtlebot3_controller/lib/python3.8/site-packages:${PYTHONPATH} /usr/bin/python3 -W ignore:setup.py install is deprecated -W ignore:easy_install command is deprecated setup.py egg_info --egg-base ../../build/my_turtlebot3_controller build --build-base /home/ayham/Courses/CBL/ub/projects/build/my_turtlebot3_controller/build install --record /home/ayham/Courses/CBL/ub/projects/build/my_turtlebot3_controller/install.log --single-version-externally-managed install_data
[3.095s] DEBUG:colcon.colcon_core.event_handler.log_command:Invoked command in '/home/ayham/Courses/CBL/ub/projects/src/my_turtlebot3_controller' returned '0': PS1=[\u@\h \W]\$ PYTHONPATH=/home/ayham/Courses/CBL/ub/projects/build/my_turtlebot3_controller/prefix_override:/usr/lib/python3/dist-packages/colcon_core/task/python/colcon_distutils_commands:/home/ayham/Courses/CBL/ub/projects/install/my_turtlebot3_controller/lib/python3.8/site-packages:${PYTHONPATH} /usr/bin/python3 -W ignore:setup.py install is deprecated -W ignore:easy_install command is deprecated setup.py egg_info --egg-base ../../build/my_turtlebot3_controller build --build-base /home/ayham/Courses/CBL/ub/projects/build/my_turtlebot3_controller/build install --record /home/ayham/Courses/CBL/ub/projects/build/my_turtlebot3_controller/install.log --single-version-externally-managed install_data
[3.109s] Level 1:colcon.colcon_core.environment:checking '/home/ayham/Courses/CBL/ub/projects/install/my_turtlebot3_controller' for CMake module files
[3.110s] Level 1:colcon.colcon_core.environment:checking '/home/ayham/Courses/CBL/ub/projects/install/my_turtlebot3_controller' for CMake config files
[3.113s] Level 1:colcon.colcon_core.environment:checking '/home/ayham/Courses/CBL/ub/projects/install/my_turtlebot3_controller/lib'
[3.114s] Level 1:colcon.colcon_core.environment:checking '/home/ayham/Courses/CBL/ub/projects/install/my_turtlebot3_controller/bin'
[3.114s] Level 1:colcon.colcon_core.environment:checking '/home/ayham/Courses/CBL/ub/projects/install/my_turtlebot3_controller/lib/pkgconfig/my_turtlebot3_controller.pc'
[3.115s] Level 1:colcon.colcon_core.environment:checking '/home/ayham/Courses/CBL/ub/projects/install/my_turtlebot3_controller/lib/python3.8/site-packages'
[3.115s] Level 1:colcon.colcon_core.shell:create_environment_hook('my_turtlebot3_controller', 'pythonpath')
[3.116s] INFO:colcon.colcon_core.shell:Creating environment hook '/home/ayham/Courses/CBL/ub/projects/install/my_turtlebot3_controller/share/my_turtlebot3_controller/hook/pythonpath.ps1'
[3.118s] INFO:colcon.colcon_core.shell:Creating environment descriptor '/home/ayham/Courses/CBL/ub/projects/install/my_turtlebot3_controller/share/my_turtlebot3_controller/hook/pythonpath.dsv'
[3.120s] INFO:colcon.colcon_core.shell:Creating environment hook '/home/ayham/Courses/CBL/ub/projects/install/my_turtlebot3_controller/share/my_turtlebot3_controller/hook/pythonpath.sh'
[3.121s] Level 1:colcon.colcon_core.environment:checking '/home/ayham/Courses/CBL/ub/projects/install/my_turtlebot3_controller/bin'
[3.121s] Level 1:colcon.colcon_core.environment:create_environment_scripts_only(my_turtlebot3_controller)
[3.122s] INFO:colcon.colcon_core.shell:Creating package script '/home/ayham/Courses/CBL/ub/projects/install/my_turtlebot3_controller/share/my_turtlebot3_controller/package.ps1'
[3.124s] INFO:colcon.colcon_core.shell:Creating package descriptor '/home/ayham/Courses/CBL/ub/projects/install/my_turtlebot3_controller/share/my_turtlebot3_controller/package.dsv'
[3.125s] INFO:colcon.colcon_core.shell:Creating package script '/home/ayham/Courses/CBL/ub/projects/install/my_turtlebot3_controller/share/my_turtlebot3_controller/package.sh'
[3.126s] INFO:colcon.colcon_core.shell:Creating package script '/home/ayham/Courses/CBL/ub/projects/install/my_turtlebot3_controller/share/my_turtlebot3_controller/package.bash'
[3.128s] INFO:colcon.colcon_core.shell:Creating package script '/home/ayham/Courses/CBL/ub/projects/install/my_turtlebot3_controller/share/my_turtlebot3_controller/package.zsh'
[3.129s] Level 1:colcon.colcon_core.environment:create_file_with_runtime_dependencies(/home/ayham/Courses/CBL/ub/projects/install/my_turtlebot3_controller/share/colcon-core/packages/my_turtlebot3_controller)
[6.434s] DEBUG:colcon.colcon_core.event_handler.log_command:Invoked command in '/home/ayham/Courses/CBL/ub/projects/build/turtlebot3_fake_node' returned '0': CMAKE_PREFIX_PATH=${CMAKE_PREFIX_PATH}:/home/ayham/Courses/CBL/ub/projects/install/my_turtlebot3_controller:/opt/ros/foxy PS1=[\u@\h \W]\$ /usr/bin/cmake /home/ayham/Courses/CBL/ub/projects/src/turtlebot3_fake_node -DCMAKE_INSTALL_PREFIX=/home/ayham/Courses/CBL/ub/projects/install/turtlebot3_fake_node
[6.443s] DEBUG:colcon.colcon_core.event_handler.log_command:Invoking command in '/home/ayham/Courses/CBL/ub/projects/build/turtlebot3_fake_node': CMAKE_PREFIX_PATH=${CMAKE_PREFIX_PATH}:/home/ayham/Courses/CBL/ub/projects/install/my_turtlebot3_controller:/opt/ros/foxy PS1=[\u@\h \W]\$ /usr/bin/cmake --build /home/ayham/Courses/CBL/ub/projects/build/turtlebot3_fake_node -- -j20 -l20
[8.666s] DEBUG:colcon.colcon_core.event_handler.log_command:Invoked command in '/home/ayham/Courses/CBL/ub/projects/build/turtlebot3_gazebo' returned '0': CMAKE_PREFIX_PATH=${CMAKE_PREFIX_PATH}:/home/ayham/Courses/CBL/ub/projects/install/my_turtlebot3_controller:/opt/ros/foxy PS1=[\u@\h \W]\$ /usr/bin/cmake /home/ayham/Courses/CBL/ub/projects/src/turtlebot3_gazebo -DCMAKE_INSTALL_PREFIX=/home/ayham/Courses/CBL/ub/projects/install/turtlebot3_gazebo
[8.667s] DEBUG:colcon.colcon_core.event_handler.log_command:Invoking command in '/home/ayham/Courses/CBL/ub/projects/build/turtlebot3_gazebo': CMAKE_PREFIX_PATH=${CMAKE_PREFIX_PATH}:/home/ayham/Courses/CBL/ub/projects/install/my_turtlebot3_controller:/opt/ros/foxy PS1=[\u@\h \W]\$ /usr/bin/cmake --build /home/ayham/Courses/CBL/ub/projects/build/turtlebot3_gazebo -- -j20 -l20
[19.783s] DEBUG:colcon.colcon_core.event_handler.log_command:Invoked command in '/home/ayham/Courses/CBL/ub/projects/build/turtlebot3_fake_node' returned '0': CMAKE_PREFIX_PATH=${CMAKE_PREFIX_PATH}:/home/ayham/Courses/CBL/ub/projects/install/my_turtlebot3_controller:/opt/ros/foxy PS1=[\u@\h \W]\$ /usr/bin/cmake --build /home/ayham/Courses/CBL/ub/projects/build/turtlebot3_fake_node -- -j20 -l20
[19.809s] DEBUG:colcon.colcon_core.event_handler.log_command:Invoking command in '/home/ayham/Courses/CBL/ub/projects/build/turtlebot3_fake_node': CMAKE_PREFIX_PATH=${CMAKE_PREFIX_PATH}:/home/ayham/Courses/CBL/ub/projects/install/my_turtlebot3_controller:/opt/ros/foxy PS1=[\u@\h \W]\$ /usr/bin/cmake --install /home/ayham/Courses/CBL/ub/projects/build/turtlebot3_fake_node
[19.841s] Level 1:colcon.colcon_core.environment:create_environment_scripts_only(turtlebot3_fake_node)
[19.842s] Level 1:colcon.colcon_core.environment:checking '/home/ayham/Courses/CBL/ub/projects/install/turtlebot3_fake_node' for CMake module files
[19.843s] DEBUG:colcon.colcon_core.event_handler.log_command:Invoked command in '/home/ayham/Courses/CBL/ub/projects/build/turtlebot3_fake_node' returned '0': CMAKE_PREFIX_PATH=${CMAKE_PREFIX_PATH}:/home/ayham/Courses/CBL/ub/projects/install/my_turtlebot3_controller:/opt/ros/foxy PS1=[\u@\h \W]\$ /usr/bin/cmake --install /home/ayham/Courses/CBL/ub/projects/build/turtlebot3_fake_node
[19.844s] Level 1:colcon.colcon_core.environment:checking '/home/ayham/Courses/CBL/ub/projects/install/turtlebot3_fake_node' for CMake config files
[19.845s] Level 1:colcon.colcon_core.shell:create_environment_hook('turtlebot3_fake_node', 'cmake_prefix_path')
[19.845s] INFO:colcon.colcon_core.shell:Creating environment hook '/home/ayham/Courses/CBL/ub/projects/install/turtlebot3_fake_node/share/turtlebot3_fake_node/hook/cmake_prefix_path.ps1'
[19.846s] INFO:colcon.colcon_core.shell:Creating environment descriptor '/home/ayham/Courses/CBL/ub/projects/install/turtlebot3_fake_node/share/turtlebot3_fake_node/hook/cmake_prefix_path.dsv'
[19.847s] INFO:colcon.colcon_core.shell:Creating environment hook '/home/ayham/Courses/CBL/ub/projects/install/turtlebot3_fake_node/share/turtlebot3_fake_node/hook/cmake_prefix_path.sh'
[19.848s] Level 1:colcon.colcon_core.environment:checking '/home/ayham/Courses/CBL/ub/projects/install/turtlebot3_fake_node/lib'
[19.848s] Level 1:colcon.colcon_core.environment:checking '/home/ayham/Courses/CBL/ub/projects/install/turtlebot3_fake_node/bin'
[19.849s] Level 1:colcon.colcon_core.environment:checking '/home/ayham/Courses/CBL/ub/projects/install/turtlebot3_fake_node/lib/pkgconfig/turtlebot3_fake_node.pc'
[19.849s] Level 1:colcon.colcon_core.environment:checking '/home/ayham/Courses/CBL/ub/projects/install/turtlebot3_fake_node/lib/python3.8/site-packages'
[19.850s] Level 1:colcon.colcon_core.environment:checking '/home/ayham/Courses/CBL/ub/projects/install/turtlebot3_fake_node/bin'
[19.850s] INFO:colcon.colcon_core.shell:Creating package script '/home/ayham/Courses/CBL/ub/projects/install/turtlebot3_fake_node/share/turtlebot3_fake_node/package.ps1'
[19.852s] INFO:colcon.colcon_core.shell:Creating package descriptor '/home/ayham/Courses/CBL/ub/projects/install/turtlebot3_fake_node/share/turtlebot3_fake_node/package.dsv'
[19.854s] INFO:colcon.colcon_core.shell:Creating package script '/home/ayham/Courses/CBL/ub/projects/install/turtlebot3_fake_node/share/turtlebot3_fake_node/package.sh'
[19.855s] INFO:colcon.colcon_core.shell:Creating package script '/home/ayham/Courses/CBL/ub/projects/install/turtlebot3_fake_node/share/turtlebot3_fake_node/package.bash'
[19.855s] INFO:colcon.colcon_core.shell:Creating package script '/home/ayham/Courses/CBL/ub/projects/install/turtlebot3_fake_node/share/turtlebot3_fake_node/package.zsh'
[19.856s] Level 1:colcon.colcon_core.environment:create_file_with_runtime_dependencies(/home/ayham/Courses/CBL/ub/projects/install/turtlebot3_fake_node/share/colcon-core/packages/turtlebot3_fake_node)
[19.857s] Level 1:colcon.colcon_core.environment:create_environment_scripts_only(turtlebot3_fake_node)
[19.857s] Level 1:colcon.colcon_core.environment:checking '/home/ayham/Courses/CBL/ub/projects/install/turtlebot3_fake_node' for CMake module files
[19.858s] Level 1:colcon.colcon_core.environment:checking '/home/ayham/Courses/CBL/ub/projects/install/turtlebot3_fake_node' for CMake config files
[19.858s] Level 1:colcon.colcon_core.shell:create_environment_hook('turtlebot3_fake_node', 'cmake_prefix_path')
[19.859s] INFO:colcon.colcon_core.shell:Creating environment hook '/home/ayham/Courses/CBL/ub/projects/install/turtlebot3_fake_node/share/turtlebot3_fake_node/hook/cmake_prefix_path.ps1'
[19.859s] INFO:colcon.colcon_core.shell:Creating environment descriptor '/home/ayham/Courses/CBL/ub/projects/install/turtlebot3_fake_node/share/turtlebot3_fake_node/hook/cmake_prefix_path.dsv'
[19.860s] INFO:colcon.colcon_core.shell:Creating environment hook '/home/ayham/Courses/CBL/ub/projects/install/turtlebot3_fake_node/share/turtlebot3_fake_node/hook/cmake_prefix_path.sh'
[19.861s] Level 1:colcon.colcon_core.environment:checking '/home/ayham/Courses/CBL/ub/projects/install/turtlebot3_fake_node/lib'
[19.861s] Level 1:colcon.colcon_core.environment:checking '/home/ayham/Courses/CBL/ub/projects/install/turtlebot3_fake_node/bin'
[19.861s] Level 1:colcon.colcon_core.environment:checking '/home/ayham/Courses/CBL/ub/projects/install/turtlebot3_fake_node/lib/pkgconfig/turtlebot3_fake_node.pc'
[19.861s] Level 1:colcon.colcon_core.environment:checking '/home/ayham/Courses/CBL/ub/projects/install/turtlebot3_fake_node/lib/python3.8/site-packages'
[19.861s] Level 1:colcon.colcon_core.environment:checking '/home/ayham/Courses/CBL/ub/projects/install/turtlebot3_fake_node/bin'
[19.862s] INFO:colcon.colcon_core.shell:Creating package script '/home/ayham/Courses/CBL/ub/projects/install/turtlebot3_fake_node/share/turtlebot3_fake_node/package.ps1'
[19.863s] INFO:colcon.colcon_core.shell:Creating package descriptor '/home/ayham/Courses/CBL/ub/projects/install/turtlebot3_fake_node/share/turtlebot3_fake_node/package.dsv'
[19.864s] INFO:colcon.colcon_core.shell:Creating package script '/home/ayham/Courses/CBL/ub/projects/install/turtlebot3_fake_node/share/turtlebot3_fake_node/package.sh'
[19.864s] INFO:colcon.colcon_core.shell:Creating package script '/home/ayham/Courses/CBL/ub/projects/install/turtlebot3_fake_node/share/turtlebot3_fake_node/package.bash'
[19.866s] INFO:colcon.colcon_core.shell:Creating package script '/home/ayham/Courses/CBL/ub/projects/install/turtlebot3_fake_node/share/turtlebot3_fake_node/package.zsh'
[19.867s] Level 1:colcon.colcon_core.environment:create_file_with_runtime_dependencies(/home/ayham/Courses/CBL/ub/projects/install/turtlebot3_fake_node/share/colcon-core/packages/turtlebot3_fake_node)
[79.146s] DEBUG:colcon.colcon_core.event_handler.log_command:Invoked command in '/home/ayham/Courses/CBL/ub/projects/build/turtlebot3_gazebo' returned '0': CMAKE_PREFIX_PATH=${CMAKE_PREFIX_PATH}:/home/ayham/Courses/CBL/ub/projects/install/my_turtlebot3_controller:/opt/ros/foxy PS1=[\u@\h \W]\$ /usr/bin/cmake --build /home/ayham/Courses/CBL/ub/projects/build/turtlebot3_gazebo -- -j20 -l20
[79.157s] DEBUG:colcon.colcon_core.event_handler.log_command:Invoking command in '/home/ayham/Courses/CBL/ub/projects/build/turtlebot3_gazebo': CMAKE_PREFIX_PATH=${CMAKE_PREFIX_PATH}:/home/ayham/Courses/CBL/ub/projects/install/my_turtlebot3_controller:/opt/ros/foxy PS1=[\u@\h \W]\$ /usr/bin/cmake --install /home/ayham/Courses/CBL/ub/projects/build/turtlebot3_gazebo
[79.285s] Level 1:colcon.colcon_core.environment:create_environment_scripts_only(turtlebot3_gazebo)
[79.286s] Level 1:colcon.colcon_core.environment:checking '/home/ayham/Courses/CBL/ub/projects/install/turtlebot3_gazebo' for CMake module files
[79.287s] DEBUG:colcon.colcon_core.event_handler.log_command:Invoked command in '/home/ayham/Courses/CBL/ub/projects/build/turtlebot3_gazebo' returned '0': CMAKE_PREFIX_PATH=${CMAKE_PREFIX_PATH}:/home/ayham/Courses/CBL/ub/projects/install/my_turtlebot3_controller:/opt/ros/foxy PS1=[\u@\h \W]\$ /usr/bin/cmake --install /home/ayham/Courses/CBL/ub/projects/build/turtlebot3_gazebo
[79.290s] Level 1:colcon.colcon_core.environment:checking '/home/ayham/Courses/CBL/ub/projects/install/turtlebot3_gazebo' for CMake config files
[79.296s] Level 1:colcon.colcon_core.shell:create_environment_hook('turtlebot3_gazebo', 'cmake_prefix_path')
[79.299s] INFO:colcon.colcon_core.shell:Creating environment hook '/home/ayham/Courses/CBL/ub/projects/install/turtlebot3_gazebo/share/turtlebot3_gazebo/hook/cmake_prefix_path.ps1'
[79.305s] INFO:colcon.colcon_core.shell:Creating environment descriptor '/home/ayham/Courses/CBL/ub/projects/install/turtlebot3_gazebo/share/turtlebot3_gazebo/hook/cmake_prefix_path.dsv'
[79.306s] INFO:colcon.colcon_core.shell:Creating environment hook '/home/ayham/Courses/CBL/ub/projects/install/turtlebot3_gazebo/share/turtlebot3_gazebo/hook/cmake_prefix_path.sh'
[79.309s] Level 1:colcon.colcon_core.environment:checking '/home/ayham/Courses/CBL/ub/projects/install/turtlebot3_gazebo/lib'
[79.309s] Level 1:colcon.colcon_core.environment:checking '/home/ayham/Courses/CBL/ub/projects/install/turtlebot3_gazebo/bin'
[79.310s] Level 1:colcon.colcon_core.environment:checking '/home/ayham/Courses/CBL/ub/projects/install/turtlebot3_gazebo/lib/pkgconfig/turtlebot3_gazebo.pc'
[79.311s] Level 1:colcon.colcon_core.environment:checking '/home/ayham/Courses/CBL/ub/projects/install/turtlebot3_gazebo/lib/python3.8/site-packages'
[79.311s] Level 1:colcon.colcon_core.environment:checking '/home/ayham/Courses/CBL/ub/projects/install/turtlebot3_gazebo/bin'
[79.312s] INFO:colcon.colcon_core.shell:Creating package script '/home/ayham/Courses/CBL/ub/projects/install/turtlebot3_gazebo/share/turtlebot3_gazebo/package.ps1'
[79.314s] INFO:colcon.colcon_core.shell:Creating package descriptor '/home/ayham/Courses/CBL/ub/projects/install/turtlebot3_gazebo/share/turtlebot3_gazebo/package.dsv'
[79.315s] INFO:colcon.colcon_core.shell:Creating package script '/home/ayham/Courses/CBL/ub/projects/install/turtlebot3_gazebo/share/turtlebot3_gazebo/package.sh'
[79.316s] INFO:colcon.colcon_core.shell:Creating package script '/home/ayham/Courses/CBL/ub/projects/install/turtlebot3_gazebo/share/turtlebot3_gazebo/package.bash'
[79.320s] INFO:colcon.colcon_core.shell:Creating package script '/home/ayham/Courses/CBL/ub/projects/install/turtlebot3_gazebo/share/turtlebot3_gazebo/package.zsh'
[79.321s] Level 1:colcon.colcon_core.environment:create_file_with_runtime_dependencies(/home/ayham/Courses/CBL/ub/projects/install/turtlebot3_gazebo/share/colcon-core/packages/turtlebot3_gazebo)
[79.323s] Level 1:colcon.colcon_core.environment:create_environment_scripts_only(turtlebot3_gazebo)
[79.324s] Level 1:colcon.colcon_core.environment:checking '/home/ayham/Courses/CBL/ub/projects/install/turtlebot3_gazebo' for CMake module files
[79.326s] Level 1:colcon.colcon_core.environment:checking '/home/ayham/Courses/CBL/ub/projects/install/turtlebot3_gazebo' for CMake config files
[79.329s] Level 1:colcon.colcon_core.shell:create_environment_hook('turtlebot3_gazebo', 'cmake_prefix_path')
[79.330s] INFO:colcon.colcon_core.shell:Creating environment hook '/home/ayham/Courses/CBL/ub/projects/install/turtlebot3_gazebo/share/turtlebot3_gazebo/hook/cmake_prefix_path.ps1'
[79.330s] INFO:colcon.colcon_core.shell:Creating environment descriptor '/home/ayham/Courses/CBL/ub/projects/install/turtlebot3_gazebo/share/turtlebot3_gazebo/hook/cmake_prefix_path.dsv'
[79.331s] INFO:colcon.colcon_core.shell:Creating environment hook '/home/ayham/Courses/CBL/ub/projects/install/turtlebot3_gazebo/share/turtlebot3_gazebo/hook/cmake_prefix_path.sh'
[79.332s] Level 1:colcon.colcon_core.environment:checking '/home/ayham/Courses/CBL/ub/projects/install/turtlebot3_gazebo/lib'
[79.332s] Level 1:colcon.colcon_core.environment:checking '/home/ayham/Courses/CBL/ub/projects/install/turtlebot3_gazebo/bin'
[79.332s] Level 1:colcon.colcon_core.environment:checking '/home/ayham/Courses/CBL/ub/projects/install/turtlebot3_gazebo/lib/pkgconfig/turtlebot3_gazebo.pc'
[79.332s] Level 1:colcon.colcon_core.environment:checking '/home/ayham/Courses/CBL/ub/projects/install/turtlebot3_gazebo/lib/python3.8/site-packages'
[79.333s] Level 1:colcon.colcon_core.environment:checking '/home/ayham/Courses/CBL/ub/projects/install/turtlebot3_gazebo/bin'
[79.333s] INFO:colcon.colcon_core.shell:Creating package script '/home/ayham/Courses/CBL/ub/projects/install/turtlebot3_gazebo/share/turtlebot3_gazebo/package.ps1'
[79.334s] INFO:colcon.colcon_core.shell:Creating package descriptor '/home/ayham/Courses/CBL/ub/projects/install/turtlebot3_gazebo/share/turtlebot3_gazebo/package.dsv'
[79.335s] INFO:colcon.colcon_core.shell:Creating package script '/home/ayham/Courses/CBL/ub/projects/install/turtlebot3_gazebo/share/turtlebot3_gazebo/package.sh'
[79.335s] INFO:colcon.colcon_core.shell:Creating package script '/home/ayham/Courses/CBL/ub/projects/install/turtlebot3_gazebo/share/turtlebot3_gazebo/package.bash'
[79.336s] INFO:colcon.colcon_core.shell:Creating package script '/home/ayham/Courses/CBL/ub/projects/install/turtlebot3_gazebo/share/turtlebot3_gazebo/package.zsh'
[79.337s] Level 1:colcon.colcon_core.environment:create_file_with_runtime_dependencies(/home/ayham/Courses/CBL/ub/projects/install/turtlebot3_gazebo/share/colcon-core/packages/turtlebot3_gazebo)
[79.337s] INFO:colcon.colcon_ros.task.ament_cmake.build:Building ROS package in '/home/ayham/Courses/CBL/ub/projects/src/turtlebot3_simulations' with build type 'ament_cmake'
[79.337s] INFO:colcon.colcon_cmake.task.cmake.build:Building CMake package in '/home/ayham/Courses/CBL/ub/projects/src/turtlebot3_simulations'
[79.338s] INFO:colcon.colcon_core.shell:Skip shell extension 'powershell' for command environment: Not usable outside of PowerShell
[79.338s] DEBUG:colcon.colcon_core.shell:Skip shell extension 'dsv' for command environment
[79.378s] DEBUG:colcon.colcon_core.event_handler.log_command:Invoking command in '/home/ayham/Courses/CBL/ub/projects/build/turtlebot3_simulations': CMAKE_PREFIX_PATH=/home/ayham/Courses/CBL/ub/projects/install/turtlebot3_gazebo:/home/ayham/Courses/CBL/ub/projects/install/turtlebot3_fake_node:/home/ayham/Courses/CBL/ub/projects/install/turtlebot3_simulations:/home/ayham/Courses/CBL/ub/projects/install/my_turtlebot3_controller:/opt/ros/foxy PS1=[\u@\h \W]\$ /usr/bin/cmake /home/ayham/Courses/CBL/ub/projects/src/turtlebot3_simulations -DCMAKE_INSTALL_PREFIX=/home/ayham/Courses/CBL/ub/projects/install/turtlebot3_simulations
[80.955s] DEBUG:colcon.colcon_core.event_handler.log_command:Invoked command in '/home/ayham/Courses/CBL/ub/projects/build/turtlebot3_simulations' returned '0': CMAKE_PREFIX_PATH=/home/ayham/Courses/CBL/ub/projects/install/turtlebot3_gazebo:/home/ayham/Courses/CBL/ub/projects/install/turtlebot3_fake_node:/home/ayham/Courses/CBL/ub/projects/install/turtlebot3_simulations:/home/ayham/Courses/CBL/ub/projects/install/my_turtlebot3_controller:/opt/ros/foxy PS1=[\u@\h \W]\$ /usr/bin/cmake /home/ayham/Courses/CBL/ub/projects/src/turtlebot3_simulations -DCMAKE_INSTALL_PREFIX=/home/ayham/Courses/CBL/ub/projects/install/turtlebot3_simulations
[80.960s] DEBUG:colcon.colcon_core.event_handler.log_command:Invoking command in '/home/ayham/Courses/CBL/ub/projects/build/turtlebot3_simulations': CMAKE_PREFIX_PATH=/home/ayham/Courses/CBL/ub/projects/install/turtlebot3_gazebo:/home/ayham/Courses/CBL/ub/projects/install/turtlebot3_fake_node:/home/ayham/Courses/CBL/ub/projects/install/turtlebot3_simulations:/home/ayham/Courses/CBL/ub/projects/install/my_turtlebot3_controller:/opt/ros/foxy PS1=[\u@\h \W]\$ /usr/bin/cmake --build /home/ayham/Courses/CBL/ub/projects/build/turtlebot3_simulations -- -j20 -l20
[81.042s] DEBUG:colcon.colcon_core.event_handler.log_command:Invoked command in '/home/ayham/Courses/CBL/ub/projects/build/turtlebot3_simulations' returned '0': CMAKE_PREFIX_PATH=/home/ayham/Courses/CBL/ub/projects/install/turtlebot3_gazebo:/home/ayham/Courses/CBL/ub/projects/install/turtlebot3_fake_node:/home/ayham/Courses/CBL/ub/projects/install/turtlebot3_simulations:/home/ayham/Courses/CBL/ub/projects/install/my_turtlebot3_controller:/opt/ros/foxy PS1=[\u@\h \W]\$ /usr/bin/cmake --build /home/ayham/Courses/CBL/ub/projects/build/turtlebot3_simulations -- -j20 -l20
[81.047s] DEBUG:colcon.colcon_core.event_handler.log_command:Invoking command in '/home/ayham/Courses/CBL/ub/projects/build/turtlebot3_simulations': CMAKE_PREFIX_PATH=/home/ayham/Courses/CBL/ub/projects/install/turtlebot3_gazebo:/home/ayham/Courses/CBL/ub/projects/install/turtlebot3_fake_node:/home/ayham/Courses/CBL/ub/projects/install/turtlebot3_simulations:/home/ayham/Courses/CBL/ub/projects/install/my_turtlebot3_controller:/opt/ros/foxy PS1=[\u@\h \W]\$ /usr/bin/cmake --install /home/ayham/Courses/CBL/ub/projects/build/turtlebot3_simulations
[81.071s] Level 1:colcon.colcon_core.environment:create_environment_scripts_only(turtlebot3_simulations)
[81.072s] Level 1:colcon.colcon_core.environment:checking '/home/ayham/Courses/CBL/ub/projects/install/turtlebot3_simulations' for CMake module files
[81.073s] Level 1:colcon.colcon_core.environment:checking '/home/ayham/Courses/CBL/ub/projects/install/turtlebot3_simulations' for CMake config files
[81.075s] DEBUG:colcon.colcon_core.event_handler.log_command:Invoked command in '/home/ayham/Courses/CBL/ub/projects/build/turtlebot3_simulations' returned '0': CMAKE_PREFIX_PATH=/home/ayham/Courses/CBL/ub/projects/install/turtlebot3_gazebo:/home/ayham/Courses/CBL/ub/projects/install/turtlebot3_fake_node:/home/ayham/Courses/CBL/ub/projects/install/turtlebot3_simulations:/home/ayham/Courses/CBL/ub/projects/install/my_turtlebot3_controller:/opt/ros/foxy PS1=[\u@\h \W]\$ /usr/bin/cmake --install /home/ayham/Courses/CBL/ub/projects/build/turtlebot3_simulations
[81.075s] Level 1:colcon.colcon_core.shell:create_environment_hook('turtlebot3_simulations', 'cmake_prefix_path')
[81.076s] INFO:colcon.colcon_core.shell:Creating environment hook '/home/ayham/Courses/CBL/ub/projects/install/turtlebot3_simulations/share/turtlebot3_simulations/hook/cmake_prefix_path.ps1'
[81.078s] INFO:colcon.colcon_core.shell:Creating environment descriptor '/home/ayham/Courses/CBL/ub/projects/install/turtlebot3_simulations/share/turtlebot3_simulations/hook/cmake_prefix_path.dsv'
[81.078s] INFO:colcon.colcon_core.shell:Creating environment hook '/home/ayham/Courses/CBL/ub/projects/install/turtlebot3_simulations/share/turtlebot3_simulations/hook/cmake_prefix_path.sh'
[81.080s] Level 1:colcon.colcon_core.environment:checking '/home/ayham/Courses/CBL/ub/projects/install/turtlebot3_simulations/bin'
[81.080s] Level 1:colcon.colcon_core.environment:checking '/home/ayham/Courses/CBL/ub/projects/install/turtlebot3_simulations/lib/pkgconfig/turtlebot3_simulations.pc'
[81.081s] Level 1:colcon.colcon_core.environment:checking '/home/ayham/Courses/CBL/ub/projects/install/turtlebot3_simulations/lib/python3.8/site-packages'
[81.081s] Level 1:colcon.colcon_core.environment:checking '/home/ayham/Courses/CBL/ub/projects/install/turtlebot3_simulations/bin'
[81.082s] INFO:colcon.colcon_core.shell:Creating package script '/home/ayham/Courses/CBL/ub/projects/install/turtlebot3_simulations/share/turtlebot3_simulations/package.ps1'
[81.085s] INFO:colcon.colcon_core.shell:Creating package descriptor '/home/ayham/Courses/CBL/ub/projects/install/turtlebot3_simulations/share/turtlebot3_simulations/package.dsv'
[81.086s] INFO:colcon.colcon_core.shell:Creating package script '/home/ayham/Courses/CBL/ub/projects/install/turtlebot3_simulations/share/turtlebot3_simulations/package.sh'
[81.087s] INFO:colcon.colcon_core.shell:Creating package script '/home/ayham/Courses/CBL/ub/projects/install/turtlebot3_simulations/share/turtlebot3_simulations/package.bash'
[81.087s] INFO:colcon.colcon_core.shell:Creating package script '/home/ayham/Courses/CBL/ub/projects/install/turtlebot3_simulations/share/turtlebot3_simulations/package.zsh'
[81.088s] Level 1:colcon.colcon_core.environment:create_file_with_runtime_dependencies(/home/ayham/Courses/CBL/ub/projects/install/turtlebot3_simulations/share/colcon-core/packages/turtlebot3_simulations)
[81.089s] Level 1:colcon.colcon_core.environment:create_environment_scripts_only(turtlebot3_simulations)
[81.089s] Level 1:colcon.colcon_core.environment:checking '/home/ayham/Courses/CBL/ub/projects/install/turtlebot3_simulations' for CMake module files
[81.090s] Level 1:colcon.colcon_core.environment:checking '/home/ayham/Courses/CBL/ub/projects/install/turtlebot3_simulations' for CMake config files
[81.090s] Level 1:colcon.colcon_core.shell:create_environment_hook('turtlebot3_simulations', 'cmake_prefix_path')
[81.090s] INFO:colcon.colcon_core.shell:Creating environment hook '/home/ayham/Courses/CBL/ub/projects/install/turtlebot3_simulations/share/turtlebot3_simulations/hook/cmake_prefix_path.ps1'
[81.091s] INFO:colcon.colcon_core.shell:Creating environment descriptor '/home/ayham/Courses/CBL/ub/projects/install/turtlebot3_simulations/share/turtlebot3_simulations/hook/cmake_prefix_path.dsv'
[81.091s] INFO:colcon.colcon_core.shell:Creating environment hook '/home/ayham/Courses/CBL/ub/projects/install/turtlebot3_simulations/share/turtlebot3_simulations/hook/cmake_prefix_path.sh'
[81.092s] Level 1:colcon.colcon_core.environment:checking '/home/ayham/Courses/CBL/ub/projects/install/turtlebot3_simulations/bin'
[81.092s] Level 1:colcon.colcon_core.environment:checking '/home/ayham/Courses/CBL/ub/projects/install/turtlebot3_simulations/lib/pkgconfig/turtlebot3_simulations.pc'
[81.093s] Level 1:colcon.colcon_core.environment:checking '/home/ayham/Courses/CBL/ub/projects/install/turtlebot3_simulations/lib/python3.8/site-packages'
[81.093s] Level 1:colcon.colcon_core.environment:checking '/home/ayham/Courses/CBL/ub/projects/install/turtlebot3_simulations/bin'
[81.094s] INFO:colcon.colcon_core.shell:Creating package script '/home/ayham/Courses/CBL/ub/projects/install/turtlebot3_simulations/share/turtlebot3_simulations/package.ps1'
[81.095s] INFO:colcon.colcon_core.shell:Creating package descriptor '/home/ayham/Courses/CBL/ub/projects/install/turtlebot3_simulations/share/turtlebot3_simulations/package.dsv'
[81.096s] INFO:colcon.colcon_core.shell:Creating package script '/home/ayham/Courses/CBL/ub/projects/install/turtlebot3_simulations/share/turtlebot3_simulations/package.sh'
[81.096s] INFO:colcon.colcon_core.shell:Creating package script '/home/ayham/Courses/CBL/ub/projects/install/turtlebot3_simulations/share/turtlebot3_simulations/package.bash'
[81.097s] INFO:colcon.colcon_core.shell:Creating package script '/home/ayham/Courses/CBL/ub/projects/install/turtlebot3_simulations/share/turtlebot3_simulations/package.zsh'
[81.098s] Level 1:colcon.colcon_core.environment:create_file_with_runtime_dependencies(/home/ayham/Courses/CBL/ub/projects/install/turtlebot3_simulations/share/colcon-core/packages/turtlebot3_simulations)
[81.098s] DEBUG:colcon.colcon_parallel_executor.executor.parallel:closing loop
[81.098s] DEBUG:colcon.colcon_parallel_executor.executor.parallel:loop closed
[81.098s] DEBUG:colcon.colcon_parallel_executor.executor.parallel:run_until_complete finished with '0'
[81.099s] DEBUG:colcon.colcon_core.event_reactor:joining thread
[81.118s] INFO:colcon.colcon_core.plugin_system:Skipping extension 'colcon_notification.desktop_notification.notify_send': Could not find 'notify-send'
[81.118s] INFO:colcon.colcon_core.plugin_system:Skipping extension 'colcon_notification.desktop_notification.terminal_notifier': Not used on non-Darwin systems
[81.118s] INFO:colcon.colcon_core.plugin_system:Skipping extension 'colcon_notification.desktop_notification.win32': Not used on non-Windows systems
[81.118s] INFO:colcon.colcon_notification.desktop_notification:Sending desktop notification using 'notify2'
[81.170s] DEBUG:colcon.colcon_core.event_reactor:joined thread
[81.171s] INFO:colcon.colcon_core.shell:Creating prefix script '/home/ayham/Courses/CBL/ub/projects/install/local_setup.ps1'
[81.175s] INFO:colcon.colcon_core.shell:Creating prefix util module '/home/ayham/Courses/CBL/ub/projects/install/_local_setup_util_ps1.py'
[81.178s] INFO:colcon.colcon_core.shell:Creating prefix chain script '/home/ayham/Courses/CBL/ub/projects/install/setup.ps1'
[81.181s] INFO:colcon.colcon_core.shell:Creating prefix script '/home/ayham/Courses/CBL/ub/projects/install/local_setup.sh'
[81.183s] INFO:colcon.colcon_core.shell:Creating prefix util module '/home/ayham/Courses/CBL/ub/projects/install/_local_setup_util_sh.py'
[81.184s] INFO:colcon.colcon_core.shell:Creating prefix chain script '/home/ayham/Courses/CBL/ub/projects/install/setup.sh'
[81.190s] INFO:colcon.colcon_core.shell:Creating prefix script '/home/ayham/Courses/CBL/ub/projects/install/local_setup.bash'
[81.191s] INFO:colcon.colcon_core.shell:Creating prefix chain script '/home/ayham/Courses/CBL/ub/projects/install/setup.bash'
[81.193s] INFO:colcon.colcon_core.shell:Creating prefix script '/home/ayham/Courses/CBL/ub/projects/install/local_setup.zsh'
[81.194s] INFO:colcon.colcon_core.shell:Creating prefix chain script '/home/ayham/Courses/CBL/ub/projects/install/setup.zsh'
