[0.012s] Invoking command in '/home/ayham/Courses/CBL/ub/projects/build/turtlebot3_description': CMAKE_PREFIX_PATH=/home/ayham/Courses/CBL/ub/projects/install/my_turtlebot3_controller:/opt/ros/foxy PS1=[\u@\h \W]\$ /usr/bin/cmake /home/ayham/Courses/CBL/ub/projects/src/turtlebot3_description -DCMAKE_INSTALL_PREFIX=/home/ayham/Courses/CBL/ub/projects/install/turtlebot3_description
[0.080s] -- The C compiler identification is GNU 9.4.0
[0.117s] -- The CXX compiler identification is GNU 9.4.0
[0.122s] -- Check for working C compiler: /usr/bin/cc
[0.172s] -- Check for working C compiler: /usr/bin/cc -- works
[0.174s] -- Detecting C compiler ABI info
[0.224s] -- Detecting C compiler ABI info - done
[0.232s] -- Detecting C compile features
[0.232s] -- Detecting C compile features - done
[0.234s] -- Check for working CXX compiler: /usr/bin/c++
[0.290s] -- Check for working CXX compiler: /usr/bin/c++ -- works
[0.291s] -- Detecting CXX compiler ABI info
[0.343s] -- Detecting CXX compiler ABI info - done
[0.350s] -- Detecting CXX compile features
[0.350s] -- Detecting CXX compile features - done
[0.354s] -- Found ament_cmake: 0.9.12 (/opt/ros/foxy/share/ament_cmake/cmake)
[0.374s] -- Found PythonInterp: /usr/bin/python3 (found suitable version "3.8.10", minimum required is "3") 
[0.374s] -- Using PYTHON_EXECUTABLE: /usr/bin/python3
[0.490s] -- Found urdf: 2.4.0 (/opt/ros/foxy/share/urdf/cmake)
[0.590s] -- Configuring done
[0.591s] -- Generating done
[0.592s] -- Build files have been written to: /home/ayham/Courses/CBL/ub/projects/build/turtlebot3_description
[0.595s] Invoked command in '/home/ayham/Courses/CBL/ub/projects/build/turtlebot3_description' returned '0': CMAKE_PREFIX_PATH=/home/ayham/Courses/CBL/ub/projects/install/my_turtlebot3_controller:/opt/ros/foxy PS1=[\u@\h \W]\$ /usr/bin/cmake /home/ayham/Courses/CBL/ub/projects/src/turtlebot3_description -DCMAKE_INSTALL_PREFIX=/home/ayham/Courses/CBL/ub/projects/install/turtlebot3_description
[0.596s] Invoking command in '/home/ayham/Courses/CBL/ub/projects/build/turtlebot3_description': CMAKE_PREFIX_PATH=/home/ayham/Courses/CBL/ub/projects/install/my_turtlebot3_controller:/opt/ros/foxy PS1=[\u@\h \W]\$ /usr/bin/cmake --build /home/ayham/Courses/CBL/ub/projects/build/turtlebot3_description -- -j20 -l20
[0.628s] Invoked command in '/home/ayham/Courses/CBL/ub/projects/build/turtlebot3_description' returned '0': CMAKE_PREFIX_PATH=/home/ayham/Courses/CBL/ub/projects/install/my_turtlebot3_controller:/opt/ros/foxy PS1=[\u@\h \W]\$ /usr/bin/cmake --build /home/ayham/Courses/CBL/ub/projects/build/turtlebot3_description -- -j20 -l20
[0.635s] Invoking command in '/home/ayham/Courses/CBL/ub/projects/build/turtlebot3_description': CMAKE_PREFIX_PATH=/home/ayham/Courses/CBL/ub/projects/install/my_turtlebot3_controller:/opt/ros/foxy PS1=[\u@\h \W]\$ /usr/bin/cmake --install /home/ayham/Courses/CBL/ub/projects/build/turtlebot3_description
[0.641s] -- Install configuration: ""
[0.641s] -- Installing: /home/ayham/Courses/CBL/ub/projects/install/turtlebot3_description/share/turtlebot3_description/meshes
[0.641s] -- Installing: /home/ayham/Courses/CBL/ub/projects/install/turtlebot3_description/share/turtlebot3_description/meshes/wheels
[0.641s] -- Installing: /home/ayham/Courses/CBL/ub/projects/install/turtlebot3_description/share/turtlebot3_description/meshes/wheels/left_tire.stl
[0.641s] -- Installing: /home/ayham/Courses/CBL/ub/projects/install/turtlebot3_description/share/turtlebot3_description/meshes/wheels/right_tire.stl
[0.642s] -- Installing: /home/ayham/Courses/CBL/ub/projects/install/turtlebot3_description/share/turtlebot3_description/meshes/sensors
[0.642s] -- Installing: /home/ayham/Courses/CBL/ub/projects/install/turtlebot3_description/share/turtlebot3_description/meshes/sensors/r200.dae
[0.642s] -- Installing: /home/ayham/Courses/CBL/ub/projects/install/turtlebot3_description/share/turtlebot3_description/meshes/sensors/astra.jpg
[0.642s] -- Installing: /home/ayham/Courses/CBL/ub/projects/install/turtlebot3_description/share/turtlebot3_description/meshes/sensors/astra.dae
[0.646s] -- Installing: /home/ayham/Courses/CBL/ub/projects/install/turtlebot3_description/share/turtlebot3_description/meshes/sensors/r200.jpg
[0.646s] -- Installing: /home/ayham/Courses/CBL/ub/projects/install/turtlebot3_description/share/turtlebot3_description/meshes/sensors/lds.stl
[0.646s] -- Installing: /home/ayham/Courses/CBL/ub/projects/install/turtlebot3_description/share/turtlebot3_description/meshes/bases
[0.646s] -- Installing: /home/ayham/Courses/CBL/ub/projects/install/turtlebot3_description/share/turtlebot3_description/meshes/bases/burger_base.stl
[0.648s] -- Installing: /home/ayham/Courses/CBL/ub/projects/install/turtlebot3_description/share/turtlebot3_description/meshes/bases/waffle_pi_base.stl
[0.651s] -- Installing: /home/ayham/Courses/CBL/ub/projects/install/turtlebot3_description/share/turtlebot3_description/meshes/bases/waffle_base.stl
[0.657s] -- Installing: /home/ayham/Courses/CBL/ub/projects/install/turtlebot3_description/share/turtlebot3_description/rviz
[0.657s] -- Installing: /home/ayham/Courses/CBL/ub/projects/install/turtlebot3_description/share/turtlebot3_description/rviz/model.rviz
[0.657s] -- Installing: /home/ayham/Courses/CBL/ub/projects/install/turtlebot3_description/share/turtlebot3_description/urdf
[0.657s] -- Installing: /home/ayham/Courses/CBL/ub/projects/install/turtlebot3_description/share/turtlebot3_description/urdf/common_properties.urdf
[0.657s] -- Installing: /home/ayham/Courses/CBL/ub/projects/install/turtlebot3_description/share/turtlebot3_description/urdf/turtlebot3_waffle_pi.urdf
[0.657s] -- Installing: /home/ayham/Courses/CBL/ub/projects/install/turtlebot3_description/share/turtlebot3_description/urdf/turtlebot3_burger.urdf
[0.657s] -- Installing: /home/ayham/Courses/CBL/ub/projects/install/turtlebot3_description/share/turtlebot3_description/urdf/turtlebot3_waffle.urdf
[0.657s] -- Installing: /home/ayham/Courses/CBL/ub/projects/install/turtlebot3_description/share/ament_index/resource_index/package_run_dependencies/turtlebot3_description
[0.657s] -- Installing: /home/ayham/Courses/CBL/ub/projects/install/turtlebot3_description/share/ament_index/resource_index/parent_prefix_path/turtlebot3_description
[0.657s] -- Installing: /home/ayham/Courses/CBL/ub/projects/install/turtlebot3_description/share/turtlebot3_description/environment/ament_prefix_path.sh
[0.657s] -- Installing: /home/ayham/Courses/CBL/ub/projects/install/turtlebot3_description/share/turtlebot3_description/environment/ament_prefix_path.dsv
[0.657s] -- Installing: /home/ayham/Courses/CBL/ub/projects/install/turtlebot3_description/share/turtlebot3_description/environment/path.sh
[0.658s] -- Installing: /home/ayham/Courses/CBL/ub/projects/install/turtlebot3_description/share/turtlebot3_description/environment/path.dsv
[0.658s] -- Installing: /home/ayham/Courses/CBL/ub/projects/install/turtlebot3_description/share/turtlebot3_description/local_setup.bash
[0.658s] -- Installing: /home/ayham/Courses/CBL/ub/projects/install/turtlebot3_description/share/turtlebot3_description/local_setup.sh
[0.658s] -- Installing: /home/ayham/Courses/CBL/ub/projects/install/turtlebot3_description/share/turtlebot3_description/local_setup.zsh
[0.658s] -- Installing: /home/ayham/Courses/CBL/ub/projects/install/turtlebot3_description/share/turtlebot3_description/local_setup.dsv
[0.658s] -- Installing: /home/ayham/Courses/CBL/ub/projects/install/turtlebot3_description/share/turtlebot3_description/package.dsv
[0.658s] -- Installing: /home/ayham/Courses/CBL/ub/projects/install/turtlebot3_description/share/ament_index/resource_index/packages/turtlebot3_description
[0.658s] -- Installing: /home/ayham/Courses/CBL/ub/projects/install/turtlebot3_description/share/turtlebot3_description/cmake/turtlebot3_descriptionConfig.cmake
[0.658s] -- Installing: /home/ayham/Courses/CBL/ub/projects/install/turtlebot3_description/share/turtlebot3_description/cmake/turtlebot3_descriptionConfig-version.cmake
[0.658s] -- Installing: /home/ayham/Courses/CBL/ub/projects/install/turtlebot3_description/share/turtlebot3_description/package.xml
[0.659s] Invoked command in '/home/ayham/Courses/CBL/ub/projects/build/turtlebot3_description' returned '0': CMAKE_PREFIX_PATH=/home/ayham/Courses/CBL/ub/projects/install/my_turtlebot3_controller:/opt/ros/foxy PS1=[\u@\h \W]\$ /usr/bin/cmake --install /home/ayham/Courses/CBL/ub/projects/build/turtlebot3_description
