[0.906s] Invoking command in '/home/ayham/Courses/CBL/ub/projects/src/my_turtlebot3_controller': PS1=[\u@\h \W]\$ PYTHONPATH=/home/ayham/Courses/CBL/ub/projects/build/my_turtlebot3_controller/prefix_override:/usr/lib/python3/dist-packages/colcon_core/task/python/colcon_distutils_commands:/home/ayham/Courses/CBL/ub/projects/install/my_turtlebot3_controller/lib/python3.8/site-packages:${PYTHONPATH} /usr/bin/python3 -W ignore:setup.py install is deprecated -W ignore:easy_install command is deprecated setup.py egg_info --egg-base ../../build/my_turtlebot3_controller build --build-base /home/ayham/Courses/CBL/ub/projects/build/my_turtlebot3_controller/build install --record /home/ayham/Courses/CBL/ub/projects/build/my_turtlebot3_controller/install.log --single-version-externally-managed install_data
[1.249s] running egg_info
[1.249s] writing ../../build/my_turtlebot3_controller/my_turtlebot3_controller.egg-info/PKG-INFO
[1.250s] writing dependency_links to ../../build/my_turtlebot3_controller/my_turtlebot3_controller.egg-info/dependency_links.txt
[1.250s] writing entry points to ../../build/my_turtlebot3_controller/my_turtlebot3_controller.egg-info/entry_points.txt
[1.250s] writing requirements to ../../build/my_turtlebot3_controller/my_turtlebot3_controller.egg-info/requires.txt
[1.250s] writing top-level names to ../../build/my_turtlebot3_controller/my_turtlebot3_controller.egg-info/top_level.txt
[1.303s] reading manifest file '../../build/my_turtlebot3_controller/my_turtlebot3_controller.egg-info/SOURCES.txt'
[1.306s] writing manifest file '../../build/my_turtlebot3_controller/my_turtlebot3_controller.egg-info/SOURCES.txt'
[1.308s] running build
[1.308s] running build_py
[1.309s] running install
[1.309s] running install_lib
[1.311s] running install_data
[1.311s] copying launch/start_complete_system.launch.py -> /home/ayham/Courses/CBL/ub/projects/install/my_turtlebot3_controller/share/my_turtlebot3_controller/launch
[1.312s] running install_egg_info
[1.314s] removing '/home/ayham/Courses/CBL/ub/projects/install/my_turtlebot3_controller/lib/python3.8/site-packages/my_turtlebot3_controller-0.0.0-py3.8.egg-info' (and everything under it)
[1.315s] Copying ../../build/my_turtlebot3_controller/my_turtlebot3_controller.egg-info to /home/ayham/Courses/CBL/ub/projects/install/my_turtlebot3_controller/lib/python3.8/site-packages/my_turtlebot3_controller-0.0.0-py3.8.egg-info
[1.316s] running install_scripts
[1.344s] Installing BinSensorMockNode script to /home/ayham/Courses/CBL/ub/projects/install/my_turtlebot3_controller/lib/my_turtlebot3_controller
[1.344s] Installing DecisionNode script to /home/ayham/Courses/CBL/ub/projects/install/my_turtlebot3_controller/lib/my_turtlebot3_controller
[1.344s] Installing GoToBinsNode script to /home/ayham/Courses/CBL/ub/projects/install/my_turtlebot3_controller/lib/my_turtlebot3_controller
[1.345s] Installing add_task_client script to /home/ayham/Courses/CBL/ub/projects/install/my_turtlebot3_controller/lib/my_turtlebot3_controller
[1.345s] Installing cmd_vel_relay_node script to /home/ayham/Courses/CBL/ub/projects/install/my_turtlebot3_controller/lib/my_turtlebot3_controller
[1.345s] Installing mission_control_node script to /home/ayham/Courses/CBL/ub/projects/install/my_turtlebot3_controller/lib/my_turtlebot3_controller
[1.345s] Installing move_turtlebot script to /home/ayham/Courses/CBL/ub/projects/install/my_turtlebot3_controller/lib/my_turtlebot3_controller
[1.345s] Installing navigation_executor_node script to /home/ayham/Courses/CBL/ub/projects/install/my_turtlebot3_controller/lib/my_turtlebot3_controller
[1.345s] Installing order_dispatch_node script to /home/ayham/Courses/CBL/ub/projects/install/my_turtlebot3_controller/lib/my_turtlebot3_controller
[1.346s] writing list of installed files to '/home/ayham/Courses/CBL/ub/projects/build/my_turtlebot3_controller/install.log'
[1.382s] Invoked command in '/home/ayham/Courses/CBL/ub/projects/src/my_turtlebot3_controller' returned '0': PS1=[\u@\h \W]\$ PYTHONPATH=/home/ayham/Courses/CBL/ub/projects/build/my_turtlebot3_controller/prefix_override:/usr/lib/python3/dist-packages/colcon_core/task/python/colcon_distutils_commands:/home/ayham/Courses/CBL/ub/projects/install/my_turtlebot3_controller/lib/python3.8/site-packages:${PYTHONPATH} /usr/bin/python3 -W ignore:setup.py install is deprecated -W ignore:easy_install command is deprecated setup.py egg_info --egg-base ../../build/my_turtlebot3_controller build --build-base /home/ayham/Courses/CBL/ub/projects/build/my_turtlebot3_controller/build install --record /home/ayham/Courses/CBL/ub/projects/build/my_turtlebot3_controller/install.log --single-version-externally-managed install_data
